<?xml version="1.0" encoding="UTF-8"?>
<testsuite xmlns:xsi="http://www.w3.org/2001/XMLSchema-instance" xsi:noNamespaceSchemaLocation="https://maven.apache.org/surefire/maven-surefire-plugin/xsd/surefire-test-report-3.0.xsd" version="3.0" name="TestSuite" time="24.917" tests="3" errors="0" skipped="0" failures="1">
  <properties>
    <property name="sun.desktop" value="windows"/>
    <property name="awt.toolkit" value="sun.awt.windows.WToolkit"/>
    <property name="file.encoding.pkg" value="sun.io"/>
    <property name="java.specification.version" value="1.8"/>
    <property name="webdriver.chrome.driver" value="C:\Users\saita\.cache\selenium\chromedriver\win32\100.0.4896.60\chromedriver.exe"/>
    <property name="sun.cpu.isalist" value="pentium_pro+mmx pentium_pro pentium+mmx pentium i486 i386 i86"/>
    <property name="sun.jnu.encoding" value="Cp1252"/>
    <property name="java.class.path" value="C:\Users\saita\Desktop\Manju Workspace\MAVEN1\target\test-classes;C:\Users\saita\Desktop\Manju Workspace\MAVEN1\target\classes;C:\Users\saita\.m2\repository\org\seleniumhq\selenium\selenium-java\4.1.2\selenium-java-4.1.2.jar;C:\Users\saita\.m2\repository\org\seleniumhq\selenium\selenium-api\4.1.2\selenium-api-4.1.2.jar;C:\Users\saita\.m2\repository\org\seleniumhq\selenium\selenium-devtools-v85\4.1.2\selenium-devtools-v85-4.1.2.jar;C:\Users\saita\.m2\repository\org\seleniumhq\selenium\selenium-devtools-v95\4.1.2\selenium-devtools-v95-4.1.2.jar;C:\Users\saita\.m2\repository\org\seleniumhq\selenium\selenium-devtools-v96\4.1.2\selenium-devtools-v96-4.1.2.jar;C:\Users\saita\.m2\repository\org\seleniumhq\selenium\selenium-devtools-v97\4.1.2\selenium-devtools-v97-4.1.2.jar;C:\Users\saita\.m2\repository\org\seleniumhq\selenium\selenium-edge-driver\4.1.2\selenium-edge-driver-4.1.2.jar;C:\Users\saita\.m2\repository\org\seleniumhq\selenium\selenium-firefox-driver\4.1.2\selenium-firefox-driver-4.1.2.jar;C:\Users\saita\.m2\repository\org\seleniumhq\selenium\selenium-firefox-xpi-driver\4.1.2\selenium-firefox-xpi-driver-4.1.2.jar;C:\Users\saita\.m2\repository\org\seleniumhq\selenium\selenium-ie-driver\4.1.2\selenium-ie-driver-4.1.2.jar;C:\Users\saita\.m2\repository\org\seleniumhq\selenium\selenium-opera-driver\4.1.2\selenium-opera-driver-4.1.2.jar;C:\Users\saita\.m2\repository\org\seleniumhq\selenium\selenium-safari-driver\4.1.2\selenium-safari-driver-4.1.2.jar;C:\Users\saita\.m2\repository\org\seleniumhq\selenium\selenium-support\4.1.2\selenium-support-4.1.2.jar;C:\Users\saita\.m2\repository\org\testng\testng\7.5\testng-7.5.jar;C:\Users\saita\.m2\repository\com\google\code\findbugs\jsr305\3.0.1\jsr305-3.0.1.jar;C:\Users\saita\.m2\repository\org\slf4j\slf4j-api\1.7.32\slf4j-api-1.7.32.jar;C:\Users\saita\.m2\repository\com\beust\jcommander\1.78\jcommander-1.78.jar;C:\Users\saita\.m2\repository\org\webjars\jquery\3.5.1\jquery-3.5.1.jar;C:\Users\saita\.m2\repository\io\github\bonigarcia\webdrivermanager\4.4.3\webdrivermanager-4.4.3.jar;C:\Users\saita\.m2\repository\com\google\code\gson\gson\2.8.6\gson-2.8.6.jar;C:\Users\saita\.m2\repository\org\apache\commons\commons-lang3\3.12.0\commons-lang3-3.12.0.jar;C:\Users\saita\.m2\repository\org\apache\httpcomponents\client5\httpclient5\5.0.3\httpclient5-5.0.3.jar;C:\Users\saita\.m2\repository\org\apache\httpcomponents\core5\httpcore5\5.0.2\httpcore5-5.0.2.jar;C:\Users\saita\.m2\repository\org\apache\httpcomponents\core5\httpcore5-h2\5.0.2\httpcore5-h2-5.0.2.jar;C:\Users\saita\.m2\repository\org\rauschig\jarchivelib\1.1.0\jarchivelib-1.1.0.jar;C:\Users\saita\.m2\repository\org\jsoup\jsoup\1.13.1\jsoup-1.13.1.jar;C:\Users\saita\.m2\repository\org\seleniumhq\selenium\selenium-chrome-driver\4.1.2\selenium-chrome-driver-4.1.2.jar;C:\Users\saita\.m2\repository\com\google\auto\service\auto-service-annotations\1.0.1\auto-service-annotations-1.0.1.jar;C:\Users\saita\.m2\repository\com\google\auto\service\auto-service\1.0.1\auto-service-1.0.1.jar;C:\Users\saita\.m2\repository\com\google\auto\auto-common\1.2\auto-common-1.2.jar;C:\Users\saita\.m2\repository\com\google\guava\guava\31.0.1-jre\guava-31.0.1-jre.jar;C:\Users\saita\.m2\repository\com\google\guava\failureaccess\1.0.1\failureaccess-1.0.1.jar;C:\Users\saita\.m2\repository\com\google\guava\listenablefuture\9999.0-empty-to-avoid-conflict-with-guava\listenablefuture-9999.0-empty-to-avoid-conflict-with-guava.jar;C:\Users\saita\.m2\repository\org\checkerframework\checker-qual\3.12.0\checker-qual-3.12.0.jar;C:\Users\saita\.m2\repository\com\google\errorprone\error_prone_annotations\2.7.1\error_prone_annotations-2.7.1.jar;C:\Users\saita\.m2\repository\com\google\j2objc\j2objc-annotations\1.3\j2objc-annotations-1.3.jar;C:\Users\saita\.m2\repository\org\seleniumhq\selenium\selenium-chromium-driver\4.1.2\selenium-chromium-driver-4.1.2.jar;C:\Users\saita\.m2\repository\org\seleniumhq\selenium\selenium-json\4.1.2\selenium-json-4.1.2.jar;C:\Users\saita\.m2\repository\org\apache\poi\poi\5.2.0\poi-5.2.0.jar;C:\Users\saita\.m2\repository\commons-codec\commons-codec\1.15\commons-codec-1.15.jar;C:\Users\saita\.m2\repository\org\apache\commons\commons-collections4\4.4\commons-collections4-4.4.jar;C:\Users\saita\.m2\repository\org\apache\commons\commons-math3\3.6.1\commons-math3-3.6.1.jar;C:\Users\saita\.m2\repository\com\zaxxer\SparseBitSet\1.2\SparseBitSet-1.2.jar;C:\Users\saita\.m2\repository\org\apache\logging\log4j\log4j-api\2.17.1\log4j-api-2.17.1.jar;C:\Users\saita\.m2\repository\org\apache\poi\poi-ooxml\5.2.0\poi-ooxml-5.2.0.jar;C:\Users\saita\.m2\repository\org\apache\poi\poi-ooxml-lite\5.2.0\poi-ooxml-lite-5.2.0.jar;C:\Users\saita\.m2\repository\org\apache\xmlbeans\xmlbeans\5.0.3\xmlbeans-5.0.3.jar;C:\Users\saita\.m2\repository\xml-apis\xml-apis\1.4.01\xml-apis-1.4.01.jar;C:\Users\saita\.m2\repository\org\apache\commons\commons-compress\1.21\commons-compress-1.21.jar;C:\Users\saita\.m2\repository\com\github\virtuald\curvesapi\1.06\curvesapi-1.06.jar;C:\Users\saita\.m2\repository\org\apache\poi\poi-ooxml-schemas\4.1.2\poi-ooxml-schemas-4.1.2.jar;C:\Users\saita\.m2\repository\commons-io\commons-io\2.11.0\commons-io-2.11.0.jar;C:\Users\saita\.m2\repository\io\github\densudas\shadowroot-search\0.0.2\shadowroot-search-0.0.2.jar;C:\Users\saita\.m2\repository\org\seleniumhq\selenium\selenium-server\3.141.59\selenium-server-3.141.59.jar;C:\Users\saita\.m2\repository\net\jcip\jcip-annotations\1.0\jcip-annotations-1.0.jar;C:\Users\saita\.m2\repository\org\seleniumhq\selenium\jetty-repacked\9.4.12.v20180830\jetty-repacked-9.4.12.v20180830.jar;C:\Users\saita\.m2\repository\com\squareup\okhttp3\okhttp\3.11.0\okhttp-3.11.0.jar;C:\Users\saita\.m2\repository\com\squareup\okio\okio\1.14.0\okio-1.14.0.jar;C:\Users\saita\.m2\repository\javax\servlet\javax.servlet-api\3.1.0\javax.servlet-api-3.1.0.jar;C:\Users\saita\.m2\repository\org\yaml\snakeyaml\1.19\snakeyaml-1.19.jar;C:\Users\saita\.m2\repository\com\googlecode\json-simple\json-simple\1.1.1\json-simple-1.1.1.jar;C:\Users\saita\.m2\repository\junit\junit\4.10\junit-4.10.jar;C:\Users\saita\.m2\repository\org\hamcrest\hamcrest-core\1.1\hamcrest-core-1.1.jar;C:\Users\saita\.m2\repository\com\intuit\karate\karate-junit4\0.2.7\karate-junit4-0.2.7.jar;C:\Users\saita\.m2\repository\com\intuit\karate\karate-core\0.2.7\karate-core-0.2.7.jar;C:\Users\saita\.m2\repository\org\glassfish\jersey\core\jersey-client\2.25\jersey-client-2.25.jar;C:\Users\saita\.m2\repository\javax\ws\rs\javax.ws.rs-api\2.0.1\javax.ws.rs-api-2.0.1.jar;C:\Users\saita\.m2\repository\org\glassfish\jersey\core\jersey-common\2.25\jersey-common-2.25.jar;C:\Users\saita\.m2\repository\javax\annotation\javax.annotation-api\1.2\javax.annotation-api-1.2.jar;C:\Users\saita\.m2\repository\org\glassfish\jersey\bundles\repackaged\jersey-guava\2.25\jersey-guava-2.25.jar;C:\Users\saita\.m2\repository\org\glassfish\hk2\osgi-resource-locator\1.0.1\osgi-resource-locator-1.0.1.jar;C:\Users\saita\.m2\repository\org\glassfish\hk2\hk2-api\2.5.0-b30\hk2-api-2.5.0-b30.jar;C:\Users\saita\.m2\repository\org\glassfish\hk2\hk2-utils\2.5.0-b30\hk2-utils-2.5.0-b30.jar;C:\Users\saita\.m2\repository\org\glassfish\hk2\external\aopalliance-repackaged\2.5.0-b30\aopalliance-repackaged-2.5.0-b30.jar;C:\Users\saita\.m2\repository\org\glassfish\hk2\external\javax.inject\2.5.0-b30\javax.inject-2.5.0-b30.jar;C:\Users\saita\.m2\repository\org\glassfish\hk2\hk2-locator\2.5.0-b30\hk2-locator-2.5.0-b30.jar;C:\Users\saita\.m2\repository\org\javassist\javassist\3.20.0-GA\javassist-3.20.0-GA.jar;C:\Users\saita\.m2\repository\org\glassfish\jersey\media\jersey-media-multipart\2.25\jersey-media-multipart-2.25.jar;C:\Users\saita\.m2\repository\org\jvnet\mimepull\mimepull\1.9.6\mimepull-1.9.6.jar;C:\Users\saita\.m2\repository\com\jayway\jsonpath\json-path\2.1.0\json-path-2.1.0.jar;C:\Users\saita\.m2\repository\net\minidev\json-smart\2.2\json-smart-2.2.jar;C:\Users\saita\.m2\repository\net\minidev\accessors-smart\1.1\accessors-smart-1.1.jar;C:\Users\saita\.m2\repository\org\ow2\asm\asm\5.0.3\asm-5.0.3.jar;C:\Users\saita\.m2\repository\info\cukes\cucumber-java\1.2.5\cucumber-java-1.2.5.jar;C:\Users\saita\.m2\repository\info\cukes\cucumber-junit\1.2.5\cucumber-junit-1.2.5.jar;C:\Users\saita\.m2\repository\info\cukes\cucumber-core\1.2.5\cucumber-core-1.2.5.jar;C:\Users\saita\.m2\repository\info\cukes\cucumber-html\0.2.3\cucumber-html-0.2.3.jar;C:\Users\saita\.m2\repository\info\cukes\cucumber-jvm-deps\1.0.5\cucumber-jvm-deps-1.0.5.jar;C:\Users\saita\.m2\repository\info\cukes\gherkin\2.12.2\gherkin-2.12.2.jar;C:\Users\saita\.m2\repository\ch\qos\logback\logback-classic\1.1.8\logback-classic-1.1.8.jar;C:\Users\saita\.m2\repository\ch\qos\logback\logback-core\1.1.8\logback-core-1.1.8.jar;C:\Users\saita\.m2\repository\org\seleniumhq\selenium\selenium-remote-driver\4.1.3\selenium-remote-driver-4.1.3.jar;C:\Users\saita\.m2\repository\io\netty\netty-buffer\4.1.75.Final\netty-buffer-4.1.75.Final.jar;C:\Users\saita\.m2\repository\io\netty\netty-codec-http\4.1.75.Final\netty-codec-http-4.1.75.Final.jar;C:\Users\saita\.m2\repository\io\netty\netty-codec\4.1.75.Final\netty-codec-4.1.75.Final.jar;C:\Users\saita\.m2\repository\io\netty\netty-handler\4.1.75.Final\netty-handler-4.1.75.Final.jar;C:\Users\saita\.m2\repository\io\netty\netty-common\4.1.75.Final\netty-common-4.1.75.Final.jar;C:\Users\saita\.m2\repository\io\netty\netty-transport-classes-epoll\4.1.75.Final\netty-transport-classes-epoll-4.1.75.Final.jar;C:\Users\saita\.m2\repository\io\netty\netty-transport-classes-kqueue\4.1.75.Final\netty-transport-classes-kqueue-4.1.75.Final.jar;C:\Users\saita\.m2\repository\io\netty\netty-transport-native-epoll\4.1.75.Final\netty-transport-native-epoll-4.1.75.Final.jar;C:\Users\saita\.m2\repository\io\netty\netty-transport-native-kqueue\4.1.75.Final\netty-transport-native-kqueue-4.1.75.Final.jar;C:\Users\saita\.m2\repository\io\netty\netty-transport-native-unix-common\4.1.75.Final\netty-transport-native-unix-common-4.1.75.Final.jar;C:\Users\saita\.m2\repository\io\netty\netty-transport\4.1.75.Final\netty-transport-4.1.75.Final.jar;C:\Users\saita\.m2\repository\io\netty\netty-resolver\4.1.75.Final\netty-resolver-4.1.75.Final.jar;C:\Users\saita\.m2\repository\io\opentelemetry\opentelemetry-api\1.12.0\opentelemetry-api-1.12.0.jar;C:\Users\saita\.m2\repository\io\opentelemetry\opentelemetry-context\1.12.0\opentelemetry-context-1.12.0.jar;C:\Users\saita\.m2\repository\io\opentelemetry\opentelemetry-exporter-logging\1.12.0\opentelemetry-exporter-logging-1.12.0.jar;C:\Users\saita\.m2\repository\io\opentelemetry\opentelemetry-sdk-metrics\1.12.0-alpha\opentelemetry-sdk-metrics-1.12.0-alpha.jar;C:\Users\saita\.m2\repository\io\opentelemetry\opentelemetry-sdk-logs\1.12.0-alpha\opentelemetry-sdk-logs-1.12.0-alpha.jar;C:\Users\saita\.m2\repository\io\opentelemetry\opentelemetry-sdk-common\1.12.0\opentelemetry-sdk-common-1.12.0.jar;C:\Users\saita\.m2\repository\io\opentelemetry\opentelemetry-sdk-extension-autoconfigure-spi\1.12.0\opentelemetry-sdk-extension-autoconfigure-spi-1.12.0.jar;C:\Users\saita\.m2\repository\io\opentelemetry\opentelemetry-sdk-extension-autoconfigure\1.12.0-alpha\opentelemetry-sdk-extension-autoconfigure-1.12.0-alpha.jar;C:\Users\saita\.m2\repository\io\opentelemetry\opentelemetry-sdk-trace\1.12.0\opentelemetry-sdk-trace-1.12.0.jar;C:\Users\saita\.m2\repository\io\opentelemetry\opentelemetry-sdk\1.12.0\opentelemetry-sdk-1.12.0.jar;C:\Users\saita\.m2\repository\io\opentelemetry\opentelemetry-semconv\1.12.0-alpha\opentelemetry-semconv-1.12.0-alpha.jar;C:\Users\saita\.m2\repository\io\ous\jtoml\2.0.0\jtoml-2.0.0.jar;C:\Users\saita\.m2\repository\net\bytebuddy\byte-buddy\1.12.8\byte-buddy-1.12.8.jar;C:\Users\saita\.m2\repository\org\apache\commons\commons-exec\1.3\commons-exec-1.3.jar;C:\Users\saita\.m2\repository\org\asynchttpclient\async-http-client\2.12.3\async-http-client-2.12.3.jar;C:\Users\saita\.m2\repository\org\asynchttpclient\async-http-client-netty-utils\2.12.3\async-http-client-netty-utils-2.12.3.jar;C:\Users\saita\.m2\repository\io\netty\netty-codec-socks\4.1.60.Final\netty-codec-socks-4.1.60.Final.jar;C:\Users\saita\.m2\repository\io\netty\netty-handler-proxy\4.1.60.Final\netty-handler-proxy-4.1.60.Final.jar;C:\Users\saita\.m2\repository\io\netty\netty-transport-native-epoll\4.1.60.Final\netty-transport-native-epoll-4.1.60.Final-linux-x86_64.jar;C:\Users\saita\.m2\repository\io\netty\netty-transport-native-kqueue\4.1.60.Final\netty-transport-native-kqueue-4.1.60.Final-osx-x86_64.jar;C:\Users\saita\.m2\repository\org\reactivestreams\reactive-streams\1.0.3\reactive-streams-1.0.3.jar;C:\Users\saita\.m2\repository\com\typesafe\netty\netty-reactive-streams\2.0.4\netty-reactive-streams-2.0.4.jar;C:\Users\saita\.m2\repository\com\sun\activation\jakarta.activation\1.2.2\jakarta.activation-1.2.2.jar;C:\Users\saita\.m2\repository\org\seleniumhq\selenium\selenium-http\4.1.3\selenium-http-4.1.3.jar;C:\Users\saita\.m2\repository\dev\failsafe\failsafe\3.2.3\failsafe-3.2.3.jar;"/>
    <property name="java.vm.vendor" value="Oracle Corporation"/>
    <property name="sun.arch.data.model" value="32"/>
    <property name="user.variant" value=""/>
    <property name="java.vendor.url" value="http://java.oracle.com/"/>
    <property name="user.timezone" value="America/Chicago"/>
    <property name="java.vm.specification.version" value="1.8"/>
    <property name="os.name" value="Windows 11"/>
    <property name="user.country" value="US"/>
    <property name="sun.java.launcher" value="SUN_STANDARD"/>
    <property name="sun.boot.library.path" value="C:\Program Files (x86)\Java\jre1.8.0_321\bin"/>
    <property name="sun.java.command" value="C:\Users\saita\AppData\Local\Temp\surefire1397981904077728846\surefirebooter2796711253506352376.jar C:\Users\saita\AppData\Local\Temp\surefire1397981904077728846 2022-04-27T23-18-04_595-jvmRun1 surefire3202951905189592366tmp surefire_03128190373652502577tmp"/>
    <property name="surefire.test.class.path" value="C:\Users\saita\Desktop\Manju Workspace\MAVEN1\target\test-classes;C:\Users\saita\Desktop\Manju Workspace\MAVEN1\target\classes;C:\Users\saita\.m2\repository\org\seleniumhq\selenium\selenium-java\4.1.2\selenium-java-4.1.2.jar;C:\Users\saita\.m2\repository\org\seleniumhq\selenium\selenium-api\4.1.2\selenium-api-4.1.2.jar;C:\Users\saita\.m2\repository\org\seleniumhq\selenium\selenium-devtools-v85\4.1.2\selenium-devtools-v85-4.1.2.jar;C:\Users\saita\.m2\repository\org\seleniumhq\selenium\selenium-devtools-v95\4.1.2\selenium-devtools-v95-4.1.2.jar;C:\Users\saita\.m2\repository\org\seleniumhq\selenium\selenium-devtools-v96\4.1.2\selenium-devtools-v96-4.1.2.jar;C:\Users\saita\.m2\repository\org\seleniumhq\selenium\selenium-devtools-v97\4.1.2\selenium-devtools-v97-4.1.2.jar;C:\Users\saita\.m2\repository\org\seleniumhq\selenium\selenium-edge-driver\4.1.2\selenium-edge-driver-4.1.2.jar;C:\Users\saita\.m2\repository\org\seleniumhq\selenium\selenium-firefox-driver\4.1.2\selenium-firefox-driver-4.1.2.jar;C:\Users\saita\.m2\repository\org\seleniumhq\selenium\selenium-firefox-xpi-driver\4.1.2\selenium-firefox-xpi-driver-4.1.2.jar;C:\Users\saita\.m2\repository\org\seleniumhq\selenium\selenium-ie-driver\4.1.2\selenium-ie-driver-4.1.2.jar;C:\Users\saita\.m2\repository\org\seleniumhq\selenium\selenium-opera-driver\4.1.2\selenium-opera-driver-4.1.2.jar;C:\Users\saita\.m2\repository\org\seleniumhq\selenium\selenium-safari-driver\4.1.2\selenium-safari-driver-4.1.2.jar;C:\Users\saita\.m2\repository\org\seleniumhq\selenium\selenium-support\4.1.2\selenium-support-4.1.2.jar;C:\Users\saita\.m2\repository\org\testng\testng\7.5\testng-7.5.jar;C:\Users\saita\.m2\repository\com\google\code\findbugs\jsr305\3.0.1\jsr305-3.0.1.jar;C:\Users\saita\.m2\repository\org\slf4j\slf4j-api\1.7.32\slf4j-api-1.7.32.jar;C:\Users\saita\.m2\repository\com\beust\jcommander\1.78\jcommander-1.78.jar;C:\Users\saita\.m2\repository\org\webjars\jquery\3.5.1\jquery-3.5.1.jar;C:\Users\saita\.m2\repository\io\github\bonigarcia\webdrivermanager\4.4.3\webdrivermanager-4.4.3.jar;C:\Users\saita\.m2\repository\com\google\code\gson\gson\2.8.6\gson-2.8.6.jar;C:\Users\saita\.m2\repository\org\apache\commons\commons-lang3\3.12.0\commons-lang3-3.12.0.jar;C:\Users\saita\.m2\repository\org\apache\httpcomponents\client5\httpclient5\5.0.3\httpclient5-5.0.3.jar;C:\Users\saita\.m2\repository\org\apache\httpcomponents\core5\httpcore5\5.0.2\httpcore5-5.0.2.jar;C:\Users\saita\.m2\repository\org\apache\httpcomponents\core5\httpcore5-h2\5.0.2\httpcore5-h2-5.0.2.jar;C:\Users\saita\.m2\repository\org\rauschig\jarchivelib\1.1.0\jarchivelib-1.1.0.jar;C:\Users\saita\.m2\repository\org\jsoup\jsoup\1.13.1\jsoup-1.13.1.jar;C:\Users\saita\.m2\repository\org\seleniumhq\selenium\selenium-chrome-driver\4.1.2\selenium-chrome-driver-4.1.2.jar;C:\Users\saita\.m2\repository\com\google\auto\service\auto-service-annotations\1.0.1\auto-service-annotations-1.0.1.jar;C:\Users\saita\.m2\repository\com\google\auto\service\auto-service\1.0.1\auto-service-1.0.1.jar;C:\Users\saita\.m2\repository\com\google\auto\auto-common\1.2\auto-common-1.2.jar;C:\Users\saita\.m2\repository\com\google\guava\guava\31.0.1-jre\guava-31.0.1-jre.jar;C:\Users\saita\.m2\repository\com\google\guava\failureaccess\1.0.1\failureaccess-1.0.1.jar;C:\Users\saita\.m2\repository\com\google\guava\listenablefuture\9999.0-empty-to-avoid-conflict-with-guava\listenablefuture-9999.0-empty-to-avoid-conflict-with-guava.jar;C:\Users\saita\.m2\repository\org\checkerframework\checker-qual\3.12.0\checker-qual-3.12.0.jar;C:\Users\saita\.m2\repository\com\google\errorprone\error_prone_annotations\2.7.1\error_prone_annotations-2.7.1.jar;C:\Users\saita\.m2\repository\com\google\j2objc\j2objc-annotations\1.3\j2objc-annotations-1.3.jar;C:\Users\saita\.m2\repository\org\seleniumhq\selenium\selenium-chromium-driver\4.1.2\selenium-chromium-driver-4.1.2.jar;C:\Users\saita\.m2\repository\org\seleniumhq\selenium\selenium-json\4.1.2\selenium-json-4.1.2.jar;C:\Users\saita\.m2\repository\org\apache\poi\poi\5.2.0\poi-5.2.0.jar;C:\Users\saita\.m2\repository\commons-codec\commons-codec\1.15\commons-codec-1.15.jar;C:\Users\saita\.m2\repository\org\apache\commons\commons-collections4\4.4\commons-collections4-4.4.jar;C:\Users\saita\.m2\repository\org\apache\commons\commons-math3\3.6.1\commons-math3-3.6.1.jar;C:\Users\saita\.m2\repository\com\zaxxer\SparseBitSet\1.2\SparseBitSet-1.2.jar;C:\Users\saita\.m2\repository\org\apache\logging\log4j\log4j-api\2.17.1\log4j-api-2.17.1.jar;C:\Users\saita\.m2\repository\org\apache\poi\poi-ooxml\5.2.0\poi-ooxml-5.2.0.jar;C:\Users\saita\.m2\repository\org\apache\poi\poi-ooxml-lite\5.2.0\poi-ooxml-lite-5.2.0.jar;C:\Users\saita\.m2\repository\org\apache\xmlbeans\xmlbeans\5.0.3\xmlbeans-5.0.3.jar;C:\Users\saita\.m2\repository\xml-apis\xml-apis\1.4.01\xml-apis-1.4.01.jar;C:\Users\saita\.m2\repository\org\apache\commons\commons-compress\1.21\commons-compress-1.21.jar;C:\Users\saita\.m2\repository\com\github\virtuald\curvesapi\1.06\curvesapi-1.06.jar;C:\Users\saita\.m2\repository\org\apache\poi\poi-ooxml-schemas\4.1.2\poi-ooxml-schemas-4.1.2.jar;C:\Users\saita\.m2\repository\commons-io\commons-io\2.11.0\commons-io-2.11.0.jar;C:\Users\saita\.m2\repository\io\github\densudas\shadowroot-search\0.0.2\shadowroot-search-0.0.2.jar;C:\Users\saita\.m2\repository\org\seleniumhq\selenium\selenium-server\3.141.59\selenium-server-3.141.59.jar;C:\Users\saita\.m2\repository\net\jcip\jcip-annotations\1.0\jcip-annotations-1.0.jar;C:\Users\saita\.m2\repository\org\seleniumhq\selenium\jetty-repacked\9.4.12.v20180830\jetty-repacked-9.4.12.v20180830.jar;C:\Users\saita\.m2\repository\com\squareup\okhttp3\okhttp\3.11.0\okhttp-3.11.0.jar;C:\Users\saita\.m2\repository\com\squareup\okio\okio\1.14.0\okio-1.14.0.jar;C:\Users\saita\.m2\repository\javax\servlet\javax.servlet-api\3.1.0\javax.servlet-api-3.1.0.jar;C:\Users\saita\.m2\repository\org\yaml\snakeyaml\1.19\snakeyaml-1.19.jar;C:\Users\saita\.m2\repository\com\googlecode\json-simple\json-simple\1.1.1\json-simple-1.1.1.jar;C:\Users\saita\.m2\repository\junit\junit\4.10\junit-4.10.jar;C:\Users\saita\.m2\repository\org\hamcrest\hamcrest-core\1.1\hamcrest-core-1.1.jar;C:\Users\saita\.m2\repository\com\intuit\karate\karate-junit4\0.2.7\karate-junit4-0.2.7.jar;C:\Users\saita\.m2\repository\com\intuit\karate\karate-core\0.2.7\karate-core-0.2.7.jar;C:\Users\saita\.m2\repository\org\glassfish\jersey\core\jersey-client\2.25\jersey-client-2.25.jar;C:\Users\saita\.m2\repository\javax\ws\rs\javax.ws.rs-api\2.0.1\javax.ws.rs-api-2.0.1.jar;C:\Users\saita\.m2\repository\org\glassfish\jersey\core\jersey-common\2.25\jersey-common-2.25.jar;C:\Users\saita\.m2\repository\javax\annotation\javax.annotation-api\1.2\javax.annotation-api-1.2.jar;C:\Users\saita\.m2\repository\org\glassfish\jersey\bundles\repackaged\jersey-guava\2.25\jersey-guava-2.25.jar;C:\Users\saita\.m2\repository\org\glassfish\hk2\osgi-resource-locator\1.0.1\osgi-resource-locator-1.0.1.jar;C:\Users\saita\.m2\repository\org\glassfish\hk2\hk2-api\2.5.0-b30\hk2-api-2.5.0-b30.jar;C:\Users\saita\.m2\repository\org\glassfish\hk2\hk2-utils\2.5.0-b30\hk2-utils-2.5.0-b30.jar;C:\Users\saita\.m2\repository\org\glassfish\hk2\external\aopalliance-repackaged\2.5.0-b30\aopalliance-repackaged-2.5.0-b30.jar;C:\Users\saita\.m2\repository\org\glassfish\hk2\external\javax.inject\2.5.0-b30\javax.inject-2.5.0-b30.jar;C:\Users\saita\.m2\repository\org\glassfish\hk2\hk2-locator\2.5.0-b30\hk2-locator-2.5.0-b30.jar;C:\Users\saita\.m2\repository\org\javassist\javassist\3.20.0-GA\javassist-3.20.0-GA.jar;C:\Users\saita\.m2\repository\org\glassfish\jersey\media\jersey-media-multipart\2.25\jersey-media-multipart-2.25.jar;C:\Users\saita\.m2\repository\org\jvnet\mimepull\mimepull\1.9.6\mimepull-1.9.6.jar;C:\Users\saita\.m2\repository\com\jayway\jsonpath\json-path\2.1.0\json-path-2.1.0.jar;C:\Users\saita\.m2\repository\net\minidev\json-smart\2.2\json-smart-2.2.jar;C:\Users\saita\.m2\repository\net\minidev\accessors-smart\1.1\accessors-smart-1.1.jar;C:\Users\saita\.m2\repository\org\ow2\asm\asm\5.0.3\asm-5.0.3.jar;C:\Users\saita\.m2\repository\info\cukes\cucumber-java\1.2.5\cucumber-java-1.2.5.jar;C:\Users\saita\.m2\repository\info\cukes\cucumber-junit\1.2.5\cucumber-junit-1.2.5.jar;C:\Users\saita\.m2\repository\info\cukes\cucumber-core\1.2.5\cucumber-core-1.2.5.jar;C:\Users\saita\.m2\repository\info\cukes\cucumber-html\0.2.3\cucumber-html-0.2.3.jar;C:\Users\saita\.m2\repository\info\cukes\cucumber-jvm-deps\1.0.5\cucumber-jvm-deps-1.0.5.jar;C:\Users\saita\.m2\repository\info\cukes\gherkin\2.12.2\gherkin-2.12.2.jar;C:\Users\saita\.m2\repository\ch\qos\logback\logback-classic\1.1.8\logback-classic-1.1.8.jar;C:\Users\saita\.m2\repository\ch\qos\logback\logback-core\1.1.8\logback-core-1.1.8.jar;C:\Users\saita\.m2\repository\org\seleniumhq\selenium\selenium-remote-driver\4.1.3\selenium-remote-driver-4.1.3.jar;C:\Users\saita\.m2\repository\io\netty\netty-buffer\4.1.75.Final\netty-buffer-4.1.75.Final.jar;C:\Users\saita\.m2\repository\io\netty\netty-codec-http\4.1.75.Final\netty-codec-http-4.1.75.Final.jar;C:\Users\saita\.m2\repository\io\netty\netty-codec\4.1.75.Final\netty-codec-4.1.75.Final.jar;C:\Users\saita\.m2\repository\io\netty\netty-handler\4.1.75.Final\netty-handler-4.1.75.Final.jar;C:\Users\saita\.m2\repository\io\netty\netty-common\4.1.75.Final\netty-common-4.1.75.Final.jar;C:\Users\saita\.m2\repository\io\netty\netty-transport-classes-epoll\4.1.75.Final\netty-transport-classes-epoll-4.1.75.Final.jar;C:\Users\saita\.m2\repository\io\netty\netty-transport-classes-kqueue\4.1.75.Final\netty-transport-classes-kqueue-4.1.75.Final.jar;C:\Users\saita\.m2\repository\io\netty\netty-transport-native-epoll\4.1.75.Final\netty-transport-native-epoll-4.1.75.Final.jar;C:\Users\saita\.m2\repository\io\netty\netty-transport-native-kqueue\4.1.75.Final\netty-transport-native-kqueue-4.1.75.Final.jar;C:\Users\saita\.m2\repository\io\netty\netty-transport-native-unix-common\4.1.75.Final\netty-transport-native-unix-common-4.1.75.Final.jar;C:\Users\saita\.m2\repository\io\netty\netty-transport\4.1.75.Final\netty-transport-4.1.75.Final.jar;C:\Users\saita\.m2\repository\io\netty\netty-resolver\4.1.75.Final\netty-resolver-4.1.75.Final.jar;C:\Users\saita\.m2\repository\io\opentelemetry\opentelemetry-api\1.12.0\opentelemetry-api-1.12.0.jar;C:\Users\saita\.m2\repository\io\opentelemetry\opentelemetry-context\1.12.0\opentelemetry-context-1.12.0.jar;C:\Users\saita\.m2\repository\io\opentelemetry\opentelemetry-exporter-logging\1.12.0\opentelemetry-exporter-logging-1.12.0.jar;C:\Users\saita\.m2\repository\io\opentelemetry\opentelemetry-sdk-metrics\1.12.0-alpha\opentelemetry-sdk-metrics-1.12.0-alpha.jar;C:\Users\saita\.m2\repository\io\opentelemetry\opentelemetry-sdk-logs\1.12.0-alpha\opentelemetry-sdk-logs-1.12.0-alpha.jar;C:\Users\saita\.m2\repository\io\opentelemetry\opentelemetry-sdk-common\1.12.0\opentelemetry-sdk-common-1.12.0.jar;C:\Users\saita\.m2\repository\io\opentelemetry\opentelemetry-sdk-extension-autoconfigure-spi\1.12.0\opentelemetry-sdk-extension-autoconfigure-spi-1.12.0.jar;C:\Users\saita\.m2\repository\io\opentelemetry\opentelemetry-sdk-extension-autoconfigure\1.12.0-alpha\opentelemetry-sdk-extension-autoconfigure-1.12.0-alpha.jar;C:\Users\saita\.m2\repository\io\opentelemetry\opentelemetry-sdk-trace\1.12.0\opentelemetry-sdk-trace-1.12.0.jar;C:\Users\saita\.m2\repository\io\opentelemetry\opentelemetry-sdk\1.12.0\opentelemetry-sdk-1.12.0.jar;C:\Users\saita\.m2\repository\io\opentelemetry\opentelemetry-semconv\1.12.0-alpha\opentelemetry-semconv-1.12.0-alpha.jar;C:\Users\saita\.m2\repository\io\ous\jtoml\2.0.0\jtoml-2.0.0.jar;C:\Users\saita\.m2\repository\net\bytebuddy\byte-buddy\1.12.8\byte-buddy-1.12.8.jar;C:\Users\saita\.m2\repository\org\apache\commons\commons-exec\1.3\commons-exec-1.3.jar;C:\Users\saita\.m2\repository\org\asynchttpclient\async-http-client\2.12.3\async-http-client-2.12.3.jar;C:\Users\saita\.m2\repository\org\asynchttpclient\async-http-client-netty-utils\2.12.3\async-http-client-netty-utils-2.12.3.jar;C:\Users\saita\.m2\repository\io\netty\netty-codec-socks\4.1.60.Final\netty-codec-socks-4.1.60.Final.jar;C:\Users\saita\.m2\repository\io\netty\netty-handler-proxy\4.1.60.Final\netty-handler-proxy-4.1.60.Final.jar;C:\Users\saita\.m2\repository\io\netty\netty-transport-native-epoll\4.1.60.Final\netty-transport-native-epoll-4.1.60.Final-linux-x86_64.jar;C:\Users\saita\.m2\repository\io\netty\netty-transport-native-kqueue\4.1.60.Final\netty-transport-native-kqueue-4.1.60.Final-osx-x86_64.jar;C:\Users\saita\.m2\repository\org\reactivestreams\reactive-streams\1.0.3\reactive-streams-1.0.3.jar;C:\Users\saita\.m2\repository\com\typesafe\netty\netty-reactive-streams\2.0.4\netty-reactive-streams-2.0.4.jar;C:\Users\saita\.m2\repository\com\sun\activation\jakarta.activation\1.2.2\jakarta.activation-1.2.2.jar;C:\Users\saita\.m2\repository\org\seleniumhq\selenium\selenium-http\4.1.3\selenium-http-4.1.3.jar;C:\Users\saita\.m2\repository\dev\failsafe\failsafe\3.2.3\failsafe-3.2.3.jar;"/>
    <property name="sun.cpu.endian" value="little"/>
    <property name="user.home" value="C:\Users\saita"/>
    <property name="user.language" value="en"/>
    <property name="java.specification.vendor" value="Oracle Corporation"/>
    <property name="java.home" value="C:\Program Files (x86)\Java\jre1.8.0_321"/>
    <property name="basedir" value="C:\Users\saita\Desktop\Manju Workspace\MAVEN1"/>
    <property name="file.separator" value="\"/>
    <property name="line.separator" value="&#10;"/>
    <property name="java.vm.specification.vendor" value="Oracle Corporation"/>
    <property name="java.specification.name" value="Java Platform API Specification"/>
    <property name="java.awt.graphicsenv" value="sun.awt.Win32GraphicsEnvironment"/>
    <property name="surefire.real.class.path" value="C:\Users\saita\AppData\Local\Temp\surefire1397981904077728846\surefirebooter2796711253506352376.jar"/>
    <property name="sun.boot.class.path" value="C:\Program Files (x86)\Java\jre1.8.0_321\lib\resources.jar;C:\Program Files (x86)\Java\jre1.8.0_321\lib\rt.jar;C:\Program Files (x86)\Java\jre1.8.0_321\lib\sunrsasign.jar;C:\Program Files (x86)\Java\jre1.8.0_321\lib\jsse.jar;C:\Program Files (x86)\Java\jre1.8.0_321\lib\jce.jar;C:\Program Files (x86)\Java\jre1.8.0_321\lib\charsets.jar;C:\Program Files (x86)\Java\jre1.8.0_321\lib\jfr.jar;C:\Program Files (x86)\Java\jre1.8.0_321\classes"/>
    <property name="user.script" value=""/>
    <property name="sun.management.compiler" value="HotSpot Client Compiler"/>
    <property name="java.runtime.version" value="1.8.0_321-b07"/>
    <property name="user.name" value="saita"/>
    <property name="path.separator" value=";"/>
    <property name="os.version" value="10.0"/>
    <property name="java.endorsed.dirs" value="C:\Program Files (x86)\Java\jre1.8.0_321\lib\endorsed"/>
    <property name="java.runtime.name" value="Java(TM) SE Runtime Environment"/>
    <property name="file.encoding" value="Cp1252"/>
    <property name="java.vm.name" value="Java HotSpot(TM) Client VM"/>
    <property name="localRepository" value="C:\Users\saita\.m2\repository"/>
    <property name="java.vendor.url.bug" value="http://bugreport.sun.com/bugreport/"/>
    <property name="java.io.tmpdir" value="C:\Users\saita\AppData\Local\Temp\"/>
    <property name="java.version" value="1.8.0_321"/>
    <property name="user.dir" value="C:\Users\saita\Desktop\Manju Workspace\MAVEN1"/>
    <property name="os.arch" value="x86"/>
    <property name="java.vm.specification.name" value="Java Virtual Machine Specification"/>
    <property name="java.awt.printerjob" value="sun.awt.windows.WPrinterJob"/>
    <property name="sun.os.patch.level" value=""/>
    <property name="java.library.path" value="C:\Program Files (x86)\Java\jre1.8.0_321\bin;C:\windows\Sun\Java\bin;C:\windows\system32;C:\windows;C:\Users\saita\Documents\AppDB\DB_HOME\bin;C:\Users\saita\Downloads\db\bin;C:\Program Files (x86)\Common Files\Oracle\Java\javapath;C:\windows\system32;C:\windows;C:\windows\System32\Wbem;C:\windows\System32\WindowsPowerShell\v1.0\;C:\windows\System32\OpenSSH\;C:\Program Files (x86)\Java\jre1.8.0_321\bin;C:\Users\saita\Documents\maven\apache-maven-3.8.4\bin;C:\Program Files\Git\cmd;C:\Users\saita\AppData\Local\Microsoft\WindowsApps;C:\Users\saita\Documents\maven\apache-maven-3.8.4\bin;C:\Users\saita\Documents\maven\apache-maven-3.8.4\bin;C:\Users\saita\AppData\Local\GitHubDesktop\bin;."/>
    <property name="java.vm.info" value="mixed mode"/>
    <property name="java.vendor" value="Oracle Corporation"/>
    <property name="java.vm.version" value="25.321-b07"/>
    <property name="java.ext.dirs" value="C:\Program Files (x86)\Java\jre1.8.0_321\lib\ext;C:\windows\Sun\Java\lib\ext"/>
    <property name="sun.io.unicode.encoding" value="UnicodeLittle"/>
    <property name="java.class.version" value="52.0"/>
  </properties>
  <testcase name="test1" classname="PepperfryTests.HomePageTest" time="2.949">
    <failure message="unknown error: cannot determine loading status&#10;from unknown error: cannot determine loading status&#10;from target frame detached&#10;  (Session info: chrome=100.0.4896.127)&#10;Build info: version: &apos;4.1.2&apos;, revision: &apos;9a5a329c5a&apos;&#10;System info: host: &apos;SANMANU&apos;, ip: &apos;192.168.1.11&apos;, os.name: &apos;Windows 11&apos;, os.arch: &apos;x86&apos;, os.version: &apos;10.0&apos;, java.version: &apos;1.8.0_321&apos;&#10;Driver info: org.openqa.selenium.chrome.ChromeDriver&#10;Command: [067fb0df5f021f17fb59c8f7a2da734f, get {url=https://www.pepperfry.com/}]&#10;Capabilities {acceptInsecureCerts: false, browserName: chrome, browserVersion: 100.0.4896.127, chrome: {chromedriverVersion: 100.0.4896.60 (6a5d10861ce8..., userDataDir: C:\Users\saita\AppData\Loca...}, goog:chromeOptions: {debuggerAddress: localhost:63940}, javascriptEnabled: true, networkConnectionEnabled: false, pageLoadStrategy: normal, platform: WINDOWS, platformName: WINDOWS, proxy: Proxy(), se:cdp: ws://localhost:63940/devtoo..., se:cdpVersion: 100.0.4896.127, setWindowRect: true, strictFileInteractability: false, timeouts: {implicit: 0, pageLoad: 300000, script: 30000}, unhandledPromptBehavior: dismiss and notify, webauthn:extension:credBlob: true, webauthn:extension:largeBlob: true, webauthn:virtualAuthenticators: true}&#10;Session ID: 067fb0df5f021f17fb59c8f7a2da734f" type="org.openqa.selenium.WebDriverException"><![CDATA[org.openqa.selenium.WebDriverException: 
unknown error: cannot determine loading status
from unknown error: cannot determine loading status
from target frame detached
  (Session info: chrome=100.0.4896.127)
Build info: version: '4.1.2', revision: '9a5a329c5a'
System info: host: 'SANMANU', ip: '192.168.1.11', os.name: 'Windows 11', os.arch: 'x86', os.version: '10.0', java.version: '1.8.0_321'
Driver info: org.openqa.selenium.chrome.ChromeDriver
Command: [067fb0df5f021f17fb59c8f7a2da734f, get {url=https://www.pepperfry.com/}]
Capabilities {acceptInsecureCerts: false, browserName: chrome, browserVersion: 100.0.4896.127, chrome: {chromedriverVersion: 100.0.4896.60 (6a5d10861ce8..., userDataDir: C:\Users\saita\AppData\Loca...}, goog:chromeOptions: {debuggerAddress: localhost:63940}, javascriptEnabled: true, networkConnectionEnabled: false, pageLoadStrategy: normal, platform: WINDOWS, platformName: WINDOWS, proxy: Proxy(), se:cdp: ws://localhost:63940/devtoo..., se:cdpVersion: 100.0.4896.127, setWindowRect: true, strictFileInteractability: false, timeouts: {implicit: 0, pageLoad: 300000, script: 30000}, unhandledPromptBehavior: dismiss and notify, webauthn:extension:credBlob: true, webauthn:extension:largeBlob: true, webauthn:virtualAuthenticators: true}
Session ID: 067fb0df5f021f17fb59c8f7a2da734f
	at PepperfryTests.HomePageTest.test1(HomePageTest.java:23)
]]></failure>
    <system-out><![CDATA[23:18:05.914 [main] DEBUG org.testng.TestNG - suiteXmlPath: "C:\Users\saita\Desktop\Manju Workspace\MAVEN1\testng.xml"
23:18:06.313 [main] DEBUG org.testng.internal.Graph - [Graph] ADDING NODE TestBase.initializedriver()[pri:0, instance:null] -1616364097
23:18:06.313 [main] DEBUG org.testng.internal.Graph - [Graph] ================ SORTING
23:18:06.320 [main] DEBUG org.testng.internal.Graph - [Graph] =============== DONE SORTING
23:18:06.320 [main] DEBUG org.testng.internal.Graph - [Graph] ====== SORTED NODES
23:18:06.320 [main] DEBUG org.testng.internal.Graph - [Graph] ====== END SORTED NODES
23:18:06.321 [main] DEBUG org.testng.internal.Graph - [Graph] ADDING NODE TestBase.clean()[pri:0, instance:null] -1052181392
23:18:06.321 [main] DEBUG org.testng.internal.Graph - [Graph] ================ SORTING
23:18:06.321 [main] DEBUG org.testng.internal.Graph - [Graph] =============== DONE SORTING
23:18:06.321 [main] DEBUG org.testng.internal.Graph - [Graph] ====== SORTED NODES
23:18:06.321 [main] DEBUG org.testng.internal.Graph - [Graph] ====== END SORTED NODES
23:18:06.325 [main] DEBUG org.testng.internal.Graph - [Graph] ADDING NODE TestBase.initializedriver()[pri:0, instance:null] -1616364097
23:18:06.325 [main] DEBUG org.testng.internal.Graph - [Graph] ================ SORTING
23:18:06.325 [main] DEBUG org.testng.internal.Graph - [Graph] =============== DONE SORTING
23:18:06.325 [main] DEBUG org.testng.internal.Graph - [Graph] ====== SORTED NODES
23:18:06.325 [main] DEBUG org.testng.internal.Graph - [Graph] ====== END SORTED NODES
23:18:06.326 [main] DEBUG org.testng.internal.Graph - [Graph] ADDING NODE TestBase.clean()[pri:0, instance:null] -1052181392
23:18:06.326 [main] DEBUG org.testng.internal.Graph - [Graph] ================ SORTING
23:18:06.326 [main] DEBUG org.testng.internal.Graph - [Graph] =============== DONE SORTING
23:18:06.326 [main] DEBUG org.testng.internal.Graph - [Graph] ====== SORTED NODES
23:18:06.326 [main] DEBUG org.testng.internal.Graph - [Graph] ====== END SORTED NODES
23:18:06.330 [main] DEBUG org.testng.internal.Graph - [Graph] ADDING NODE TestBase.initializedriver()[pri:0, instance:PepperfryTests.HomePageTest@42d7b5] 1436701142
23:18:06.330 [main] DEBUG org.testng.internal.Graph - [Graph] ================ SORTING
23:18:06.330 [main] DEBUG org.testng.internal.Graph - [Graph] =============== DONE SORTING
23:18:06.330 [main] DEBUG org.testng.internal.Graph - [Graph] ====== SORTED NODES
23:18:06.330 [main] DEBUG org.testng.internal.Graph - [Graph] ====== END SORTED NODES
23:18:06.332 [main] DEBUG org.testng.internal.Graph - [Graph] ADDING NODE HomePageTest.test2()[pri:0, instance:PepperfryTests.HomePageTest@42d7b5] 1175891966
23:18:06.332 [main] DEBUG org.testng.internal.Graph - [Graph] ADDING NODE HomePageTest.test1()[pri:0, instance:PepperfryTests.HomePageTest@42d7b5] 1175890447
23:18:06.332 [main] DEBUG org.testng.internal.Graph - [Graph] ADDING NODE ResultsPageTest.test1()[pri:0, instance:PepperfryTests.ResultsPageTest@dd8682] 1678460195
23:18:06.332 [main] DEBUG org.testng.internal.Graph - [Graph] ================ SORTING
23:18:06.333 [main] DEBUG org.testng.internal.Graph - [Graph] =============== DONE SORTING
23:18:06.333 [main] DEBUG org.testng.internal.Graph - [Graph] ====== SORTED NODES
23:18:06.333 [main] DEBUG org.testng.internal.Graph - [Graph] ====== END SORTED NODES
23:18:06.335 [main] DEBUG org.testng.internal.Graph - [Graph] ADDING NODE TestBase.clean()[pri:0, instance:PepperfryTests.HomePageTest@42d7b5] 1746495813
23:18:06.335 [main] DEBUG org.testng.internal.Graph - [Graph] ================ SORTING
23:18:06.335 [main] DEBUG org.testng.internal.Graph - [Graph] =============== DONE SORTING
23:18:06.335 [main] DEBUG org.testng.internal.Graph - [Graph] ====== SORTED NODES
23:18:06.335 [main] DEBUG org.testng.internal.Graph - [Graph] ====== END SORTED NODES
23:18:06.913 [main] DEBUG io.github.bonigarcia.wdm.cache.ResolutionCache - Removing resolution chrome=100 from cache (expired on Wed Apr 27 02:19:06 CDT 2022)
23:18:06.928 [main] DEBUG org.apache.hc.client5.http.impl.classic.InternalHttpClient - ex-00000001: preparing request execution
23:18:06.936 [main] DEBUG org.apache.hc.client5.http.protocol.RequestAddCookies - Cookie spec selected: strict
23:18:06.939 [main] DEBUG org.apache.hc.client5.http.protocol.RequestAuthCache - Auth cache not set in the context
23:18:06.939 [main] DEBUG org.apache.hc.client5.http.impl.classic.ProtocolExec - ex-00000001: target auth state: UNCHALLENGED
23:18:06.940 [main] DEBUG org.apache.hc.client5.http.impl.classic.ProtocolExec - ex-00000001: proxy auth state: UNCHALLENGED
23:18:06.940 [main] DEBUG org.apache.hc.client5.http.impl.classic.ConnectExec - ex-00000001: acquiring connection with route {s}->https://raw.githubusercontent.com:443
23:18:06.940 [main] DEBUG org.apache.hc.client5.http.impl.classic.InternalHttpClient - ex-00000001: acquiring endpoint (3 MINUTES)
23:18:06.942 [main] DEBUG org.apache.hc.client5.http.impl.io.PoolingHttpClientConnectionManager - ex-00000001: endpoint lease request (3 MINUTES) [route: {s}->https://raw.githubusercontent.com:443][total available: 0; route allocated: 0 of 5; total allocated: 0 of 25]
23:18:06.946 [main] DEBUG org.apache.hc.client5.http.impl.io.PoolingHttpClientConnectionManager - ex-00000001: endpoint leased [route: {s}->https://raw.githubusercontent.com:443][total available: 0; route allocated: 1 of 5; total allocated: 1 of 25]
23:18:06.963 [main] DEBUG org.apache.hc.client5.http.impl.io.PoolingHttpClientConnectionManager - ex-00000001: acquired ep-00000000
23:18:06.963 [main] DEBUG org.apache.hc.client5.http.impl.classic.InternalHttpClient - ex-00000001: acquired endpoint ep-00000000
23:18:06.963 [main] DEBUG org.apache.hc.client5.http.impl.classic.ConnectExec - ex-00000001: opening connection {s}->https://raw.githubusercontent.com:443
23:18:06.964 [main] DEBUG org.apache.hc.client5.http.impl.classic.InternalHttpClient - ep-00000000: connecting endpoint (30 SECONDS)
23:18:06.964 [main] DEBUG org.apache.hc.client5.http.impl.io.PoolingHttpClientConnectionManager - ep-00000000: connecting endpoint to https://raw.githubusercontent.com:443 (30 SECONDS)
23:18:06.996 [main] DEBUG org.apache.hc.client5.http.impl.io.DefaultHttpClientConnectionOperator - http-outgoing-0: connecting to raw.githubusercontent.com/185.199.110.133:443
23:18:06.996 [main] DEBUG org.apache.hc.client5.http.ssl.SSLConnectionSocketFactory - Connecting socket to raw.githubusercontent.com/185.199.110.133:443 with timeout 30 SECONDS
23:18:07.181 [main] DEBUG org.apache.hc.client5.http.ssl.SSLConnectionSocketFactory - Enabled protocols: [TLSv1.2]
23:18:07.181 [main] DEBUG org.apache.hc.client5.http.ssl.SSLConnectionSocketFactory - Enabled cipher suites: [TLS_ECDHE_ECDSA_WITH_AES_256_GCM_SHA384, TLS_ECDHE_ECDSA_WITH_AES_128_GCM_SHA256, TLS_ECDHE_RSA_WITH_AES_256_GCM_SHA384, TLS_ECDHE_RSA_WITH_AES_128_GCM_SHA256, TLS_DHE_RSA_WITH_AES_256_GCM_SHA384, TLS_DHE_DSS_WITH_AES_256_GCM_SHA384, TLS_DHE_RSA_WITH_AES_128_GCM_SHA256, TLS_DHE_DSS_WITH_AES_128_GCM_SHA256, TLS_ECDHE_ECDSA_WITH_AES_256_CBC_SHA384, TLS_ECDHE_RSA_WITH_AES_256_CBC_SHA384, TLS_ECDHE_ECDSA_WITH_AES_128_CBC_SHA256, TLS_ECDHE_RSA_WITH_AES_128_CBC_SHA256, TLS_DHE_RSA_WITH_AES_256_CBC_SHA256, TLS_DHE_DSS_WITH_AES_256_CBC_SHA256, TLS_DHE_RSA_WITH_AES_128_CBC_SHA256, TLS_DHE_DSS_WITH_AES_128_CBC_SHA256, TLS_ECDH_ECDSA_WITH_AES_256_GCM_SHA384, TLS_ECDH_RSA_WITH_AES_256_GCM_SHA384, TLS_ECDH_ECDSA_WITH_AES_128_GCM_SHA256, TLS_ECDH_RSA_WITH_AES_128_GCM_SHA256, TLS_ECDH_ECDSA_WITH_AES_256_CBC_SHA384, TLS_ECDH_RSA_WITH_AES_256_CBC_SHA384, TLS_ECDH_ECDSA_WITH_AES_128_CBC_SHA256, TLS_ECDH_RSA_WITH_AES_128_CBC_SHA256, TLS_ECDHE_ECDSA_WITH_AES_256_CBC_SHA, TLS_ECDHE_RSA_WITH_AES_256_CBC_SHA, TLS_ECDHE_ECDSA_WITH_AES_128_CBC_SHA, TLS_ECDHE_RSA_WITH_AES_128_CBC_SHA, TLS_DHE_RSA_WITH_AES_256_CBC_SHA, TLS_DHE_DSS_WITH_AES_256_CBC_SHA, TLS_DHE_RSA_WITH_AES_128_CBC_SHA, TLS_DHE_DSS_WITH_AES_128_CBC_SHA, TLS_ECDH_ECDSA_WITH_AES_256_CBC_SHA, TLS_ECDH_RSA_WITH_AES_256_CBC_SHA, TLS_ECDH_ECDSA_WITH_AES_128_CBC_SHA, TLS_ECDH_RSA_WITH_AES_128_CBC_SHA, TLS_RSA_WITH_AES_256_GCM_SHA384, TLS_RSA_WITH_AES_128_GCM_SHA256, TLS_RSA_WITH_AES_256_CBC_SHA256, TLS_RSA_WITH_AES_128_CBC_SHA256, TLS_RSA_WITH_AES_256_CBC_SHA, TLS_RSA_WITH_AES_128_CBC_SHA, TLS_EMPTY_RENEGOTIATION_INFO_SCSV]
23:18:07.181 [main] DEBUG org.apache.hc.client5.http.ssl.SSLConnectionSocketFactory - Starting handshake
23:18:07.393 [main] DEBUG org.apache.hc.client5.http.ssl.SSLConnectionSocketFactory - Secure session established
23:18:07.393 [main] DEBUG org.apache.hc.client5.http.ssl.SSLConnectionSocketFactory -  negotiated protocol: TLSv1.2
23:18:07.393 [main] DEBUG org.apache.hc.client5.http.ssl.SSLConnectionSocketFactory -  negotiated cipher suite: TLS_ECDHE_RSA_WITH_AES_128_GCM_SHA256
23:18:07.394 [main] DEBUG org.apache.hc.client5.http.ssl.SSLConnectionSocketFactory -  peer principal: CN=*.github.io, O="GitHub, Inc.", L=San Francisco, ST=California, C=US
23:18:07.394 [main] DEBUG org.apache.hc.client5.http.ssl.SSLConnectionSocketFactory -  peer alternative names: [*.github.io, github.com, *.github.com, www.github.com, github.io, githubusercontent.com, *.githubusercontent.com]
23:18:07.394 [main] DEBUG org.apache.hc.client5.http.ssl.SSLConnectionSocketFactory -  issuer principal: CN=DigiCert TLS RSA SHA256 2020 CA1, O=DigiCert Inc, C=US
23:18:07.396 [main] DEBUG org.apache.hc.client5.http.impl.io.DefaultHttpClientConnectionOperator - http-outgoing-0: connection established 192.168.1.11:63903<->185.199.110.133:443
23:18:07.398 [main] DEBUG org.apache.hc.client5.http.impl.io.PoolingHttpClientConnectionManager - ep-00000000: connected http-outgoing-0
23:18:07.398 [main] DEBUG org.apache.hc.client5.http.impl.classic.InternalHttpClient - ep-00000000: endpoint connected
23:18:07.398 [main] DEBUG org.apache.hc.client5.http.impl.classic.MainClientExec - ex-00000001: executing GET /bonigarcia/webdrivermanager/master/src/main/resources/commands.properties HTTP/1.1
23:18:07.399 [main] DEBUG org.apache.hc.client5.http.impl.classic.InternalHttpClient - ep-00000000: start execution ex-00000001
23:18:07.399 [main] DEBUG org.apache.hc.client5.http.impl.io.PoolingHttpClientConnectionManager - ep-00000000: executing exchange ex-00000001 over http-outgoing-0
23:18:07.401 [main] DEBUG org.apache.hc.client5.http.headers - http-outgoing-0 >> GET /bonigarcia/webdrivermanager/master/src/main/resources/commands.properties HTTP/1.1
23:18:07.401 [main] DEBUG org.apache.hc.client5.http.headers - http-outgoing-0 >> user-agent: Apache-HttpClient/5.0
23:18:07.401 [main] DEBUG org.apache.hc.client5.http.headers - http-outgoing-0 >> accept-encoding: gzip, deflate, br
23:18:07.401 [main] DEBUG org.apache.hc.client5.http.headers - http-outgoing-0 >> cache-control: max-age=0
23:18:07.401 [main] DEBUG org.apache.hc.client5.http.headers - http-outgoing-0 >> connection: keep-alive
23:18:07.401 [main] DEBUG org.apache.hc.client5.http.headers - http-outgoing-0 >> Host: raw.githubusercontent.com
23:18:07.401 [main] DEBUG org.apache.hc.client5.http.wire - http-outgoing-0 >> "GET /bonigarcia/webdrivermanager/master/src/main/resources/commands.properties HTTP/1.1[\r][\n]"
23:18:07.401 [main] DEBUG org.apache.hc.client5.http.wire - http-outgoing-0 >> "user-agent: Apache-HttpClient/5.0[\r][\n]"
23:18:07.401 [main] DEBUG org.apache.hc.client5.http.wire - http-outgoing-0 >> "accept-encoding: gzip, deflate, br[\r][\n]"
23:18:07.401 [main] DEBUG org.apache.hc.client5.http.wire - http-outgoing-0 >> "cache-control: max-age=0[\r][\n]"
23:18:07.401 [main] DEBUG org.apache.hc.client5.http.wire - http-outgoing-0 >> "connection: keep-alive[\r][\n]"
23:18:07.401 [main] DEBUG org.apache.hc.client5.http.wire - http-outgoing-0 >> "Host: raw.githubusercontent.com[\r][\n]"
23:18:07.401 [main] DEBUG org.apache.hc.client5.http.wire - http-outgoing-0 >> "[\r][\n]"
23:18:07.426 [main] DEBUG org.apache.hc.client5.http.wire - http-outgoing-0 << "HTTP/1.1 200 OK[\r][\n]"
23:18:07.426 [main] DEBUG org.apache.hc.client5.http.wire - http-outgoing-0 << "Connection: keep-alive[\r][\n]"
23:18:07.426 [main] DEBUG org.apache.hc.client5.http.wire - http-outgoing-0 << "Content-Length: 723[\r][\n]"
23:18:07.426 [main] DEBUG org.apache.hc.client5.http.wire - http-outgoing-0 << "Cache-Control: max-age=300[\r][\n]"
23:18:07.427 [main] DEBUG org.apache.hc.client5.http.wire - http-outgoing-0 << "Content-Security-Policy: default-src 'none'; style-src 'unsafe-inline'; sandbox[\r][\n]"
23:18:07.427 [main] DEBUG org.apache.hc.client5.http.wire - http-outgoing-0 << "Content-Type: text/plain; charset=utf-8[\r][\n]"
23:18:07.427 [main] DEBUG org.apache.hc.client5.http.wire - http-outgoing-0 << "ETag: W/"e82b438271e9e8680c688b0b680efd0bdd22faa6d6f0a32fc1fd8accc486b67e"[\r][\n]"
23:18:07.427 [main] DEBUG org.apache.hc.client5.http.wire - http-outgoing-0 << "Strict-Transport-Security: max-age=31536000[\r][\n]"
23:18:07.427 [main] DEBUG org.apache.hc.client5.http.wire - http-outgoing-0 << "X-Content-Type-Options: nosniff[\r][\n]"
23:18:07.427 [main] DEBUG org.apache.hc.client5.http.wire - http-outgoing-0 << "X-Frame-Options: deny[\r][\n]"
23:18:07.427 [main] DEBUG org.apache.hc.client5.http.wire - http-outgoing-0 << "X-XSS-Protection: 1; mode=block[\r][\n]"
23:18:07.427 [main] DEBUG org.apache.hc.client5.http.wire - http-outgoing-0 << "X-GitHub-Request-Id: 1A6C:7445:C7C639:108317F:62540E19[\r][\n]"
23:18:07.427 [main] DEBUG org.apache.hc.client5.http.wire - http-outgoing-0 << "Content-Encoding: gzip[\r][\n]"
23:18:07.427 [main] DEBUG org.apache.hc.client5.http.wire - http-outgoing-0 << "Accept-Ranges: bytes[\r][\n]"
23:18:07.427 [main] DEBUG org.apache.hc.client5.http.wire - http-outgoing-0 << "Date: Thu, 28 Apr 2022 04:18:09 GMT[\r][\n]"
23:18:07.427 [main] DEBUG org.apache.hc.client5.http.wire - http-outgoing-0 << "Via: 1.1 varnish[\r][\n]"
23:18:07.427 [main] DEBUG org.apache.hc.client5.http.wire - http-outgoing-0 << "X-Served-By: cache-pwk4973-PWK[\r][\n]"
23:18:07.427 [main] DEBUG org.apache.hc.client5.http.wire - http-outgoing-0 << "X-Cache: HIT[\r][\n]"
23:18:07.427 [main] DEBUG org.apache.hc.client5.http.wire - http-outgoing-0 << "X-Cache-Hits: 1[\r][\n]"
23:18:07.427 [main] DEBUG org.apache.hc.client5.http.wire - http-outgoing-0 << "X-Timer: S1651119489.395487,VS0,VE1[\r][\n]"
23:18:07.427 [main] DEBUG org.apache.hc.client5.http.wire - http-outgoing-0 << "Vary: Authorization,Accept-Encoding,Origin[\r][\n]"
23:18:07.427 [main] DEBUG org.apache.hc.client5.http.wire - http-outgoing-0 << "Access-Control-Allow-Origin: *[\r][\n]"
23:18:07.427 [main] DEBUG org.apache.hc.client5.http.wire - http-outgoing-0 << "X-Fastly-Request-ID: a0578f4fc2f0e2e80dc09eb1bc2a0e27638079f1[\r][\n]"
23:18:07.428 [main] DEBUG org.apache.hc.client5.http.wire - http-outgoing-0 << "Expires: Thu, 28 Apr 2022 04:23:09 GMT[\r][\n]"
23:18:07.428 [main] DEBUG org.apache.hc.client5.http.wire - http-outgoing-0 << "Source-Age: 263[\r][\n]"
23:18:07.428 [main] DEBUG org.apache.hc.client5.http.wire - http-outgoing-0 << "[\r][\n]"
23:18:07.432 [main] DEBUG org.apache.hc.client5.http.headers - http-outgoing-0 << HTTP/1.1 200 OK
23:18:07.432 [main] DEBUG org.apache.hc.client5.http.headers - http-outgoing-0 << Connection: keep-alive
23:18:07.432 [main] DEBUG org.apache.hc.client5.http.headers - http-outgoing-0 << Content-Length: 723
23:18:07.432 [main] DEBUG org.apache.hc.client5.http.headers - http-outgoing-0 << Cache-Control: max-age=300
23:18:07.432 [main] DEBUG org.apache.hc.client5.http.headers - http-outgoing-0 << Content-Security-Policy: default-src 'none'; style-src 'unsafe-inline'; sandbox
23:18:07.432 [main] DEBUG org.apache.hc.client5.http.headers - http-outgoing-0 << Content-Type: text/plain; charset=utf-8
23:18:07.432 [main] DEBUG org.apache.hc.client5.http.headers - http-outgoing-0 << ETag: W/"e82b438271e9e8680c688b0b680efd0bdd22faa6d6f0a32fc1fd8accc486b67e"
23:18:07.432 [main] DEBUG org.apache.hc.client5.http.headers - http-outgoing-0 << Strict-Transport-Security: max-age=31536000
23:18:07.432 [main] DEBUG org.apache.hc.client5.http.headers - http-outgoing-0 << X-Content-Type-Options: nosniff
23:18:07.432 [main] DEBUG org.apache.hc.client5.http.headers - http-outgoing-0 << X-Frame-Options: deny
23:18:07.432 [main] DEBUG org.apache.hc.client5.http.headers - http-outgoing-0 << X-XSS-Protection: 1; mode=block
23:18:07.432 [main] DEBUG org.apache.hc.client5.http.headers - http-outgoing-0 << X-GitHub-Request-Id: 1A6C:7445:C7C639:108317F:62540E19
23:18:07.432 [main] DEBUG org.apache.hc.client5.http.headers - http-outgoing-0 << Content-Encoding: gzip
23:18:07.432 [main] DEBUG org.apache.hc.client5.http.headers - http-outgoing-0 << Accept-Ranges: bytes
23:18:07.432 [main] DEBUG org.apache.hc.client5.http.headers - http-outgoing-0 << Date: Thu, 28 Apr 2022 04:18:09 GMT
23:18:07.432 [main] DEBUG org.apache.hc.client5.http.headers - http-outgoing-0 << Via: 1.1 varnish
23:18:07.433 [main] DEBUG org.apache.hc.client5.http.headers - http-outgoing-0 << X-Served-By: cache-pwk4973-PWK
23:18:07.433 [main] DEBUG org.apache.hc.client5.http.headers - http-outgoing-0 << X-Cache: HIT
23:18:07.433 [main] DEBUG org.apache.hc.client5.http.headers - http-outgoing-0 << X-Cache-Hits: 1
23:18:07.433 [main] DEBUG org.apache.hc.client5.http.headers - http-outgoing-0 << X-Timer: S1651119489.395487,VS0,VE1
23:18:07.433 [main] DEBUG org.apache.hc.client5.http.headers - http-outgoing-0 << Vary: Authorization,Accept-Encoding,Origin
23:18:07.433 [main] DEBUG org.apache.hc.client5.http.headers - http-outgoing-0 << Access-Control-Allow-Origin: *
23:18:07.433 [main] DEBUG org.apache.hc.client5.http.headers - http-outgoing-0 << X-Fastly-Request-ID: a0578f4fc2f0e2e80dc09eb1bc2a0e27638079f1
23:18:07.433 [main] DEBUG org.apache.hc.client5.http.headers - http-outgoing-0 << Expires: Thu, 28 Apr 2022 04:23:09 GMT
23:18:07.433 [main] DEBUG org.apache.hc.client5.http.headers - http-outgoing-0 << Source-Age: 263
23:18:07.439 [main] DEBUG org.apache.hc.client5.http.impl.classic.MainClientExec - ex-00000001: connection can be kept alive for 3 MINUTES
23:18:07.460 [main] DEBUG org.apache.hc.client5.http.wire - http-outgoing-0 << "[0x1f][0xffffff8b][0x8][0x0][0x0][0x0][0x0][0x0][0x0][0x3][0xffffffb5]V]o[0xffffffda]0[0x14]}[0xffffffe7]W\[0xffffff81]*[0xffffffb5][0x12][0x1f][[M[0xffffffd3]$[0x1e]hF[0xffffffbb]i [0x18][0xffffffb4][0xffffffdd]&[0xfffffff9][0xffffffc5]$7[0xffffffc1]R[0x12]#;[0xffffff94]v[0xffffffbf]~[0xffffffb6][0xfffffff3]1[0xffffff92][0xffffff9a][0xffffffc1][0x1a]x[0xffffffcb][0xffffffb5][0xffffffaf][0xffffffcf]9[0xffffffbe][0xfffffff7]8v[0xb][0x1c][0x1e]E4[0xfffffff6]$x4[0xffffffa1][0xb]*[0xffffffb1][0xffffffd1][0xffffff82][0xfffffffb]%[0xffffff93][0xffffffe0][0xffffffb3][0x10][0xffffffc1][0xffffffe5]qBY,!Y[0xffffffea] KM8,[0x10][0xfffffff0][0x19][0xffffffdd]u[0xffffff82][0x1e][0xffffffb0][0xffffffd8]L[0xffffffcb]%[0xffffff86][0xffffffa1][0xe][0xffffffb8][0xfffffff0]P[0xffffffe8]$[0xf][0x13]t[0x13]3[0xfffffff9][0xffffff84]B2[0xffffffae][0xffffffe6]|@[0xfffffff5][0x1d][0x8][0xffffffc4][0x18][0x16][0xffffff82]o[0xffffffa4][0xffffff9a]P[0xffffff94][0xffffffe7][0xffffffce]R[0xfffffff0][0x8][0xffffffdb]p[0xffffffcb][0x4][0xfffffffa][0xfffffffc][0xffffffb9][\r][0xffffff93][0x15][\n]"
23:18:07.461 [main] DEBUG org.apache.hc.client5.http.wire - http-outgoing-0 << "[0xffffffda][0xffffff86][0xffffffa1][0x17][0xffffffa8]Q3[0xffffffcb][0xffffffd6][0xffffffd1][0xffffff85][0xffffffc6][0xfffffff7][0xffffff98][0xffffffef][0xffffffa3][0xffffffc0]8[0x1][0xffffffae]s[0x12][0x16][0x7] _d[0xffffff82][0xffffff91][0xffffff84][0xfffffff3][0x1f],[0xfffffff6][0x14]j[0x1b]F,^+[0xffffff98]1ua2[0xffffffbf]h([0xffffff8e][0xffffff94][0xffffffa2][0xffffff91]m[0xffffffa3][0xffffffeb][0xffffff9a][0xffffffb0][0xffffffbb]I[0x17]t[0xffffffdf][0xffffffbd][0xffffffef][0xffffffbb][0xffffff91][0xffffffd7]U[0xffffffbb][0xffffff82][0xffffff9e][0x3][0xffffff9b][0xffffff88][0xffffffb9][0xffffffa6]$[0xffffffa6][0xc][0xffffff9b][0xffffffa5][0xffffffe2][0xffffff83][0xffffff98]F[0xffffffd8]o[0xffffff9e]Mg[0xffffff93][0xffffffbb][0xffffffd9]`|[0xfffffffb]u4[0xffffff9c][0x7f]"}B[0xffffffce][0x8][0xffffffb9][0xffffffe3]<[0x8][0xffffff91][0xffffff90][0xffffff94][0xffffff82][0xffffff90][0xffffffc1]j[0x15]2WI[0xffffffe3]1![0x19][0xffffff91]BnB[0xffffff80][0x9]<f[0xffffffb5][0xffffffe8]=[0xffffffd1]p[0xffffffbd][[0xffffffcf][0xffffffe5][0x1b][0xfffffff4][0xffffff9c][0xffffffff][0xfffffffc][0xfffffff8][0xffffffe1][0xffffffe2][0xffffff94][0xffffffa2][0xffffffae][0xe][0x14]5[0xffffff9a]8[0xffffff83][0xffffffd1]`:[0xfffffffd]<[0xffffffb8][0x1f][0xffffff9c]R[0xffffffcf]u[0x7f]6[0xffffffbc][0xffffff83][0xffffffef][0xf][0xffffffc3][0xffffffd9]/[0xfffffff8][0xfffffff2][0xffffffcd]y s[0xffffffee]'[0x1b]*0g[0xffffffcb][0xffffffc8]nF7H][0xffffff83][0xffffff97]{[0xffffffb1]Q[0x5][\r][0xffffffb5]c[0xffffffb4][0xf][0x2][0xffffffb3][0xffffffb4][0xffffff93][0xe]C[0xffffffa7][0xffffffb3]kAD][0xffffff9d][0xffffffde][0xffffffdb][0xffffffda][0xffffff88][0xffffffec][0xffffffa5][0xffffffbc][0xffffff99][0xffffffd9][0xffffffba]t[0xffffffb5][0xffffffea]9[0xffffffea][0x10])[0xffffffb7][0xffffffca][0xffffff9e][0xfffffff2][0xffffffe2]d^N[0xffffffd8]FW[0x16][0xffffffcd][0xffffffdc]_[0x10][0xfffffff9]i|[0x1c][0xffffff93][0xffffff8e][0xfffffff9]o[0x16][0xffffff86]4'!$G[0xffffffdf]W[0xfffffff4]W*j[[0xfffffff3]xR[0xffffffae][0xffffffb6][0xc][0xffffffd0],; #[0xffffffa9][0xffffff92]5[0xffffffb5][0x7][0xffffff9c][0xffffffb5][0xffffffd0][0x7f][0xffffff90][0xffffffc7]jgs[0xfffffffc][0xffffffc2][0xb][0xffffffd9][0x0]t[0xffffff9e]^'Y[0xfffffffb][0xffffff9f][0xffffffb1][0xffffffd8]:[0xffffffbf][0xffffff8d][0xffffffa5][0xffffff9a][0xffffffad][0x7f]m[0x5]&[0xffffffaa][0xffffffa0]^[0xffffff9b][0xffffffcb][0x5]f[0xffffffae][0xffffffe0]RU[0xffffff82][0x10]MS9l[0xffffff91]4t[0xfffffffb][0xffffff8a]][0xffffffd6][0xfffffff4][0xffffff96][0xffffffa6][0xffffff9f]P[0xffffffce][0xffffffd5][0xffffffce][0xffffff93][0xffffffff][0xffffff97][0xffffffcc]p[0xfffffffd][0xfffffff3][0xffffffe8][0x1b][0xffffffcc][0xffffffa2][0xffffffd9]Q[0xffffffbe][0xffffffb2][0xffffffa3][0xffffffc7]m'[0xffffffdf][0xffffffe4][[0xfffffffb]^[0xffffffb0][0xffffff9a][0xffffffbe][0xffffffda][0xffffffda]_[0xffffffce][0xffffff80][0xffffffd2][0xffffffc1]7[0xffffffb7]][0xffffffc1]b[0xffffffee][0xffffffb5][0xffffffff]w[0xffffff83][0xffffffed][0xffffffa7];[0x15]<[0x10]4[0xffffff92][0xffffff84][0x18][\n]"
23:18:07.461 [main] DEBUG org.apache.hc.client5.http.wire - http-outgoing-0 << "BB[0xffffffba][0xffffff8e]][0xffffffb5]jo[0xffffffb9]+"[0xffffffea][0xffffffb4][0xffffffff]h"[0xffffffea]\?5[0xffffffa9][0xffffffaf]k[0xffffffec][0xffffffff]P[0xffffffea][\n]"
23:18:07.461 [main] DEBUG org.apache.hc.client5.http.wire - http-outgoing-0 << "w[0xffffffe1]K[0x13][0xffffffda][0xffffffec][0xffffff98][0xffffffe6]Y[0xfffffffd]h8m6[0xffffff9c]T[0xffffffc1][0xfffffff2][0xffffffa7][0xffffff91]z_[0xffffff95]o85p[0x1c][0x13][0xffffffe6][0xfffffff0]5[0xffffffee][0xfffffffc][0xffffff92][0xffffff96][0xffffffda][0xfffffff7][0xffffffcf][0xffffffb1][0x5][0x1d][0xffffffea]K[0xffffff9b]9[0xffffff8e][0xffffffad]e[0xfffffff7][0xffffff93][0xffffffa8]`[0xffffffda][0xffffffff][0x1a][0xffffffd2][0xffffff88][0xffffff85][0xfffffffd][0xfffffff2][0xffffff91]N[0xfffffff6]`[0xffffffdf]2[0xffffffcf][0xffffffae]E[0xffffff97][0xffffffc5][0xffffffa2][0xffffff9d][0xffffffef]'[0xffffff9d]mun.[0xffffffd3]f^[0xffffffc7][0xffffff82][0xffffffda][0xffffff82]9[0xfffffff5][0xffffffa9]`[0x5][0xffffffbc]4[0xffffffa1][0x1d]<M[0xffffffb5]A[0xffffffa7]3[[0xffffffc0][0x7f][0x0][0xffffffc1][0xffffffd0]$[0xffffff85][0x1d][\r][0x0][0x0]"
23:18:07.462 [main] DEBUG org.apache.hc.client5.http.impl.classic.InternalHttpClient - ep-00000000: releasing valid endpoint
23:18:07.462 [main] DEBUG org.apache.hc.client5.http.impl.io.PoolingHttpClientConnectionManager - ep-00000000: releasing endpoint
23:18:07.463 [main] DEBUG org.apache.hc.client5.http.impl.io.PoolingHttpClientConnectionManager - ep-00000000: connection http-outgoing-0 can be kept alive for 3 MINUTES
23:18:07.463 [main] DEBUG org.apache.hc.client5.http.impl.io.PoolingHttpClientConnectionManager - ep-00000000: connection released [route: {s}->https://raw.githubusercontent.com:443][total available: 1; route allocated: 1 of 5; total allocated: 1 of 25]
23:18:07.463 [main] DEBUG io.github.bonigarcia.wdm.versions.VersionDetector - Detecting chrome version using online commands.properties
23:18:07.468 [main] DEBUG io.github.bonigarcia.wdm.versions.Shell - Running command on the shell: [cmd.exe, /C, wmic, datafile, where, name="%PROGRAMFILES:\=\\%\\Google\\Chrome\\Application\\chrome.exe", get, Version, /value]
23:18:07.861 [main] DEBUG io.github.bonigarcia.wdm.versions.Shell - Result: 
23:18:07.862 [main] DEBUG io.github.bonigarcia.wdm.versions.Shell - Running command on the shell: [cmd.exe, /C, wmic, datafile, where, name="%PROGRAMFILES(X86):\=\\%\\Google\\Chrome\\Application\\chrome.exe", get, Version, /value]
23:18:08.156 [main] DEBUG io.github.bonigarcia.wdm.versions.Shell - Result: 
23:18:08.156 [main] DEBUG io.github.bonigarcia.wdm.versions.Shell - Running command on the shell: [cmd.exe, /C, wmic, datafile, where, name="%LOCALAPPDATA:\=\\%\\Google\\Chrome\\Application\\chrome.exe", get, Version, /value]
23:18:08.401 [main] DEBUG io.github.bonigarcia.wdm.versions.Shell - Result: 
23:18:08.401 [main] DEBUG io.github.bonigarcia.wdm.versions.Shell - Running command on the shell: [REG, QUERY, HKCU\Software\Google\Chrome\BLBeacon, /v, version]
23:18:08.435 [main] DEBUG io.github.bonigarcia.wdm.versions.Shell - Result: HKEY_CURRENT_USER\Software\Google\Chrome\BLBeacon
    version    REG_SZ    100.0.4896.127
23:18:08.438 [main] DEBUG io.github.bonigarcia.wdm.cache.ResolutionCache - Removing resolution chrome100=100.0.4896.60 from cache (expired on Wed Apr 27 11:27:22 CDT 2022)
23:18:08.440 [main] DEBUG org.apache.hc.client5.http.impl.classic.InternalHttpClient - ex-00000002: preparing request execution
23:18:08.440 [main] DEBUG org.apache.hc.client5.http.protocol.RequestAddCookies - Cookie spec selected: strict
23:18:08.440 [main] DEBUG org.apache.hc.client5.http.protocol.RequestAuthCache - Auth cache not set in the context
23:18:08.440 [main] DEBUG org.apache.hc.client5.http.impl.classic.ProtocolExec - ex-00000002: target auth state: UNCHALLENGED
23:18:08.440 [main] DEBUG org.apache.hc.client5.http.impl.classic.ProtocolExec - ex-00000002: proxy auth state: UNCHALLENGED
23:18:08.440 [main] DEBUG org.apache.hc.client5.http.impl.classic.ConnectExec - ex-00000002: acquiring connection with route {s}->https://chromedriver.storage.googleapis.com:443
23:18:08.440 [main] DEBUG org.apache.hc.client5.http.impl.classic.InternalHttpClient - ex-00000002: acquiring endpoint (3 MINUTES)
23:18:08.440 [main] DEBUG org.apache.hc.client5.http.impl.io.PoolingHttpClientConnectionManager - ex-00000002: endpoint lease request (3 MINUTES) [route: {s}->https://chromedriver.storage.googleapis.com:443][total available: 1; route allocated: 0 of 5; total allocated: 1 of 25]
23:18:08.440 [main] DEBUG org.apache.hc.client5.http.impl.io.PoolingHttpClientConnectionManager - ex-00000002: endpoint leased [route: {s}->https://chromedriver.storage.googleapis.com:443][total available: 1; route allocated: 1 of 5; total allocated: 2 of 25]
23:18:08.441 [main] DEBUG org.apache.hc.client5.http.impl.io.PoolingHttpClientConnectionManager - ex-00000002: acquired ep-00000001
23:18:08.441 [main] DEBUG org.apache.hc.client5.http.impl.classic.InternalHttpClient - ex-00000002: acquired endpoint ep-00000001
23:18:08.441 [main] DEBUG org.apache.hc.client5.http.impl.classic.ConnectExec - ex-00000002: opening connection {s}->https://chromedriver.storage.googleapis.com:443
23:18:08.441 [main] DEBUG org.apache.hc.client5.http.impl.classic.InternalHttpClient - ep-00000001: connecting endpoint (30 SECONDS)
23:18:08.441 [main] DEBUG org.apache.hc.client5.http.impl.io.PoolingHttpClientConnectionManager - ep-00000001: connecting endpoint to https://chromedriver.storage.googleapis.com:443 (30 SECONDS)
23:18:08.492 [main] DEBUG org.apache.hc.client5.http.impl.io.DefaultHttpClientConnectionOperator - http-outgoing-1: connecting to chromedriver.storage.googleapis.com/142.251.32.16:443
23:18:08.492 [main] DEBUG org.apache.hc.client5.http.ssl.SSLConnectionSocketFactory - Connecting socket to chromedriver.storage.googleapis.com/142.251.32.16:443 with timeout 30 SECONDS
23:18:08.549 [main] DEBUG org.apache.hc.client5.http.ssl.SSLConnectionSocketFactory - Enabled protocols: [TLSv1.2]
23:18:08.549 [main] DEBUG org.apache.hc.client5.http.ssl.SSLConnectionSocketFactory - Enabled cipher suites: [TLS_ECDHE_ECDSA_WITH_AES_256_GCM_SHA384, TLS_ECDHE_ECDSA_WITH_AES_128_GCM_SHA256, TLS_ECDHE_RSA_WITH_AES_256_GCM_SHA384, TLS_ECDHE_RSA_WITH_AES_128_GCM_SHA256, TLS_DHE_RSA_WITH_AES_256_GCM_SHA384, TLS_DHE_DSS_WITH_AES_256_GCM_SHA384, TLS_DHE_RSA_WITH_AES_128_GCM_SHA256, TLS_DHE_DSS_WITH_AES_128_GCM_SHA256, TLS_ECDHE_ECDSA_WITH_AES_256_CBC_SHA384, TLS_ECDHE_RSA_WITH_AES_256_CBC_SHA384, TLS_ECDHE_ECDSA_WITH_AES_128_CBC_SHA256, TLS_ECDHE_RSA_WITH_AES_128_CBC_SHA256, TLS_DHE_RSA_WITH_AES_256_CBC_SHA256, TLS_DHE_DSS_WITH_AES_256_CBC_SHA256, TLS_DHE_RSA_WITH_AES_128_CBC_SHA256, TLS_DHE_DSS_WITH_AES_128_CBC_SHA256, TLS_ECDH_ECDSA_WITH_AES_256_GCM_SHA384, TLS_ECDH_RSA_WITH_AES_256_GCM_SHA384, TLS_ECDH_ECDSA_WITH_AES_128_GCM_SHA256, TLS_ECDH_RSA_WITH_AES_128_GCM_SHA256, TLS_ECDH_ECDSA_WITH_AES_256_CBC_SHA384, TLS_ECDH_RSA_WITH_AES_256_CBC_SHA384, TLS_ECDH_ECDSA_WITH_AES_128_CBC_SHA256, TLS_ECDH_RSA_WITH_AES_128_CBC_SHA256, TLS_ECDHE_ECDSA_WITH_AES_256_CBC_SHA, TLS_ECDHE_RSA_WITH_AES_256_CBC_SHA, TLS_ECDHE_ECDSA_WITH_AES_128_CBC_SHA, TLS_ECDHE_RSA_WITH_AES_128_CBC_SHA, TLS_DHE_RSA_WITH_AES_256_CBC_SHA, TLS_DHE_DSS_WITH_AES_256_CBC_SHA, TLS_DHE_RSA_WITH_AES_128_CBC_SHA, TLS_DHE_DSS_WITH_AES_128_CBC_SHA, TLS_ECDH_ECDSA_WITH_AES_256_CBC_SHA, TLS_ECDH_RSA_WITH_AES_256_CBC_SHA, TLS_ECDH_ECDSA_WITH_AES_128_CBC_SHA, TLS_ECDH_RSA_WITH_AES_128_CBC_SHA, TLS_RSA_WITH_AES_256_GCM_SHA384, TLS_RSA_WITH_AES_128_GCM_SHA256, TLS_RSA_WITH_AES_256_CBC_SHA256, TLS_RSA_WITH_AES_128_CBC_SHA256, TLS_RSA_WITH_AES_256_CBC_SHA, TLS_RSA_WITH_AES_128_CBC_SHA, TLS_EMPTY_RENEGOTIATION_INFO_SCSV]
23:18:08.550 [main] DEBUG org.apache.hc.client5.http.ssl.SSLConnectionSocketFactory - Starting handshake
23:18:08.642 [main] DEBUG org.apache.hc.client5.http.ssl.SSLConnectionSocketFactory - Secure session established
23:18:08.642 [main] DEBUG org.apache.hc.client5.http.ssl.SSLConnectionSocketFactory -  negotiated protocol: TLSv1.2
23:18:08.643 [main] DEBUG org.apache.hc.client5.http.ssl.SSLConnectionSocketFactory -  negotiated cipher suite: TLS_ECDHE_ECDSA_WITH_AES_128_GCM_SHA256
23:18:08.643 [main] DEBUG org.apache.hc.client5.http.ssl.SSLConnectionSocketFactory -  peer principal: CN=*.storage.googleapis.com
23:18:08.643 [main] DEBUG org.apache.hc.client5.http.ssl.SSLConnectionSocketFactory -  peer alternative names: [*.storage.googleapis.com, *.googleapis.com, commondatastorage.googleapis.com, *.commondatastorage.googleapis.com, storage.googleapis.com, storage.mtls.googleapis.com, *.appspot.com.storage.googleapis.com, *.content-storage.googleapis.com, *.content-storage-p2.googleapis.com, *.content-storage-upload.googleapis.com, *.content-storage-download.googleapis.com, *.storage-upload.googleapis.com, *.storage-download.googleapis.com]
23:18:08.643 [main] DEBUG org.apache.hc.client5.http.ssl.SSLConnectionSocketFactory -  issuer principal: CN=GTS CA 1C3, O=Google Trust Services LLC, C=US
23:18:08.643 [main] DEBUG org.apache.hc.client5.http.impl.io.DefaultHttpClientConnectionOperator - http-outgoing-1: connection established 192.168.1.11:63904<->142.251.32.16:443
23:18:08.643 [main] DEBUG org.apache.hc.client5.http.impl.io.PoolingHttpClientConnectionManager - ep-00000001: connected http-outgoing-1
23:18:08.643 [main] DEBUG org.apache.hc.client5.http.impl.classic.InternalHttpClient - ep-00000001: endpoint connected
23:18:08.643 [main] DEBUG org.apache.hc.client5.http.impl.classic.MainClientExec - ex-00000002: executing GET /LATEST_RELEASE_100 HTTP/1.1
23:18:08.643 [main] DEBUG org.apache.hc.client5.http.impl.classic.InternalHttpClient - ep-00000001: start execution ex-00000002
23:18:08.643 [main] DEBUG org.apache.hc.client5.http.impl.io.PoolingHttpClientConnectionManager - ep-00000001: executing exchange ex-00000002 over http-outgoing-1
23:18:08.643 [main] DEBUG org.apache.hc.client5.http.headers - http-outgoing-1 >> GET /LATEST_RELEASE_100 HTTP/1.1
23:18:08.643 [main] DEBUG org.apache.hc.client5.http.headers - http-outgoing-1 >> user-agent: Apache-HttpClient/5.0
23:18:08.643 [main] DEBUG org.apache.hc.client5.http.headers - http-outgoing-1 >> accept-encoding: gzip, deflate, br
23:18:08.644 [main] DEBUG org.apache.hc.client5.http.headers - http-outgoing-1 >> cache-control: max-age=0
23:18:08.644 [main] DEBUG org.apache.hc.client5.http.headers - http-outgoing-1 >> connection: keep-alive
23:18:08.644 [main] DEBUG org.apache.hc.client5.http.headers - http-outgoing-1 >> Host: chromedriver.storage.googleapis.com
23:18:08.644 [main] DEBUG org.apache.hc.client5.http.wire - http-outgoing-1 >> "GET /LATEST_RELEASE_100 HTTP/1.1[\r][\n]"
23:18:08.644 [main] DEBUG org.apache.hc.client5.http.wire - http-outgoing-1 >> "user-agent: Apache-HttpClient/5.0[\r][\n]"
23:18:08.644 [main] DEBUG org.apache.hc.client5.http.wire - http-outgoing-1 >> "accept-encoding: gzip, deflate, br[\r][\n]"
23:18:08.644 [main] DEBUG org.apache.hc.client5.http.wire - http-outgoing-1 >> "cache-control: max-age=0[\r][\n]"
23:18:08.644 [main] DEBUG org.apache.hc.client5.http.wire - http-outgoing-1 >> "connection: keep-alive[\r][\n]"
23:18:08.644 [main] DEBUG org.apache.hc.client5.http.wire - http-outgoing-1 >> "Host: chromedriver.storage.googleapis.com[\r][\n]"
23:18:08.644 [main] DEBUG org.apache.hc.client5.http.wire - http-outgoing-1 >> "[\r][\n]"
23:18:08.671 [main] DEBUG org.apache.hc.client5.http.wire - http-outgoing-1 << "HTTP/1.1 200 OK[\r][\n]"
23:18:08.671 [main] DEBUG org.apache.hc.client5.http.wire - http-outgoing-1 << "X-GUploader-UploadID: ADPycdsT2w_bUs9D09fTK6GIvff3uQYGg1PQm3tdPnrMIP6ADBDS9OwVWuXzXC3jEc45EmETncLWgndNWFXsmQmJkyUU[\r][\n]"
23:18:08.671 [main] DEBUG org.apache.hc.client5.http.wire - http-outgoing-1 << "x-goog-generation: 1648624005669881[\r][\n]"
23:18:08.671 [main] DEBUG org.apache.hc.client5.http.wire - http-outgoing-1 << "x-goog-metageneration: 1[\r][\n]"
23:18:08.671 [main] DEBUG org.apache.hc.client5.http.wire - http-outgoing-1 << "x-goog-stored-content-encoding: identity[\r][\n]"
23:18:08.672 [main] DEBUG org.apache.hc.client5.http.wire - http-outgoing-1 << "x-goog-stored-content-length: 13[\r][\n]"
23:18:08.672 [main] DEBUG org.apache.hc.client5.http.wire - http-outgoing-1 << "x-goog-hash: crc32c=bGnB7Q==[\r][\n]"
23:18:08.672 [main] DEBUG org.apache.hc.client5.http.wire - http-outgoing-1 << "x-goog-hash: md5=eQ22mvWu3MUE9TlSwnUh+g==[\r][\n]"
23:18:08.672 [main] DEBUG org.apache.hc.client5.http.wire - http-outgoing-1 << "x-goog-storage-class: STANDARD[\r][\n]"
23:18:08.672 [main] DEBUG org.apache.hc.client5.http.wire - http-outgoing-1 << "Accept-Ranges: bytes[\r][\n]"
23:18:08.672 [main] DEBUG org.apache.hc.client5.http.wire - http-outgoing-1 << "Content-Length: 13[\r][\n]"
23:18:08.672 [main] DEBUG org.apache.hc.client5.http.wire - http-outgoing-1 << "Server: UploadServer[\r][\n]"
23:18:08.672 [main] DEBUG org.apache.hc.client5.http.wire - http-outgoing-1 << "Date: Thu, 28 Apr 2022 04:00:31 GMT[\r][\n]"
23:18:08.672 [main] DEBUG org.apache.hc.client5.http.wire - http-outgoing-1 << "Expires: Thu, 28 Apr 2022 05:00:31 GMT[\r][\n]"
23:18:08.672 [main] DEBUG org.apache.hc.client5.http.wire - http-outgoing-1 << "Cache-Control: public, max-age=3600[\r][\n]"
23:18:08.672 [main] DEBUG org.apache.hc.client5.http.wire - http-outgoing-1 << "Age: 1059[\r][\n]"
23:18:08.672 [main] DEBUG org.apache.hc.client5.http.wire - http-outgoing-1 << "Last-Modified: Wed, 30 Mar 2022 07:06:45 GMT[\r][\n]"
23:18:08.672 [main] DEBUG org.apache.hc.client5.http.wire - http-outgoing-1 << "ETag: "790db69af5aedcc504f53952c27521fa"[\r][\n]"
23:18:08.672 [main] DEBUG org.apache.hc.client5.http.wire - http-outgoing-1 << "Content-Type: text/plain[\r][\n]"
23:18:08.672 [main] DEBUG org.apache.hc.client5.http.wire - http-outgoing-1 << "Alt-Svc: h3=":443"; ma=2592000,h3-29=":443"; ma=2592000,h3-Q050=":443"; ma=2592000,h3-Q046=":443"; ma=2592000,h3-Q043=":443"; ma=2592000,quic=":443"; ma=2592000; v="46,43"[\r][\n]"
23:18:08.672 [main] DEBUG org.apache.hc.client5.http.wire - http-outgoing-1 << "[\r][\n]"
23:18:08.672 [main] DEBUG org.apache.hc.client5.http.wire - http-outgoing-1 << "100.0.4896.60"
23:18:08.673 [main] DEBUG org.apache.hc.client5.http.headers - http-outgoing-1 << HTTP/1.1 200 OK
23:18:08.673 [main] DEBUG org.apache.hc.client5.http.headers - http-outgoing-1 << X-GUploader-UploadID: ADPycdsT2w_bUs9D09fTK6GIvff3uQYGg1PQm3tdPnrMIP6ADBDS9OwVWuXzXC3jEc45EmETncLWgndNWFXsmQmJkyUU
23:18:08.673 [main] DEBUG org.apache.hc.client5.http.headers - http-outgoing-1 << x-goog-generation: 1648624005669881
23:18:08.673 [main] DEBUG org.apache.hc.client5.http.headers - http-outgoing-1 << x-goog-metageneration: 1
23:18:08.673 [main] DEBUG org.apache.hc.client5.http.headers - http-outgoing-1 << x-goog-stored-content-encoding: identity
23:18:08.673 [main] DEBUG org.apache.hc.client5.http.headers - http-outgoing-1 << x-goog-stored-content-length: 13
23:18:08.673 [main] DEBUG org.apache.hc.client5.http.headers - http-outgoing-1 << x-goog-hash: crc32c=bGnB7Q==
23:18:08.673 [main] DEBUG org.apache.hc.client5.http.headers - http-outgoing-1 << x-goog-hash: md5=eQ22mvWu3MUE9TlSwnUh+g==
23:18:08.673 [main] DEBUG org.apache.hc.client5.http.headers - http-outgoing-1 << x-goog-storage-class: STANDARD
23:18:08.673 [main] DEBUG org.apache.hc.client5.http.headers - http-outgoing-1 << Accept-Ranges: bytes
23:18:08.673 [main] DEBUG org.apache.hc.client5.http.headers - http-outgoing-1 << Content-Length: 13
23:18:08.673 [main] DEBUG org.apache.hc.client5.http.headers - http-outgoing-1 << Server: UploadServer
23:18:08.673 [main] DEBUG org.apache.hc.client5.http.headers - http-outgoing-1 << Date: Thu, 28 Apr 2022 04:00:31 GMT
23:18:08.673 [main] DEBUG org.apache.hc.client5.http.headers - http-outgoing-1 << Expires: Thu, 28 Apr 2022 05:00:31 GMT
23:18:08.673 [main] DEBUG org.apache.hc.client5.http.headers - http-outgoing-1 << Cache-Control: public, max-age=3600
23:18:08.673 [main] DEBUG org.apache.hc.client5.http.headers - http-outgoing-1 << Age: 1059
23:18:08.673 [main] DEBUG org.apache.hc.client5.http.headers - http-outgoing-1 << Last-Modified: Wed, 30 Mar 2022 07:06:45 GMT
23:18:08.676 [main] DEBUG org.apache.hc.client5.http.headers - http-outgoing-1 << ETag: "790db69af5aedcc504f53952c27521fa"
23:18:08.676 [main] DEBUG org.apache.hc.client5.http.headers - http-outgoing-1 << Content-Type: text/plain
23:18:08.676 [main] DEBUG org.apache.hc.client5.http.headers - http-outgoing-1 << Alt-Svc: h3=":443"; ma=2592000,h3-29=":443"; ma=2592000,h3-Q050=":443"; ma=2592000,h3-Q046=":443"; ma=2592000,h3-Q043=":443"; ma=2592000,quic=":443"; ma=2592000; v="46,43"
23:18:08.677 [main] DEBUG org.apache.hc.client5.http.impl.classic.MainClientExec - ex-00000002: connection can be kept alive for 3 MINUTES
23:18:08.677 [main] DEBUG org.apache.hc.client5.http.impl.classic.InternalHttpClient - ep-00000001: releasing valid endpoint
23:18:08.677 [main] DEBUG org.apache.hc.client5.http.impl.io.PoolingHttpClientConnectionManager - ep-00000001: releasing endpoint
23:18:08.677 [main] DEBUG org.apache.hc.client5.http.impl.io.PoolingHttpClientConnectionManager - ep-00000001: connection http-outgoing-1 can be kept alive for 3 MINUTES
23:18:08.677 [main] DEBUG org.apache.hc.client5.http.impl.io.PoolingHttpClientConnectionManager - ep-00000001: connection released [route: {s}->https://chromedriver.storage.googleapis.com:443][total available: 2; route allocated: 1 of 5; total allocated: 2 of 25]
23:18:08.678 [main] DEBUG io.github.bonigarcia.wdm.versions.VersionDetector - Latest version of chromedriver according to https://chromedriver.storage.googleapis.com/LATEST_RELEASE_100 is 100.0.4896.60
23:18:08.678 [main] INFO io.github.bonigarcia.wdm.WebDriverManager - Using chromedriver 100.0.4896.60 (resolved driver for Chrome 100)
23:18:08.679 [main] DEBUG io.github.bonigarcia.wdm.cache.ResolutionCache - Storing resolution chrome=100 in cache (valid until 00:18:08 28/04/2022 CDT)
23:18:08.681 [main] DEBUG io.github.bonigarcia.wdm.cache.ResolutionCache - Storing resolution chrome100=100.0.4896.60 in cache (valid until 23:18:08 28/04/2022 CDT)
23:18:08.712 [main] DEBUG io.github.bonigarcia.wdm.WebDriverManager - Driver chromedriver 100.0.4896.60 found in cache
23:18:08.713 [main] INFO io.github.bonigarcia.wdm.WebDriverManager - Exporting webdriver.chrome.driver as C:\Users\saita\.cache\selenium\chromedriver\win32\100.0.4896.60\chromedriver.exe
23:18:09.036 [main] DEBUG io.netty.util.internal.logging.InternalLoggerFactory - Using SLF4J as the default logging framework
23:18:09.042 [main] DEBUG io.netty.util.ResourceLeakDetector - -Dio.netty.leakDetection.level: simple
23:18:09.042 [main] DEBUG io.netty.util.ResourceLeakDetector - -Dio.netty.leakDetection.targetRecords: 4
23:18:09.049 [main] DEBUG io.netty.util.ResourceLeakDetectorFactory - Loaded default ResourceLeakDetector: io.netty.util.ResourceLeakDetector@760689
23:18:09.087 [main] DEBUG io.netty.util.internal.PlatformDependent0 - -Dio.netty.noUnsafe: false
23:18:09.088 [main] DEBUG io.netty.util.internal.PlatformDependent0 - Java version: 8
23:18:09.090 [main] DEBUG io.netty.util.internal.PlatformDependent0 - sun.misc.Unsafe.theUnsafe: available
23:18:09.091 [main] DEBUG io.netty.util.internal.PlatformDependent0 - sun.misc.Unsafe.copyMemory: available
23:18:09.091 [main] DEBUG io.netty.util.internal.PlatformDependent0 - java.nio.Buffer.address: available
23:18:09.092 [main] DEBUG io.netty.util.internal.PlatformDependent0 - direct buffer constructor: available
23:18:09.093 [main] DEBUG io.netty.util.internal.PlatformDependent0 - java.nio.Bits.unaligned: available, true
23:18:09.093 [main] DEBUG io.netty.util.internal.PlatformDependent0 - jdk.internal.misc.Unsafe.allocateUninitializedArray(int): unavailable prior to Java9
23:18:09.093 [main] DEBUG io.netty.util.internal.PlatformDependent0 - java.nio.DirectByteBuffer.<init>(long, int): available
23:18:09.094 [main] DEBUG io.netty.util.internal.PlatformDependent - sun.misc.Unsafe: available
23:18:09.095 [main] DEBUG io.netty.util.internal.PlatformDependent - -Dio.netty.tmpdir: C:\Users\saita\AppData\Local\Temp (java.io.tmpdir)
23:18:09.095 [main] DEBUG io.netty.util.internal.PlatformDependent - -Dio.netty.bitMode: 32 (sun.arch.data.model)
23:18:09.095 [main] DEBUG io.netty.util.internal.PlatformDependent - Platform: Windows
23:18:09.097 [main] DEBUG io.netty.util.internal.PlatformDependent - -Dio.netty.maxDirectMemory: 259522560 bytes
23:18:09.097 [main] DEBUG io.netty.util.internal.PlatformDependent - -Dio.netty.uninitializedArrayAllocationThreshold: -1
23:18:09.098 [main] DEBUG io.netty.util.internal.CleanerJava6 - java.nio.ByteBuffer.cleaner(): available
23:18:09.098 [main] DEBUG io.netty.util.internal.PlatformDependent - -Dio.netty.noPreferDirect: false
23:18:09.115 [main] DEBUG io.netty.util.internal.PlatformDependent - org.jctools-core.MpscChunkedArrayQueue: available
23:18:09.153 [main] DEBUG io.netty.util.internal.InternalThreadLocalMap - -Dio.netty.threadLocalMap.stringBuilder.initialSize: 1024
23:18:09.153 [main] DEBUG io.netty.util.internal.InternalThreadLocalMap - -Dio.netty.threadLocalMap.stringBuilder.maxSize: 4096
23:18:09.179 [main] DEBUG io.netty.handler.ssl.JdkSslContext - Default protocols (JDK): [TLSv1.2] 
23:18:09.179 [main] DEBUG io.netty.handler.ssl.JdkSslContext - Default cipher suites (JDK): [TLS_ECDHE_ECDSA_WITH_AES_256_GCM_SHA384, TLS_ECDHE_ECDSA_WITH_AES_128_GCM_SHA256, TLS_ECDHE_RSA_WITH_AES_128_GCM_SHA256, TLS_ECDHE_RSA_WITH_AES_256_GCM_SHA384, TLS_ECDHE_RSA_WITH_AES_128_CBC_SHA, TLS_ECDHE_RSA_WITH_AES_256_CBC_SHA, TLS_RSA_WITH_AES_128_GCM_SHA256, TLS_RSA_WITH_AES_128_CBC_SHA, TLS_RSA_WITH_AES_256_CBC_SHA, TLS_AES_128_GCM_SHA256, TLS_AES_256_GCM_SHA384]
23:18:09.227 [main] DEBUG io.netty.channel.MultithreadEventLoopGroup - -Dio.netty.eventLoopThreads: 16
23:18:09.243 [main] DEBUG io.netty.channel.nio.NioEventLoop - -Dio.netty.noKeySetOptimization: false
23:18:09.244 [main] DEBUG io.netty.channel.nio.NioEventLoop - -Dio.netty.selectorAutoRebuildThreshold: 512
23:18:09.318 [main] DEBUG io.netty.buffer.PooledByteBufAllocator - -Dio.netty.allocator.numHeapArenas: 10
23:18:09.318 [main] DEBUG io.netty.buffer.PooledByteBufAllocator - -Dio.netty.allocator.numDirectArenas: 10
23:18:09.318 [main] DEBUG io.netty.buffer.PooledByteBufAllocator - -Dio.netty.allocator.pageSize: 8192
23:18:09.318 [main] DEBUG io.netty.buffer.PooledByteBufAllocator - -Dio.netty.allocator.maxOrder: 9
23:18:09.318 [main] DEBUG io.netty.buffer.PooledByteBufAllocator - -Dio.netty.allocator.chunkSize: 4194304
23:18:09.318 [main] DEBUG io.netty.buffer.PooledByteBufAllocator - -Dio.netty.allocator.smallCacheSize: 256
23:18:09.318 [main] DEBUG io.netty.buffer.PooledByteBufAllocator - -Dio.netty.allocator.normalCacheSize: 64
23:18:09.318 [main] DEBUG io.netty.buffer.PooledByteBufAllocator - -Dio.netty.allocator.maxCachedBufferCapacity: 32768
23:18:09.318 [main] DEBUG io.netty.buffer.PooledByteBufAllocator - -Dio.netty.allocator.cacheTrimInterval: 8192
23:18:09.319 [main] DEBUG io.netty.buffer.PooledByteBufAllocator - -Dio.netty.allocator.cacheTrimIntervalMillis: 0
23:18:09.319 [main] DEBUG io.netty.buffer.PooledByteBufAllocator - -Dio.netty.allocator.useCacheForAllThreads: false
23:18:09.319 [main] DEBUG io.netty.buffer.PooledByteBufAllocator - -Dio.netty.allocator.maxCachedByteBuffersPerChunk: 1023
23:18:09.333 [main] DEBUG io.netty.buffer.ByteBufUtil - -Dio.netty.allocator.type: pooled
23:18:09.333 [main] DEBUG io.netty.buffer.ByteBufUtil - -Dio.netty.threadLocalDirectBufferSize: 0
23:18:09.333 [main] DEBUG io.netty.buffer.ByteBufUtil - -Dio.netty.maxThreadLocalCharBufferSize: 16384
23:18:10.248 [Forwarding newSession on session null to remote] DEBUG io.netty.channel.DefaultChannelId - -Dio.netty.processId: 31108 (auto-detected)
23:18:10.250 [Forwarding newSession on session null to remote] DEBUG io.netty.util.NetUtil - -Djava.net.preferIPv4Stack: false
23:18:10.250 [Forwarding newSession on session null to remote] DEBUG io.netty.util.NetUtil - -Djava.net.preferIPv6Addresses: false
23:18:10.354 [Forwarding newSession on session null to remote] DEBUG io.netty.util.NetUtilInitializations - Loopback interface: lo (Software Loopback Interface 1, 127.0.0.1)
23:18:10.355 [Forwarding newSession on session null to remote] DEBUG io.netty.util.NetUtil - Failed to get SOMAXCONN from sysctl and file \proc\sys\net\core\somaxconn. Default: 200
23:18:10.461 [Forwarding newSession on session null to remote] DEBUG io.netty.channel.DefaultChannelId - -Dio.netty.machineId: 90:e8:68:ff:fe:13:be:3d (auto-detected)
23:18:10.523 [AsyncHttpClient-1-2] DEBUG io.netty.buffer.AbstractByteBuf - -Dio.netty.buffer.checkAccessible: true
23:18:10.524 [AsyncHttpClient-1-2] DEBUG io.netty.buffer.AbstractByteBuf - -Dio.netty.buffer.checkBounds: true
23:18:10.524 [AsyncHttpClient-1-2] DEBUG io.netty.util.ResourceLeakDetectorFactory - Loaded default ResourceLeakDetector: io.netty.util.ResourceLeakDetector@1d8b80c
23:18:10.538 [AsyncHttpClient-1-2] DEBUG org.asynchttpclient.netty.channel.NettyConnectListener - Using new Channel '[id: 0xf864d399, L:/127.0.0.1:63939 - R:localhost/127.0.0.1:59242]' for 'POST' to '/session'
23:18:10.557 [AsyncHttpClient-1-2] DEBUG io.netty.util.Recycler - -Dio.netty.recycler.maxCapacityPerThread: 4096
23:18:10.557 [AsyncHttpClient-1-2] DEBUG io.netty.util.Recycler - -Dio.netty.recycler.ratio: 8
23:18:10.557 [AsyncHttpClient-1-2] DEBUG io.netty.util.Recycler - -Dio.netty.recycler.chunkSize: 32
23:18:10.557 [AsyncHttpClient-1-2] DEBUG io.netty.util.Recycler - -Dio.netty.recycler.blocking: false
23:18:11.267 [AsyncHttpClient-1-2] DEBUG io.netty.handler.codec.compression.Brotli - brotli4j not in the classpath; Brotli support will be unavailable.
23:18:11.267 [AsyncHttpClient-1-2] DEBUG org.asynchttpclient.netty.handler.HttpHandler - 

Request DefaultHttpRequest(decodeResult: success, version: HTTP/1.1)
POST /session HTTP/1.1
User-Agent: selenium/4.1.2 (java windows)
Content-Length: 539
Content-Type: application/json; charset=utf-8
host: localhost:59242
accept: */*

Response DefaultHttpResponse(decodeResult: success, version: HTTP/1.1)
HTTP/1.1 200 OK
Content-Type: application/json; charset=utf-8
cache-control: no-cache
content-length: 791

23:18:11.318 [AsyncHttpClient-1-2] DEBUG org.asynchttpclient.netty.channel.ChannelManager - Adding key: http://localhost:59242 for channel [id: 0xf864d399, L:/127.0.0.1:63939 - R:localhost/127.0.0.1:59242]
23:18:11.329 [AsyncHttpClient-1-1] DEBUG org.asynchttpclient.netty.channel.DefaultChannelPool - Entry count for : http://localhost:59242 : 1
23:18:11.463 [AsyncHttpClient-1-3] DEBUG org.asynchttpclient.netty.channel.NettyConnectListener - Using new Channel '[id: 0x5b877191, L:/127.0.0.1:63947 - R:localhost/127.0.0.1:63940]' for 'GET' to '/json/version'
23:18:11.465 [AsyncHttpClient-1-3] DEBUG org.asynchttpclient.netty.handler.HttpHandler - 

Request DefaultFullHttpRequest(decodeResult: success, version: HTTP/1.1, content: EmptyByteBufBE)
GET /json/version HTTP/1.1
User-Agent: selenium/4.1.2 (java windows)
host: localhost:63940
accept: */*

Response DefaultHttpResponse(decodeResult: success, version: HTTP/1.1)
HTTP/1.1 200 OK
Content-Type: application/json; charset=UTF-8
content-length: 429

23:18:11.466 [AsyncHttpClient-1-3] DEBUG org.asynchttpclient.netty.channel.ChannelManager - Adding key: http://localhost:63940 for channel [id: 0x5b877191, L:/127.0.0.1:63947 - R:localhost/127.0.0.1:63940]
23:18:11.483 [main] DEBUG io.netty.util.internal.ThreadLocalRandom - -Dio.netty.initialSeedUniquifier: 0x29a141560b83a1c3
23:18:11.489 [AsyncHttpClient-1-4] DEBUG org.asynchttpclient.netty.channel.NettyConnectListener - Using new Channel '[id: 0xcd4a3c1a, L:/127.0.0.1:63948 - R:localhost/127.0.0.1:63940]' for 'GET' to '/devtools/browser/291c6867-2806-4294-86ae-476d350d054f'
23:18:11.490 [AsyncHttpClient-1-4] DEBUG org.asynchttpclient.netty.handler.WebSocketHandler - 

Request DefaultFullHttpRequest(decodeResult: success, version: HTTP/1.1, content: EmptyByteBufBE)
GET /devtools/browser/291c6867-2806-4294-86ae-476d350d054f HTTP/1.1
upgrade: websocket
connection: upgrade
sec-websocket-key: 1LDYflN/YnFjhNBVNPCpnQ==
sec-websocket-version: 13
origin: http://localhost:63940
host: localhost:63940
accept: */*
user-agent: AHC/2.1

Response DefaultHttpResponse(decodeResult: success, version: HTTP/1.1)
HTTP/1.1 101 WebSocket Protocol Handshake
Upgrade: WebSocket
Connection: Upgrade
Sec-WebSocket-Accept: ruOq4Zemzj6oD4+ugnDbVW/QKcA=

23:18:11.601 [Forwarding maximizeCurrentWindow on session 067fb0df5f021f17fb59c8f7a2da734f to remote] DEBUG org.asynchttpclient.netty.request.NettyRequestSender - Using pooled Channel '[id: 0xf864d399, L:/127.0.0.1:63939 - R:localhost/127.0.0.1:59242]' for 'POST' to 'http://localhost:59242/session/067fb0df5f021f17fb59c8f7a2da734f/window/maximize'
23:18:11.601 [Forwarding maximizeCurrentWindow on session 067fb0df5f021f17fb59c8f7a2da734f to remote] DEBUG org.asynchttpclient.netty.request.NettyRequestSender - Using open Channel [id: 0xf864d399, L:/127.0.0.1:63939 - R:localhost/127.0.0.1:59242] for POST '/session/067fb0df5f021f17fb59c8f7a2da734f/window/maximize'
23:18:11.734 [AsyncHttpClient-1-2] DEBUG org.asynchttpclient.netty.handler.HttpHandler - 

Request DefaultHttpRequest(decodeResult: success, version: HTTP/1.1)
POST /session/067fb0df5f021f17fb59c8f7a2da734f/window/maximize HTTP/1.1
User-Agent: selenium/4.1.2 (java windows)
Content-Length: 3
Content-Type: application/json; charset=utf-8
host: localhost:59242
accept: */*

Response DefaultHttpResponse(decodeResult: success, version: HTTP/1.1)
HTTP/1.1 200 OK
Content-Type: application/json; charset=utf-8
cache-control: no-cache
content-length: 51

23:18:11.735 [AsyncHttpClient-1-2] DEBUG org.asynchttpclient.netty.channel.ChannelManager - Adding key: http://localhost:59242 for channel [id: 0xf864d399, L:/127.0.0.1:63939 - R:localhost/127.0.0.1:59242]
23:18:11.737 [Forwarding get on session 067fb0df5f021f17fb59c8f7a2da734f to remote] DEBUG org.asynchttpclient.netty.request.NettyRequestSender - Using pooled Channel '[id: 0xf864d399, L:/127.0.0.1:63939 - R:localhost/127.0.0.1:59242]' for 'POST' to 'http://localhost:59242/session/067fb0df5f021f17fb59c8f7a2da734f/url'
23:18:11.737 [Forwarding get on session 067fb0df5f021f17fb59c8f7a2da734f to remote] DEBUG org.asynchttpclient.netty.request.NettyRequestSender - Using open Channel [id: 0xf864d399, L:/127.0.0.1:63939 - R:localhost/127.0.0.1:59242] for POST '/session/067fb0df5f021f17fb59c8f7a2da734f/url'
23:18:12.425 [AsyncHttpClient-1-1] DEBUG org.asynchttpclient.netty.channel.DefaultChannelPool - Entry count for : http://localhost:63940 : 1
23:18:13.525 [AsyncHttpClient-1-1] DEBUG org.asynchttpclient.netty.channel.DefaultChannelPool - Entry count for : http://localhost:63940 : 1
23:18:14.604 [AsyncHttpClient-1-2] DEBUG org.asynchttpclient.netty.handler.HttpHandler - 

Request DefaultHttpRequest(decodeResult: success, version: HTTP/1.1)
POST /session/067fb0df5f021f17fb59c8f7a2da734f/url HTTP/1.1
User-Agent: selenium/4.1.2 (java windows)
Content-Length: 56
Content-Type: application/json; charset=utf-8
host: localhost:59242
accept: */*

Response DefaultHttpResponse(decodeResult: success, version: HTTP/1.1)
HTTP/1.1 500 Internal Server Error
Content-Type: application/json; charset=utf-8
cache-control: no-cache
content-length: 1601

23:18:14.605 [AsyncHttpClient-1-2] DEBUG org.asynchttpclient.netty.channel.ChannelManager - Adding key: http://localhost:59242 for channel [id: 0xf864d399, L:/127.0.0.1:63939 - R:localhost/127.0.0.1:59242]
23:18:14.626 [AsyncHttpClient-1-1] DEBUG org.asynchttpclient.netty.channel.DefaultChannelPool - Entry count for : http://localhost:63940 : 1
23:18:14.627 [AsyncHttpClient-1-1] DEBUG org.asynchttpclient.netty.channel.DefaultChannelPool - Entry count for : http://localhost:59242 : 1
]]></system-out>
    <system-err><![CDATA[Starting ChromeDriver 100.0.4896.60 (6a5d10861ce8de5fce22564658033b43cb7de047-refs/branch-heads/4896@{#875}) on port 59242
Only local connections are allowed.
Please see https://chromedriver.chromium.org/security-considerations for suggestions on keeping ChromeDriver safe.
ChromeDriver was started successfully.
Apr 27, 2022 11:18:11 PM org.openqa.selenium.remote.ProtocolHandshake createSession
INFO: Detected dialect: W3C
Apr 27, 2022 11:18:11 PM org.openqa.selenium.devtools.CdpVersionFinder findNearestMatch
WARNING: Unable to find an exact match for CDP version 100, so returning the closest version found: 97
Apr 27, 2022 11:18:11 PM org.openqa.selenium.devtools.CdpVersionFinder findNearestMatch
INFO: Found CDP implementation for version 100 of 97
]]></system-err>
  </testcase>
  <testcase name="test2" classname="PepperfryTests.HomePageTest" time="10.854">
    <system-out><![CDATA[23:18:14.665 [Forwarding findElement on session 067fb0df5f021f17fb59c8f7a2da734f to remote] DEBUG org.asynchttpclient.netty.request.NettyRequestSender - Using pooled Channel '[id: 0xf864d399, L:/127.0.0.1:63939 - R:localhost/127.0.0.1:59242]' for 'POST' to 'http://localhost:59242/session/067fb0df5f021f17fb59c8f7a2da734f/element'
23:18:14.665 [Forwarding findElement on session 067fb0df5f021f17fb59c8f7a2da734f to remote] DEBUG org.asynchttpclient.netty.request.NettyRequestSender - Using open Channel [id: 0xf864d399, L:/127.0.0.1:63939 - R:localhost/127.0.0.1:59242] for POST '/session/067fb0df5f021f17fb59c8f7a2da734f/element'
23:18:15.723 [AsyncHttpClient-1-1] DEBUG org.asynchttpclient.netty.channel.DefaultChannelPool - Entry count for : http://localhost:63940 : 1
23:18:16.093 [AsyncHttpClient-1-2] DEBUG org.asynchttpclient.netty.handler.HttpHandler - 

Request DefaultHttpRequest(decodeResult: success, version: HTTP/1.1)
POST /session/067fb0df5f021f17fb59c8f7a2da734f/element HTTP/1.1
User-Agent: selenium/4.1.2 (java windows)
Content-Length: 68
Content-Type: application/json; charset=utf-8
host: localhost:59242
accept: */*

Response DefaultHttpResponse(decodeResult: success, version: HTTP/1.1)
HTTP/1.1 200 OK
Content-Type: application/json; charset=utf-8
cache-control: no-cache
content-length: 88

23:18:16.094 [AsyncHttpClient-1-2] DEBUG org.asynchttpclient.netty.channel.ChannelManager - Adding key: http://localhost:59242 for channel [id: 0xf864d399, L:/127.0.0.1:63939 - R:localhost/127.0.0.1:59242]
23:18:16.104 [Forwarding sendKeysToElement on session 067fb0df5f021f17fb59c8f7a2da734f to remote] DEBUG org.asynchttpclient.netty.request.NettyRequestSender - Using pooled Channel '[id: 0xf864d399, L:/127.0.0.1:63939 - R:localhost/127.0.0.1:59242]' for 'POST' to 'http://localhost:59242/session/067fb0df5f021f17fb59c8f7a2da734f/element/a12a45ce-ebb7-48d7-86d1-463a38eae503/value'
23:18:16.105 [Forwarding sendKeysToElement on session 067fb0df5f021f17fb59c8f7a2da734f to remote] DEBUG org.asynchttpclient.netty.request.NettyRequestSender - Using open Channel [id: 0xf864d399, L:/127.0.0.1:63939 - R:localhost/127.0.0.1:59242] for POST '/session/067fb0df5f021f17fb59c8f7a2da734f/element/a12a45ce-ebb7-48d7-86d1-463a38eae503/value'
23:18:16.186 [AsyncHttpClient-1-2] DEBUG org.asynchttpclient.netty.handler.HttpHandler - 

Request DefaultHttpRequest(decodeResult: success, version: HTTP/1.1)
POST /session/067fb0df5f021f17fb59c8f7a2da734f/element/a12a45ce-ebb7-48d7-86d1-463a38eae503/value HTTP/1.1
User-Agent: selenium/4.1.2 (java windows)
Content-Length: 171
Content-Type: application/json; charset=utf-8
host: localhost:59242
accept: */*

Response DefaultHttpResponse(decodeResult: success, version: HTTP/1.1)
HTTP/1.1 200 OK
Content-Type: application/json; charset=utf-8
cache-control: no-cache
content-length: 14

23:18:16.186 [AsyncHttpClient-1-2] DEBUG org.asynchttpclient.netty.channel.ChannelManager - Adding key: http://localhost:59242 for channel [id: 0xf864d399, L:/127.0.0.1:63939 - R:localhost/127.0.0.1:59242]
23:18:16.823 [AsyncHttpClient-1-1] DEBUG org.asynchttpclient.netty.channel.DefaultChannelPool - Entry count for : http://localhost:63940 : 1
23:18:16.823 [AsyncHttpClient-1-1] DEBUG org.asynchttpclient.netty.channel.DefaultChannelPool - Entry count for : http://localhost:59242 : 1
23:18:17.924 [AsyncHttpClient-1-1] DEBUG org.asynchttpclient.netty.channel.DefaultChannelPool - Entry count for : http://localhost:63940 : 1
23:18:17.924 [AsyncHttpClient-1-1] DEBUG org.asynchttpclient.netty.channel.DefaultChannelPool - Entry count for : http://localhost:59242 : 1
23:18:19.030 [AsyncHttpClient-1-1] DEBUG org.asynchttpclient.netty.channel.DefaultChannelPool - Entry count for : http://localhost:63940 : 1
23:18:19.030 [AsyncHttpClient-1-1] DEBUG org.asynchttpclient.netty.channel.DefaultChannelPool - Entry count for : http://localhost:59242 : 1
23:18:19.203 [Forwarding findElement on session 067fb0df5f021f17fb59c8f7a2da734f to remote] DEBUG org.asynchttpclient.netty.request.NettyRequestSender - Using pooled Channel '[id: 0xf864d399, L:/127.0.0.1:63939 - R:localhost/127.0.0.1:59242]' for 'POST' to 'http://localhost:59242/session/067fb0df5f021f17fb59c8f7a2da734f/element'
23:18:19.203 [Forwarding findElement on session 067fb0df5f021f17fb59c8f7a2da734f to remote] DEBUG org.asynchttpclient.netty.request.NettyRequestSender - Using open Channel [id: 0xf864d399, L:/127.0.0.1:63939 - R:localhost/127.0.0.1:59242] for POST '/session/067fb0df5f021f17fb59c8f7a2da734f/element'
23:18:19.269 [AsyncHttpClient-1-2] DEBUG org.asynchttpclient.netty.handler.HttpHandler - 

Request DefaultHttpRequest(decodeResult: success, version: HTTP/1.1)
POST /session/067fb0df5f021f17fb59c8f7a2da734f/element HTTP/1.1
User-Agent: selenium/4.1.2 (java windows)
Content-Length: 74
Content-Type: application/json; charset=utf-8
host: localhost:59242
accept: */*

Response DefaultHttpResponse(decodeResult: success, version: HTTP/1.1)
HTTP/1.1 200 OK
Content-Type: application/json; charset=utf-8
cache-control: no-cache
content-length: 88

23:18:19.269 [AsyncHttpClient-1-2] DEBUG org.asynchttpclient.netty.channel.ChannelManager - Adding key: http://localhost:59242 for channel [id: 0xf864d399, L:/127.0.0.1:63939 - R:localhost/127.0.0.1:59242]
23:18:19.272 [Forwarding clickElement on session 067fb0df5f021f17fb59c8f7a2da734f to remote] DEBUG org.asynchttpclient.netty.request.NettyRequestSender - Using pooled Channel '[id: 0xf864d399, L:/127.0.0.1:63939 - R:localhost/127.0.0.1:59242]' for 'POST' to 'http://localhost:59242/session/067fb0df5f021f17fb59c8f7a2da734f/element/e2f2c23a-9a7c-42f7-8354-4c30042e114a/click'
23:18:19.272 [Forwarding clickElement on session 067fb0df5f021f17fb59c8f7a2da734f to remote] DEBUG org.asynchttpclient.netty.request.NettyRequestSender - Using open Channel [id: 0xf864d399, L:/127.0.0.1:63939 - R:localhost/127.0.0.1:59242] for POST '/session/067fb0df5f021f17fb59c8f7a2da734f/element/e2f2c23a-9a7c-42f7-8354-4c30042e114a/click'
23:18:20.137 [AsyncHttpClient-1-1] DEBUG org.asynchttpclient.netty.channel.DefaultChannelPool - Entry count for : http://localhost:63940 : 1
23:18:21.222 [AsyncHttpClient-1-1] DEBUG org.asynchttpclient.netty.channel.DefaultChannelPool - Entry count for : http://localhost:63940 : 1
23:18:22.324 [AsyncHttpClient-1-1] DEBUG org.asynchttpclient.netty.channel.DefaultChannelPool - Entry count for : http://localhost:63940 : 1
23:18:22.431 [AsyncHttpClient-1-2] DEBUG org.asynchttpclient.netty.handler.HttpHandler - 

Request DefaultHttpRequest(decodeResult: success, version: HTTP/1.1)
POST /session/067fb0df5f021f17fb59c8f7a2da734f/element/e2f2c23a-9a7c-42f7-8354-4c30042e114a/click HTTP/1.1
User-Agent: selenium/4.1.2 (java windows)
Content-Length: 50
Content-Type: application/json; charset=utf-8
host: localhost:59242
accept: */*

Response DefaultHttpResponse(decodeResult: success, version: HTTP/1.1)
HTTP/1.1 200 OK
Content-Type: application/json; charset=utf-8
cache-control: no-cache
content-length: 14

23:18:22.432 [AsyncHttpClient-1-2] DEBUG org.asynchttpclient.netty.channel.ChannelManager - Adding key: http://localhost:59242 for channel [id: 0xf864d399, L:/127.0.0.1:63939 - R:localhost/127.0.0.1:59242]
23:18:23.436 [AsyncHttpClient-1-1] DEBUG org.asynchttpclient.netty.channel.DefaultChannelPool - Entry count for : http://localhost:63940 : 1
23:18:23.436 [AsyncHttpClient-1-1] DEBUG org.asynchttpclient.netty.channel.DefaultChannelPool - Entry count for : http://localhost:59242 : 1
23:18:24.523 [AsyncHttpClient-1-1] DEBUG org.asynchttpclient.netty.channel.DefaultChannelPool - Entry count for : http://localhost:63940 : 1
23:18:24.523 [AsyncHttpClient-1-1] DEBUG org.asynchttpclient.netty.channel.DefaultChannelPool - Entry count for : http://localhost:59242 : 1
]]></system-out>
  </testcase>
  <testcase name="test1" classname="PepperfryTests.ResultsPageTest" time="4.344">
    <system-out><![CDATA[23:18:25.461 [Forwarding findElements on session 067fb0df5f021f17fb59c8f7a2da734f to remote] DEBUG org.asynchttpclient.netty.request.NettyRequestSender - Using pooled Channel '[id: 0xf864d399, L:/127.0.0.1:63939 - R:localhost/127.0.0.1:59242]' for 'POST' to 'http://localhost:59242/session/067fb0df5f021f17fb59c8f7a2da734f/elements'
23:18:25.461 [Forwarding findElements on session 067fb0df5f021f17fb59c8f7a2da734f to remote] DEBUG org.asynchttpclient.netty.request.NettyRequestSender - Using open Channel [id: 0xf864d399, L:/127.0.0.1:63939 - R:localhost/127.0.0.1:59242] for POST '/session/067fb0df5f021f17fb59c8f7a2da734f/elements'
23:18:25.525 [AsyncHttpClient-1-2] DEBUG org.asynchttpclient.netty.handler.HttpHandler - 

Request DefaultHttpRequest(decodeResult: success, version: HTTP/1.1)
POST /session/067fb0df5f021f17fb59c8f7a2da734f/elements HTTP/1.1
User-Agent: selenium/4.1.2 (java windows)
Content-Length: 102
Content-Type: application/json; charset=utf-8
host: localhost:59242
accept: */*

Response DefaultHttpResponse(decodeResult: success, version: HTTP/1.1)
HTTP/1.1 200 OK
Content-Type: application/json; charset=utf-8
cache-control: no-cache
content-length: 3803

23:18:25.526 [AsyncHttpClient-1-2] DEBUG org.asynchttpclient.netty.channel.ChannelManager - Adding key: http://localhost:59242 for channel [id: 0xf864d399, L:/127.0.0.1:63939 - R:localhost/127.0.0.1:59242]
23:18:25.545 [Forwarding findElements on session 067fb0df5f021f17fb59c8f7a2da734f to remote] DEBUG org.asynchttpclient.netty.request.NettyRequestSender - Using pooled Channel '[id: 0xf864d399, L:/127.0.0.1:63939 - R:localhost/127.0.0.1:59242]' for 'POST' to 'http://localhost:59242/session/067fb0df5f021f17fb59c8f7a2da734f/elements'
23:18:25.545 [Forwarding findElements on session 067fb0df5f021f17fb59c8f7a2da734f to remote] DEBUG org.asynchttpclient.netty.request.NettyRequestSender - Using open Channel [id: 0xf864d399, L:/127.0.0.1:63939 - R:localhost/127.0.0.1:59242] for POST '/session/067fb0df5f021f17fb59c8f7a2da734f/elements'
23:18:25.561 [AsyncHttpClient-1-2] DEBUG org.asynchttpclient.netty.handler.HttpHandler - 

Request DefaultHttpRequest(decodeResult: success, version: HTTP/1.1)
POST /session/067fb0df5f021f17fb59c8f7a2da734f/elements HTTP/1.1
User-Agent: selenium/4.1.2 (java windows)
Content-Length: 102
Content-Type: application/json; charset=utf-8
host: localhost:59242
accept: */*

Response DefaultHttpResponse(decodeResult: success, version: HTTP/1.1)
HTTP/1.1 200 OK
Content-Type: application/json; charset=utf-8
cache-control: no-cache
content-length: 3803

23:18:25.562 [AsyncHttpClient-1-2] DEBUG org.asynchttpclient.netty.channel.ChannelManager - Adding key: http://localhost:59242 for channel [id: 0xf864d399, L:/127.0.0.1:63939 - R:localhost/127.0.0.1:59242]
23:18:25.568 [Forwarding getElementText on session 067fb0df5f021f17fb59c8f7a2da734f to remote] DEBUG org.asynchttpclient.netty.request.NettyRequestSender - Using pooled Channel '[id: 0xf864d399, L:/127.0.0.1:63939 - R:localhost/127.0.0.1:59242]' for 'GET' to 'http://localhost:59242/session/067fb0df5f021f17fb59c8f7a2da734f/element/9988b49c-7afe-4b9a-8f94-22bbeb2b3f62/text'
23:18:25.569 [Forwarding getElementText on session 067fb0df5f021f17fb59c8f7a2da734f to remote] DEBUG org.asynchttpclient.netty.request.NettyRequestSender - Using open Channel [id: 0xf864d399, L:/127.0.0.1:63939 - R:localhost/127.0.0.1:59242] for GET '/session/067fb0df5f021f17fb59c8f7a2da734f/element/9988b49c-7afe-4b9a-8f94-22bbeb2b3f62/text'
23:18:25.587 [AsyncHttpClient-1-2] DEBUG org.asynchttpclient.netty.handler.HttpHandler - 

Request DefaultFullHttpRequest(decodeResult: success, version: HTTP/1.1, content: EmptyByteBufBE)
GET /session/067fb0df5f021f17fb59c8f7a2da734f/element/9988b49c-7afe-4b9a-8f94-22bbeb2b3f62/text HTTP/1.1
User-Agent: selenium/4.1.2 (java windows)
Cache-Control: no-cache
Content-Type: application/json; charset=utf-8
host: localhost:59242
accept: */*

Response DefaultHttpResponse(decodeResult: success, version: HTTP/1.1)
HTTP/1.1 200 OK
Content-Type: application/json; charset=utf-8
cache-control: no-cache
content-length: 45

23:18:25.587 [AsyncHttpClient-1-2] DEBUG org.asynchttpclient.netty.channel.ChannelManager - Adding key: http://localhost:59242 for channel [id: 0xf864d399, L:/127.0.0.1:63939 - R:localhost/127.0.0.1:59242]
23:18:25.590 [Forwarding findElements on session 067fb0df5f021f17fb59c8f7a2da734f to remote] DEBUG org.asynchttpclient.netty.request.NettyRequestSender - Using pooled Channel '[id: 0xf864d399, L:/127.0.0.1:63939 - R:localhost/127.0.0.1:59242]' for 'POST' to 'http://localhost:59242/session/067fb0df5f021f17fb59c8f7a2da734f/elements'
23:18:25.590 [Forwarding findElements on session 067fb0df5f021f17fb59c8f7a2da734f to remote] DEBUG org.asynchttpclient.netty.request.NettyRequestSender - Using open Channel [id: 0xf864d399, L:/127.0.0.1:63939 - R:localhost/127.0.0.1:59242] for POST '/session/067fb0df5f021f17fb59c8f7a2da734f/elements'
23:18:25.604 [AsyncHttpClient-1-2] DEBUG org.asynchttpclient.netty.handler.HttpHandler - 

Request DefaultHttpRequest(decodeResult: success, version: HTTP/1.1)
POST /session/067fb0df5f021f17fb59c8f7a2da734f/elements HTTP/1.1
User-Agent: selenium/4.1.2 (java windows)
Content-Length: 102
Content-Type: application/json; charset=utf-8
host: localhost:59242
accept: */*

Response DefaultHttpResponse(decodeResult: success, version: HTTP/1.1)
HTTP/1.1 200 OK
Content-Type: application/json; charset=utf-8
cache-control: no-cache
content-length: 3803

23:18:25.604 [AsyncHttpClient-1-2] DEBUG org.asynchttpclient.netty.channel.ChannelManager - Adding key: http://localhost:59242 for channel [id: 0xf864d399, L:/127.0.0.1:63939 - R:localhost/127.0.0.1:59242]
23:18:25.611 [Forwarding findElements on session 067fb0df5f021f17fb59c8f7a2da734f to remote] DEBUG org.asynchttpclient.netty.request.NettyRequestSender - Using pooled Channel '[id: 0xf864d399, L:/127.0.0.1:63939 - R:localhost/127.0.0.1:59242]' for 'POST' to 'http://localhost:59242/session/067fb0df5f021f17fb59c8f7a2da734f/elements'
23:18:25.611 [Forwarding findElements on session 067fb0df5f021f17fb59c8f7a2da734f to remote] DEBUG org.asynchttpclient.netty.request.NettyRequestSender - Using open Channel [id: 0xf864d399, L:/127.0.0.1:63939 - R:localhost/127.0.0.1:59242] for POST '/session/067fb0df5f021f17fb59c8f7a2da734f/elements'
23:18:25.627 [AsyncHttpClient-1-1] DEBUG org.asynchttpclient.netty.channel.DefaultChannelPool - Entry count for : http://localhost:63940 : 1
23:18:25.645 [AsyncHttpClient-1-2] DEBUG org.asynchttpclient.netty.handler.HttpHandler - 

Request DefaultHttpRequest(decodeResult: success, version: HTTP/1.1)
POST /session/067fb0df5f021f17fb59c8f7a2da734f/elements HTTP/1.1
User-Agent: selenium/4.1.2 (java windows)
Content-Length: 102
Content-Type: application/json; charset=utf-8
host: localhost:59242
accept: */*

Response DefaultHttpResponse(decodeResult: success, version: HTTP/1.1)
HTTP/1.1 200 OK
Content-Type: application/json; charset=utf-8
cache-control: no-cache
content-length: 3803

23:18:25.646 [AsyncHttpClient-1-2] DEBUG org.asynchttpclient.netty.channel.ChannelManager - Adding key: http://localhost:59242 for channel [id: 0xf864d399, L:/127.0.0.1:63939 - R:localhost/127.0.0.1:59242]
23:18:25.651 [Forwarding getElementText on session 067fb0df5f021f17fb59c8f7a2da734f to remote] DEBUG org.asynchttpclient.netty.request.NettyRequestSender - Using pooled Channel '[id: 0xf864d399, L:/127.0.0.1:63939 - R:localhost/127.0.0.1:59242]' for 'GET' to 'http://localhost:59242/session/067fb0df5f021f17fb59c8f7a2da734f/element/59948355-7c52-4490-abf1-85b7972870c8/text'
23:18:25.652 [Forwarding getElementText on session 067fb0df5f021f17fb59c8f7a2da734f to remote] DEBUG org.asynchttpclient.netty.request.NettyRequestSender - Using open Channel [id: 0xf864d399, L:/127.0.0.1:63939 - R:localhost/127.0.0.1:59242] for GET '/session/067fb0df5f021f17fb59c8f7a2da734f/element/59948355-7c52-4490-abf1-85b7972870c8/text'
23:18:25.667 [AsyncHttpClient-1-2] DEBUG org.asynchttpclient.netty.handler.HttpHandler - 

Request DefaultFullHttpRequest(decodeResult: success, version: HTTP/1.1, content: EmptyByteBufBE)
GET /session/067fb0df5f021f17fb59c8f7a2da734f/element/59948355-7c52-4490-abf1-85b7972870c8/text HTTP/1.1
User-Agent: selenium/4.1.2 (java windows)
Cache-Control: no-cache
Content-Type: application/json; charset=utf-8
host: localhost:59242
accept: */*

Response DefaultHttpResponse(decodeResult: success, version: HTTP/1.1)
HTTP/1.1 200 OK
Content-Type: application/json; charset=utf-8
cache-control: no-cache
content-length: 60

23:18:25.668 [AsyncHttpClient-1-2] DEBUG org.asynchttpclient.netty.channel.ChannelManager - Adding key: http://localhost:59242 for channel [id: 0xf864d399, L:/127.0.0.1:63939 - R:localhost/127.0.0.1:59242]
23:18:25.670 [Forwarding findElements on session 067fb0df5f021f17fb59c8f7a2da734f to remote] DEBUG org.asynchttpclient.netty.request.NettyRequestSender - Using pooled Channel '[id: 0xf864d399, L:/127.0.0.1:63939 - R:localhost/127.0.0.1:59242]' for 'POST' to 'http://localhost:59242/session/067fb0df5f021f17fb59c8f7a2da734f/elements'
23:18:25.670 [Forwarding findElements on session 067fb0df5f021f17fb59c8f7a2da734f to remote] DEBUG org.asynchttpclient.netty.request.NettyRequestSender - Using open Channel [id: 0xf864d399, L:/127.0.0.1:63939 - R:localhost/127.0.0.1:59242] for POST '/session/067fb0df5f021f17fb59c8f7a2da734f/elements'
23:18:25.684 [AsyncHttpClient-1-2] DEBUG org.asynchttpclient.netty.handler.HttpHandler - 

Request DefaultHttpRequest(decodeResult: success, version: HTTP/1.1)
POST /session/067fb0df5f021f17fb59c8f7a2da734f/elements HTTP/1.1
User-Agent: selenium/4.1.2 (java windows)
Content-Length: 102
Content-Type: application/json; charset=utf-8
host: localhost:59242
accept: */*

Response DefaultHttpResponse(decodeResult: success, version: HTTP/1.1)
HTTP/1.1 200 OK
Content-Type: application/json; charset=utf-8
cache-control: no-cache
content-length: 3803

23:18:25.684 [AsyncHttpClient-1-2] DEBUG org.asynchttpclient.netty.channel.ChannelManager - Adding key: http://localhost:59242 for channel [id: 0xf864d399, L:/127.0.0.1:63939 - R:localhost/127.0.0.1:59242]
23:18:25.688 [Forwarding findElements on session 067fb0df5f021f17fb59c8f7a2da734f to remote] DEBUG org.asynchttpclient.netty.request.NettyRequestSender - Using pooled Channel '[id: 0xf864d399, L:/127.0.0.1:63939 - R:localhost/127.0.0.1:59242]' for 'POST' to 'http://localhost:59242/session/067fb0df5f021f17fb59c8f7a2da734f/elements'
23:18:25.689 [Forwarding findElements on session 067fb0df5f021f17fb59c8f7a2da734f to remote] DEBUG org.asynchttpclient.netty.request.NettyRequestSender - Using open Channel [id: 0xf864d399, L:/127.0.0.1:63939 - R:localhost/127.0.0.1:59242] for POST '/session/067fb0df5f021f17fb59c8f7a2da734f/elements'
23:18:25.699 [AsyncHttpClient-1-2] DEBUG org.asynchttpclient.netty.handler.HttpHandler - 

Request DefaultHttpRequest(decodeResult: success, version: HTTP/1.1)
POST /session/067fb0df5f021f17fb59c8f7a2da734f/elements HTTP/1.1
User-Agent: selenium/4.1.2 (java windows)
Content-Length: 102
Content-Type: application/json; charset=utf-8
host: localhost:59242
accept: */*

Response DefaultHttpResponse(decodeResult: success, version: HTTP/1.1)
HTTP/1.1 200 OK
Content-Type: application/json; charset=utf-8
cache-control: no-cache
content-length: 3803

23:18:25.700 [AsyncHttpClient-1-2] DEBUG org.asynchttpclient.netty.channel.ChannelManager - Adding key: http://localhost:59242 for channel [id: 0xf864d399, L:/127.0.0.1:63939 - R:localhost/127.0.0.1:59242]
23:18:25.704 [Forwarding getElementText on session 067fb0df5f021f17fb59c8f7a2da734f to remote] DEBUG org.asynchttpclient.netty.request.NettyRequestSender - Using pooled Channel '[id: 0xf864d399, L:/127.0.0.1:63939 - R:localhost/127.0.0.1:59242]' for 'GET' to 'http://localhost:59242/session/067fb0df5f021f17fb59c8f7a2da734f/element/f67216d5-d08b-401e-b60a-50e4256a84e8/text'
23:18:25.704 [Forwarding getElementText on session 067fb0df5f021f17fb59c8f7a2da734f to remote] DEBUG org.asynchttpclient.netty.request.NettyRequestSender - Using open Channel [id: 0xf864d399, L:/127.0.0.1:63939 - R:localhost/127.0.0.1:59242] for GET '/session/067fb0df5f021f17fb59c8f7a2da734f/element/f67216d5-d08b-401e-b60a-50e4256a84e8/text'
23:18:25.724 [AsyncHttpClient-1-2] DEBUG org.asynchttpclient.netty.handler.HttpHandler - 

Request DefaultFullHttpRequest(decodeResult: success, version: HTTP/1.1, content: EmptyByteBufBE)
GET /session/067fb0df5f021f17fb59c8f7a2da734f/element/f67216d5-d08b-401e-b60a-50e4256a84e8/text HTTP/1.1
User-Agent: selenium/4.1.2 (java windows)
Cache-Control: no-cache
Content-Type: application/json; charset=utf-8
host: localhost:59242
accept: */*

Response DefaultHttpResponse(decodeResult: success, version: HTTP/1.1)
HTTP/1.1 200 OK
Content-Type: application/json; charset=utf-8
cache-control: no-cache
content-length: 68

23:18:25.725 [AsyncHttpClient-1-2] DEBUG org.asynchttpclient.netty.channel.ChannelManager - Adding key: http://localhost:59242 for channel [id: 0xf864d399, L:/127.0.0.1:63939 - R:localhost/127.0.0.1:59242]
23:18:25.727 [Forwarding findElements on session 067fb0df5f021f17fb59c8f7a2da734f to remote] DEBUG org.asynchttpclient.netty.request.NettyRequestSender - Using pooled Channel '[id: 0xf864d399, L:/127.0.0.1:63939 - R:localhost/127.0.0.1:59242]' for 'POST' to 'http://localhost:59242/session/067fb0df5f021f17fb59c8f7a2da734f/elements'
23:18:25.727 [Forwarding findElements on session 067fb0df5f021f17fb59c8f7a2da734f to remote] DEBUG org.asynchttpclient.netty.request.NettyRequestSender - Using open Channel [id: 0xf864d399, L:/127.0.0.1:63939 - R:localhost/127.0.0.1:59242] for POST '/session/067fb0df5f021f17fb59c8f7a2da734f/elements'
23:18:25.741 [AsyncHttpClient-1-2] DEBUG org.asynchttpclient.netty.handler.HttpHandler - 

Request DefaultHttpRequest(decodeResult: success, version: HTTP/1.1)
POST /session/067fb0df5f021f17fb59c8f7a2da734f/elements HTTP/1.1
User-Agent: selenium/4.1.2 (java windows)
Content-Length: 102
Content-Type: application/json; charset=utf-8
host: localhost:59242
accept: */*

Response DefaultHttpResponse(decodeResult: success, version: HTTP/1.1)
HTTP/1.1 200 OK
Content-Type: application/json; charset=utf-8
cache-control: no-cache
content-length: 3803

23:18:25.742 [AsyncHttpClient-1-2] DEBUG org.asynchttpclient.netty.channel.ChannelManager - Adding key: http://localhost:59242 for channel [id: 0xf864d399, L:/127.0.0.1:63939 - R:localhost/127.0.0.1:59242]
23:18:25.746 [Forwarding findElements on session 067fb0df5f021f17fb59c8f7a2da734f to remote] DEBUG org.asynchttpclient.netty.request.NettyRequestSender - Using pooled Channel '[id: 0xf864d399, L:/127.0.0.1:63939 - R:localhost/127.0.0.1:59242]' for 'POST' to 'http://localhost:59242/session/067fb0df5f021f17fb59c8f7a2da734f/elements'
23:18:25.746 [Forwarding findElements on session 067fb0df5f021f17fb59c8f7a2da734f to remote] DEBUG org.asynchttpclient.netty.request.NettyRequestSender - Using open Channel [id: 0xf864d399, L:/127.0.0.1:63939 - R:localhost/127.0.0.1:59242] for POST '/session/067fb0df5f021f17fb59c8f7a2da734f/elements'
23:18:25.764 [AsyncHttpClient-1-2] DEBUG org.asynchttpclient.netty.handler.HttpHandler - 

Request DefaultHttpRequest(decodeResult: success, version: HTTP/1.1)
POST /session/067fb0df5f021f17fb59c8f7a2da734f/elements HTTP/1.1
User-Agent: selenium/4.1.2 (java windows)
Content-Length: 102
Content-Type: application/json; charset=utf-8
host: localhost:59242
accept: */*

Response DefaultHttpResponse(decodeResult: success, version: HTTP/1.1)
HTTP/1.1 200 OK
Content-Type: application/json; charset=utf-8
cache-control: no-cache
content-length: 3803

23:18:25.765 [AsyncHttpClient-1-2] DEBUG org.asynchttpclient.netty.channel.ChannelManager - Adding key: http://localhost:59242 for channel [id: 0xf864d399, L:/127.0.0.1:63939 - R:localhost/127.0.0.1:59242]
23:18:25.770 [Forwarding getElementText on session 067fb0df5f021f17fb59c8f7a2da734f to remote] DEBUG org.asynchttpclient.netty.request.NettyRequestSender - Using pooled Channel '[id: 0xf864d399, L:/127.0.0.1:63939 - R:localhost/127.0.0.1:59242]' for 'GET' to 'http://localhost:59242/session/067fb0df5f021f17fb59c8f7a2da734f/element/710b2232-0be6-46ee-bfb4-99f057687ea6/text'
23:18:25.770 [Forwarding getElementText on session 067fb0df5f021f17fb59c8f7a2da734f to remote] DEBUG org.asynchttpclient.netty.request.NettyRequestSender - Using open Channel [id: 0xf864d399, L:/127.0.0.1:63939 - R:localhost/127.0.0.1:59242] for GET '/session/067fb0df5f021f17fb59c8f7a2da734f/element/710b2232-0be6-46ee-bfb4-99f057687ea6/text'
23:18:25.785 [AsyncHttpClient-1-2] DEBUG org.asynchttpclient.netty.handler.HttpHandler - 

Request DefaultFullHttpRequest(decodeResult: success, version: HTTP/1.1, content: EmptyByteBufBE)
GET /session/067fb0df5f021f17fb59c8f7a2da734f/element/710b2232-0be6-46ee-bfb4-99f057687ea6/text HTTP/1.1
User-Agent: selenium/4.1.2 (java windows)
Cache-Control: no-cache
Content-Type: application/json; charset=utf-8
host: localhost:59242
accept: */*

Response DefaultHttpResponse(decodeResult: success, version: HTTP/1.1)
HTTP/1.1 200 OK
Content-Type: application/json; charset=utf-8
cache-control: no-cache
content-length: 68

23:18:25.786 [AsyncHttpClient-1-2] DEBUG org.asynchttpclient.netty.channel.ChannelManager - Adding key: http://localhost:59242 for channel [id: 0xf864d399, L:/127.0.0.1:63939 - R:localhost/127.0.0.1:59242]
23:18:25.788 [Forwarding findElements on session 067fb0df5f021f17fb59c8f7a2da734f to remote] DEBUG org.asynchttpclient.netty.request.NettyRequestSender - Using pooled Channel '[id: 0xf864d399, L:/127.0.0.1:63939 - R:localhost/127.0.0.1:59242]' for 'POST' to 'http://localhost:59242/session/067fb0df5f021f17fb59c8f7a2da734f/elements'
23:18:25.788 [Forwarding findElements on session 067fb0df5f021f17fb59c8f7a2da734f to remote] DEBUG org.asynchttpclient.netty.request.NettyRequestSender - Using open Channel [id: 0xf864d399, L:/127.0.0.1:63939 - R:localhost/127.0.0.1:59242] for POST '/session/067fb0df5f021f17fb59c8f7a2da734f/elements'
23:18:25.802 [AsyncHttpClient-1-2] DEBUG org.asynchttpclient.netty.handler.HttpHandler - 

Request DefaultHttpRequest(decodeResult: success, version: HTTP/1.1)
POST /session/067fb0df5f021f17fb59c8f7a2da734f/elements HTTP/1.1
User-Agent: selenium/4.1.2 (java windows)
Content-Length: 102
Content-Type: application/json; charset=utf-8
host: localhost:59242
accept: */*

Response DefaultHttpResponse(decodeResult: success, version: HTTP/1.1)
HTTP/1.1 200 OK
Content-Type: application/json; charset=utf-8
cache-control: no-cache
content-length: 3803

23:18:25.802 [AsyncHttpClient-1-2] DEBUG org.asynchttpclient.netty.channel.ChannelManager - Adding key: http://localhost:59242 for channel [id: 0xf864d399, L:/127.0.0.1:63939 - R:localhost/127.0.0.1:59242]
23:18:25.807 [Forwarding findElements on session 067fb0df5f021f17fb59c8f7a2da734f to remote] DEBUG org.asynchttpclient.netty.request.NettyRequestSender - Using pooled Channel '[id: 0xf864d399, L:/127.0.0.1:63939 - R:localhost/127.0.0.1:59242]' for 'POST' to 'http://localhost:59242/session/067fb0df5f021f17fb59c8f7a2da734f/elements'
23:18:25.807 [Forwarding findElements on session 067fb0df5f021f17fb59c8f7a2da734f to remote] DEBUG org.asynchttpclient.netty.request.NettyRequestSender - Using open Channel [id: 0xf864d399, L:/127.0.0.1:63939 - R:localhost/127.0.0.1:59242] for POST '/session/067fb0df5f021f17fb59c8f7a2da734f/elements'
23:18:25.821 [AsyncHttpClient-1-2] DEBUG org.asynchttpclient.netty.handler.HttpHandler - 

Request DefaultHttpRequest(decodeResult: success, version: HTTP/1.1)
POST /session/067fb0df5f021f17fb59c8f7a2da734f/elements HTTP/1.1
User-Agent: selenium/4.1.2 (java windows)
Content-Length: 102
Content-Type: application/json; charset=utf-8
host: localhost:59242
accept: */*

Response DefaultHttpResponse(decodeResult: success, version: HTTP/1.1)
HTTP/1.1 200 OK
Content-Type: application/json; charset=utf-8
cache-control: no-cache
content-length: 3803

23:18:25.822 [AsyncHttpClient-1-2] DEBUG org.asynchttpclient.netty.channel.ChannelManager - Adding key: http://localhost:59242 for channel [id: 0xf864d399, L:/127.0.0.1:63939 - R:localhost/127.0.0.1:59242]
23:18:25.826 [Forwarding getElementText on session 067fb0df5f021f17fb59c8f7a2da734f to remote] DEBUG org.asynchttpclient.netty.request.NettyRequestSender - Using pooled Channel '[id: 0xf864d399, L:/127.0.0.1:63939 - R:localhost/127.0.0.1:59242]' for 'GET' to 'http://localhost:59242/session/067fb0df5f021f17fb59c8f7a2da734f/element/38bfe87f-9647-4370-8e4d-6a1d4e7a78d1/text'
23:18:25.827 [Forwarding getElementText on session 067fb0df5f021f17fb59c8f7a2da734f to remote] DEBUG org.asynchttpclient.netty.request.NettyRequestSender - Using open Channel [id: 0xf864d399, L:/127.0.0.1:63939 - R:localhost/127.0.0.1:59242] for GET '/session/067fb0df5f021f17fb59c8f7a2da734f/element/38bfe87f-9647-4370-8e4d-6a1d4e7a78d1/text'
23:18:25.842 [AsyncHttpClient-1-2] DEBUG org.asynchttpclient.netty.handler.HttpHandler - 

Request DefaultFullHttpRequest(decodeResult: success, version: HTTP/1.1, content: EmptyByteBufBE)
GET /session/067fb0df5f021f17fb59c8f7a2da734f/element/38bfe87f-9647-4370-8e4d-6a1d4e7a78d1/text HTTP/1.1
User-Agent: selenium/4.1.2 (java windows)
Cache-Control: no-cache
Content-Type: application/json; charset=utf-8
host: localhost:59242
accept: */*

Response DefaultHttpResponse(decodeResult: success, version: HTTP/1.1)
HTTP/1.1 200 OK
Content-Type: application/json; charset=utf-8
cache-control: no-cache
content-length: 64

23:18:25.842 [AsyncHttpClient-1-2] DEBUG org.asynchttpclient.netty.channel.ChannelManager - Adding key: http://localhost:59242 for channel [id: 0xf864d399, L:/127.0.0.1:63939 - R:localhost/127.0.0.1:59242]
23:18:25.844 [Forwarding findElements on session 067fb0df5f021f17fb59c8f7a2da734f to remote] DEBUG org.asynchttpclient.netty.request.NettyRequestSender - Using pooled Channel '[id: 0xf864d399, L:/127.0.0.1:63939 - R:localhost/127.0.0.1:59242]' for 'POST' to 'http://localhost:59242/session/067fb0df5f021f17fb59c8f7a2da734f/elements'
23:18:25.845 [Forwarding findElements on session 067fb0df5f021f17fb59c8f7a2da734f to remote] DEBUG org.asynchttpclient.netty.request.NettyRequestSender - Using open Channel [id: 0xf864d399, L:/127.0.0.1:63939 - R:localhost/127.0.0.1:59242] for POST '/session/067fb0df5f021f17fb59c8f7a2da734f/elements'
23:18:25.856 [AsyncHttpClient-1-2] DEBUG org.asynchttpclient.netty.handler.HttpHandler - 

Request DefaultHttpRequest(decodeResult: success, version: HTTP/1.1)
POST /session/067fb0df5f021f17fb59c8f7a2da734f/elements HTTP/1.1
User-Agent: selenium/4.1.2 (java windows)
Content-Length: 102
Content-Type: application/json; charset=utf-8
host: localhost:59242
accept: */*

Response DefaultHttpResponse(decodeResult: success, version: HTTP/1.1)
HTTP/1.1 200 OK
Content-Type: application/json; charset=utf-8
cache-control: no-cache
content-length: 3803

23:18:25.856 [AsyncHttpClient-1-2] DEBUG org.asynchttpclient.netty.channel.ChannelManager - Adding key: http://localhost:59242 for channel [id: 0xf864d399, L:/127.0.0.1:63939 - R:localhost/127.0.0.1:59242]
23:18:25.860 [Forwarding findElements on session 067fb0df5f021f17fb59c8f7a2da734f to remote] DEBUG org.asynchttpclient.netty.request.NettyRequestSender - Using pooled Channel '[id: 0xf864d399, L:/127.0.0.1:63939 - R:localhost/127.0.0.1:59242]' for 'POST' to 'http://localhost:59242/session/067fb0df5f021f17fb59c8f7a2da734f/elements'
23:18:25.860 [Forwarding findElements on session 067fb0df5f021f17fb59c8f7a2da734f to remote] DEBUG org.asynchttpclient.netty.request.NettyRequestSender - Using open Channel [id: 0xf864d399, L:/127.0.0.1:63939 - R:localhost/127.0.0.1:59242] for POST '/session/067fb0df5f021f17fb59c8f7a2da734f/elements'
23:18:25.874 [AsyncHttpClient-1-2] DEBUG org.asynchttpclient.netty.handler.HttpHandler - 

Request DefaultHttpRequest(decodeResult: success, version: HTTP/1.1)
POST /session/067fb0df5f021f17fb59c8f7a2da734f/elements HTTP/1.1
User-Agent: selenium/4.1.2 (java windows)
Content-Length: 102
Content-Type: application/json; charset=utf-8
host: localhost:59242
accept: */*

Response DefaultHttpResponse(decodeResult: success, version: HTTP/1.1)
HTTP/1.1 200 OK
Content-Type: application/json; charset=utf-8
cache-control: no-cache
content-length: 3803

23:18:25.874 [AsyncHttpClient-1-2] DEBUG org.asynchttpclient.netty.channel.ChannelManager - Adding key: http://localhost:59242 for channel [id: 0xf864d399, L:/127.0.0.1:63939 - R:localhost/127.0.0.1:59242]
23:18:25.877 [Forwarding getElementText on session 067fb0df5f021f17fb59c8f7a2da734f to remote] DEBUG org.asynchttpclient.netty.request.NettyRequestSender - Using pooled Channel '[id: 0xf864d399, L:/127.0.0.1:63939 - R:localhost/127.0.0.1:59242]' for 'GET' to 'http://localhost:59242/session/067fb0df5f021f17fb59c8f7a2da734f/element/a14eda6b-5788-47e5-964c-d79469e3772c/text'
23:18:25.878 [Forwarding getElementText on session 067fb0df5f021f17fb59c8f7a2da734f to remote] DEBUG org.asynchttpclient.netty.request.NettyRequestSender - Using open Channel [id: 0xf864d399, L:/127.0.0.1:63939 - R:localhost/127.0.0.1:59242] for GET '/session/067fb0df5f021f17fb59c8f7a2da734f/element/a14eda6b-5788-47e5-964c-d79469e3772c/text'
23:18:25.893 [AsyncHttpClient-1-2] DEBUG org.asynchttpclient.netty.handler.HttpHandler - 

Request DefaultFullHttpRequest(decodeResult: success, version: HTTP/1.1, content: EmptyByteBufBE)
GET /session/067fb0df5f021f17fb59c8f7a2da734f/element/a14eda6b-5788-47e5-964c-d79469e3772c/text HTTP/1.1
User-Agent: selenium/4.1.2 (java windows)
Cache-Control: no-cache
Content-Type: application/json; charset=utf-8
host: localhost:59242
accept: */*

Response DefaultHttpResponse(decodeResult: success, version: HTTP/1.1)
HTTP/1.1 200 OK
Content-Type: application/json; charset=utf-8
cache-control: no-cache
content-length: 45

23:18:25.893 [AsyncHttpClient-1-2] DEBUG org.asynchttpclient.netty.channel.ChannelManager - Adding key: http://localhost:59242 for channel [id: 0xf864d399, L:/127.0.0.1:63939 - R:localhost/127.0.0.1:59242]
23:18:25.896 [Forwarding findElements on session 067fb0df5f021f17fb59c8f7a2da734f to remote] DEBUG org.asynchttpclient.netty.request.NettyRequestSender - Using pooled Channel '[id: 0xf864d399, L:/127.0.0.1:63939 - R:localhost/127.0.0.1:59242]' for 'POST' to 'http://localhost:59242/session/067fb0df5f021f17fb59c8f7a2da734f/elements'
23:18:25.896 [Forwarding findElements on session 067fb0df5f021f17fb59c8f7a2da734f to remote] DEBUG org.asynchttpclient.netty.request.NettyRequestSender - Using open Channel [id: 0xf864d399, L:/127.0.0.1:63939 - R:localhost/127.0.0.1:59242] for POST '/session/067fb0df5f021f17fb59c8f7a2da734f/elements'
23:18:25.907 [AsyncHttpClient-1-2] DEBUG org.asynchttpclient.netty.handler.HttpHandler - 

Request DefaultHttpRequest(decodeResult: success, version: HTTP/1.1)
POST /session/067fb0df5f021f17fb59c8f7a2da734f/elements HTTP/1.1
User-Agent: selenium/4.1.2 (java windows)
Content-Length: 102
Content-Type: application/json; charset=utf-8
host: localhost:59242
accept: */*

Response DefaultHttpResponse(decodeResult: success, version: HTTP/1.1)
HTTP/1.1 200 OK
Content-Type: application/json; charset=utf-8
cache-control: no-cache
content-length: 3803

23:18:25.908 [AsyncHttpClient-1-2] DEBUG org.asynchttpclient.netty.channel.ChannelManager - Adding key: http://localhost:59242 for channel [id: 0xf864d399, L:/127.0.0.1:63939 - R:localhost/127.0.0.1:59242]
23:18:25.910 [Forwarding findElements on session 067fb0df5f021f17fb59c8f7a2da734f to remote] DEBUG org.asynchttpclient.netty.request.NettyRequestSender - Using pooled Channel '[id: 0xf864d399, L:/127.0.0.1:63939 - R:localhost/127.0.0.1:59242]' for 'POST' to 'http://localhost:59242/session/067fb0df5f021f17fb59c8f7a2da734f/elements'
23:18:25.910 [Forwarding findElements on session 067fb0df5f021f17fb59c8f7a2da734f to remote] DEBUG org.asynchttpclient.netty.request.NettyRequestSender - Using open Channel [id: 0xf864d399, L:/127.0.0.1:63939 - R:localhost/127.0.0.1:59242] for POST '/session/067fb0df5f021f17fb59c8f7a2da734f/elements'
23:18:25.925 [AsyncHttpClient-1-2] DEBUG org.asynchttpclient.netty.handler.HttpHandler - 

Request DefaultHttpRequest(decodeResult: success, version: HTTP/1.1)
POST /session/067fb0df5f021f17fb59c8f7a2da734f/elements HTTP/1.1
User-Agent: selenium/4.1.2 (java windows)
Content-Length: 102
Content-Type: application/json; charset=utf-8
host: localhost:59242
accept: */*

Response DefaultHttpResponse(decodeResult: success, version: HTTP/1.1)
HTTP/1.1 200 OK
Content-Type: application/json; charset=utf-8
cache-control: no-cache
content-length: 3803

23:18:25.925 [AsyncHttpClient-1-2] DEBUG org.asynchttpclient.netty.channel.ChannelManager - Adding key: http://localhost:59242 for channel [id: 0xf864d399, L:/127.0.0.1:63939 - R:localhost/127.0.0.1:59242]
23:18:25.939 [Forwarding getElementText on session 067fb0df5f021f17fb59c8f7a2da734f to remote] DEBUG org.asynchttpclient.netty.request.NettyRequestSender - Using pooled Channel '[id: 0xf864d399, L:/127.0.0.1:63939 - R:localhost/127.0.0.1:59242]' for 'GET' to 'http://localhost:59242/session/067fb0df5f021f17fb59c8f7a2da734f/element/60c14071-bc06-4cad-990b-0857d8ff01d3/text'
23:18:25.939 [Forwarding getElementText on session 067fb0df5f021f17fb59c8f7a2da734f to remote] DEBUG org.asynchttpclient.netty.request.NettyRequestSender - Using open Channel [id: 0xf864d399, L:/127.0.0.1:63939 - R:localhost/127.0.0.1:59242] for GET '/session/067fb0df5f021f17fb59c8f7a2da734f/element/60c14071-bc06-4cad-990b-0857d8ff01d3/text'
23:18:25.955 [AsyncHttpClient-1-2] DEBUG org.asynchttpclient.netty.handler.HttpHandler - 

Request DefaultFullHttpRequest(decodeResult: success, version: HTTP/1.1, content: EmptyByteBufBE)
GET /session/067fb0df5f021f17fb59c8f7a2da734f/element/60c14071-bc06-4cad-990b-0857d8ff01d3/text HTTP/1.1
User-Agent: selenium/4.1.2 (java windows)
Cache-Control: no-cache
Content-Type: application/json; charset=utf-8
host: localhost:59242
accept: */*

Response DefaultHttpResponse(decodeResult: success, version: HTTP/1.1)
HTTP/1.1 200 OK
Content-Type: application/json; charset=utf-8
cache-control: no-cache
content-length: 57

23:18:25.956 [AsyncHttpClient-1-2] DEBUG org.asynchttpclient.netty.channel.ChannelManager - Adding key: http://localhost:59242 for channel [id: 0xf864d399, L:/127.0.0.1:63939 - R:localhost/127.0.0.1:59242]
23:18:25.958 [Forwarding findElements on session 067fb0df5f021f17fb59c8f7a2da734f to remote] DEBUG org.asynchttpclient.netty.request.NettyRequestSender - Using pooled Channel '[id: 0xf864d399, L:/127.0.0.1:63939 - R:localhost/127.0.0.1:59242]' for 'POST' to 'http://localhost:59242/session/067fb0df5f021f17fb59c8f7a2da734f/elements'
23:18:25.958 [Forwarding findElements on session 067fb0df5f021f17fb59c8f7a2da734f to remote] DEBUG org.asynchttpclient.netty.request.NettyRequestSender - Using open Channel [id: 0xf864d399, L:/127.0.0.1:63939 - R:localhost/127.0.0.1:59242] for POST '/session/067fb0df5f021f17fb59c8f7a2da734f/elements'
23:18:25.968 [AsyncHttpClient-1-2] DEBUG org.asynchttpclient.netty.handler.HttpHandler - 

Request DefaultHttpRequest(decodeResult: success, version: HTTP/1.1)
POST /session/067fb0df5f021f17fb59c8f7a2da734f/elements HTTP/1.1
User-Agent: selenium/4.1.2 (java windows)
Content-Length: 102
Content-Type: application/json; charset=utf-8
host: localhost:59242
accept: */*

Response DefaultHttpResponse(decodeResult: success, version: HTTP/1.1)
HTTP/1.1 200 OK
Content-Type: application/json; charset=utf-8
cache-control: no-cache
content-length: 3803

23:18:25.969 [AsyncHttpClient-1-2] DEBUG org.asynchttpclient.netty.channel.ChannelManager - Adding key: http://localhost:59242 for channel [id: 0xf864d399, L:/127.0.0.1:63939 - R:localhost/127.0.0.1:59242]
23:18:25.972 [Forwarding findElements on session 067fb0df5f021f17fb59c8f7a2da734f to remote] DEBUG org.asynchttpclient.netty.request.NettyRequestSender - Using pooled Channel '[id: 0xf864d399, L:/127.0.0.1:63939 - R:localhost/127.0.0.1:59242]' for 'POST' to 'http://localhost:59242/session/067fb0df5f021f17fb59c8f7a2da734f/elements'
23:18:25.972 [Forwarding findElements on session 067fb0df5f021f17fb59c8f7a2da734f to remote] DEBUG org.asynchttpclient.netty.request.NettyRequestSender - Using open Channel [id: 0xf864d399, L:/127.0.0.1:63939 - R:localhost/127.0.0.1:59242] for POST '/session/067fb0df5f021f17fb59c8f7a2da734f/elements'
23:18:25.985 [AsyncHttpClient-1-2] DEBUG org.asynchttpclient.netty.handler.HttpHandler - 

Request DefaultHttpRequest(decodeResult: success, version: HTTP/1.1)
POST /session/067fb0df5f021f17fb59c8f7a2da734f/elements HTTP/1.1
User-Agent: selenium/4.1.2 (java windows)
Content-Length: 102
Content-Type: application/json; charset=utf-8
host: localhost:59242
accept: */*

Response DefaultHttpResponse(decodeResult: success, version: HTTP/1.1)
HTTP/1.1 200 OK
Content-Type: application/json; charset=utf-8
cache-control: no-cache
content-length: 3803

23:18:25.986 [AsyncHttpClient-1-2] DEBUG org.asynchttpclient.netty.channel.ChannelManager - Adding key: http://localhost:59242 for channel [id: 0xf864d399, L:/127.0.0.1:63939 - R:localhost/127.0.0.1:59242]
23:18:25.988 [Forwarding getElementText on session 067fb0df5f021f17fb59c8f7a2da734f to remote] DEBUG org.asynchttpclient.netty.request.NettyRequestSender - Using pooled Channel '[id: 0xf864d399, L:/127.0.0.1:63939 - R:localhost/127.0.0.1:59242]' for 'GET' to 'http://localhost:59242/session/067fb0df5f021f17fb59c8f7a2da734f/element/05550db0-4312-4af1-9fff-8587395b90c1/text'
23:18:25.990 [Forwarding getElementText on session 067fb0df5f021f17fb59c8f7a2da734f to remote] DEBUG org.asynchttpclient.netty.request.NettyRequestSender - Using open Channel [id: 0xf864d399, L:/127.0.0.1:63939 - R:localhost/127.0.0.1:59242] for GET '/session/067fb0df5f021f17fb59c8f7a2da734f/element/05550db0-4312-4af1-9fff-8587395b90c1/text'
23:18:26.005 [AsyncHttpClient-1-2] DEBUG org.asynchttpclient.netty.handler.HttpHandler - 

Request DefaultFullHttpRequest(decodeResult: success, version: HTTP/1.1, content: EmptyByteBufBE)
GET /session/067fb0df5f021f17fb59c8f7a2da734f/element/05550db0-4312-4af1-9fff-8587395b90c1/text HTTP/1.1
User-Agent: selenium/4.1.2 (java windows)
Cache-Control: no-cache
Content-Type: application/json; charset=utf-8
host: localhost:59242
accept: */*

Response DefaultHttpResponse(decodeResult: success, version: HTTP/1.1)
HTTP/1.1 200 OK
Content-Type: application/json; charset=utf-8
cache-control: no-cache
content-length: 84

23:18:26.006 [AsyncHttpClient-1-2] DEBUG org.asynchttpclient.netty.channel.ChannelManager - Adding key: http://localhost:59242 for channel [id: 0xf864d399, L:/127.0.0.1:63939 - R:localhost/127.0.0.1:59242]
23:18:26.008 [Forwarding findElements on session 067fb0df5f021f17fb59c8f7a2da734f to remote] DEBUG org.asynchttpclient.netty.request.NettyRequestSender - Using pooled Channel '[id: 0xf864d399, L:/127.0.0.1:63939 - R:localhost/127.0.0.1:59242]' for 'POST' to 'http://localhost:59242/session/067fb0df5f021f17fb59c8f7a2da734f/elements'
23:18:26.008 [Forwarding findElements on session 067fb0df5f021f17fb59c8f7a2da734f to remote] DEBUG org.asynchttpclient.netty.request.NettyRequestSender - Using open Channel [id: 0xf864d399, L:/127.0.0.1:63939 - R:localhost/127.0.0.1:59242] for POST '/session/067fb0df5f021f17fb59c8f7a2da734f/elements'
23:18:26.020 [AsyncHttpClient-1-2] DEBUG org.asynchttpclient.netty.handler.HttpHandler - 

Request DefaultHttpRequest(decodeResult: success, version: HTTP/1.1)
POST /session/067fb0df5f021f17fb59c8f7a2da734f/elements HTTP/1.1
User-Agent: selenium/4.1.2 (java windows)
Content-Length: 102
Content-Type: application/json; charset=utf-8
host: localhost:59242
accept: */*

Response DefaultHttpResponse(decodeResult: success, version: HTTP/1.1)
HTTP/1.1 200 OK
Content-Type: application/json; charset=utf-8
cache-control: no-cache
content-length: 3803

23:18:26.021 [AsyncHttpClient-1-2] DEBUG org.asynchttpclient.netty.channel.ChannelManager - Adding key: http://localhost:59242 for channel [id: 0xf864d399, L:/127.0.0.1:63939 - R:localhost/127.0.0.1:59242]
23:18:26.024 [Forwarding findElements on session 067fb0df5f021f17fb59c8f7a2da734f to remote] DEBUG org.asynchttpclient.netty.request.NettyRequestSender - Using pooled Channel '[id: 0xf864d399, L:/127.0.0.1:63939 - R:localhost/127.0.0.1:59242]' for 'POST' to 'http://localhost:59242/session/067fb0df5f021f17fb59c8f7a2da734f/elements'
23:18:26.024 [Forwarding findElements on session 067fb0df5f021f17fb59c8f7a2da734f to remote] DEBUG org.asynchttpclient.netty.request.NettyRequestSender - Using open Channel [id: 0xf864d399, L:/127.0.0.1:63939 - R:localhost/127.0.0.1:59242] for POST '/session/067fb0df5f021f17fb59c8f7a2da734f/elements'
23:18:26.036 [AsyncHttpClient-1-2] DEBUG org.asynchttpclient.netty.handler.HttpHandler - 

Request DefaultHttpRequest(decodeResult: success, version: HTTP/1.1)
POST /session/067fb0df5f021f17fb59c8f7a2da734f/elements HTTP/1.1
User-Agent: selenium/4.1.2 (java windows)
Content-Length: 102
Content-Type: application/json; charset=utf-8
host: localhost:59242
accept: */*

Response DefaultHttpResponse(decodeResult: success, version: HTTP/1.1)
HTTP/1.1 200 OK
Content-Type: application/json; charset=utf-8
cache-control: no-cache
content-length: 3803

23:18:26.037 [AsyncHttpClient-1-2] DEBUG org.asynchttpclient.netty.channel.ChannelManager - Adding key: http://localhost:59242 for channel [id: 0xf864d399, L:/127.0.0.1:63939 - R:localhost/127.0.0.1:59242]
23:18:26.041 [Forwarding getElementText on session 067fb0df5f021f17fb59c8f7a2da734f to remote] DEBUG org.asynchttpclient.netty.request.NettyRequestSender - Using pooled Channel '[id: 0xf864d399, L:/127.0.0.1:63939 - R:localhost/127.0.0.1:59242]' for 'GET' to 'http://localhost:59242/session/067fb0df5f021f17fb59c8f7a2da734f/element/48d2e625-f06d-4dea-a318-4387535f6791/text'
23:18:26.041 [Forwarding getElementText on session 067fb0df5f021f17fb59c8f7a2da734f to remote] DEBUG org.asynchttpclient.netty.request.NettyRequestSender - Using open Channel [id: 0xf864d399, L:/127.0.0.1:63939 - R:localhost/127.0.0.1:59242] for GET '/session/067fb0df5f021f17fb59c8f7a2da734f/element/48d2e625-f06d-4dea-a318-4387535f6791/text'
23:18:26.055 [AsyncHttpClient-1-2] DEBUG org.asynchttpclient.netty.handler.HttpHandler - 

Request DefaultFullHttpRequest(decodeResult: success, version: HTTP/1.1, content: EmptyByteBufBE)
GET /session/067fb0df5f021f17fb59c8f7a2da734f/element/48d2e625-f06d-4dea-a318-4387535f6791/text HTTP/1.1
User-Agent: selenium/4.1.2 (java windows)
Cache-Control: no-cache
Content-Type: application/json; charset=utf-8
host: localhost:59242
accept: */*

Response DefaultHttpResponse(decodeResult: success, version: HTTP/1.1)
HTTP/1.1 200 OK
Content-Type: application/json; charset=utf-8
cache-control: no-cache
content-length: 43

23:18:26.055 [AsyncHttpClient-1-2] DEBUG org.asynchttpclient.netty.channel.ChannelManager - Adding key: http://localhost:59242 for channel [id: 0xf864d399, L:/127.0.0.1:63939 - R:localhost/127.0.0.1:59242]
23:18:26.058 [Forwarding findElements on session 067fb0df5f021f17fb59c8f7a2da734f to remote] DEBUG org.asynchttpclient.netty.request.NettyRequestSender - Using pooled Channel '[id: 0xf864d399, L:/127.0.0.1:63939 - R:localhost/127.0.0.1:59242]' for 'POST' to 'http://localhost:59242/session/067fb0df5f021f17fb59c8f7a2da734f/elements'
23:18:26.058 [Forwarding findElements on session 067fb0df5f021f17fb59c8f7a2da734f to remote] DEBUG org.asynchttpclient.netty.request.NettyRequestSender - Using open Channel [id: 0xf864d399, L:/127.0.0.1:63939 - R:localhost/127.0.0.1:59242] for POST '/session/067fb0df5f021f17fb59c8f7a2da734f/elements'
23:18:26.072 [AsyncHttpClient-1-2] DEBUG org.asynchttpclient.netty.handler.HttpHandler - 

Request DefaultHttpRequest(decodeResult: success, version: HTTP/1.1)
POST /session/067fb0df5f021f17fb59c8f7a2da734f/elements HTTP/1.1
User-Agent: selenium/4.1.2 (java windows)
Content-Length: 102
Content-Type: application/json; charset=utf-8
host: localhost:59242
accept: */*

Response DefaultHttpResponse(decodeResult: success, version: HTTP/1.1)
HTTP/1.1 200 OK
Content-Type: application/json; charset=utf-8
cache-control: no-cache
content-length: 3803

23:18:26.072 [AsyncHttpClient-1-2] DEBUG org.asynchttpclient.netty.channel.ChannelManager - Adding key: http://localhost:59242 for channel [id: 0xf864d399, L:/127.0.0.1:63939 - R:localhost/127.0.0.1:59242]
23:18:26.075 [Forwarding findElements on session 067fb0df5f021f17fb59c8f7a2da734f to remote] DEBUG org.asynchttpclient.netty.request.NettyRequestSender - Using pooled Channel '[id: 0xf864d399, L:/127.0.0.1:63939 - R:localhost/127.0.0.1:59242]' for 'POST' to 'http://localhost:59242/session/067fb0df5f021f17fb59c8f7a2da734f/elements'
23:18:26.076 [Forwarding findElements on session 067fb0df5f021f17fb59c8f7a2da734f to remote] DEBUG org.asynchttpclient.netty.request.NettyRequestSender - Using open Channel [id: 0xf864d399, L:/127.0.0.1:63939 - R:localhost/127.0.0.1:59242] for POST '/session/067fb0df5f021f17fb59c8f7a2da734f/elements'
23:18:26.089 [AsyncHttpClient-1-2] DEBUG org.asynchttpclient.netty.handler.HttpHandler - 

Request DefaultHttpRequest(decodeResult: success, version: HTTP/1.1)
POST /session/067fb0df5f021f17fb59c8f7a2da734f/elements HTTP/1.1
User-Agent: selenium/4.1.2 (java windows)
Content-Length: 102
Content-Type: application/json; charset=utf-8
host: localhost:59242
accept: */*

Response DefaultHttpResponse(decodeResult: success, version: HTTP/1.1)
HTTP/1.1 200 OK
Content-Type: application/json; charset=utf-8
cache-control: no-cache
content-length: 3803

23:18:26.090 [AsyncHttpClient-1-2] DEBUG org.asynchttpclient.netty.channel.ChannelManager - Adding key: http://localhost:59242 for channel [id: 0xf864d399, L:/127.0.0.1:63939 - R:localhost/127.0.0.1:59242]
23:18:26.093 [Forwarding getElementText on session 067fb0df5f021f17fb59c8f7a2da734f to remote] DEBUG org.asynchttpclient.netty.request.NettyRequestSender - Using pooled Channel '[id: 0xf864d399, L:/127.0.0.1:63939 - R:localhost/127.0.0.1:59242]' for 'GET' to 'http://localhost:59242/session/067fb0df5f021f17fb59c8f7a2da734f/element/f44690ed-1562-4838-9261-30a43abeb351/text'
23:18:26.093 [Forwarding getElementText on session 067fb0df5f021f17fb59c8f7a2da734f to remote] DEBUG org.asynchttpclient.netty.request.NettyRequestSender - Using open Channel [id: 0xf864d399, L:/127.0.0.1:63939 - R:localhost/127.0.0.1:59242] for GET '/session/067fb0df5f021f17fb59c8f7a2da734f/element/f44690ed-1562-4838-9261-30a43abeb351/text'
23:18:26.112 [AsyncHttpClient-1-2] DEBUG org.asynchttpclient.netty.handler.HttpHandler - 

Request DefaultFullHttpRequest(decodeResult: success, version: HTTP/1.1, content: EmptyByteBufBE)
GET /session/067fb0df5f021f17fb59c8f7a2da734f/element/f44690ed-1562-4838-9261-30a43abeb351/text HTTP/1.1
User-Agent: selenium/4.1.2 (java windows)
Cache-Control: no-cache
Content-Type: application/json; charset=utf-8
host: localhost:59242
accept: */*

Response DefaultHttpResponse(decodeResult: success, version: HTTP/1.1)
HTTP/1.1 200 OK
Content-Type: application/json; charset=utf-8
cache-control: no-cache
content-length: 52

23:18:26.112 [AsyncHttpClient-1-2] DEBUG org.asynchttpclient.netty.channel.ChannelManager - Adding key: http://localhost:59242 for channel [id: 0xf864d399, L:/127.0.0.1:63939 - R:localhost/127.0.0.1:59242]
23:18:26.115 [Forwarding findElements on session 067fb0df5f021f17fb59c8f7a2da734f to remote] DEBUG org.asynchttpclient.netty.request.NettyRequestSender - Using pooled Channel '[id: 0xf864d399, L:/127.0.0.1:63939 - R:localhost/127.0.0.1:59242]' for 'POST' to 'http://localhost:59242/session/067fb0df5f021f17fb59c8f7a2da734f/elements'
23:18:26.115 [Forwarding findElements on session 067fb0df5f021f17fb59c8f7a2da734f to remote] DEBUG org.asynchttpclient.netty.request.NettyRequestSender - Using open Channel [id: 0xf864d399, L:/127.0.0.1:63939 - R:localhost/127.0.0.1:59242] for POST '/session/067fb0df5f021f17fb59c8f7a2da734f/elements'
23:18:26.134 [AsyncHttpClient-1-2] DEBUG org.asynchttpclient.netty.handler.HttpHandler - 

Request DefaultHttpRequest(decodeResult: success, version: HTTP/1.1)
POST /session/067fb0df5f021f17fb59c8f7a2da734f/elements HTTP/1.1
User-Agent: selenium/4.1.2 (java windows)
Content-Length: 102
Content-Type: application/json; charset=utf-8
host: localhost:59242
accept: */*

Response DefaultHttpResponse(decodeResult: success, version: HTTP/1.1)
HTTP/1.1 200 OK
Content-Type: application/json; charset=utf-8
cache-control: no-cache
content-length: 3803

23:18:26.134 [AsyncHttpClient-1-2] DEBUG org.asynchttpclient.netty.channel.ChannelManager - Adding key: http://localhost:59242 for channel [id: 0xf864d399, L:/127.0.0.1:63939 - R:localhost/127.0.0.1:59242]
23:18:26.139 [Forwarding findElements on session 067fb0df5f021f17fb59c8f7a2da734f to remote] DEBUG org.asynchttpclient.netty.request.NettyRequestSender - Using pooled Channel '[id: 0xf864d399, L:/127.0.0.1:63939 - R:localhost/127.0.0.1:59242]' for 'POST' to 'http://localhost:59242/session/067fb0df5f021f17fb59c8f7a2da734f/elements'
23:18:26.139 [Forwarding findElements on session 067fb0df5f021f17fb59c8f7a2da734f to remote] DEBUG org.asynchttpclient.netty.request.NettyRequestSender - Using open Channel [id: 0xf864d399, L:/127.0.0.1:63939 - R:localhost/127.0.0.1:59242] for POST '/session/067fb0df5f021f17fb59c8f7a2da734f/elements'
23:18:26.154 [AsyncHttpClient-1-2] DEBUG org.asynchttpclient.netty.handler.HttpHandler - 

Request DefaultHttpRequest(decodeResult: success, version: HTTP/1.1)
POST /session/067fb0df5f021f17fb59c8f7a2da734f/elements HTTP/1.1
User-Agent: selenium/4.1.2 (java windows)
Content-Length: 102
Content-Type: application/json; charset=utf-8
host: localhost:59242
accept: */*

Response DefaultHttpResponse(decodeResult: success, version: HTTP/1.1)
HTTP/1.1 200 OK
Content-Type: application/json; charset=utf-8
cache-control: no-cache
content-length: 3803

23:18:26.155 [AsyncHttpClient-1-2] DEBUG org.asynchttpclient.netty.channel.ChannelManager - Adding key: http://localhost:59242 for channel [id: 0xf864d399, L:/127.0.0.1:63939 - R:localhost/127.0.0.1:59242]
23:18:26.158 [Forwarding getElementText on session 067fb0df5f021f17fb59c8f7a2da734f to remote] DEBUG org.asynchttpclient.netty.request.NettyRequestSender - Using pooled Channel '[id: 0xf864d399, L:/127.0.0.1:63939 - R:localhost/127.0.0.1:59242]' for 'GET' to 'http://localhost:59242/session/067fb0df5f021f17fb59c8f7a2da734f/element/738f484c-b56d-4b5c-b525-6cd8b0adf3c3/text'
23:18:26.158 [Forwarding getElementText on session 067fb0df5f021f17fb59c8f7a2da734f to remote] DEBUG org.asynchttpclient.netty.request.NettyRequestSender - Using open Channel [id: 0xf864d399, L:/127.0.0.1:63939 - R:localhost/127.0.0.1:59242] for GET '/session/067fb0df5f021f17fb59c8f7a2da734f/element/738f484c-b56d-4b5c-b525-6cd8b0adf3c3/text'
23:18:26.175 [AsyncHttpClient-1-2] DEBUG org.asynchttpclient.netty.handler.HttpHandler - 

Request DefaultFullHttpRequest(decodeResult: success, version: HTTP/1.1, content: EmptyByteBufBE)
GET /session/067fb0df5f021f17fb59c8f7a2da734f/element/738f484c-b56d-4b5c-b525-6cd8b0adf3c3/text HTTP/1.1
User-Agent: selenium/4.1.2 (java windows)
Cache-Control: no-cache
Content-Type: application/json; charset=utf-8
host: localhost:59242
accept: */*

Response DefaultHttpResponse(decodeResult: success, version: HTTP/1.1)
HTTP/1.1 200 OK
Content-Type: application/json; charset=utf-8
cache-control: no-cache
content-length: 48

23:18:26.175 [AsyncHttpClient-1-2] DEBUG org.asynchttpclient.netty.channel.ChannelManager - Adding key: http://localhost:59242 for channel [id: 0xf864d399, L:/127.0.0.1:63939 - R:localhost/127.0.0.1:59242]
23:18:26.178 [Forwarding findElements on session 067fb0df5f021f17fb59c8f7a2da734f to remote] DEBUG org.asynchttpclient.netty.request.NettyRequestSender - Using pooled Channel '[id: 0xf864d399, L:/127.0.0.1:63939 - R:localhost/127.0.0.1:59242]' for 'POST' to 'http://localhost:59242/session/067fb0df5f021f17fb59c8f7a2da734f/elements'
23:18:26.178 [Forwarding findElements on session 067fb0df5f021f17fb59c8f7a2da734f to remote] DEBUG org.asynchttpclient.netty.request.NettyRequestSender - Using open Channel [id: 0xf864d399, L:/127.0.0.1:63939 - R:localhost/127.0.0.1:59242] for POST '/session/067fb0df5f021f17fb59c8f7a2da734f/elements'
23:18:26.194 [AsyncHttpClient-1-2] DEBUG org.asynchttpclient.netty.handler.HttpHandler - 

Request DefaultHttpRequest(decodeResult: success, version: HTTP/1.1)
POST /session/067fb0df5f021f17fb59c8f7a2da734f/elements HTTP/1.1
User-Agent: selenium/4.1.2 (java windows)
Content-Length: 102
Content-Type: application/json; charset=utf-8
host: localhost:59242
accept: */*

Response DefaultHttpResponse(decodeResult: success, version: HTTP/1.1)
HTTP/1.1 200 OK
Content-Type: application/json; charset=utf-8
cache-control: no-cache
content-length: 3803

23:18:26.194 [AsyncHttpClient-1-2] DEBUG org.asynchttpclient.netty.channel.ChannelManager - Adding key: http://localhost:59242 for channel [id: 0xf864d399, L:/127.0.0.1:63939 - R:localhost/127.0.0.1:59242]
23:18:26.198 [Forwarding findElements on session 067fb0df5f021f17fb59c8f7a2da734f to remote] DEBUG org.asynchttpclient.netty.request.NettyRequestSender - Using pooled Channel '[id: 0xf864d399, L:/127.0.0.1:63939 - R:localhost/127.0.0.1:59242]' for 'POST' to 'http://localhost:59242/session/067fb0df5f021f17fb59c8f7a2da734f/elements'
23:18:26.198 [Forwarding findElements on session 067fb0df5f021f17fb59c8f7a2da734f to remote] DEBUG org.asynchttpclient.netty.request.NettyRequestSender - Using open Channel [id: 0xf864d399, L:/127.0.0.1:63939 - R:localhost/127.0.0.1:59242] for POST '/session/067fb0df5f021f17fb59c8f7a2da734f/elements'
23:18:26.213 [AsyncHttpClient-1-2] DEBUG org.asynchttpclient.netty.handler.HttpHandler - 

Request DefaultHttpRequest(decodeResult: success, version: HTTP/1.1)
POST /session/067fb0df5f021f17fb59c8f7a2da734f/elements HTTP/1.1
User-Agent: selenium/4.1.2 (java windows)
Content-Length: 102
Content-Type: application/json; charset=utf-8
host: localhost:59242
accept: */*

Response DefaultHttpResponse(decodeResult: success, version: HTTP/1.1)
HTTP/1.1 200 OK
Content-Type: application/json; charset=utf-8
cache-control: no-cache
content-length: 3803

23:18:26.213 [AsyncHttpClient-1-2] DEBUG org.asynchttpclient.netty.channel.ChannelManager - Adding key: http://localhost:59242 for channel [id: 0xf864d399, L:/127.0.0.1:63939 - R:localhost/127.0.0.1:59242]
23:18:26.216 [Forwarding getElementText on session 067fb0df5f021f17fb59c8f7a2da734f to remote] DEBUG org.asynchttpclient.netty.request.NettyRequestSender - Using pooled Channel '[id: 0xf864d399, L:/127.0.0.1:63939 - R:localhost/127.0.0.1:59242]' for 'GET' to 'http://localhost:59242/session/067fb0df5f021f17fb59c8f7a2da734f/element/1c6be405-66fc-4ddc-a301-b61557d81823/text'
23:18:26.216 [Forwarding getElementText on session 067fb0df5f021f17fb59c8f7a2da734f to remote] DEBUG org.asynchttpclient.netty.request.NettyRequestSender - Using open Channel [id: 0xf864d399, L:/127.0.0.1:63939 - R:localhost/127.0.0.1:59242] for GET '/session/067fb0df5f021f17fb59c8f7a2da734f/element/1c6be405-66fc-4ddc-a301-b61557d81823/text'
23:18:26.234 [AsyncHttpClient-1-2] DEBUG org.asynchttpclient.netty.handler.HttpHandler - 

Request DefaultFullHttpRequest(decodeResult: success, version: HTTP/1.1, content: EmptyByteBufBE)
GET /session/067fb0df5f021f17fb59c8f7a2da734f/element/1c6be405-66fc-4ddc-a301-b61557d81823/text HTTP/1.1
User-Agent: selenium/4.1.2 (java windows)
Cache-Control: no-cache
Content-Type: application/json; charset=utf-8
host: localhost:59242
accept: */*

Response DefaultHttpResponse(decodeResult: success, version: HTTP/1.1)
HTTP/1.1 200 OK
Content-Type: application/json; charset=utf-8
cache-control: no-cache
content-length: 49

23:18:26.235 [AsyncHttpClient-1-2] DEBUG org.asynchttpclient.netty.channel.ChannelManager - Adding key: http://localhost:59242 for channel [id: 0xf864d399, L:/127.0.0.1:63939 - R:localhost/127.0.0.1:59242]
23:18:26.238 [Forwarding findElements on session 067fb0df5f021f17fb59c8f7a2da734f to remote] DEBUG org.asynchttpclient.netty.request.NettyRequestSender - Using pooled Channel '[id: 0xf864d399, L:/127.0.0.1:63939 - R:localhost/127.0.0.1:59242]' for 'POST' to 'http://localhost:59242/session/067fb0df5f021f17fb59c8f7a2da734f/elements'
23:18:26.238 [Forwarding findElements on session 067fb0df5f021f17fb59c8f7a2da734f to remote] DEBUG org.asynchttpclient.netty.request.NettyRequestSender - Using open Channel [id: 0xf864d399, L:/127.0.0.1:63939 - R:localhost/127.0.0.1:59242] for POST '/session/067fb0df5f021f17fb59c8f7a2da734f/elements'
23:18:26.250 [AsyncHttpClient-1-2] DEBUG org.asynchttpclient.netty.handler.HttpHandler - 

Request DefaultHttpRequest(decodeResult: success, version: HTTP/1.1)
POST /session/067fb0df5f021f17fb59c8f7a2da734f/elements HTTP/1.1
User-Agent: selenium/4.1.2 (java windows)
Content-Length: 102
Content-Type: application/json; charset=utf-8
host: localhost:59242
accept: */*

Response DefaultHttpResponse(decodeResult: success, version: HTTP/1.1)
HTTP/1.1 200 OK
Content-Type: application/json; charset=utf-8
cache-control: no-cache
content-length: 3803

23:18:26.251 [AsyncHttpClient-1-2] DEBUG org.asynchttpclient.netty.channel.ChannelManager - Adding key: http://localhost:59242 for channel [id: 0xf864d399, L:/127.0.0.1:63939 - R:localhost/127.0.0.1:59242]
23:18:26.255 [Forwarding findElements on session 067fb0df5f021f17fb59c8f7a2da734f to remote] DEBUG org.asynchttpclient.netty.request.NettyRequestSender - Using pooled Channel '[id: 0xf864d399, L:/127.0.0.1:63939 - R:localhost/127.0.0.1:59242]' for 'POST' to 'http://localhost:59242/session/067fb0df5f021f17fb59c8f7a2da734f/elements'
23:18:26.255 [Forwarding findElements on session 067fb0df5f021f17fb59c8f7a2da734f to remote] DEBUG org.asynchttpclient.netty.request.NettyRequestSender - Using open Channel [id: 0xf864d399, L:/127.0.0.1:63939 - R:localhost/127.0.0.1:59242] for POST '/session/067fb0df5f021f17fb59c8f7a2da734f/elements'
23:18:26.270 [AsyncHttpClient-1-2] DEBUG org.asynchttpclient.netty.handler.HttpHandler - 

Request DefaultHttpRequest(decodeResult: success, version: HTTP/1.1)
POST /session/067fb0df5f021f17fb59c8f7a2da734f/elements HTTP/1.1
User-Agent: selenium/4.1.2 (java windows)
Content-Length: 102
Content-Type: application/json; charset=utf-8
host: localhost:59242
accept: */*

Response DefaultHttpResponse(decodeResult: success, version: HTTP/1.1)
HTTP/1.1 200 OK
Content-Type: application/json; charset=utf-8
cache-control: no-cache
content-length: 3803

23:18:26.270 [AsyncHttpClient-1-2] DEBUG org.asynchttpclient.netty.channel.ChannelManager - Adding key: http://localhost:59242 for channel [id: 0xf864d399, L:/127.0.0.1:63939 - R:localhost/127.0.0.1:59242]
23:18:26.272 [Forwarding getElementText on session 067fb0df5f021f17fb59c8f7a2da734f to remote] DEBUG org.asynchttpclient.netty.request.NettyRequestSender - Using pooled Channel '[id: 0xf864d399, L:/127.0.0.1:63939 - R:localhost/127.0.0.1:59242]' for 'GET' to 'http://localhost:59242/session/067fb0df5f021f17fb59c8f7a2da734f/element/04ee6e81-a45f-47b3-be68-5bbe58352786/text'
23:18:26.273 [Forwarding getElementText on session 067fb0df5f021f17fb59c8f7a2da734f to remote] DEBUG org.asynchttpclient.netty.request.NettyRequestSender - Using open Channel [id: 0xf864d399, L:/127.0.0.1:63939 - R:localhost/127.0.0.1:59242] for GET '/session/067fb0df5f021f17fb59c8f7a2da734f/element/04ee6e81-a45f-47b3-be68-5bbe58352786/text'
23:18:26.288 [AsyncHttpClient-1-2] DEBUG org.asynchttpclient.netty.handler.HttpHandler - 

Request DefaultFullHttpRequest(decodeResult: success, version: HTTP/1.1, content: EmptyByteBufBE)
GET /session/067fb0df5f021f17fb59c8f7a2da734f/element/04ee6e81-a45f-47b3-be68-5bbe58352786/text HTTP/1.1
User-Agent: selenium/4.1.2 (java windows)
Cache-Control: no-cache
Content-Type: application/json; charset=utf-8
host: localhost:59242
accept: */*

Response DefaultHttpResponse(decodeResult: success, version: HTTP/1.1)
HTTP/1.1 200 OK
Content-Type: application/json; charset=utf-8
cache-control: no-cache
content-length: 67

23:18:26.289 [AsyncHttpClient-1-2] DEBUG org.asynchttpclient.netty.channel.ChannelManager - Adding key: http://localhost:59242 for channel [id: 0xf864d399, L:/127.0.0.1:63939 - R:localhost/127.0.0.1:59242]
23:18:26.290 [Forwarding findElements on session 067fb0df5f021f17fb59c8f7a2da734f to remote] DEBUG org.asynchttpclient.netty.request.NettyRequestSender - Using pooled Channel '[id: 0xf864d399, L:/127.0.0.1:63939 - R:localhost/127.0.0.1:59242]' for 'POST' to 'http://localhost:59242/session/067fb0df5f021f17fb59c8f7a2da734f/elements'
23:18:26.290 [Forwarding findElements on session 067fb0df5f021f17fb59c8f7a2da734f to remote] DEBUG org.asynchttpclient.netty.request.NettyRequestSender - Using open Channel [id: 0xf864d399, L:/127.0.0.1:63939 - R:localhost/127.0.0.1:59242] for POST '/session/067fb0df5f021f17fb59c8f7a2da734f/elements'
23:18:26.300 [AsyncHttpClient-1-2] DEBUG org.asynchttpclient.netty.handler.HttpHandler - 

Request DefaultHttpRequest(decodeResult: success, version: HTTP/1.1)
POST /session/067fb0df5f021f17fb59c8f7a2da734f/elements HTTP/1.1
User-Agent: selenium/4.1.2 (java windows)
Content-Length: 102
Content-Type: application/json; charset=utf-8
host: localhost:59242
accept: */*

Response DefaultHttpResponse(decodeResult: success, version: HTTP/1.1)
HTTP/1.1 200 OK
Content-Type: application/json; charset=utf-8
cache-control: no-cache
content-length: 3803

23:18:26.300 [AsyncHttpClient-1-2] DEBUG org.asynchttpclient.netty.channel.ChannelManager - Adding key: http://localhost:59242 for channel [id: 0xf864d399, L:/127.0.0.1:63939 - R:localhost/127.0.0.1:59242]
23:18:26.303 [Forwarding findElements on session 067fb0df5f021f17fb59c8f7a2da734f to remote] DEBUG org.asynchttpclient.netty.request.NettyRequestSender - Using pooled Channel '[id: 0xf864d399, L:/127.0.0.1:63939 - R:localhost/127.0.0.1:59242]' for 'POST' to 'http://localhost:59242/session/067fb0df5f021f17fb59c8f7a2da734f/elements'
23:18:26.303 [Forwarding findElements on session 067fb0df5f021f17fb59c8f7a2da734f to remote] DEBUG org.asynchttpclient.netty.request.NettyRequestSender - Using open Channel [id: 0xf864d399, L:/127.0.0.1:63939 - R:localhost/127.0.0.1:59242] for POST '/session/067fb0df5f021f17fb59c8f7a2da734f/elements'
23:18:26.314 [AsyncHttpClient-1-2] DEBUG org.asynchttpclient.netty.handler.HttpHandler - 

Request DefaultHttpRequest(decodeResult: success, version: HTTP/1.1)
POST /session/067fb0df5f021f17fb59c8f7a2da734f/elements HTTP/1.1
User-Agent: selenium/4.1.2 (java windows)
Content-Length: 102
Content-Type: application/json; charset=utf-8
host: localhost:59242
accept: */*

Response DefaultHttpResponse(decodeResult: success, version: HTTP/1.1)
HTTP/1.1 200 OK
Content-Type: application/json; charset=utf-8
cache-control: no-cache
content-length: 3803

23:18:26.315 [AsyncHttpClient-1-2] DEBUG org.asynchttpclient.netty.channel.ChannelManager - Adding key: http://localhost:59242 for channel [id: 0xf864d399, L:/127.0.0.1:63939 - R:localhost/127.0.0.1:59242]
23:18:26.319 [Forwarding getElementText on session 067fb0df5f021f17fb59c8f7a2da734f to remote] DEBUG org.asynchttpclient.netty.request.NettyRequestSender - Using pooled Channel '[id: 0xf864d399, L:/127.0.0.1:63939 - R:localhost/127.0.0.1:59242]' for 'GET' to 'http://localhost:59242/session/067fb0df5f021f17fb59c8f7a2da734f/element/51bccac3-b969-47f4-9789-3c937124280e/text'
23:18:26.319 [Forwarding getElementText on session 067fb0df5f021f17fb59c8f7a2da734f to remote] DEBUG org.asynchttpclient.netty.request.NettyRequestSender - Using open Channel [id: 0xf864d399, L:/127.0.0.1:63939 - R:localhost/127.0.0.1:59242] for GET '/session/067fb0df5f021f17fb59c8f7a2da734f/element/51bccac3-b969-47f4-9789-3c937124280e/text'
23:18:26.334 [AsyncHttpClient-1-2] DEBUG org.asynchttpclient.netty.handler.HttpHandler - 

Request DefaultFullHttpRequest(decodeResult: success, version: HTTP/1.1, content: EmptyByteBufBE)
GET /session/067fb0df5f021f17fb59c8f7a2da734f/element/51bccac3-b969-47f4-9789-3c937124280e/text HTTP/1.1
User-Agent: selenium/4.1.2 (java windows)
Cache-Control: no-cache
Content-Type: application/json; charset=utf-8
host: localhost:59242
accept: */*

Response DefaultHttpResponse(decodeResult: success, version: HTTP/1.1)
HTTP/1.1 200 OK
Content-Type: application/json; charset=utf-8
cache-control: no-cache
content-length: 50

23:18:26.335 [AsyncHttpClient-1-2] DEBUG org.asynchttpclient.netty.channel.ChannelManager - Adding key: http://localhost:59242 for channel [id: 0xf864d399, L:/127.0.0.1:63939 - R:localhost/127.0.0.1:59242]
23:18:26.336 [Forwarding findElements on session 067fb0df5f021f17fb59c8f7a2da734f to remote] DEBUG org.asynchttpclient.netty.request.NettyRequestSender - Using pooled Channel '[id: 0xf864d399, L:/127.0.0.1:63939 - R:localhost/127.0.0.1:59242]' for 'POST' to 'http://localhost:59242/session/067fb0df5f021f17fb59c8f7a2da734f/elements'
23:18:26.336 [Forwarding findElements on session 067fb0df5f021f17fb59c8f7a2da734f to remote] DEBUG org.asynchttpclient.netty.request.NettyRequestSender - Using open Channel [id: 0xf864d399, L:/127.0.0.1:63939 - R:localhost/127.0.0.1:59242] for POST '/session/067fb0df5f021f17fb59c8f7a2da734f/elements'
23:18:26.348 [AsyncHttpClient-1-2] DEBUG org.asynchttpclient.netty.handler.HttpHandler - 

Request DefaultHttpRequest(decodeResult: success, version: HTTP/1.1)
POST /session/067fb0df5f021f17fb59c8f7a2da734f/elements HTTP/1.1
User-Agent: selenium/4.1.2 (java windows)
Content-Length: 102
Content-Type: application/json; charset=utf-8
host: localhost:59242
accept: */*

Response DefaultHttpResponse(decodeResult: success, version: HTTP/1.1)
HTTP/1.1 200 OK
Content-Type: application/json; charset=utf-8
cache-control: no-cache
content-length: 3803

23:18:26.348 [AsyncHttpClient-1-2] DEBUG org.asynchttpclient.netty.channel.ChannelManager - Adding key: http://localhost:59242 for channel [id: 0xf864d399, L:/127.0.0.1:63939 - R:localhost/127.0.0.1:59242]
23:18:26.351 [Forwarding findElements on session 067fb0df5f021f17fb59c8f7a2da734f to remote] DEBUG org.asynchttpclient.netty.request.NettyRequestSender - Using pooled Channel '[id: 0xf864d399, L:/127.0.0.1:63939 - R:localhost/127.0.0.1:59242]' for 'POST' to 'http://localhost:59242/session/067fb0df5f021f17fb59c8f7a2da734f/elements'
23:18:26.352 [Forwarding findElements on session 067fb0df5f021f17fb59c8f7a2da734f to remote] DEBUG org.asynchttpclient.netty.request.NettyRequestSender - Using open Channel [id: 0xf864d399, L:/127.0.0.1:63939 - R:localhost/127.0.0.1:59242] for POST '/session/067fb0df5f021f17fb59c8f7a2da734f/elements'
23:18:26.363 [AsyncHttpClient-1-2] DEBUG org.asynchttpclient.netty.handler.HttpHandler - 

Request DefaultHttpRequest(decodeResult: success, version: HTTP/1.1)
POST /session/067fb0df5f021f17fb59c8f7a2da734f/elements HTTP/1.1
User-Agent: selenium/4.1.2 (java windows)
Content-Length: 102
Content-Type: application/json; charset=utf-8
host: localhost:59242
accept: */*

Response DefaultHttpResponse(decodeResult: success, version: HTTP/1.1)
HTTP/1.1 200 OK
Content-Type: application/json; charset=utf-8
cache-control: no-cache
content-length: 3803

23:18:26.364 [AsyncHttpClient-1-2] DEBUG org.asynchttpclient.netty.channel.ChannelManager - Adding key: http://localhost:59242 for channel [id: 0xf864d399, L:/127.0.0.1:63939 - R:localhost/127.0.0.1:59242]
23:18:26.367 [Forwarding getElementText on session 067fb0df5f021f17fb59c8f7a2da734f to remote] DEBUG org.asynchttpclient.netty.request.NettyRequestSender - Using pooled Channel '[id: 0xf864d399, L:/127.0.0.1:63939 - R:localhost/127.0.0.1:59242]' for 'GET' to 'http://localhost:59242/session/067fb0df5f021f17fb59c8f7a2da734f/element/0ea9ca49-f83e-4997-8009-4ab24df115d7/text'
23:18:26.367 [Forwarding getElementText on session 067fb0df5f021f17fb59c8f7a2da734f to remote] DEBUG org.asynchttpclient.netty.request.NettyRequestSender - Using open Channel [id: 0xf864d399, L:/127.0.0.1:63939 - R:localhost/127.0.0.1:59242] for GET '/session/067fb0df5f021f17fb59c8f7a2da734f/element/0ea9ca49-f83e-4997-8009-4ab24df115d7/text'
23:18:26.380 [AsyncHttpClient-1-2] DEBUG org.asynchttpclient.netty.handler.HttpHandler - 

Request DefaultFullHttpRequest(decodeResult: success, version: HTTP/1.1, content: EmptyByteBufBE)
GET /session/067fb0df5f021f17fb59c8f7a2da734f/element/0ea9ca49-f83e-4997-8009-4ab24df115d7/text HTTP/1.1
User-Agent: selenium/4.1.2 (java windows)
Cache-Control: no-cache
Content-Type: application/json; charset=utf-8
host: localhost:59242
accept: */*

Response DefaultHttpResponse(decodeResult: success, version: HTTP/1.1)
HTTP/1.1 200 OK
Content-Type: application/json; charset=utf-8
cache-control: no-cache
content-length: 58

23:18:26.381 [AsyncHttpClient-1-2] DEBUG org.asynchttpclient.netty.channel.ChannelManager - Adding key: http://localhost:59242 for channel [id: 0xf864d399, L:/127.0.0.1:63939 - R:localhost/127.0.0.1:59242]
23:18:26.383 [Forwarding findElements on session 067fb0df5f021f17fb59c8f7a2da734f to remote] DEBUG org.asynchttpclient.netty.request.NettyRequestSender - Using pooled Channel '[id: 0xf864d399, L:/127.0.0.1:63939 - R:localhost/127.0.0.1:59242]' for 'POST' to 'http://localhost:59242/session/067fb0df5f021f17fb59c8f7a2da734f/elements'
23:18:26.383 [Forwarding findElements on session 067fb0df5f021f17fb59c8f7a2da734f to remote] DEBUG org.asynchttpclient.netty.request.NettyRequestSender - Using open Channel [id: 0xf864d399, L:/127.0.0.1:63939 - R:localhost/127.0.0.1:59242] for POST '/session/067fb0df5f021f17fb59c8f7a2da734f/elements'
23:18:26.393 [AsyncHttpClient-1-2] DEBUG org.asynchttpclient.netty.handler.HttpHandler - 

Request DefaultHttpRequest(decodeResult: success, version: HTTP/1.1)
POST /session/067fb0df5f021f17fb59c8f7a2da734f/elements HTTP/1.1
User-Agent: selenium/4.1.2 (java windows)
Content-Length: 102
Content-Type: application/json; charset=utf-8
host: localhost:59242
accept: */*

Response DefaultHttpResponse(decodeResult: success, version: HTTP/1.1)
HTTP/1.1 200 OK
Content-Type: application/json; charset=utf-8
cache-control: no-cache
content-length: 3803

23:18:26.394 [AsyncHttpClient-1-2] DEBUG org.asynchttpclient.netty.channel.ChannelManager - Adding key: http://localhost:59242 for channel [id: 0xf864d399, L:/127.0.0.1:63939 - R:localhost/127.0.0.1:59242]
23:18:26.403 [Forwarding findElements on session 067fb0df5f021f17fb59c8f7a2da734f to remote] DEBUG org.asynchttpclient.netty.request.NettyRequestSender - Using pooled Channel '[id: 0xf864d399, L:/127.0.0.1:63939 - R:localhost/127.0.0.1:59242]' for 'POST' to 'http://localhost:59242/session/067fb0df5f021f17fb59c8f7a2da734f/elements'
23:18:26.404 [Forwarding findElements on session 067fb0df5f021f17fb59c8f7a2da734f to remote] DEBUG org.asynchttpclient.netty.request.NettyRequestSender - Using open Channel [id: 0xf864d399, L:/127.0.0.1:63939 - R:localhost/127.0.0.1:59242] for POST '/session/067fb0df5f021f17fb59c8f7a2da734f/elements'
23:18:26.413 [AsyncHttpClient-1-2] DEBUG org.asynchttpclient.netty.handler.HttpHandler - 

Request DefaultHttpRequest(decodeResult: success, version: HTTP/1.1)
POST /session/067fb0df5f021f17fb59c8f7a2da734f/elements HTTP/1.1
User-Agent: selenium/4.1.2 (java windows)
Content-Length: 102
Content-Type: application/json; charset=utf-8
host: localhost:59242
accept: */*

Response DefaultHttpResponse(decodeResult: success, version: HTTP/1.1)
HTTP/1.1 200 OK
Content-Type: application/json; charset=utf-8
cache-control: no-cache
content-length: 3803

23:18:26.414 [AsyncHttpClient-1-2] DEBUG org.asynchttpclient.netty.channel.ChannelManager - Adding key: http://localhost:59242 for channel [id: 0xf864d399, L:/127.0.0.1:63939 - R:localhost/127.0.0.1:59242]
23:18:26.417 [Forwarding getElementText on session 067fb0df5f021f17fb59c8f7a2da734f to remote] DEBUG org.asynchttpclient.netty.request.NettyRequestSender - Using pooled Channel '[id: 0xf864d399, L:/127.0.0.1:63939 - R:localhost/127.0.0.1:59242]' for 'GET' to 'http://localhost:59242/session/067fb0df5f021f17fb59c8f7a2da734f/element/5745d0cc-14fd-485f-829f-02a0cdf74c72/text'
23:18:26.417 [Forwarding getElementText on session 067fb0df5f021f17fb59c8f7a2da734f to remote] DEBUG org.asynchttpclient.netty.request.NettyRequestSender - Using open Channel [id: 0xf864d399, L:/127.0.0.1:63939 - R:localhost/127.0.0.1:59242] for GET '/session/067fb0df5f021f17fb59c8f7a2da734f/element/5745d0cc-14fd-485f-829f-02a0cdf74c72/text'
23:18:26.431 [AsyncHttpClient-1-2] DEBUG org.asynchttpclient.netty.handler.HttpHandler - 

Request DefaultFullHttpRequest(decodeResult: success, version: HTTP/1.1, content: EmptyByteBufBE)
GET /session/067fb0df5f021f17fb59c8f7a2da734f/element/5745d0cc-14fd-485f-829f-02a0cdf74c72/text HTTP/1.1
User-Agent: selenium/4.1.2 (java windows)
Cache-Control: no-cache
Content-Type: application/json; charset=utf-8
host: localhost:59242
accept: */*

Response DefaultHttpResponse(decodeResult: success, version: HTTP/1.1)
HTTP/1.1 200 OK
Content-Type: application/json; charset=utf-8
cache-control: no-cache
content-length: 45

23:18:26.431 [AsyncHttpClient-1-2] DEBUG org.asynchttpclient.netty.channel.ChannelManager - Adding key: http://localhost:59242 for channel [id: 0xf864d399, L:/127.0.0.1:63939 - R:localhost/127.0.0.1:59242]
23:18:26.434 [Forwarding findElements on session 067fb0df5f021f17fb59c8f7a2da734f to remote] DEBUG org.asynchttpclient.netty.request.NettyRequestSender - Using pooled Channel '[id: 0xf864d399, L:/127.0.0.1:63939 - R:localhost/127.0.0.1:59242]' for 'POST' to 'http://localhost:59242/session/067fb0df5f021f17fb59c8f7a2da734f/elements'
23:18:26.434 [Forwarding findElements on session 067fb0df5f021f17fb59c8f7a2da734f to remote] DEBUG org.asynchttpclient.netty.request.NettyRequestSender - Using open Channel [id: 0xf864d399, L:/127.0.0.1:63939 - R:localhost/127.0.0.1:59242] for POST '/session/067fb0df5f021f17fb59c8f7a2da734f/elements'
23:18:26.445 [AsyncHttpClient-1-2] DEBUG org.asynchttpclient.netty.handler.HttpHandler - 

Request DefaultHttpRequest(decodeResult: success, version: HTTP/1.1)
POST /session/067fb0df5f021f17fb59c8f7a2da734f/elements HTTP/1.1
User-Agent: selenium/4.1.2 (java windows)
Content-Length: 102
Content-Type: application/json; charset=utf-8
host: localhost:59242
accept: */*

Response DefaultHttpResponse(decodeResult: success, version: HTTP/1.1)
HTTP/1.1 200 OK
Content-Type: application/json; charset=utf-8
cache-control: no-cache
content-length: 3803

23:18:26.446 [AsyncHttpClient-1-2] DEBUG org.asynchttpclient.netty.channel.ChannelManager - Adding key: http://localhost:59242 for channel [id: 0xf864d399, L:/127.0.0.1:63939 - R:localhost/127.0.0.1:59242]
23:18:26.449 [Forwarding findElements on session 067fb0df5f021f17fb59c8f7a2da734f to remote] DEBUG org.asynchttpclient.netty.request.NettyRequestSender - Using pooled Channel '[id: 0xf864d399, L:/127.0.0.1:63939 - R:localhost/127.0.0.1:59242]' for 'POST' to 'http://localhost:59242/session/067fb0df5f021f17fb59c8f7a2da734f/elements'
23:18:26.449 [Forwarding findElements on session 067fb0df5f021f17fb59c8f7a2da734f to remote] DEBUG org.asynchttpclient.netty.request.NettyRequestSender - Using open Channel [id: 0xf864d399, L:/127.0.0.1:63939 - R:localhost/127.0.0.1:59242] for POST '/session/067fb0df5f021f17fb59c8f7a2da734f/elements'
23:18:26.462 [AsyncHttpClient-1-2] DEBUG org.asynchttpclient.netty.handler.HttpHandler - 

Request DefaultHttpRequest(decodeResult: success, version: HTTP/1.1)
POST /session/067fb0df5f021f17fb59c8f7a2da734f/elements HTTP/1.1
User-Agent: selenium/4.1.2 (java windows)
Content-Length: 102
Content-Type: application/json; charset=utf-8
host: localhost:59242
accept: */*

Response DefaultHttpResponse(decodeResult: success, version: HTTP/1.1)
HTTP/1.1 200 OK
Content-Type: application/json; charset=utf-8
cache-control: no-cache
content-length: 3803

23:18:26.462 [AsyncHttpClient-1-2] DEBUG org.asynchttpclient.netty.channel.ChannelManager - Adding key: http://localhost:59242 for channel [id: 0xf864d399, L:/127.0.0.1:63939 - R:localhost/127.0.0.1:59242]
23:18:26.465 [Forwarding getElementText on session 067fb0df5f021f17fb59c8f7a2da734f to remote] DEBUG org.asynchttpclient.netty.request.NettyRequestSender - Using pooled Channel '[id: 0xf864d399, L:/127.0.0.1:63939 - R:localhost/127.0.0.1:59242]' for 'GET' to 'http://localhost:59242/session/067fb0df5f021f17fb59c8f7a2da734f/element/b87045d1-c5c8-4419-9e79-ddd7c45af8e3/text'
23:18:26.465 [Forwarding getElementText on session 067fb0df5f021f17fb59c8f7a2da734f to remote] DEBUG org.asynchttpclient.netty.request.NettyRequestSender - Using open Channel [id: 0xf864d399, L:/127.0.0.1:63939 - R:localhost/127.0.0.1:59242] for GET '/session/067fb0df5f021f17fb59c8f7a2da734f/element/b87045d1-c5c8-4419-9e79-ddd7c45af8e3/text'
23:18:26.478 [AsyncHttpClient-1-2] DEBUG org.asynchttpclient.netty.handler.HttpHandler - 

Request DefaultFullHttpRequest(decodeResult: success, version: HTTP/1.1, content: EmptyByteBufBE)
GET /session/067fb0df5f021f17fb59c8f7a2da734f/element/b87045d1-c5c8-4419-9e79-ddd7c45af8e3/text HTTP/1.1
User-Agent: selenium/4.1.2 (java windows)
Cache-Control: no-cache
Content-Type: application/json; charset=utf-8
host: localhost:59242
accept: */*

Response DefaultHttpResponse(decodeResult: success, version: HTTP/1.1)
HTTP/1.1 200 OK
Content-Type: application/json; charset=utf-8
cache-control: no-cache
content-length: 46

23:18:26.478 [AsyncHttpClient-1-2] DEBUG org.asynchttpclient.netty.channel.ChannelManager - Adding key: http://localhost:59242 for channel [id: 0xf864d399, L:/127.0.0.1:63939 - R:localhost/127.0.0.1:59242]
23:18:26.480 [Forwarding findElements on session 067fb0df5f021f17fb59c8f7a2da734f to remote] DEBUG org.asynchttpclient.netty.request.NettyRequestSender - Using pooled Channel '[id: 0xf864d399, L:/127.0.0.1:63939 - R:localhost/127.0.0.1:59242]' for 'POST' to 'http://localhost:59242/session/067fb0df5f021f17fb59c8f7a2da734f/elements'
23:18:26.480 [Forwarding findElements on session 067fb0df5f021f17fb59c8f7a2da734f to remote] DEBUG org.asynchttpclient.netty.request.NettyRequestSender - Using open Channel [id: 0xf864d399, L:/127.0.0.1:63939 - R:localhost/127.0.0.1:59242] for POST '/session/067fb0df5f021f17fb59c8f7a2da734f/elements'
23:18:26.488 [AsyncHttpClient-1-2] DEBUG org.asynchttpclient.netty.handler.HttpHandler - 

Request DefaultHttpRequest(decodeResult: success, version: HTTP/1.1)
POST /session/067fb0df5f021f17fb59c8f7a2da734f/elements HTTP/1.1
User-Agent: selenium/4.1.2 (java windows)
Content-Length: 102
Content-Type: application/json; charset=utf-8
host: localhost:59242
accept: */*

Response DefaultHttpResponse(decodeResult: success, version: HTTP/1.1)
HTTP/1.1 200 OK
Content-Type: application/json; charset=utf-8
cache-control: no-cache
content-length: 3803

23:18:26.488 [AsyncHttpClient-1-2] DEBUG org.asynchttpclient.netty.channel.ChannelManager - Adding key: http://localhost:59242 for channel [id: 0xf864d399, L:/127.0.0.1:63939 - R:localhost/127.0.0.1:59242]
23:18:26.491 [Forwarding findElements on session 067fb0df5f021f17fb59c8f7a2da734f to remote] DEBUG org.asynchttpclient.netty.request.NettyRequestSender - Using pooled Channel '[id: 0xf864d399, L:/127.0.0.1:63939 - R:localhost/127.0.0.1:59242]' for 'POST' to 'http://localhost:59242/session/067fb0df5f021f17fb59c8f7a2da734f/elements'
23:18:26.491 [Forwarding findElements on session 067fb0df5f021f17fb59c8f7a2da734f to remote] DEBUG org.asynchttpclient.netty.request.NettyRequestSender - Using open Channel [id: 0xf864d399, L:/127.0.0.1:63939 - R:localhost/127.0.0.1:59242] for POST '/session/067fb0df5f021f17fb59c8f7a2da734f/elements'
23:18:26.502 [AsyncHttpClient-1-2] DEBUG org.asynchttpclient.netty.handler.HttpHandler - 

Request DefaultHttpRequest(decodeResult: success, version: HTTP/1.1)
POST /session/067fb0df5f021f17fb59c8f7a2da734f/elements HTTP/1.1
User-Agent: selenium/4.1.2 (java windows)
Content-Length: 102
Content-Type: application/json; charset=utf-8
host: localhost:59242
accept: */*

Response DefaultHttpResponse(decodeResult: success, version: HTTP/1.1)
HTTP/1.1 200 OK
Content-Type: application/json; charset=utf-8
cache-control: no-cache
content-length: 3803

23:18:26.503 [AsyncHttpClient-1-2] DEBUG org.asynchttpclient.netty.channel.ChannelManager - Adding key: http://localhost:59242 for channel [id: 0xf864d399, L:/127.0.0.1:63939 - R:localhost/127.0.0.1:59242]
23:18:26.505 [Forwarding getElementText on session 067fb0df5f021f17fb59c8f7a2da734f to remote] DEBUG org.asynchttpclient.netty.request.NettyRequestSender - Using pooled Channel '[id: 0xf864d399, L:/127.0.0.1:63939 - R:localhost/127.0.0.1:59242]' for 'GET' to 'http://localhost:59242/session/067fb0df5f021f17fb59c8f7a2da734f/element/4624a4f0-3845-4f0c-b58c-0f806e1f3b3b/text'
23:18:26.505 [Forwarding getElementText on session 067fb0df5f021f17fb59c8f7a2da734f to remote] DEBUG org.asynchttpclient.netty.request.NettyRequestSender - Using open Channel [id: 0xf864d399, L:/127.0.0.1:63939 - R:localhost/127.0.0.1:59242] for GET '/session/067fb0df5f021f17fb59c8f7a2da734f/element/4624a4f0-3845-4f0c-b58c-0f806e1f3b3b/text'
23:18:26.519 [AsyncHttpClient-1-2] DEBUG org.asynchttpclient.netty.handler.HttpHandler - 

Request DefaultFullHttpRequest(decodeResult: success, version: HTTP/1.1, content: EmptyByteBufBE)
GET /session/067fb0df5f021f17fb59c8f7a2da734f/element/4624a4f0-3845-4f0c-b58c-0f806e1f3b3b/text HTTP/1.1
User-Agent: selenium/4.1.2 (java windows)
Cache-Control: no-cache
Content-Type: application/json; charset=utf-8
host: localhost:59242
accept: */*

Response DefaultHttpResponse(decodeResult: success, version: HTTP/1.1)
HTTP/1.1 200 OK
Content-Type: application/json; charset=utf-8
cache-control: no-cache
content-length: 54

23:18:26.520 [AsyncHttpClient-1-2] DEBUG org.asynchttpclient.netty.channel.ChannelManager - Adding key: http://localhost:59242 for channel [id: 0xf864d399, L:/127.0.0.1:63939 - R:localhost/127.0.0.1:59242]
23:18:26.522 [Forwarding findElements on session 067fb0df5f021f17fb59c8f7a2da734f to remote] DEBUG org.asynchttpclient.netty.request.NettyRequestSender - Using pooled Channel '[id: 0xf864d399, L:/127.0.0.1:63939 - R:localhost/127.0.0.1:59242]' for 'POST' to 'http://localhost:59242/session/067fb0df5f021f17fb59c8f7a2da734f/elements'
23:18:26.522 [Forwarding findElements on session 067fb0df5f021f17fb59c8f7a2da734f to remote] DEBUG org.asynchttpclient.netty.request.NettyRequestSender - Using open Channel [id: 0xf864d399, L:/127.0.0.1:63939 - R:localhost/127.0.0.1:59242] for POST '/session/067fb0df5f021f17fb59c8f7a2da734f/elements'
23:18:26.534 [AsyncHttpClient-1-2] DEBUG org.asynchttpclient.netty.handler.HttpHandler - 

Request DefaultHttpRequest(decodeResult: success, version: HTTP/1.1)
POST /session/067fb0df5f021f17fb59c8f7a2da734f/elements HTTP/1.1
User-Agent: selenium/4.1.2 (java windows)
Content-Length: 102
Content-Type: application/json; charset=utf-8
host: localhost:59242
accept: */*

Response DefaultHttpResponse(decodeResult: success, version: HTTP/1.1)
HTTP/1.1 200 OK
Content-Type: application/json; charset=utf-8
cache-control: no-cache
content-length: 3803

23:18:26.536 [AsyncHttpClient-1-2] DEBUG org.asynchttpclient.netty.channel.ChannelManager - Adding key: http://localhost:59242 for channel [id: 0xf864d399, L:/127.0.0.1:63939 - R:localhost/127.0.0.1:59242]
23:18:26.538 [Forwarding findElements on session 067fb0df5f021f17fb59c8f7a2da734f to remote] DEBUG org.asynchttpclient.netty.request.NettyRequestSender - Using pooled Channel '[id: 0xf864d399, L:/127.0.0.1:63939 - R:localhost/127.0.0.1:59242]' for 'POST' to 'http://localhost:59242/session/067fb0df5f021f17fb59c8f7a2da734f/elements'
23:18:26.538 [Forwarding findElements on session 067fb0df5f021f17fb59c8f7a2da734f to remote] DEBUG org.asynchttpclient.netty.request.NettyRequestSender - Using open Channel [id: 0xf864d399, L:/127.0.0.1:63939 - R:localhost/127.0.0.1:59242] for POST '/session/067fb0df5f021f17fb59c8f7a2da734f/elements'
23:18:26.548 [AsyncHttpClient-1-2] DEBUG org.asynchttpclient.netty.handler.HttpHandler - 

Request DefaultHttpRequest(decodeResult: success, version: HTTP/1.1)
POST /session/067fb0df5f021f17fb59c8f7a2da734f/elements HTTP/1.1
User-Agent: selenium/4.1.2 (java windows)
Content-Length: 102
Content-Type: application/json; charset=utf-8
host: localhost:59242
accept: */*

Response DefaultHttpResponse(decodeResult: success, version: HTTP/1.1)
HTTP/1.1 200 OK
Content-Type: application/json; charset=utf-8
cache-control: no-cache
content-length: 3803

23:18:26.549 [AsyncHttpClient-1-2] DEBUG org.asynchttpclient.netty.channel.ChannelManager - Adding key: http://localhost:59242 for channel [id: 0xf864d399, L:/127.0.0.1:63939 - R:localhost/127.0.0.1:59242]
23:18:26.551 [Forwarding getElementText on session 067fb0df5f021f17fb59c8f7a2da734f to remote] DEBUG org.asynchttpclient.netty.request.NettyRequestSender - Using pooled Channel '[id: 0xf864d399, L:/127.0.0.1:63939 - R:localhost/127.0.0.1:59242]' for 'GET' to 'http://localhost:59242/session/067fb0df5f021f17fb59c8f7a2da734f/element/34dcc768-1bae-4e30-82f4-b9cd0a8fd7c7/text'
23:18:26.551 [Forwarding getElementText on session 067fb0df5f021f17fb59c8f7a2da734f to remote] DEBUG org.asynchttpclient.netty.request.NettyRequestSender - Using open Channel [id: 0xf864d399, L:/127.0.0.1:63939 - R:localhost/127.0.0.1:59242] for GET '/session/067fb0df5f021f17fb59c8f7a2da734f/element/34dcc768-1bae-4e30-82f4-b9cd0a8fd7c7/text'
23:18:26.565 [AsyncHttpClient-1-2] DEBUG org.asynchttpclient.netty.handler.HttpHandler - 

Request DefaultFullHttpRequest(decodeResult: success, version: HTTP/1.1, content: EmptyByteBufBE)
GET /session/067fb0df5f021f17fb59c8f7a2da734f/element/34dcc768-1bae-4e30-82f4-b9cd0a8fd7c7/text HTTP/1.1
User-Agent: selenium/4.1.2 (java windows)
Cache-Control: no-cache
Content-Type: application/json; charset=utf-8
host: localhost:59242
accept: */*

Response DefaultHttpResponse(decodeResult: success, version: HTTP/1.1)
HTTP/1.1 200 OK
Content-Type: application/json; charset=utf-8
cache-control: no-cache
content-length: 43

23:18:26.566 [AsyncHttpClient-1-2] DEBUG org.asynchttpclient.netty.channel.ChannelManager - Adding key: http://localhost:59242 for channel [id: 0xf864d399, L:/127.0.0.1:63939 - R:localhost/127.0.0.1:59242]
23:18:26.568 [Forwarding findElements on session 067fb0df5f021f17fb59c8f7a2da734f to remote] DEBUG org.asynchttpclient.netty.request.NettyRequestSender - Using pooled Channel '[id: 0xf864d399, L:/127.0.0.1:63939 - R:localhost/127.0.0.1:59242]' for 'POST' to 'http://localhost:59242/session/067fb0df5f021f17fb59c8f7a2da734f/elements'
23:18:26.568 [Forwarding findElements on session 067fb0df5f021f17fb59c8f7a2da734f to remote] DEBUG org.asynchttpclient.netty.request.NettyRequestSender - Using open Channel [id: 0xf864d399, L:/127.0.0.1:63939 - R:localhost/127.0.0.1:59242] for POST '/session/067fb0df5f021f17fb59c8f7a2da734f/elements'
23:18:26.582 [AsyncHttpClient-1-2] DEBUG org.asynchttpclient.netty.handler.HttpHandler - 

Request DefaultHttpRequest(decodeResult: success, version: HTTP/1.1)
POST /session/067fb0df5f021f17fb59c8f7a2da734f/elements HTTP/1.1
User-Agent: selenium/4.1.2 (java windows)
Content-Length: 102
Content-Type: application/json; charset=utf-8
host: localhost:59242
accept: */*

Response DefaultHttpResponse(decodeResult: success, version: HTTP/1.1)
HTTP/1.1 200 OK
Content-Type: application/json; charset=utf-8
cache-control: no-cache
content-length: 3803

23:18:26.582 [AsyncHttpClient-1-2] DEBUG org.asynchttpclient.netty.channel.ChannelManager - Adding key: http://localhost:59242 for channel [id: 0xf864d399, L:/127.0.0.1:63939 - R:localhost/127.0.0.1:59242]
23:18:26.584 [Forwarding findElements on session 067fb0df5f021f17fb59c8f7a2da734f to remote] DEBUG org.asynchttpclient.netty.request.NettyRequestSender - Using pooled Channel '[id: 0xf864d399, L:/127.0.0.1:63939 - R:localhost/127.0.0.1:59242]' for 'POST' to 'http://localhost:59242/session/067fb0df5f021f17fb59c8f7a2da734f/elements'
23:18:26.585 [Forwarding findElements on session 067fb0df5f021f17fb59c8f7a2da734f to remote] DEBUG org.asynchttpclient.netty.request.NettyRequestSender - Using open Channel [id: 0xf864d399, L:/127.0.0.1:63939 - R:localhost/127.0.0.1:59242] for POST '/session/067fb0df5f021f17fb59c8f7a2da734f/elements'
23:18:26.595 [AsyncHttpClient-1-2] DEBUG org.asynchttpclient.netty.handler.HttpHandler - 

Request DefaultHttpRequest(decodeResult: success, version: HTTP/1.1)
POST /session/067fb0df5f021f17fb59c8f7a2da734f/elements HTTP/1.1
User-Agent: selenium/4.1.2 (java windows)
Content-Length: 102
Content-Type: application/json; charset=utf-8
host: localhost:59242
accept: */*

Response DefaultHttpResponse(decodeResult: success, version: HTTP/1.1)
HTTP/1.1 200 OK
Content-Type: application/json; charset=utf-8
cache-control: no-cache
content-length: 3803

23:18:26.596 [AsyncHttpClient-1-2] DEBUG org.asynchttpclient.netty.channel.ChannelManager - Adding key: http://localhost:59242 for channel [id: 0xf864d399, L:/127.0.0.1:63939 - R:localhost/127.0.0.1:59242]
23:18:26.598 [Forwarding getElementText on session 067fb0df5f021f17fb59c8f7a2da734f to remote] DEBUG org.asynchttpclient.netty.request.NettyRequestSender - Using pooled Channel '[id: 0xf864d399, L:/127.0.0.1:63939 - R:localhost/127.0.0.1:59242]' for 'GET' to 'http://localhost:59242/session/067fb0df5f021f17fb59c8f7a2da734f/element/57c5d5c7-2be7-43d4-9319-ef1ae65a2ca3/text'
23:18:26.598 [Forwarding getElementText on session 067fb0df5f021f17fb59c8f7a2da734f to remote] DEBUG org.asynchttpclient.netty.request.NettyRequestSender - Using open Channel [id: 0xf864d399, L:/127.0.0.1:63939 - R:localhost/127.0.0.1:59242] for GET '/session/067fb0df5f021f17fb59c8f7a2da734f/element/57c5d5c7-2be7-43d4-9319-ef1ae65a2ca3/text'
23:18:26.615 [AsyncHttpClient-1-2] DEBUG org.asynchttpclient.netty.handler.HttpHandler - 

Request DefaultFullHttpRequest(decodeResult: success, version: HTTP/1.1, content: EmptyByteBufBE)
GET /session/067fb0df5f021f17fb59c8f7a2da734f/element/57c5d5c7-2be7-43d4-9319-ef1ae65a2ca3/text HTTP/1.1
User-Agent: selenium/4.1.2 (java windows)
Cache-Control: no-cache
Content-Type: application/json; charset=utf-8
host: localhost:59242
accept: */*

Response DefaultHttpResponse(decodeResult: success, version: HTTP/1.1)
HTTP/1.1 200 OK
Content-Type: application/json; charset=utf-8
cache-control: no-cache
content-length: 65

23:18:26.615 [AsyncHttpClient-1-2] DEBUG org.asynchttpclient.netty.channel.ChannelManager - Adding key: http://localhost:59242 for channel [id: 0xf864d399, L:/127.0.0.1:63939 - R:localhost/127.0.0.1:59242]
23:18:26.617 [Forwarding findElements on session 067fb0df5f021f17fb59c8f7a2da734f to remote] DEBUG org.asynchttpclient.netty.request.NettyRequestSender - Using pooled Channel '[id: 0xf864d399, L:/127.0.0.1:63939 - R:localhost/127.0.0.1:59242]' for 'POST' to 'http://localhost:59242/session/067fb0df5f021f17fb59c8f7a2da734f/elements'
23:18:26.617 [Forwarding findElements on session 067fb0df5f021f17fb59c8f7a2da734f to remote] DEBUG org.asynchttpclient.netty.request.NettyRequestSender - Using open Channel [id: 0xf864d399, L:/127.0.0.1:63939 - R:localhost/127.0.0.1:59242] for POST '/session/067fb0df5f021f17fb59c8f7a2da734f/elements'
23:18:26.634 [AsyncHttpClient-1-2] DEBUG org.asynchttpclient.netty.handler.HttpHandler - 

Request DefaultHttpRequest(decodeResult: success, version: HTTP/1.1)
POST /session/067fb0df5f021f17fb59c8f7a2da734f/elements HTTP/1.1
User-Agent: selenium/4.1.2 (java windows)
Content-Length: 102
Content-Type: application/json; charset=utf-8
host: localhost:59242
accept: */*

Response DefaultHttpResponse(decodeResult: success, version: HTTP/1.1)
HTTP/1.1 200 OK
Content-Type: application/json; charset=utf-8
cache-control: no-cache
content-length: 3803

23:18:26.635 [AsyncHttpClient-1-2] DEBUG org.asynchttpclient.netty.channel.ChannelManager - Adding key: http://localhost:59242 for channel [id: 0xf864d399, L:/127.0.0.1:63939 - R:localhost/127.0.0.1:59242]
23:18:26.640 [Forwarding findElements on session 067fb0df5f021f17fb59c8f7a2da734f to remote] DEBUG org.asynchttpclient.netty.request.NettyRequestSender - Using pooled Channel '[id: 0xf864d399, L:/127.0.0.1:63939 - R:localhost/127.0.0.1:59242]' for 'POST' to 'http://localhost:59242/session/067fb0df5f021f17fb59c8f7a2da734f/elements'
23:18:26.640 [Forwarding findElements on session 067fb0df5f021f17fb59c8f7a2da734f to remote] DEBUG org.asynchttpclient.netty.request.NettyRequestSender - Using open Channel [id: 0xf864d399, L:/127.0.0.1:63939 - R:localhost/127.0.0.1:59242] for POST '/session/067fb0df5f021f17fb59c8f7a2da734f/elements'
23:18:26.655 [AsyncHttpClient-1-2] DEBUG org.asynchttpclient.netty.handler.HttpHandler - 

Request DefaultHttpRequest(decodeResult: success, version: HTTP/1.1)
POST /session/067fb0df5f021f17fb59c8f7a2da734f/elements HTTP/1.1
User-Agent: selenium/4.1.2 (java windows)
Content-Length: 102
Content-Type: application/json; charset=utf-8
host: localhost:59242
accept: */*

Response DefaultHttpResponse(decodeResult: success, version: HTTP/1.1)
HTTP/1.1 200 OK
Content-Type: application/json; charset=utf-8
cache-control: no-cache
content-length: 3803

23:18:26.656 [AsyncHttpClient-1-2] DEBUG org.asynchttpclient.netty.channel.ChannelManager - Adding key: http://localhost:59242 for channel [id: 0xf864d399, L:/127.0.0.1:63939 - R:localhost/127.0.0.1:59242]
23:18:26.658 [Forwarding getElementText on session 067fb0df5f021f17fb59c8f7a2da734f to remote] DEBUG org.asynchttpclient.netty.request.NettyRequestSender - Using pooled Channel '[id: 0xf864d399, L:/127.0.0.1:63939 - R:localhost/127.0.0.1:59242]' for 'GET' to 'http://localhost:59242/session/067fb0df5f021f17fb59c8f7a2da734f/element/93cf1ddf-a816-4347-b278-32de6fce263c/text'
23:18:26.658 [Forwarding getElementText on session 067fb0df5f021f17fb59c8f7a2da734f to remote] DEBUG org.asynchttpclient.netty.request.NettyRequestSender - Using open Channel [id: 0xf864d399, L:/127.0.0.1:63939 - R:localhost/127.0.0.1:59242] for GET '/session/067fb0df5f021f17fb59c8f7a2da734f/element/93cf1ddf-a816-4347-b278-32de6fce263c/text'
23:18:26.675 [AsyncHttpClient-1-2] DEBUG org.asynchttpclient.netty.handler.HttpHandler - 

Request DefaultFullHttpRequest(decodeResult: success, version: HTTP/1.1, content: EmptyByteBufBE)
GET /session/067fb0df5f021f17fb59c8f7a2da734f/element/93cf1ddf-a816-4347-b278-32de6fce263c/text HTTP/1.1
User-Agent: selenium/4.1.2 (java windows)
Cache-Control: no-cache
Content-Type: application/json; charset=utf-8
host: localhost:59242
accept: */*

Response DefaultHttpResponse(decodeResult: success, version: HTTP/1.1)
HTTP/1.1 200 OK
Content-Type: application/json; charset=utf-8
cache-control: no-cache
content-length: 52

23:18:26.677 [AsyncHttpClient-1-2] DEBUG org.asynchttpclient.netty.channel.ChannelManager - Adding key: http://localhost:59242 for channel [id: 0xf864d399, L:/127.0.0.1:63939 - R:localhost/127.0.0.1:59242]
23:18:26.678 [Forwarding findElements on session 067fb0df5f021f17fb59c8f7a2da734f to remote] DEBUG org.asynchttpclient.netty.request.NettyRequestSender - Using pooled Channel '[id: 0xf864d399, L:/127.0.0.1:63939 - R:localhost/127.0.0.1:59242]' for 'POST' to 'http://localhost:59242/session/067fb0df5f021f17fb59c8f7a2da734f/elements'
23:18:26.678 [Forwarding findElements on session 067fb0df5f021f17fb59c8f7a2da734f to remote] DEBUG org.asynchttpclient.netty.request.NettyRequestSender - Using open Channel [id: 0xf864d399, L:/127.0.0.1:63939 - R:localhost/127.0.0.1:59242] for POST '/session/067fb0df5f021f17fb59c8f7a2da734f/elements'
23:18:26.693 [AsyncHttpClient-1-2] DEBUG org.asynchttpclient.netty.handler.HttpHandler - 

Request DefaultHttpRequest(decodeResult: success, version: HTTP/1.1)
POST /session/067fb0df5f021f17fb59c8f7a2da734f/elements HTTP/1.1
User-Agent: selenium/4.1.2 (java windows)
Content-Length: 102
Content-Type: application/json; charset=utf-8
host: localhost:59242
accept: */*

Response DefaultHttpResponse(decodeResult: success, version: HTTP/1.1)
HTTP/1.1 200 OK
Content-Type: application/json; charset=utf-8
cache-control: no-cache
content-length: 3803

23:18:26.693 [AsyncHttpClient-1-2] DEBUG org.asynchttpclient.netty.channel.ChannelManager - Adding key: http://localhost:59242 for channel [id: 0xf864d399, L:/127.0.0.1:63939 - R:localhost/127.0.0.1:59242]
23:18:26.697 [Forwarding findElements on session 067fb0df5f021f17fb59c8f7a2da734f to remote] DEBUG org.asynchttpclient.netty.request.NettyRequestSender - Using pooled Channel '[id: 0xf864d399, L:/127.0.0.1:63939 - R:localhost/127.0.0.1:59242]' for 'POST' to 'http://localhost:59242/session/067fb0df5f021f17fb59c8f7a2da734f/elements'
23:18:26.697 [Forwarding findElements on session 067fb0df5f021f17fb59c8f7a2da734f to remote] DEBUG org.asynchttpclient.netty.request.NettyRequestSender - Using open Channel [id: 0xf864d399, L:/127.0.0.1:63939 - R:localhost/127.0.0.1:59242] for POST '/session/067fb0df5f021f17fb59c8f7a2da734f/elements'
23:18:26.709 [AsyncHttpClient-1-2] DEBUG org.asynchttpclient.netty.handler.HttpHandler - 

Request DefaultHttpRequest(decodeResult: success, version: HTTP/1.1)
POST /session/067fb0df5f021f17fb59c8f7a2da734f/elements HTTP/1.1
User-Agent: selenium/4.1.2 (java windows)
Content-Length: 102
Content-Type: application/json; charset=utf-8
host: localhost:59242
accept: */*

Response DefaultHttpResponse(decodeResult: success, version: HTTP/1.1)
HTTP/1.1 200 OK
Content-Type: application/json; charset=utf-8
cache-control: no-cache
content-length: 3803

23:18:26.709 [AsyncHttpClient-1-2] DEBUG org.asynchttpclient.netty.channel.ChannelManager - Adding key: http://localhost:59242 for channel [id: 0xf864d399, L:/127.0.0.1:63939 - R:localhost/127.0.0.1:59242]
23:18:26.712 [Forwarding getElementText on session 067fb0df5f021f17fb59c8f7a2da734f to remote] DEBUG org.asynchttpclient.netty.request.NettyRequestSender - Using pooled Channel '[id: 0xf864d399, L:/127.0.0.1:63939 - R:localhost/127.0.0.1:59242]' for 'GET' to 'http://localhost:59242/session/067fb0df5f021f17fb59c8f7a2da734f/element/80d52003-11a4-4494-969f-c7e51faaaf09/text'
23:18:26.712 [Forwarding getElementText on session 067fb0df5f021f17fb59c8f7a2da734f to remote] DEBUG org.asynchttpclient.netty.request.NettyRequestSender - Using open Channel [id: 0xf864d399, L:/127.0.0.1:63939 - R:localhost/127.0.0.1:59242] for GET '/session/067fb0df5f021f17fb59c8f7a2da734f/element/80d52003-11a4-4494-969f-c7e51faaaf09/text'
23:18:26.730 [AsyncHttpClient-1-2] DEBUG org.asynchttpclient.netty.handler.HttpHandler - 

Request DefaultFullHttpRequest(decodeResult: success, version: HTTP/1.1, content: EmptyByteBufBE)
GET /session/067fb0df5f021f17fb59c8f7a2da734f/element/80d52003-11a4-4494-969f-c7e51faaaf09/text HTTP/1.1
User-Agent: selenium/4.1.2 (java windows)
Cache-Control: no-cache
Content-Type: application/json; charset=utf-8
host: localhost:59242
accept: */*

Response DefaultHttpResponse(decodeResult: success, version: HTTP/1.1)
HTTP/1.1 200 OK
Content-Type: application/json; charset=utf-8
cache-control: no-cache
content-length: 50

23:18:26.730 [AsyncHttpClient-1-2] DEBUG org.asynchttpclient.netty.channel.ChannelManager - Adding key: http://localhost:59242 for channel [id: 0xf864d399, L:/127.0.0.1:63939 - R:localhost/127.0.0.1:59242]
23:18:26.732 [Forwarding findElements on session 067fb0df5f021f17fb59c8f7a2da734f to remote] DEBUG org.asynchttpclient.netty.request.NettyRequestSender - Using pooled Channel '[id: 0xf864d399, L:/127.0.0.1:63939 - R:localhost/127.0.0.1:59242]' for 'POST' to 'http://localhost:59242/session/067fb0df5f021f17fb59c8f7a2da734f/elements'
23:18:26.732 [Forwarding findElements on session 067fb0df5f021f17fb59c8f7a2da734f to remote] DEBUG org.asynchttpclient.netty.request.NettyRequestSender - Using open Channel [id: 0xf864d399, L:/127.0.0.1:63939 - R:localhost/127.0.0.1:59242] for POST '/session/067fb0df5f021f17fb59c8f7a2da734f/elements'
23:18:26.734 [AsyncHttpClient-1-1] DEBUG org.asynchttpclient.netty.channel.DefaultChannelPool - Entry count for : http://localhost:63940 : 1
23:18:26.744 [AsyncHttpClient-1-2] DEBUG org.asynchttpclient.netty.handler.HttpHandler - 

Request DefaultHttpRequest(decodeResult: success, version: HTTP/1.1)
POST /session/067fb0df5f021f17fb59c8f7a2da734f/elements HTTP/1.1
User-Agent: selenium/4.1.2 (java windows)
Content-Length: 102
Content-Type: application/json; charset=utf-8
host: localhost:59242
accept: */*

Response DefaultHttpResponse(decodeResult: success, version: HTTP/1.1)
HTTP/1.1 200 OK
Content-Type: application/json; charset=utf-8
cache-control: no-cache
content-length: 3803

23:18:26.746 [AsyncHttpClient-1-2] DEBUG org.asynchttpclient.netty.channel.ChannelManager - Adding key: http://localhost:59242 for channel [id: 0xf864d399, L:/127.0.0.1:63939 - R:localhost/127.0.0.1:59242]
23:18:26.748 [Forwarding findElements on session 067fb0df5f021f17fb59c8f7a2da734f to remote] DEBUG org.asynchttpclient.netty.request.NettyRequestSender - Using pooled Channel '[id: 0xf864d399, L:/127.0.0.1:63939 - R:localhost/127.0.0.1:59242]' for 'POST' to 'http://localhost:59242/session/067fb0df5f021f17fb59c8f7a2da734f/elements'
23:18:26.748 [Forwarding findElements on session 067fb0df5f021f17fb59c8f7a2da734f to remote] DEBUG org.asynchttpclient.netty.request.NettyRequestSender - Using open Channel [id: 0xf864d399, L:/127.0.0.1:63939 - R:localhost/127.0.0.1:59242] for POST '/session/067fb0df5f021f17fb59c8f7a2da734f/elements'
23:18:26.758 [AsyncHttpClient-1-2] DEBUG org.asynchttpclient.netty.handler.HttpHandler - 

Request DefaultHttpRequest(decodeResult: success, version: HTTP/1.1)
POST /session/067fb0df5f021f17fb59c8f7a2da734f/elements HTTP/1.1
User-Agent: selenium/4.1.2 (java windows)
Content-Length: 102
Content-Type: application/json; charset=utf-8
host: localhost:59242
accept: */*

Response DefaultHttpResponse(decodeResult: success, version: HTTP/1.1)
HTTP/1.1 200 OK
Content-Type: application/json; charset=utf-8
cache-control: no-cache
content-length: 3803

23:18:26.759 [AsyncHttpClient-1-2] DEBUG org.asynchttpclient.netty.channel.ChannelManager - Adding key: http://localhost:59242 for channel [id: 0xf864d399, L:/127.0.0.1:63939 - R:localhost/127.0.0.1:59242]
23:18:26.761 [Forwarding getElementText on session 067fb0df5f021f17fb59c8f7a2da734f to remote] DEBUG org.asynchttpclient.netty.request.NettyRequestSender - Using pooled Channel '[id: 0xf864d399, L:/127.0.0.1:63939 - R:localhost/127.0.0.1:59242]' for 'GET' to 'http://localhost:59242/session/067fb0df5f021f17fb59c8f7a2da734f/element/15899483-8505-4fdc-a911-31ac5514ebce/text'
23:18:26.761 [Forwarding getElementText on session 067fb0df5f021f17fb59c8f7a2da734f to remote] DEBUG org.asynchttpclient.netty.request.NettyRequestSender - Using open Channel [id: 0xf864d399, L:/127.0.0.1:63939 - R:localhost/127.0.0.1:59242] for GET '/session/067fb0df5f021f17fb59c8f7a2da734f/element/15899483-8505-4fdc-a911-31ac5514ebce/text'
23:18:26.774 [AsyncHttpClient-1-2] DEBUG org.asynchttpclient.netty.handler.HttpHandler - 

Request DefaultFullHttpRequest(decodeResult: success, version: HTTP/1.1, content: EmptyByteBufBE)
GET /session/067fb0df5f021f17fb59c8f7a2da734f/element/15899483-8505-4fdc-a911-31ac5514ebce/text HTTP/1.1
User-Agent: selenium/4.1.2 (java windows)
Cache-Control: no-cache
Content-Type: application/json; charset=utf-8
host: localhost:59242
accept: */*

Response DefaultHttpResponse(decodeResult: success, version: HTTP/1.1)
HTTP/1.1 200 OK
Content-Type: application/json; charset=utf-8
cache-control: no-cache
content-length: 44

23:18:26.775 [AsyncHttpClient-1-2] DEBUG org.asynchttpclient.netty.channel.ChannelManager - Adding key: http://localhost:59242 for channel [id: 0xf864d399, L:/127.0.0.1:63939 - R:localhost/127.0.0.1:59242]
23:18:26.776 [Forwarding findElements on session 067fb0df5f021f17fb59c8f7a2da734f to remote] DEBUG org.asynchttpclient.netty.request.NettyRequestSender - Using pooled Channel '[id: 0xf864d399, L:/127.0.0.1:63939 - R:localhost/127.0.0.1:59242]' for 'POST' to 'http://localhost:59242/session/067fb0df5f021f17fb59c8f7a2da734f/elements'
23:18:26.777 [Forwarding findElements on session 067fb0df5f021f17fb59c8f7a2da734f to remote] DEBUG org.asynchttpclient.netty.request.NettyRequestSender - Using open Channel [id: 0xf864d399, L:/127.0.0.1:63939 - R:localhost/127.0.0.1:59242] for POST '/session/067fb0df5f021f17fb59c8f7a2da734f/elements'
23:18:26.787 [AsyncHttpClient-1-2] DEBUG org.asynchttpclient.netty.handler.HttpHandler - 

Request DefaultHttpRequest(decodeResult: success, version: HTTP/1.1)
POST /session/067fb0df5f021f17fb59c8f7a2da734f/elements HTTP/1.1
User-Agent: selenium/4.1.2 (java windows)
Content-Length: 102
Content-Type: application/json; charset=utf-8
host: localhost:59242
accept: */*

Response DefaultHttpResponse(decodeResult: success, version: HTTP/1.1)
HTTP/1.1 200 OK
Content-Type: application/json; charset=utf-8
cache-control: no-cache
content-length: 3803

23:18:26.787 [AsyncHttpClient-1-2] DEBUG org.asynchttpclient.netty.channel.ChannelManager - Adding key: http://localhost:59242 for channel [id: 0xf864d399, L:/127.0.0.1:63939 - R:localhost/127.0.0.1:59242]
23:18:26.790 [Forwarding findElements on session 067fb0df5f021f17fb59c8f7a2da734f to remote] DEBUG org.asynchttpclient.netty.request.NettyRequestSender - Using pooled Channel '[id: 0xf864d399, L:/127.0.0.1:63939 - R:localhost/127.0.0.1:59242]' for 'POST' to 'http://localhost:59242/session/067fb0df5f021f17fb59c8f7a2da734f/elements'
23:18:26.791 [Forwarding findElements on session 067fb0df5f021f17fb59c8f7a2da734f to remote] DEBUG org.asynchttpclient.netty.request.NettyRequestSender - Using open Channel [id: 0xf864d399, L:/127.0.0.1:63939 - R:localhost/127.0.0.1:59242] for POST '/session/067fb0df5f021f17fb59c8f7a2da734f/elements'
23:18:26.798 [AsyncHttpClient-1-2] DEBUG org.asynchttpclient.netty.handler.HttpHandler - 

Request DefaultHttpRequest(decodeResult: success, version: HTTP/1.1)
POST /session/067fb0df5f021f17fb59c8f7a2da734f/elements HTTP/1.1
User-Agent: selenium/4.1.2 (java windows)
Content-Length: 102
Content-Type: application/json; charset=utf-8
host: localhost:59242
accept: */*

Response DefaultHttpResponse(decodeResult: success, version: HTTP/1.1)
HTTP/1.1 200 OK
Content-Type: application/json; charset=utf-8
cache-control: no-cache
content-length: 3803

23:18:26.798 [AsyncHttpClient-1-2] DEBUG org.asynchttpclient.netty.channel.ChannelManager - Adding key: http://localhost:59242 for channel [id: 0xf864d399, L:/127.0.0.1:63939 - R:localhost/127.0.0.1:59242]
23:18:26.803 [Forwarding getElementText on session 067fb0df5f021f17fb59c8f7a2da734f to remote] DEBUG org.asynchttpclient.netty.request.NettyRequestSender - Using pooled Channel '[id: 0xf864d399, L:/127.0.0.1:63939 - R:localhost/127.0.0.1:59242]' for 'GET' to 'http://localhost:59242/session/067fb0df5f021f17fb59c8f7a2da734f/element/58c19540-c2eb-4ff8-a358-8fc1bb902bf9/text'
23:18:26.803 [Forwarding getElementText on session 067fb0df5f021f17fb59c8f7a2da734f to remote] DEBUG org.asynchttpclient.netty.request.NettyRequestSender - Using open Channel [id: 0xf864d399, L:/127.0.0.1:63939 - R:localhost/127.0.0.1:59242] for GET '/session/067fb0df5f021f17fb59c8f7a2da734f/element/58c19540-c2eb-4ff8-a358-8fc1bb902bf9/text'
23:18:26.821 [AsyncHttpClient-1-2] DEBUG org.asynchttpclient.netty.handler.HttpHandler - 

Request DefaultFullHttpRequest(decodeResult: success, version: HTTP/1.1, content: EmptyByteBufBE)
GET /session/067fb0df5f021f17fb59c8f7a2da734f/element/58c19540-c2eb-4ff8-a358-8fc1bb902bf9/text HTTP/1.1
User-Agent: selenium/4.1.2 (java windows)
Cache-Control: no-cache
Content-Type: application/json; charset=utf-8
host: localhost:59242
accept: */*

Response DefaultHttpResponse(decodeResult: success, version: HTTP/1.1)
HTTP/1.1 200 OK
Content-Type: application/json; charset=utf-8
cache-control: no-cache
content-length: 54

23:18:26.822 [AsyncHttpClient-1-2] DEBUG org.asynchttpclient.netty.channel.ChannelManager - Adding key: http://localhost:59242 for channel [id: 0xf864d399, L:/127.0.0.1:63939 - R:localhost/127.0.0.1:59242]
23:18:26.824 [Forwarding findElements on session 067fb0df5f021f17fb59c8f7a2da734f to remote] DEBUG org.asynchttpclient.netty.request.NettyRequestSender - Using pooled Channel '[id: 0xf864d399, L:/127.0.0.1:63939 - R:localhost/127.0.0.1:59242]' for 'POST' to 'http://localhost:59242/session/067fb0df5f021f17fb59c8f7a2da734f/elements'
23:18:26.824 [Forwarding findElements on session 067fb0df5f021f17fb59c8f7a2da734f to remote] DEBUG org.asynchttpclient.netty.request.NettyRequestSender - Using open Channel [id: 0xf864d399, L:/127.0.0.1:63939 - R:localhost/127.0.0.1:59242] for POST '/session/067fb0df5f021f17fb59c8f7a2da734f/elements'
23:18:26.832 [AsyncHttpClient-1-2] DEBUG org.asynchttpclient.netty.handler.HttpHandler - 

Request DefaultHttpRequest(decodeResult: success, version: HTTP/1.1)
POST /session/067fb0df5f021f17fb59c8f7a2da734f/elements HTTP/1.1
User-Agent: selenium/4.1.2 (java windows)
Content-Length: 102
Content-Type: application/json; charset=utf-8
host: localhost:59242
accept: */*

Response DefaultHttpResponse(decodeResult: success, version: HTTP/1.1)
HTTP/1.1 200 OK
Content-Type: application/json; charset=utf-8
cache-control: no-cache
content-length: 3803

23:18:26.834 [AsyncHttpClient-1-2] DEBUG org.asynchttpclient.netty.channel.ChannelManager - Adding key: http://localhost:59242 for channel [id: 0xf864d399, L:/127.0.0.1:63939 - R:localhost/127.0.0.1:59242]
23:18:26.836 [Forwarding findElements on session 067fb0df5f021f17fb59c8f7a2da734f to remote] DEBUG org.asynchttpclient.netty.request.NettyRequestSender - Using pooled Channel '[id: 0xf864d399, L:/127.0.0.1:63939 - R:localhost/127.0.0.1:59242]' for 'POST' to 'http://localhost:59242/session/067fb0df5f021f17fb59c8f7a2da734f/elements'
23:18:26.836 [Forwarding findElements on session 067fb0df5f021f17fb59c8f7a2da734f to remote] DEBUG org.asynchttpclient.netty.request.NettyRequestSender - Using open Channel [id: 0xf864d399, L:/127.0.0.1:63939 - R:localhost/127.0.0.1:59242] for POST '/session/067fb0df5f021f17fb59c8f7a2da734f/elements'
23:18:26.846 [AsyncHttpClient-1-2] DEBUG org.asynchttpclient.netty.handler.HttpHandler - 

Request DefaultHttpRequest(decodeResult: success, version: HTTP/1.1)
POST /session/067fb0df5f021f17fb59c8f7a2da734f/elements HTTP/1.1
User-Agent: selenium/4.1.2 (java windows)
Content-Length: 102
Content-Type: application/json; charset=utf-8
host: localhost:59242
accept: */*

Response DefaultHttpResponse(decodeResult: success, version: HTTP/1.1)
HTTP/1.1 200 OK
Content-Type: application/json; charset=utf-8
cache-control: no-cache
content-length: 3803

23:18:26.846 [AsyncHttpClient-1-2] DEBUG org.asynchttpclient.netty.channel.ChannelManager - Adding key: http://localhost:59242 for channel [id: 0xf864d399, L:/127.0.0.1:63939 - R:localhost/127.0.0.1:59242]
23:18:26.848 [Forwarding getElementText on session 067fb0df5f021f17fb59c8f7a2da734f to remote] DEBUG org.asynchttpclient.netty.request.NettyRequestSender - Using pooled Channel '[id: 0xf864d399, L:/127.0.0.1:63939 - R:localhost/127.0.0.1:59242]' for 'GET' to 'http://localhost:59242/session/067fb0df5f021f17fb59c8f7a2da734f/element/6d1d057f-fbf7-4edb-b993-4928f8196f8b/text'
23:18:26.848 [Forwarding getElementText on session 067fb0df5f021f17fb59c8f7a2da734f to remote] DEBUG org.asynchttpclient.netty.request.NettyRequestSender - Using open Channel [id: 0xf864d399, L:/127.0.0.1:63939 - R:localhost/127.0.0.1:59242] for GET '/session/067fb0df5f021f17fb59c8f7a2da734f/element/6d1d057f-fbf7-4edb-b993-4928f8196f8b/text'
23:18:26.864 [AsyncHttpClient-1-2] DEBUG org.asynchttpclient.netty.handler.HttpHandler - 

Request DefaultFullHttpRequest(decodeResult: success, version: HTTP/1.1, content: EmptyByteBufBE)
GET /session/067fb0df5f021f17fb59c8f7a2da734f/element/6d1d057f-fbf7-4edb-b993-4928f8196f8b/text HTTP/1.1
User-Agent: selenium/4.1.2 (java windows)
Cache-Control: no-cache
Content-Type: application/json; charset=utf-8
host: localhost:59242
accept: */*

Response DefaultHttpResponse(decodeResult: success, version: HTTP/1.1)
HTTP/1.1 200 OK
Content-Type: application/json; charset=utf-8
cache-control: no-cache
content-length: 59

23:18:26.864 [AsyncHttpClient-1-2] DEBUG org.asynchttpclient.netty.channel.ChannelManager - Adding key: http://localhost:59242 for channel [id: 0xf864d399, L:/127.0.0.1:63939 - R:localhost/127.0.0.1:59242]
23:18:26.865 [Forwarding findElements on session 067fb0df5f021f17fb59c8f7a2da734f to remote] DEBUG org.asynchttpclient.netty.request.NettyRequestSender - Using pooled Channel '[id: 0xf864d399, L:/127.0.0.1:63939 - R:localhost/127.0.0.1:59242]' for 'POST' to 'http://localhost:59242/session/067fb0df5f021f17fb59c8f7a2da734f/elements'
23:18:26.865 [Forwarding findElements on session 067fb0df5f021f17fb59c8f7a2da734f to remote] DEBUG org.asynchttpclient.netty.request.NettyRequestSender - Using open Channel [id: 0xf864d399, L:/127.0.0.1:63939 - R:localhost/127.0.0.1:59242] for POST '/session/067fb0df5f021f17fb59c8f7a2da734f/elements'
23:18:26.875 [AsyncHttpClient-1-2] DEBUG org.asynchttpclient.netty.handler.HttpHandler - 

Request DefaultHttpRequest(decodeResult: success, version: HTTP/1.1)
POST /session/067fb0df5f021f17fb59c8f7a2da734f/elements HTTP/1.1
User-Agent: selenium/4.1.2 (java windows)
Content-Length: 102
Content-Type: application/json; charset=utf-8
host: localhost:59242
accept: */*

Response DefaultHttpResponse(decodeResult: success, version: HTTP/1.1)
HTTP/1.1 200 OK
Content-Type: application/json; charset=utf-8
cache-control: no-cache
content-length: 3803

23:18:26.875 [AsyncHttpClient-1-2] DEBUG org.asynchttpclient.netty.channel.ChannelManager - Adding key: http://localhost:59242 for channel [id: 0xf864d399, L:/127.0.0.1:63939 - R:localhost/127.0.0.1:59242]
23:18:26.877 [Forwarding findElements on session 067fb0df5f021f17fb59c8f7a2da734f to remote] DEBUG org.asynchttpclient.netty.request.NettyRequestSender - Using pooled Channel '[id: 0xf864d399, L:/127.0.0.1:63939 - R:localhost/127.0.0.1:59242]' for 'POST' to 'http://localhost:59242/session/067fb0df5f021f17fb59c8f7a2da734f/elements'
23:18:26.877 [Forwarding findElements on session 067fb0df5f021f17fb59c8f7a2da734f to remote] DEBUG org.asynchttpclient.netty.request.NettyRequestSender - Using open Channel [id: 0xf864d399, L:/127.0.0.1:63939 - R:localhost/127.0.0.1:59242] for POST '/session/067fb0df5f021f17fb59c8f7a2da734f/elements'
23:18:26.887 [AsyncHttpClient-1-2] DEBUG org.asynchttpclient.netty.handler.HttpHandler - 

Request DefaultHttpRequest(decodeResult: success, version: HTTP/1.1)
POST /session/067fb0df5f021f17fb59c8f7a2da734f/elements HTTP/1.1
User-Agent: selenium/4.1.2 (java windows)
Content-Length: 102
Content-Type: application/json; charset=utf-8
host: localhost:59242
accept: */*

Response DefaultHttpResponse(decodeResult: success, version: HTTP/1.1)
HTTP/1.1 200 OK
Content-Type: application/json; charset=utf-8
cache-control: no-cache
content-length: 3803

23:18:26.887 [AsyncHttpClient-1-2] DEBUG org.asynchttpclient.netty.channel.ChannelManager - Adding key: http://localhost:59242 for channel [id: 0xf864d399, L:/127.0.0.1:63939 - R:localhost/127.0.0.1:59242]
23:18:26.889 [Forwarding getElementText on session 067fb0df5f021f17fb59c8f7a2da734f to remote] DEBUG org.asynchttpclient.netty.request.NettyRequestSender - Using pooled Channel '[id: 0xf864d399, L:/127.0.0.1:63939 - R:localhost/127.0.0.1:59242]' for 'GET' to 'http://localhost:59242/session/067fb0df5f021f17fb59c8f7a2da734f/element/c61cf7af-8d6f-49a3-b70c-15da3931e5ad/text'
23:18:26.889 [Forwarding getElementText on session 067fb0df5f021f17fb59c8f7a2da734f to remote] DEBUG org.asynchttpclient.netty.request.NettyRequestSender - Using open Channel [id: 0xf864d399, L:/127.0.0.1:63939 - R:localhost/127.0.0.1:59242] for GET '/session/067fb0df5f021f17fb59c8f7a2da734f/element/c61cf7af-8d6f-49a3-b70c-15da3931e5ad/text'
23:18:26.901 [AsyncHttpClient-1-2] DEBUG org.asynchttpclient.netty.handler.HttpHandler - 

Request DefaultFullHttpRequest(decodeResult: success, version: HTTP/1.1, content: EmptyByteBufBE)
GET /session/067fb0df5f021f17fb59c8f7a2da734f/element/c61cf7af-8d6f-49a3-b70c-15da3931e5ad/text HTTP/1.1
User-Agent: selenium/4.1.2 (java windows)
Cache-Control: no-cache
Content-Type: application/json; charset=utf-8
host: localhost:59242
accept: */*

Response DefaultHttpResponse(decodeResult: success, version: HTTP/1.1)
HTTP/1.1 200 OK
Content-Type: application/json; charset=utf-8
cache-control: no-cache
content-length: 43

23:18:26.901 [AsyncHttpClient-1-2] DEBUG org.asynchttpclient.netty.channel.ChannelManager - Adding key: http://localhost:59242 for channel [id: 0xf864d399, L:/127.0.0.1:63939 - R:localhost/127.0.0.1:59242]
23:18:26.902 [Forwarding findElements on session 067fb0df5f021f17fb59c8f7a2da734f to remote] DEBUG org.asynchttpclient.netty.request.NettyRequestSender - Using pooled Channel '[id: 0xf864d399, L:/127.0.0.1:63939 - R:localhost/127.0.0.1:59242]' for 'POST' to 'http://localhost:59242/session/067fb0df5f021f17fb59c8f7a2da734f/elements'
23:18:26.902 [Forwarding findElements on session 067fb0df5f021f17fb59c8f7a2da734f to remote] DEBUG org.asynchttpclient.netty.request.NettyRequestSender - Using open Channel [id: 0xf864d399, L:/127.0.0.1:63939 - R:localhost/127.0.0.1:59242] for POST '/session/067fb0df5f021f17fb59c8f7a2da734f/elements'
23:18:26.913 [AsyncHttpClient-1-2] DEBUG org.asynchttpclient.netty.handler.HttpHandler - 

Request DefaultHttpRequest(decodeResult: success, version: HTTP/1.1)
POST /session/067fb0df5f021f17fb59c8f7a2da734f/elements HTTP/1.1
User-Agent: selenium/4.1.2 (java windows)
Content-Length: 102
Content-Type: application/json; charset=utf-8
host: localhost:59242
accept: */*

Response DefaultHttpResponse(decodeResult: success, version: HTTP/1.1)
HTTP/1.1 200 OK
Content-Type: application/json; charset=utf-8
cache-control: no-cache
content-length: 3803

23:18:26.913 [AsyncHttpClient-1-2] DEBUG org.asynchttpclient.netty.channel.ChannelManager - Adding key: http://localhost:59242 for channel [id: 0xf864d399, L:/127.0.0.1:63939 - R:localhost/127.0.0.1:59242]
23:18:26.915 [Forwarding findElements on session 067fb0df5f021f17fb59c8f7a2da734f to remote] DEBUG org.asynchttpclient.netty.request.NettyRequestSender - Using pooled Channel '[id: 0xf864d399, L:/127.0.0.1:63939 - R:localhost/127.0.0.1:59242]' for 'POST' to 'http://localhost:59242/session/067fb0df5f021f17fb59c8f7a2da734f/elements'
23:18:26.916 [Forwarding findElements on session 067fb0df5f021f17fb59c8f7a2da734f to remote] DEBUG org.asynchttpclient.netty.request.NettyRequestSender - Using open Channel [id: 0xf864d399, L:/127.0.0.1:63939 - R:localhost/127.0.0.1:59242] for POST '/session/067fb0df5f021f17fb59c8f7a2da734f/elements'
23:18:26.924 [AsyncHttpClient-1-2] DEBUG org.asynchttpclient.netty.handler.HttpHandler - 

Request DefaultHttpRequest(decodeResult: success, version: HTTP/1.1)
POST /session/067fb0df5f021f17fb59c8f7a2da734f/elements HTTP/1.1
User-Agent: selenium/4.1.2 (java windows)
Content-Length: 102
Content-Type: application/json; charset=utf-8
host: localhost:59242
accept: */*

Response DefaultHttpResponse(decodeResult: success, version: HTTP/1.1)
HTTP/1.1 200 OK
Content-Type: application/json; charset=utf-8
cache-control: no-cache
content-length: 3803

23:18:26.924 [AsyncHttpClient-1-2] DEBUG org.asynchttpclient.netty.channel.ChannelManager - Adding key: http://localhost:59242 for channel [id: 0xf864d399, L:/127.0.0.1:63939 - R:localhost/127.0.0.1:59242]
23:18:26.926 [Forwarding getElementText on session 067fb0df5f021f17fb59c8f7a2da734f to remote] DEBUG org.asynchttpclient.netty.request.NettyRequestSender - Using pooled Channel '[id: 0xf864d399, L:/127.0.0.1:63939 - R:localhost/127.0.0.1:59242]' for 'GET' to 'http://localhost:59242/session/067fb0df5f021f17fb59c8f7a2da734f/element/8d179f10-1757-4e26-9b33-20b467eeacf4/text'
23:18:26.926 [Forwarding getElementText on session 067fb0df5f021f17fb59c8f7a2da734f to remote] DEBUG org.asynchttpclient.netty.request.NettyRequestSender - Using open Channel [id: 0xf864d399, L:/127.0.0.1:63939 - R:localhost/127.0.0.1:59242] for GET '/session/067fb0df5f021f17fb59c8f7a2da734f/element/8d179f10-1757-4e26-9b33-20b467eeacf4/text'
23:18:26.940 [AsyncHttpClient-1-2] DEBUG org.asynchttpclient.netty.handler.HttpHandler - 

Request DefaultFullHttpRequest(decodeResult: success, version: HTTP/1.1, content: EmptyByteBufBE)
GET /session/067fb0df5f021f17fb59c8f7a2da734f/element/8d179f10-1757-4e26-9b33-20b467eeacf4/text HTTP/1.1
User-Agent: selenium/4.1.2 (java windows)
Cache-Control: no-cache
Content-Type: application/json; charset=utf-8
host: localhost:59242
accept: */*

Response DefaultHttpResponse(decodeResult: success, version: HTTP/1.1)
HTTP/1.1 200 OK
Content-Type: application/json; charset=utf-8
cache-control: no-cache
content-length: 67

23:18:26.940 [AsyncHttpClient-1-2] DEBUG org.asynchttpclient.netty.channel.ChannelManager - Adding key: http://localhost:59242 for channel [id: 0xf864d399, L:/127.0.0.1:63939 - R:localhost/127.0.0.1:59242]
23:18:26.942 [Forwarding findElements on session 067fb0df5f021f17fb59c8f7a2da734f to remote] DEBUG org.asynchttpclient.netty.request.NettyRequestSender - Using pooled Channel '[id: 0xf864d399, L:/127.0.0.1:63939 - R:localhost/127.0.0.1:59242]' for 'POST' to 'http://localhost:59242/session/067fb0df5f021f17fb59c8f7a2da734f/elements'
23:18:26.942 [Forwarding findElements on session 067fb0df5f021f17fb59c8f7a2da734f to remote] DEBUG org.asynchttpclient.netty.request.NettyRequestSender - Using open Channel [id: 0xf864d399, L:/127.0.0.1:63939 - R:localhost/127.0.0.1:59242] for POST '/session/067fb0df5f021f17fb59c8f7a2da734f/elements'
23:18:26.954 [AsyncHttpClient-1-2] DEBUG org.asynchttpclient.netty.handler.HttpHandler - 

Request DefaultHttpRequest(decodeResult: success, version: HTTP/1.1)
POST /session/067fb0df5f021f17fb59c8f7a2da734f/elements HTTP/1.1
User-Agent: selenium/4.1.2 (java windows)
Content-Length: 102
Content-Type: application/json; charset=utf-8
host: localhost:59242
accept: */*

Response DefaultHttpResponse(decodeResult: success, version: HTTP/1.1)
HTTP/1.1 200 OK
Content-Type: application/json; charset=utf-8
cache-control: no-cache
content-length: 3803

23:18:26.954 [AsyncHttpClient-1-2] DEBUG org.asynchttpclient.netty.channel.ChannelManager - Adding key: http://localhost:59242 for channel [id: 0xf864d399, L:/127.0.0.1:63939 - R:localhost/127.0.0.1:59242]
23:18:26.956 [Forwarding findElements on session 067fb0df5f021f17fb59c8f7a2da734f to remote] DEBUG org.asynchttpclient.netty.request.NettyRequestSender - Using pooled Channel '[id: 0xf864d399, L:/127.0.0.1:63939 - R:localhost/127.0.0.1:59242]' for 'POST' to 'http://localhost:59242/session/067fb0df5f021f17fb59c8f7a2da734f/elements'
23:18:26.956 [Forwarding findElements on session 067fb0df5f021f17fb59c8f7a2da734f to remote] DEBUG org.asynchttpclient.netty.request.NettyRequestSender - Using open Channel [id: 0xf864d399, L:/127.0.0.1:63939 - R:localhost/127.0.0.1:59242] for POST '/session/067fb0df5f021f17fb59c8f7a2da734f/elements'
23:18:26.966 [AsyncHttpClient-1-2] DEBUG org.asynchttpclient.netty.handler.HttpHandler - 

Request DefaultHttpRequest(decodeResult: success, version: HTTP/1.1)
POST /session/067fb0df5f021f17fb59c8f7a2da734f/elements HTTP/1.1
User-Agent: selenium/4.1.2 (java windows)
Content-Length: 102
Content-Type: application/json; charset=utf-8
host: localhost:59242
accept: */*

Response DefaultHttpResponse(decodeResult: success, version: HTTP/1.1)
HTTP/1.1 200 OK
Content-Type: application/json; charset=utf-8
cache-control: no-cache
content-length: 3803

23:18:26.966 [AsyncHttpClient-1-2] DEBUG org.asynchttpclient.netty.channel.ChannelManager - Adding key: http://localhost:59242 for channel [id: 0xf864d399, L:/127.0.0.1:63939 - R:localhost/127.0.0.1:59242]
23:18:26.968 [Forwarding getElementText on session 067fb0df5f021f17fb59c8f7a2da734f to remote] DEBUG org.asynchttpclient.netty.request.NettyRequestSender - Using pooled Channel '[id: 0xf864d399, L:/127.0.0.1:63939 - R:localhost/127.0.0.1:59242]' for 'GET' to 'http://localhost:59242/session/067fb0df5f021f17fb59c8f7a2da734f/element/19447922-15b4-46a9-8cf9-490743050091/text'
23:18:26.969 [Forwarding getElementText on session 067fb0df5f021f17fb59c8f7a2da734f to remote] DEBUG org.asynchttpclient.netty.request.NettyRequestSender - Using open Channel [id: 0xf864d399, L:/127.0.0.1:63939 - R:localhost/127.0.0.1:59242] for GET '/session/067fb0df5f021f17fb59c8f7a2da734f/element/19447922-15b4-46a9-8cf9-490743050091/text'
23:18:26.982 [AsyncHttpClient-1-2] DEBUG org.asynchttpclient.netty.handler.HttpHandler - 

Request DefaultFullHttpRequest(decodeResult: success, version: HTTP/1.1, content: EmptyByteBufBE)
GET /session/067fb0df5f021f17fb59c8f7a2da734f/element/19447922-15b4-46a9-8cf9-490743050091/text HTTP/1.1
User-Agent: selenium/4.1.2 (java windows)
Cache-Control: no-cache
Content-Type: application/json; charset=utf-8
host: localhost:59242
accept: */*

Response DefaultHttpResponse(decodeResult: success, version: HTTP/1.1)
HTTP/1.1 200 OK
Content-Type: application/json; charset=utf-8
cache-control: no-cache
content-length: 50

23:18:26.983 [AsyncHttpClient-1-2] DEBUG org.asynchttpclient.netty.channel.ChannelManager - Adding key: http://localhost:59242 for channel [id: 0xf864d399, L:/127.0.0.1:63939 - R:localhost/127.0.0.1:59242]
23:18:26.985 [Forwarding findElements on session 067fb0df5f021f17fb59c8f7a2da734f to remote] DEBUG org.asynchttpclient.netty.request.NettyRequestSender - Using pooled Channel '[id: 0xf864d399, L:/127.0.0.1:63939 - R:localhost/127.0.0.1:59242]' for 'POST' to 'http://localhost:59242/session/067fb0df5f021f17fb59c8f7a2da734f/elements'
23:18:26.985 [Forwarding findElements on session 067fb0df5f021f17fb59c8f7a2da734f to remote] DEBUG org.asynchttpclient.netty.request.NettyRequestSender - Using open Channel [id: 0xf864d399, L:/127.0.0.1:63939 - R:localhost/127.0.0.1:59242] for POST '/session/067fb0df5f021f17fb59c8f7a2da734f/elements'
23:18:26.996 [AsyncHttpClient-1-2] DEBUG org.asynchttpclient.netty.handler.HttpHandler - 

Request DefaultHttpRequest(decodeResult: success, version: HTTP/1.1)
POST /session/067fb0df5f021f17fb59c8f7a2da734f/elements HTTP/1.1
User-Agent: selenium/4.1.2 (java windows)
Content-Length: 102
Content-Type: application/json; charset=utf-8
host: localhost:59242
accept: */*

Response DefaultHttpResponse(decodeResult: success, version: HTTP/1.1)
HTTP/1.1 200 OK
Content-Type: application/json; charset=utf-8
cache-control: no-cache
content-length: 3803

23:18:26.997 [AsyncHttpClient-1-2] DEBUG org.asynchttpclient.netty.channel.ChannelManager - Adding key: http://localhost:59242 for channel [id: 0xf864d399, L:/127.0.0.1:63939 - R:localhost/127.0.0.1:59242]
23:18:26.999 [Forwarding findElements on session 067fb0df5f021f17fb59c8f7a2da734f to remote] DEBUG org.asynchttpclient.netty.request.NettyRequestSender - Using pooled Channel '[id: 0xf864d399, L:/127.0.0.1:63939 - R:localhost/127.0.0.1:59242]' for 'POST' to 'http://localhost:59242/session/067fb0df5f021f17fb59c8f7a2da734f/elements'
23:18:26.999 [Forwarding findElements on session 067fb0df5f021f17fb59c8f7a2da734f to remote] DEBUG org.asynchttpclient.netty.request.NettyRequestSender - Using open Channel [id: 0xf864d399, L:/127.0.0.1:63939 - R:localhost/127.0.0.1:59242] for POST '/session/067fb0df5f021f17fb59c8f7a2da734f/elements'
23:18:27.008 [AsyncHttpClient-1-2] DEBUG org.asynchttpclient.netty.handler.HttpHandler - 

Request DefaultHttpRequest(decodeResult: success, version: HTTP/1.1)
POST /session/067fb0df5f021f17fb59c8f7a2da734f/elements HTTP/1.1
User-Agent: selenium/4.1.2 (java windows)
Content-Length: 102
Content-Type: application/json; charset=utf-8
host: localhost:59242
accept: */*

Response DefaultHttpResponse(decodeResult: success, version: HTTP/1.1)
HTTP/1.1 200 OK
Content-Type: application/json; charset=utf-8
cache-control: no-cache
content-length: 3803

23:18:27.008 [AsyncHttpClient-1-2] DEBUG org.asynchttpclient.netty.channel.ChannelManager - Adding key: http://localhost:59242 for channel [id: 0xf864d399, L:/127.0.0.1:63939 - R:localhost/127.0.0.1:59242]
23:18:27.010 [Forwarding getElementText on session 067fb0df5f021f17fb59c8f7a2da734f to remote] DEBUG org.asynchttpclient.netty.request.NettyRequestSender - Using pooled Channel '[id: 0xf864d399, L:/127.0.0.1:63939 - R:localhost/127.0.0.1:59242]' for 'GET' to 'http://localhost:59242/session/067fb0df5f021f17fb59c8f7a2da734f/element/c13b4ec3-245f-4974-9220-f57364cc5faa/text'
23:18:27.010 [Forwarding getElementText on session 067fb0df5f021f17fb59c8f7a2da734f to remote] DEBUG org.asynchttpclient.netty.request.NettyRequestSender - Using open Channel [id: 0xf864d399, L:/127.0.0.1:63939 - R:localhost/127.0.0.1:59242] for GET '/session/067fb0df5f021f17fb59c8f7a2da734f/element/c13b4ec3-245f-4974-9220-f57364cc5faa/text'
23:18:27.021 [AsyncHttpClient-1-2] DEBUG org.asynchttpclient.netty.handler.HttpHandler - 

Request DefaultFullHttpRequest(decodeResult: success, version: HTTP/1.1, content: EmptyByteBufBE)
GET /session/067fb0df5f021f17fb59c8f7a2da734f/element/c13b4ec3-245f-4974-9220-f57364cc5faa/text HTTP/1.1
User-Agent: selenium/4.1.2 (java windows)
Cache-Control: no-cache
Content-Type: application/json; charset=utf-8
host: localhost:59242
accept: */*

Response DefaultHttpResponse(decodeResult: success, version: HTTP/1.1)
HTTP/1.1 200 OK
Content-Type: application/json; charset=utf-8
cache-control: no-cache
content-length: 46

23:18:27.022 [AsyncHttpClient-1-2] DEBUG org.asynchttpclient.netty.channel.ChannelManager - Adding key: http://localhost:59242 for channel [id: 0xf864d399, L:/127.0.0.1:63939 - R:localhost/127.0.0.1:59242]
23:18:27.023 [Forwarding findElements on session 067fb0df5f021f17fb59c8f7a2da734f to remote] DEBUG org.asynchttpclient.netty.request.NettyRequestSender - Using pooled Channel '[id: 0xf864d399, L:/127.0.0.1:63939 - R:localhost/127.0.0.1:59242]' for 'POST' to 'http://localhost:59242/session/067fb0df5f021f17fb59c8f7a2da734f/elements'
23:18:27.023 [Forwarding findElements on session 067fb0df5f021f17fb59c8f7a2da734f to remote] DEBUG org.asynchttpclient.netty.request.NettyRequestSender - Using open Channel [id: 0xf864d399, L:/127.0.0.1:63939 - R:localhost/127.0.0.1:59242] for POST '/session/067fb0df5f021f17fb59c8f7a2da734f/elements'
23:18:27.032 [AsyncHttpClient-1-2] DEBUG org.asynchttpclient.netty.handler.HttpHandler - 

Request DefaultHttpRequest(decodeResult: success, version: HTTP/1.1)
POST /session/067fb0df5f021f17fb59c8f7a2da734f/elements HTTP/1.1
User-Agent: selenium/4.1.2 (java windows)
Content-Length: 102
Content-Type: application/json; charset=utf-8
host: localhost:59242
accept: */*

Response DefaultHttpResponse(decodeResult: success, version: HTTP/1.1)
HTTP/1.1 200 OK
Content-Type: application/json; charset=utf-8
cache-control: no-cache
content-length: 3803

23:18:27.032 [AsyncHttpClient-1-2] DEBUG org.asynchttpclient.netty.channel.ChannelManager - Adding key: http://localhost:59242 for channel [id: 0xf864d399, L:/127.0.0.1:63939 - R:localhost/127.0.0.1:59242]
23:18:27.035 [Forwarding findElements on session 067fb0df5f021f17fb59c8f7a2da734f to remote] DEBUG org.asynchttpclient.netty.request.NettyRequestSender - Using pooled Channel '[id: 0xf864d399, L:/127.0.0.1:63939 - R:localhost/127.0.0.1:59242]' for 'POST' to 'http://localhost:59242/session/067fb0df5f021f17fb59c8f7a2da734f/elements'
23:18:27.035 [Forwarding findElements on session 067fb0df5f021f17fb59c8f7a2da734f to remote] DEBUG org.asynchttpclient.netty.request.NettyRequestSender - Using open Channel [id: 0xf864d399, L:/127.0.0.1:63939 - R:localhost/127.0.0.1:59242] for POST '/session/067fb0df5f021f17fb59c8f7a2da734f/elements'
23:18:27.046 [AsyncHttpClient-1-2] DEBUG org.asynchttpclient.netty.handler.HttpHandler - 

Request DefaultHttpRequest(decodeResult: success, version: HTTP/1.1)
POST /session/067fb0df5f021f17fb59c8f7a2da734f/elements HTTP/1.1
User-Agent: selenium/4.1.2 (java windows)
Content-Length: 102
Content-Type: application/json; charset=utf-8
host: localhost:59242
accept: */*

Response DefaultHttpResponse(decodeResult: success, version: HTTP/1.1)
HTTP/1.1 200 OK
Content-Type: application/json; charset=utf-8
cache-control: no-cache
content-length: 3803

23:18:27.046 [AsyncHttpClient-1-2] DEBUG org.asynchttpclient.netty.channel.ChannelManager - Adding key: http://localhost:59242 for channel [id: 0xf864d399, L:/127.0.0.1:63939 - R:localhost/127.0.0.1:59242]
23:18:27.048 [Forwarding getElementText on session 067fb0df5f021f17fb59c8f7a2da734f to remote] DEBUG org.asynchttpclient.netty.request.NettyRequestSender - Using pooled Channel '[id: 0xf864d399, L:/127.0.0.1:63939 - R:localhost/127.0.0.1:59242]' for 'GET' to 'http://localhost:59242/session/067fb0df5f021f17fb59c8f7a2da734f/element/0f9bab98-eb60-4bd7-b251-4516d5f6ce2e/text'
23:18:27.048 [Forwarding getElementText on session 067fb0df5f021f17fb59c8f7a2da734f to remote] DEBUG org.asynchttpclient.netty.request.NettyRequestSender - Using open Channel [id: 0xf864d399, L:/127.0.0.1:63939 - R:localhost/127.0.0.1:59242] for GET '/session/067fb0df5f021f17fb59c8f7a2da734f/element/0f9bab98-eb60-4bd7-b251-4516d5f6ce2e/text'
23:18:27.061 [AsyncHttpClient-1-2] DEBUG org.asynchttpclient.netty.handler.HttpHandler - 

Request DefaultFullHttpRequest(decodeResult: success, version: HTTP/1.1, content: EmptyByteBufBE)
GET /session/067fb0df5f021f17fb59c8f7a2da734f/element/0f9bab98-eb60-4bd7-b251-4516d5f6ce2e/text HTTP/1.1
User-Agent: selenium/4.1.2 (java windows)
Cache-Control: no-cache
Content-Type: application/json; charset=utf-8
host: localhost:59242
accept: */*

Response DefaultHttpResponse(decodeResult: success, version: HTTP/1.1)
HTTP/1.1 200 OK
Content-Type: application/json; charset=utf-8
cache-control: no-cache
content-length: 49

23:18:27.062 [AsyncHttpClient-1-2] DEBUG org.asynchttpclient.netty.channel.ChannelManager - Adding key: http://localhost:59242 for channel [id: 0xf864d399, L:/127.0.0.1:63939 - R:localhost/127.0.0.1:59242]
23:18:27.063 [Forwarding findElements on session 067fb0df5f021f17fb59c8f7a2da734f to remote] DEBUG org.asynchttpclient.netty.request.NettyRequestSender - Using pooled Channel '[id: 0xf864d399, L:/127.0.0.1:63939 - R:localhost/127.0.0.1:59242]' for 'POST' to 'http://localhost:59242/session/067fb0df5f021f17fb59c8f7a2da734f/elements'
23:18:27.063 [Forwarding findElements on session 067fb0df5f021f17fb59c8f7a2da734f to remote] DEBUG org.asynchttpclient.netty.request.NettyRequestSender - Using open Channel [id: 0xf864d399, L:/127.0.0.1:63939 - R:localhost/127.0.0.1:59242] for POST '/session/067fb0df5f021f17fb59c8f7a2da734f/elements'
23:18:27.075 [AsyncHttpClient-1-2] DEBUG org.asynchttpclient.netty.handler.HttpHandler - 

Request DefaultHttpRequest(decodeResult: success, version: HTTP/1.1)
POST /session/067fb0df5f021f17fb59c8f7a2da734f/elements HTTP/1.1
User-Agent: selenium/4.1.2 (java windows)
Content-Length: 102
Content-Type: application/json; charset=utf-8
host: localhost:59242
accept: */*

Response DefaultHttpResponse(decodeResult: success, version: HTTP/1.1)
HTTP/1.1 200 OK
Content-Type: application/json; charset=utf-8
cache-control: no-cache
content-length: 3803

23:18:27.076 [AsyncHttpClient-1-2] DEBUG org.asynchttpclient.netty.channel.ChannelManager - Adding key: http://localhost:59242 for channel [id: 0xf864d399, L:/127.0.0.1:63939 - R:localhost/127.0.0.1:59242]
23:18:27.077 [Forwarding findElements on session 067fb0df5f021f17fb59c8f7a2da734f to remote] DEBUG org.asynchttpclient.netty.request.NettyRequestSender - Using pooled Channel '[id: 0xf864d399, L:/127.0.0.1:63939 - R:localhost/127.0.0.1:59242]' for 'POST' to 'http://localhost:59242/session/067fb0df5f021f17fb59c8f7a2da734f/elements'
23:18:27.078 [Forwarding findElements on session 067fb0df5f021f17fb59c8f7a2da734f to remote] DEBUG org.asynchttpclient.netty.request.NettyRequestSender - Using open Channel [id: 0xf864d399, L:/127.0.0.1:63939 - R:localhost/127.0.0.1:59242] for POST '/session/067fb0df5f021f17fb59c8f7a2da734f/elements'
23:18:27.089 [AsyncHttpClient-1-2] DEBUG org.asynchttpclient.netty.handler.HttpHandler - 

Request DefaultHttpRequest(decodeResult: success, version: HTTP/1.1)
POST /session/067fb0df5f021f17fb59c8f7a2da734f/elements HTTP/1.1
User-Agent: selenium/4.1.2 (java windows)
Content-Length: 102
Content-Type: application/json; charset=utf-8
host: localhost:59242
accept: */*

Response DefaultHttpResponse(decodeResult: success, version: HTTP/1.1)
HTTP/1.1 200 OK
Content-Type: application/json; charset=utf-8
cache-control: no-cache
content-length: 3803

23:18:27.090 [AsyncHttpClient-1-2] DEBUG org.asynchttpclient.netty.channel.ChannelManager - Adding key: http://localhost:59242 for channel [id: 0xf864d399, L:/127.0.0.1:63939 - R:localhost/127.0.0.1:59242]
23:18:27.092 [Forwarding getElementText on session 067fb0df5f021f17fb59c8f7a2da734f to remote] DEBUG org.asynchttpclient.netty.request.NettyRequestSender - Using pooled Channel '[id: 0xf864d399, L:/127.0.0.1:63939 - R:localhost/127.0.0.1:59242]' for 'GET' to 'http://localhost:59242/session/067fb0df5f021f17fb59c8f7a2da734f/element/e00b4f7f-a8c9-42c4-9a87-d3b6860b2be0/text'
23:18:27.092 [Forwarding getElementText on session 067fb0df5f021f17fb59c8f7a2da734f to remote] DEBUG org.asynchttpclient.netty.request.NettyRequestSender - Using open Channel [id: 0xf864d399, L:/127.0.0.1:63939 - R:localhost/127.0.0.1:59242] for GET '/session/067fb0df5f021f17fb59c8f7a2da734f/element/e00b4f7f-a8c9-42c4-9a87-d3b6860b2be0/text'
23:18:27.106 [AsyncHttpClient-1-2] DEBUG org.asynchttpclient.netty.handler.HttpHandler - 

Request DefaultFullHttpRequest(decodeResult: success, version: HTTP/1.1, content: EmptyByteBufBE)
GET /session/067fb0df5f021f17fb59c8f7a2da734f/element/e00b4f7f-a8c9-42c4-9a87-d3b6860b2be0/text HTTP/1.1
User-Agent: selenium/4.1.2 (java windows)
Cache-Control: no-cache
Content-Type: application/json; charset=utf-8
host: localhost:59242
accept: */*

Response DefaultHttpResponse(decodeResult: success, version: HTTP/1.1)
HTTP/1.1 200 OK
Content-Type: application/json; charset=utf-8
cache-control: no-cache
content-length: 50

23:18:27.107 [AsyncHttpClient-1-2] DEBUG org.asynchttpclient.netty.channel.ChannelManager - Adding key: http://localhost:59242 for channel [id: 0xf864d399, L:/127.0.0.1:63939 - R:localhost/127.0.0.1:59242]
23:18:27.109 [Forwarding findElements on session 067fb0df5f021f17fb59c8f7a2da734f to remote] DEBUG org.asynchttpclient.netty.request.NettyRequestSender - Using pooled Channel '[id: 0xf864d399, L:/127.0.0.1:63939 - R:localhost/127.0.0.1:59242]' for 'POST' to 'http://localhost:59242/session/067fb0df5f021f17fb59c8f7a2da734f/elements'
23:18:27.109 [Forwarding findElements on session 067fb0df5f021f17fb59c8f7a2da734f to remote] DEBUG org.asynchttpclient.netty.request.NettyRequestSender - Using open Channel [id: 0xf864d399, L:/127.0.0.1:63939 - R:localhost/127.0.0.1:59242] for POST '/session/067fb0df5f021f17fb59c8f7a2da734f/elements'
23:18:27.120 [AsyncHttpClient-1-2] DEBUG org.asynchttpclient.netty.handler.HttpHandler - 

Request DefaultHttpRequest(decodeResult: success, version: HTTP/1.1)
POST /session/067fb0df5f021f17fb59c8f7a2da734f/elements HTTP/1.1
User-Agent: selenium/4.1.2 (java windows)
Content-Length: 102
Content-Type: application/json; charset=utf-8
host: localhost:59242
accept: */*

Response DefaultHttpResponse(decodeResult: success, version: HTTP/1.1)
HTTP/1.1 200 OK
Content-Type: application/json; charset=utf-8
cache-control: no-cache
content-length: 3803

23:18:27.120 [AsyncHttpClient-1-2] DEBUG org.asynchttpclient.netty.channel.ChannelManager - Adding key: http://localhost:59242 for channel [id: 0xf864d399, L:/127.0.0.1:63939 - R:localhost/127.0.0.1:59242]
23:18:27.123 [Forwarding findElements on session 067fb0df5f021f17fb59c8f7a2da734f to remote] DEBUG org.asynchttpclient.netty.request.NettyRequestSender - Using pooled Channel '[id: 0xf864d399, L:/127.0.0.1:63939 - R:localhost/127.0.0.1:59242]' for 'POST' to 'http://localhost:59242/session/067fb0df5f021f17fb59c8f7a2da734f/elements'
23:18:27.123 [Forwarding findElements on session 067fb0df5f021f17fb59c8f7a2da734f to remote] DEBUG org.asynchttpclient.netty.request.NettyRequestSender - Using open Channel [id: 0xf864d399, L:/127.0.0.1:63939 - R:localhost/127.0.0.1:59242] for POST '/session/067fb0df5f021f17fb59c8f7a2da734f/elements'
23:18:27.136 [AsyncHttpClient-1-2] DEBUG org.asynchttpclient.netty.handler.HttpHandler - 

Request DefaultHttpRequest(decodeResult: success, version: HTTP/1.1)
POST /session/067fb0df5f021f17fb59c8f7a2da734f/elements HTTP/1.1
User-Agent: selenium/4.1.2 (java windows)
Content-Length: 102
Content-Type: application/json; charset=utf-8
host: localhost:59242
accept: */*

Response DefaultHttpResponse(decodeResult: success, version: HTTP/1.1)
HTTP/1.1 200 OK
Content-Type: application/json; charset=utf-8
cache-control: no-cache
content-length: 3803

23:18:27.137 [AsyncHttpClient-1-2] DEBUG org.asynchttpclient.netty.channel.ChannelManager - Adding key: http://localhost:59242 for channel [id: 0xf864d399, L:/127.0.0.1:63939 - R:localhost/127.0.0.1:59242]
23:18:27.138 [Forwarding getElementText on session 067fb0df5f021f17fb59c8f7a2da734f to remote] DEBUG org.asynchttpclient.netty.request.NettyRequestSender - Using pooled Channel '[id: 0xf864d399, L:/127.0.0.1:63939 - R:localhost/127.0.0.1:59242]' for 'GET' to 'http://localhost:59242/session/067fb0df5f021f17fb59c8f7a2da734f/element/f0907a9f-c822-401f-bb81-f9060e985ef9/text'
23:18:27.140 [Forwarding getElementText on session 067fb0df5f021f17fb59c8f7a2da734f to remote] DEBUG org.asynchttpclient.netty.request.NettyRequestSender - Using open Channel [id: 0xf864d399, L:/127.0.0.1:63939 - R:localhost/127.0.0.1:59242] for GET '/session/067fb0df5f021f17fb59c8f7a2da734f/element/f0907a9f-c822-401f-bb81-f9060e985ef9/text'
23:18:27.157 [AsyncHttpClient-1-2] DEBUG org.asynchttpclient.netty.handler.HttpHandler - 

Request DefaultFullHttpRequest(decodeResult: success, version: HTTP/1.1, content: EmptyByteBufBE)
GET /session/067fb0df5f021f17fb59c8f7a2da734f/element/f0907a9f-c822-401f-bb81-f9060e985ef9/text HTTP/1.1
User-Agent: selenium/4.1.2 (java windows)
Cache-Control: no-cache
Content-Type: application/json; charset=utf-8
host: localhost:59242
accept: */*

Response DefaultHttpResponse(decodeResult: success, version: HTTP/1.1)
HTTP/1.1 200 OK
Content-Type: application/json; charset=utf-8
cache-control: no-cache
content-length: 49

23:18:27.157 [AsyncHttpClient-1-2] DEBUG org.asynchttpclient.netty.channel.ChannelManager - Adding key: http://localhost:59242 for channel [id: 0xf864d399, L:/127.0.0.1:63939 - R:localhost/127.0.0.1:59242]
23:18:27.159 [Forwarding findElements on session 067fb0df5f021f17fb59c8f7a2da734f to remote] DEBUG org.asynchttpclient.netty.request.NettyRequestSender - Using pooled Channel '[id: 0xf864d399, L:/127.0.0.1:63939 - R:localhost/127.0.0.1:59242]' for 'POST' to 'http://localhost:59242/session/067fb0df5f021f17fb59c8f7a2da734f/elements'
23:18:27.159 [Forwarding findElements on session 067fb0df5f021f17fb59c8f7a2da734f to remote] DEBUG org.asynchttpclient.netty.request.NettyRequestSender - Using open Channel [id: 0xf864d399, L:/127.0.0.1:63939 - R:localhost/127.0.0.1:59242] for POST '/session/067fb0df5f021f17fb59c8f7a2da734f/elements'
23:18:27.171 [AsyncHttpClient-1-2] DEBUG org.asynchttpclient.netty.handler.HttpHandler - 

Request DefaultHttpRequest(decodeResult: success, version: HTTP/1.1)
POST /session/067fb0df5f021f17fb59c8f7a2da734f/elements HTTP/1.1
User-Agent: selenium/4.1.2 (java windows)
Content-Length: 102
Content-Type: application/json; charset=utf-8
host: localhost:59242
accept: */*

Response DefaultHttpResponse(decodeResult: success, version: HTTP/1.1)
HTTP/1.1 200 OK
Content-Type: application/json; charset=utf-8
cache-control: no-cache
content-length: 3803

23:18:27.172 [AsyncHttpClient-1-2] DEBUG org.asynchttpclient.netty.channel.ChannelManager - Adding key: http://localhost:59242 for channel [id: 0xf864d399, L:/127.0.0.1:63939 - R:localhost/127.0.0.1:59242]
23:18:27.177 [Forwarding findElements on session 067fb0df5f021f17fb59c8f7a2da734f to remote] DEBUG org.asynchttpclient.netty.request.NettyRequestSender - Using pooled Channel '[id: 0xf864d399, L:/127.0.0.1:63939 - R:localhost/127.0.0.1:59242]' for 'POST' to 'http://localhost:59242/session/067fb0df5f021f17fb59c8f7a2da734f/elements'
23:18:27.177 [Forwarding findElements on session 067fb0df5f021f17fb59c8f7a2da734f to remote] DEBUG org.asynchttpclient.netty.request.NettyRequestSender - Using open Channel [id: 0xf864d399, L:/127.0.0.1:63939 - R:localhost/127.0.0.1:59242] for POST '/session/067fb0df5f021f17fb59c8f7a2da734f/elements'
23:18:27.188 [AsyncHttpClient-1-2] DEBUG org.asynchttpclient.netty.handler.HttpHandler - 

Request DefaultHttpRequest(decodeResult: success, version: HTTP/1.1)
POST /session/067fb0df5f021f17fb59c8f7a2da734f/elements HTTP/1.1
User-Agent: selenium/4.1.2 (java windows)
Content-Length: 102
Content-Type: application/json; charset=utf-8
host: localhost:59242
accept: */*

Response DefaultHttpResponse(decodeResult: success, version: HTTP/1.1)
HTTP/1.1 200 OK
Content-Type: application/json; charset=utf-8
cache-control: no-cache
content-length: 3803

23:18:27.189 [AsyncHttpClient-1-2] DEBUG org.asynchttpclient.netty.channel.ChannelManager - Adding key: http://localhost:59242 for channel [id: 0xf864d399, L:/127.0.0.1:63939 - R:localhost/127.0.0.1:59242]
23:18:27.190 [Forwarding getElementText on session 067fb0df5f021f17fb59c8f7a2da734f to remote] DEBUG org.asynchttpclient.netty.request.NettyRequestSender - Using pooled Channel '[id: 0xf864d399, L:/127.0.0.1:63939 - R:localhost/127.0.0.1:59242]' for 'GET' to 'http://localhost:59242/session/067fb0df5f021f17fb59c8f7a2da734f/element/028f2913-776b-4aac-ac33-bf957dbabe27/text'
23:18:27.191 [Forwarding getElementText on session 067fb0df5f021f17fb59c8f7a2da734f to remote] DEBUG org.asynchttpclient.netty.request.NettyRequestSender - Using open Channel [id: 0xf864d399, L:/127.0.0.1:63939 - R:localhost/127.0.0.1:59242] for GET '/session/067fb0df5f021f17fb59c8f7a2da734f/element/028f2913-776b-4aac-ac33-bf957dbabe27/text'
23:18:27.203 [AsyncHttpClient-1-2] DEBUG org.asynchttpclient.netty.handler.HttpHandler - 

Request DefaultFullHttpRequest(decodeResult: success, version: HTTP/1.1, content: EmptyByteBufBE)
GET /session/067fb0df5f021f17fb59c8f7a2da734f/element/028f2913-776b-4aac-ac33-bf957dbabe27/text HTTP/1.1
User-Agent: selenium/4.1.2 (java windows)
Cache-Control: no-cache
Content-Type: application/json; charset=utf-8
host: localhost:59242
accept: */*

Response DefaultHttpResponse(decodeResult: success, version: HTTP/1.1)
HTTP/1.1 200 OK
Content-Type: application/json; charset=utf-8
cache-control: no-cache
content-length: 68

23:18:27.203 [AsyncHttpClient-1-2] DEBUG org.asynchttpclient.netty.channel.ChannelManager - Adding key: http://localhost:59242 for channel [id: 0xf864d399, L:/127.0.0.1:63939 - R:localhost/127.0.0.1:59242]
23:18:27.205 [Forwarding findElements on session 067fb0df5f021f17fb59c8f7a2da734f to remote] DEBUG org.asynchttpclient.netty.request.NettyRequestSender - Using pooled Channel '[id: 0xf864d399, L:/127.0.0.1:63939 - R:localhost/127.0.0.1:59242]' for 'POST' to 'http://localhost:59242/session/067fb0df5f021f17fb59c8f7a2da734f/elements'
23:18:27.205 [Forwarding findElements on session 067fb0df5f021f17fb59c8f7a2da734f to remote] DEBUG org.asynchttpclient.netty.request.NettyRequestSender - Using open Channel [id: 0xf864d399, L:/127.0.0.1:63939 - R:localhost/127.0.0.1:59242] for POST '/session/067fb0df5f021f17fb59c8f7a2da734f/elements'
23:18:27.214 [AsyncHttpClient-1-2] DEBUG org.asynchttpclient.netty.handler.HttpHandler - 

Request DefaultHttpRequest(decodeResult: success, version: HTTP/1.1)
POST /session/067fb0df5f021f17fb59c8f7a2da734f/elements HTTP/1.1
User-Agent: selenium/4.1.2 (java windows)
Content-Length: 102
Content-Type: application/json; charset=utf-8
host: localhost:59242
accept: */*

Response DefaultHttpResponse(decodeResult: success, version: HTTP/1.1)
HTTP/1.1 200 OK
Content-Type: application/json; charset=utf-8
cache-control: no-cache
content-length: 3803

23:18:27.215 [AsyncHttpClient-1-2] DEBUG org.asynchttpclient.netty.channel.ChannelManager - Adding key: http://localhost:59242 for channel [id: 0xf864d399, L:/127.0.0.1:63939 - R:localhost/127.0.0.1:59242]
23:18:27.217 [Forwarding findElements on session 067fb0df5f021f17fb59c8f7a2da734f to remote] DEBUG org.asynchttpclient.netty.request.NettyRequestSender - Using pooled Channel '[id: 0xf864d399, L:/127.0.0.1:63939 - R:localhost/127.0.0.1:59242]' for 'POST' to 'http://localhost:59242/session/067fb0df5f021f17fb59c8f7a2da734f/elements'
23:18:27.217 [Forwarding findElements on session 067fb0df5f021f17fb59c8f7a2da734f to remote] DEBUG org.asynchttpclient.netty.request.NettyRequestSender - Using open Channel [id: 0xf864d399, L:/127.0.0.1:63939 - R:localhost/127.0.0.1:59242] for POST '/session/067fb0df5f021f17fb59c8f7a2da734f/elements'
23:18:27.225 [AsyncHttpClient-1-2] DEBUG org.asynchttpclient.netty.handler.HttpHandler - 

Request DefaultHttpRequest(decodeResult: success, version: HTTP/1.1)
POST /session/067fb0df5f021f17fb59c8f7a2da734f/elements HTTP/1.1
User-Agent: selenium/4.1.2 (java windows)
Content-Length: 102
Content-Type: application/json; charset=utf-8
host: localhost:59242
accept: */*

Response DefaultHttpResponse(decodeResult: success, version: HTTP/1.1)
HTTP/1.1 200 OK
Content-Type: application/json; charset=utf-8
cache-control: no-cache
content-length: 3803

23:18:27.226 [AsyncHttpClient-1-2] DEBUG org.asynchttpclient.netty.channel.ChannelManager - Adding key: http://localhost:59242 for channel [id: 0xf864d399, L:/127.0.0.1:63939 - R:localhost/127.0.0.1:59242]
23:18:27.227 [Forwarding getElementText on session 067fb0df5f021f17fb59c8f7a2da734f to remote] DEBUG org.asynchttpclient.netty.request.NettyRequestSender - Using pooled Channel '[id: 0xf864d399, L:/127.0.0.1:63939 - R:localhost/127.0.0.1:59242]' for 'GET' to 'http://localhost:59242/session/067fb0df5f021f17fb59c8f7a2da734f/element/54aef2d2-8265-4d8b-9c8d-b0b21c8ff98e/text'
23:18:27.228 [Forwarding getElementText on session 067fb0df5f021f17fb59c8f7a2da734f to remote] DEBUG org.asynchttpclient.netty.request.NettyRequestSender - Using open Channel [id: 0xf864d399, L:/127.0.0.1:63939 - R:localhost/127.0.0.1:59242] for GET '/session/067fb0df5f021f17fb59c8f7a2da734f/element/54aef2d2-8265-4d8b-9c8d-b0b21c8ff98e/text'
23:18:27.238 [AsyncHttpClient-1-2] DEBUG org.asynchttpclient.netty.handler.HttpHandler - 

Request DefaultFullHttpRequest(decodeResult: success, version: HTTP/1.1, content: EmptyByteBufBE)
GET /session/067fb0df5f021f17fb59c8f7a2da734f/element/54aef2d2-8265-4d8b-9c8d-b0b21c8ff98e/text HTTP/1.1
User-Agent: selenium/4.1.2 (java windows)
Cache-Control: no-cache
Content-Type: application/json; charset=utf-8
host: localhost:59242
accept: */*

Response DefaultHttpResponse(decodeResult: success, version: HTTP/1.1)
HTTP/1.1 200 OK
Content-Type: application/json; charset=utf-8
cache-control: no-cache
content-length: 68

23:18:27.238 [AsyncHttpClient-1-2] DEBUG org.asynchttpclient.netty.channel.ChannelManager - Adding key: http://localhost:59242 for channel [id: 0xf864d399, L:/127.0.0.1:63939 - R:localhost/127.0.0.1:59242]
23:18:27.239 [Forwarding findElements on session 067fb0df5f021f17fb59c8f7a2da734f to remote] DEBUG org.asynchttpclient.netty.request.NettyRequestSender - Using pooled Channel '[id: 0xf864d399, L:/127.0.0.1:63939 - R:localhost/127.0.0.1:59242]' for 'POST' to 'http://localhost:59242/session/067fb0df5f021f17fb59c8f7a2da734f/elements'
23:18:27.239 [Forwarding findElements on session 067fb0df5f021f17fb59c8f7a2da734f to remote] DEBUG org.asynchttpclient.netty.request.NettyRequestSender - Using open Channel [id: 0xf864d399, L:/127.0.0.1:63939 - R:localhost/127.0.0.1:59242] for POST '/session/067fb0df5f021f17fb59c8f7a2da734f/elements'
23:18:27.249 [AsyncHttpClient-1-2] DEBUG org.asynchttpclient.netty.handler.HttpHandler - 

Request DefaultHttpRequest(decodeResult: success, version: HTTP/1.1)
POST /session/067fb0df5f021f17fb59c8f7a2da734f/elements HTTP/1.1
User-Agent: selenium/4.1.2 (java windows)
Content-Length: 102
Content-Type: application/json; charset=utf-8
host: localhost:59242
accept: */*

Response DefaultHttpResponse(decodeResult: success, version: HTTP/1.1)
HTTP/1.1 200 OK
Content-Type: application/json; charset=utf-8
cache-control: no-cache
content-length: 3803

23:18:27.249 [AsyncHttpClient-1-2] DEBUG org.asynchttpclient.netty.channel.ChannelManager - Adding key: http://localhost:59242 for channel [id: 0xf864d399, L:/127.0.0.1:63939 - R:localhost/127.0.0.1:59242]
23:18:27.252 [Forwarding findElements on session 067fb0df5f021f17fb59c8f7a2da734f to remote] DEBUG org.asynchttpclient.netty.request.NettyRequestSender - Using pooled Channel '[id: 0xf864d399, L:/127.0.0.1:63939 - R:localhost/127.0.0.1:59242]' for 'POST' to 'http://localhost:59242/session/067fb0df5f021f17fb59c8f7a2da734f/elements'
23:18:27.252 [Forwarding findElements on session 067fb0df5f021f17fb59c8f7a2da734f to remote] DEBUG org.asynchttpclient.netty.request.NettyRequestSender - Using open Channel [id: 0xf864d399, L:/127.0.0.1:63939 - R:localhost/127.0.0.1:59242] for POST '/session/067fb0df5f021f17fb59c8f7a2da734f/elements'
23:18:27.267 [AsyncHttpClient-1-2] DEBUG org.asynchttpclient.netty.handler.HttpHandler - 

Request DefaultHttpRequest(decodeResult: success, version: HTTP/1.1)
POST /session/067fb0df5f021f17fb59c8f7a2da734f/elements HTTP/1.1
User-Agent: selenium/4.1.2 (java windows)
Content-Length: 102
Content-Type: application/json; charset=utf-8
host: localhost:59242
accept: */*

Response DefaultHttpResponse(decodeResult: success, version: HTTP/1.1)
HTTP/1.1 200 OK
Content-Type: application/json; charset=utf-8
cache-control: no-cache
content-length: 3803

23:18:27.267 [AsyncHttpClient-1-2] DEBUG org.asynchttpclient.netty.channel.ChannelManager - Adding key: http://localhost:59242 for channel [id: 0xf864d399, L:/127.0.0.1:63939 - R:localhost/127.0.0.1:59242]
23:18:27.269 [Forwarding getElementText on session 067fb0df5f021f17fb59c8f7a2da734f to remote] DEBUG org.asynchttpclient.netty.request.NettyRequestSender - Using pooled Channel '[id: 0xf864d399, L:/127.0.0.1:63939 - R:localhost/127.0.0.1:59242]' for 'GET' to 'http://localhost:59242/session/067fb0df5f021f17fb59c8f7a2da734f/element/65c937e7-e8df-4fc4-b11c-5631a7d27d0f/text'
23:18:27.269 [Forwarding getElementText on session 067fb0df5f021f17fb59c8f7a2da734f to remote] DEBUG org.asynchttpclient.netty.request.NettyRequestSender - Using open Channel [id: 0xf864d399, L:/127.0.0.1:63939 - R:localhost/127.0.0.1:59242] for GET '/session/067fb0df5f021f17fb59c8f7a2da734f/element/65c937e7-e8df-4fc4-b11c-5631a7d27d0f/text'
23:18:27.289 [AsyncHttpClient-1-2] DEBUG org.asynchttpclient.netty.handler.HttpHandler - 

Request DefaultFullHttpRequest(decodeResult: success, version: HTTP/1.1, content: EmptyByteBufBE)
GET /session/067fb0df5f021f17fb59c8f7a2da734f/element/65c937e7-e8df-4fc4-b11c-5631a7d27d0f/text HTTP/1.1
User-Agent: selenium/4.1.2 (java windows)
Cache-Control: no-cache
Content-Type: application/json; charset=utf-8
host: localhost:59242
accept: */*

Response DefaultHttpResponse(decodeResult: success, version: HTTP/1.1)
HTTP/1.1 200 OK
Content-Type: application/json; charset=utf-8
cache-control: no-cache
content-length: 66

23:18:27.289 [AsyncHttpClient-1-2] DEBUG org.asynchttpclient.netty.channel.ChannelManager - Adding key: http://localhost:59242 for channel [id: 0xf864d399, L:/127.0.0.1:63939 - R:localhost/127.0.0.1:59242]
23:18:27.291 [Forwarding findElements on session 067fb0df5f021f17fb59c8f7a2da734f to remote] DEBUG org.asynchttpclient.netty.request.NettyRequestSender - Using pooled Channel '[id: 0xf864d399, L:/127.0.0.1:63939 - R:localhost/127.0.0.1:59242]' for 'POST' to 'http://localhost:59242/session/067fb0df5f021f17fb59c8f7a2da734f/elements'
23:18:27.291 [Forwarding findElements on session 067fb0df5f021f17fb59c8f7a2da734f to remote] DEBUG org.asynchttpclient.netty.request.NettyRequestSender - Using open Channel [id: 0xf864d399, L:/127.0.0.1:63939 - R:localhost/127.0.0.1:59242] for POST '/session/067fb0df5f021f17fb59c8f7a2da734f/elements'
23:18:27.305 [AsyncHttpClient-1-2] DEBUG org.asynchttpclient.netty.handler.HttpHandler - 

Request DefaultHttpRequest(decodeResult: success, version: HTTP/1.1)
POST /session/067fb0df5f021f17fb59c8f7a2da734f/elements HTTP/1.1
User-Agent: selenium/4.1.2 (java windows)
Content-Length: 102
Content-Type: application/json; charset=utf-8
host: localhost:59242
accept: */*

Response DefaultHttpResponse(decodeResult: success, version: HTTP/1.1)
HTTP/1.1 200 OK
Content-Type: application/json; charset=utf-8
cache-control: no-cache
content-length: 3803

23:18:27.306 [AsyncHttpClient-1-2] DEBUG org.asynchttpclient.netty.channel.ChannelManager - Adding key: http://localhost:59242 for channel [id: 0xf864d399, L:/127.0.0.1:63939 - R:localhost/127.0.0.1:59242]
23:18:27.308 [Forwarding findElements on session 067fb0df5f021f17fb59c8f7a2da734f to remote] DEBUG org.asynchttpclient.netty.request.NettyRequestSender - Using pooled Channel '[id: 0xf864d399, L:/127.0.0.1:63939 - R:localhost/127.0.0.1:59242]' for 'POST' to 'http://localhost:59242/session/067fb0df5f021f17fb59c8f7a2da734f/elements'
23:18:27.309 [Forwarding findElements on session 067fb0df5f021f17fb59c8f7a2da734f to remote] DEBUG org.asynchttpclient.netty.request.NettyRequestSender - Using open Channel [id: 0xf864d399, L:/127.0.0.1:63939 - R:localhost/127.0.0.1:59242] for POST '/session/067fb0df5f021f17fb59c8f7a2da734f/elements'
23:18:27.320 [AsyncHttpClient-1-2] DEBUG org.asynchttpclient.netty.handler.HttpHandler - 

Request DefaultHttpRequest(decodeResult: success, version: HTTP/1.1)
POST /session/067fb0df5f021f17fb59c8f7a2da734f/elements HTTP/1.1
User-Agent: selenium/4.1.2 (java windows)
Content-Length: 102
Content-Type: application/json; charset=utf-8
host: localhost:59242
accept: */*

Response DefaultHttpResponse(decodeResult: success, version: HTTP/1.1)
HTTP/1.1 200 OK
Content-Type: application/json; charset=utf-8
cache-control: no-cache
content-length: 3803

23:18:27.320 [AsyncHttpClient-1-2] DEBUG org.asynchttpclient.netty.channel.ChannelManager - Adding key: http://localhost:59242 for channel [id: 0xf864d399, L:/127.0.0.1:63939 - R:localhost/127.0.0.1:59242]
23:18:27.322 [Forwarding getElementText on session 067fb0df5f021f17fb59c8f7a2da734f to remote] DEBUG org.asynchttpclient.netty.request.NettyRequestSender - Using pooled Channel '[id: 0xf864d399, L:/127.0.0.1:63939 - R:localhost/127.0.0.1:59242]' for 'GET' to 'http://localhost:59242/session/067fb0df5f021f17fb59c8f7a2da734f/element/b1a2723f-347a-4b9f-99c1-80cae10d306f/text'
23:18:27.322 [Forwarding getElementText on session 067fb0df5f021f17fb59c8f7a2da734f to remote] DEBUG org.asynchttpclient.netty.request.NettyRequestSender - Using open Channel [id: 0xf864d399, L:/127.0.0.1:63939 - R:localhost/127.0.0.1:59242] for GET '/session/067fb0df5f021f17fb59c8f7a2da734f/element/b1a2723f-347a-4b9f-99c1-80cae10d306f/text'
23:18:27.336 [AsyncHttpClient-1-2] DEBUG org.asynchttpclient.netty.handler.HttpHandler - 

Request DefaultFullHttpRequest(decodeResult: success, version: HTTP/1.1, content: EmptyByteBufBE)
GET /session/067fb0df5f021f17fb59c8f7a2da734f/element/b1a2723f-347a-4b9f-99c1-80cae10d306f/text HTTP/1.1
User-Agent: selenium/4.1.2 (java windows)
Cache-Control: no-cache
Content-Type: application/json; charset=utf-8
host: localhost:59242
accept: */*

Response DefaultHttpResponse(decodeResult: success, version: HTTP/1.1)
HTTP/1.1 200 OK
Content-Type: application/json; charset=utf-8
cache-control: no-cache
content-length: 67

23:18:27.336 [AsyncHttpClient-1-2] DEBUG org.asynchttpclient.netty.channel.ChannelManager - Adding key: http://localhost:59242 for channel [id: 0xf864d399, L:/127.0.0.1:63939 - R:localhost/127.0.0.1:59242]
23:18:27.338 [Forwarding findElements on session 067fb0df5f021f17fb59c8f7a2da734f to remote] DEBUG org.asynchttpclient.netty.request.NettyRequestSender - Using pooled Channel '[id: 0xf864d399, L:/127.0.0.1:63939 - R:localhost/127.0.0.1:59242]' for 'POST' to 'http://localhost:59242/session/067fb0df5f021f17fb59c8f7a2da734f/elements'
23:18:27.338 [Forwarding findElements on session 067fb0df5f021f17fb59c8f7a2da734f to remote] DEBUG org.asynchttpclient.netty.request.NettyRequestSender - Using open Channel [id: 0xf864d399, L:/127.0.0.1:63939 - R:localhost/127.0.0.1:59242] for POST '/session/067fb0df5f021f17fb59c8f7a2da734f/elements'
23:18:27.349 [AsyncHttpClient-1-2] DEBUG org.asynchttpclient.netty.handler.HttpHandler - 

Request DefaultHttpRequest(decodeResult: success, version: HTTP/1.1)
POST /session/067fb0df5f021f17fb59c8f7a2da734f/elements HTTP/1.1
User-Agent: selenium/4.1.2 (java windows)
Content-Length: 102
Content-Type: application/json; charset=utf-8
host: localhost:59242
accept: */*

Response DefaultHttpResponse(decodeResult: success, version: HTTP/1.1)
HTTP/1.1 200 OK
Content-Type: application/json; charset=utf-8
cache-control: no-cache
content-length: 3803

23:18:27.349 [AsyncHttpClient-1-2] DEBUG org.asynchttpclient.netty.channel.ChannelManager - Adding key: http://localhost:59242 for channel [id: 0xf864d399, L:/127.0.0.1:63939 - R:localhost/127.0.0.1:59242]
23:18:27.353 [Forwarding findElements on session 067fb0df5f021f17fb59c8f7a2da734f to remote] DEBUG org.asynchttpclient.netty.request.NettyRequestSender - Using pooled Channel '[id: 0xf864d399, L:/127.0.0.1:63939 - R:localhost/127.0.0.1:59242]' for 'POST' to 'http://localhost:59242/session/067fb0df5f021f17fb59c8f7a2da734f/elements'
23:18:27.353 [Forwarding findElements on session 067fb0df5f021f17fb59c8f7a2da734f to remote] DEBUG org.asynchttpclient.netty.request.NettyRequestSender - Using open Channel [id: 0xf864d399, L:/127.0.0.1:63939 - R:localhost/127.0.0.1:59242] for POST '/session/067fb0df5f021f17fb59c8f7a2da734f/elements'
23:18:27.364 [AsyncHttpClient-1-2] DEBUG org.asynchttpclient.netty.handler.HttpHandler - 

Request DefaultHttpRequest(decodeResult: success, version: HTTP/1.1)
POST /session/067fb0df5f021f17fb59c8f7a2da734f/elements HTTP/1.1
User-Agent: selenium/4.1.2 (java windows)
Content-Length: 102
Content-Type: application/json; charset=utf-8
host: localhost:59242
accept: */*

Response DefaultHttpResponse(decodeResult: success, version: HTTP/1.1)
HTTP/1.1 200 OK
Content-Type: application/json; charset=utf-8
cache-control: no-cache
content-length: 3803

23:18:27.364 [AsyncHttpClient-1-2] DEBUG org.asynchttpclient.netty.channel.ChannelManager - Adding key: http://localhost:59242 for channel [id: 0xf864d399, L:/127.0.0.1:63939 - R:localhost/127.0.0.1:59242]
23:18:27.366 [Forwarding getElementText on session 067fb0df5f021f17fb59c8f7a2da734f to remote] DEBUG org.asynchttpclient.netty.request.NettyRequestSender - Using pooled Channel '[id: 0xf864d399, L:/127.0.0.1:63939 - R:localhost/127.0.0.1:59242]' for 'GET' to 'http://localhost:59242/session/067fb0df5f021f17fb59c8f7a2da734f/element/ba322444-db39-4ef2-89b1-5d2ef0309924/text'
23:18:27.367 [Forwarding getElementText on session 067fb0df5f021f17fb59c8f7a2da734f to remote] DEBUG org.asynchttpclient.netty.request.NettyRequestSender - Using open Channel [id: 0xf864d399, L:/127.0.0.1:63939 - R:localhost/127.0.0.1:59242] for GET '/session/067fb0df5f021f17fb59c8f7a2da734f/element/ba322444-db39-4ef2-89b1-5d2ef0309924/text'
23:18:27.381 [AsyncHttpClient-1-2] DEBUG org.asynchttpclient.netty.handler.HttpHandler - 

Request DefaultFullHttpRequest(decodeResult: success, version: HTTP/1.1, content: EmptyByteBufBE)
GET /session/067fb0df5f021f17fb59c8f7a2da734f/element/ba322444-db39-4ef2-89b1-5d2ef0309924/text HTTP/1.1
User-Agent: selenium/4.1.2 (java windows)
Cache-Control: no-cache
Content-Type: application/json; charset=utf-8
host: localhost:59242
accept: */*

Response DefaultHttpResponse(decodeResult: success, version: HTTP/1.1)
HTTP/1.1 200 OK
Content-Type: application/json; charset=utf-8
cache-control: no-cache
content-length: 67

23:18:27.381 [AsyncHttpClient-1-2] DEBUG org.asynchttpclient.netty.channel.ChannelManager - Adding key: http://localhost:59242 for channel [id: 0xf864d399, L:/127.0.0.1:63939 - R:localhost/127.0.0.1:59242]
23:18:27.382 [Forwarding findElements on session 067fb0df5f021f17fb59c8f7a2da734f to remote] DEBUG org.asynchttpclient.netty.request.NettyRequestSender - Using pooled Channel '[id: 0xf864d399, L:/127.0.0.1:63939 - R:localhost/127.0.0.1:59242]' for 'POST' to 'http://localhost:59242/session/067fb0df5f021f17fb59c8f7a2da734f/elements'
23:18:27.382 [Forwarding findElements on session 067fb0df5f021f17fb59c8f7a2da734f to remote] DEBUG org.asynchttpclient.netty.request.NettyRequestSender - Using open Channel [id: 0xf864d399, L:/127.0.0.1:63939 - R:localhost/127.0.0.1:59242] for POST '/session/067fb0df5f021f17fb59c8f7a2da734f/elements'
23:18:27.391 [AsyncHttpClient-1-2] DEBUG org.asynchttpclient.netty.handler.HttpHandler - 

Request DefaultHttpRequest(decodeResult: success, version: HTTP/1.1)
POST /session/067fb0df5f021f17fb59c8f7a2da734f/elements HTTP/1.1
User-Agent: selenium/4.1.2 (java windows)
Content-Length: 102
Content-Type: application/json; charset=utf-8
host: localhost:59242
accept: */*

Response DefaultHttpResponse(decodeResult: success, version: HTTP/1.1)
HTTP/1.1 200 OK
Content-Type: application/json; charset=utf-8
cache-control: no-cache
content-length: 3803

23:18:27.391 [AsyncHttpClient-1-2] DEBUG org.asynchttpclient.netty.channel.ChannelManager - Adding key: http://localhost:59242 for channel [id: 0xf864d399, L:/127.0.0.1:63939 - R:localhost/127.0.0.1:59242]
23:18:27.394 [Forwarding findElements on session 067fb0df5f021f17fb59c8f7a2da734f to remote] DEBUG org.asynchttpclient.netty.request.NettyRequestSender - Using pooled Channel '[id: 0xf864d399, L:/127.0.0.1:63939 - R:localhost/127.0.0.1:59242]' for 'POST' to 'http://localhost:59242/session/067fb0df5f021f17fb59c8f7a2da734f/elements'
23:18:27.394 [Forwarding findElements on session 067fb0df5f021f17fb59c8f7a2da734f to remote] DEBUG org.asynchttpclient.netty.request.NettyRequestSender - Using open Channel [id: 0xf864d399, L:/127.0.0.1:63939 - R:localhost/127.0.0.1:59242] for POST '/session/067fb0df5f021f17fb59c8f7a2da734f/elements'
23:18:27.406 [AsyncHttpClient-1-2] DEBUG org.asynchttpclient.netty.handler.HttpHandler - 

Request DefaultHttpRequest(decodeResult: success, version: HTTP/1.1)
POST /session/067fb0df5f021f17fb59c8f7a2da734f/elements HTTP/1.1
User-Agent: selenium/4.1.2 (java windows)
Content-Length: 102
Content-Type: application/json; charset=utf-8
host: localhost:59242
accept: */*

Response DefaultHttpResponse(decodeResult: success, version: HTTP/1.1)
HTTP/1.1 200 OK
Content-Type: application/json; charset=utf-8
cache-control: no-cache
content-length: 3803

23:18:27.407 [AsyncHttpClient-1-2] DEBUG org.asynchttpclient.netty.channel.ChannelManager - Adding key: http://localhost:59242 for channel [id: 0xf864d399, L:/127.0.0.1:63939 - R:localhost/127.0.0.1:59242]
23:18:27.408 [Forwarding getElementText on session 067fb0df5f021f17fb59c8f7a2da734f to remote] DEBUG org.asynchttpclient.netty.request.NettyRequestSender - Using pooled Channel '[id: 0xf864d399, L:/127.0.0.1:63939 - R:localhost/127.0.0.1:59242]' for 'GET' to 'http://localhost:59242/session/067fb0df5f021f17fb59c8f7a2da734f/element/662a9df5-3a1a-45dd-9597-d1ef4e13accb/text'
23:18:27.408 [Forwarding getElementText on session 067fb0df5f021f17fb59c8f7a2da734f to remote] DEBUG org.asynchttpclient.netty.request.NettyRequestSender - Using open Channel [id: 0xf864d399, L:/127.0.0.1:63939 - R:localhost/127.0.0.1:59242] for GET '/session/067fb0df5f021f17fb59c8f7a2da734f/element/662a9df5-3a1a-45dd-9597-d1ef4e13accb/text'
23:18:27.423 [AsyncHttpClient-1-2] DEBUG org.asynchttpclient.netty.handler.HttpHandler - 

Request DefaultFullHttpRequest(decodeResult: success, version: HTTP/1.1, content: EmptyByteBufBE)
GET /session/067fb0df5f021f17fb59c8f7a2da734f/element/662a9df5-3a1a-45dd-9597-d1ef4e13accb/text HTTP/1.1
User-Agent: selenium/4.1.2 (java windows)
Cache-Control: no-cache
Content-Type: application/json; charset=utf-8
host: localhost:59242
accept: */*

Response DefaultHttpResponse(decodeResult: success, version: HTTP/1.1)
HTTP/1.1 200 OK
Content-Type: application/json; charset=utf-8
cache-control: no-cache
content-length: 65

23:18:27.423 [AsyncHttpClient-1-2] DEBUG org.asynchttpclient.netty.channel.ChannelManager - Adding key: http://localhost:59242 for channel [id: 0xf864d399, L:/127.0.0.1:63939 - R:localhost/127.0.0.1:59242]
23:18:27.425 [Forwarding findElements on session 067fb0df5f021f17fb59c8f7a2da734f to remote] DEBUG org.asynchttpclient.netty.request.NettyRequestSender - Using pooled Channel '[id: 0xf864d399, L:/127.0.0.1:63939 - R:localhost/127.0.0.1:59242]' for 'POST' to 'http://localhost:59242/session/067fb0df5f021f17fb59c8f7a2da734f/elements'
23:18:27.425 [Forwarding findElements on session 067fb0df5f021f17fb59c8f7a2da734f to remote] DEBUG org.asynchttpclient.netty.request.NettyRequestSender - Using open Channel [id: 0xf864d399, L:/127.0.0.1:63939 - R:localhost/127.0.0.1:59242] for POST '/session/067fb0df5f021f17fb59c8f7a2da734f/elements'
23:18:27.437 [AsyncHttpClient-1-2] DEBUG org.asynchttpclient.netty.handler.HttpHandler - 

Request DefaultHttpRequest(decodeResult: success, version: HTTP/1.1)
POST /session/067fb0df5f021f17fb59c8f7a2da734f/elements HTTP/1.1
User-Agent: selenium/4.1.2 (java windows)
Content-Length: 102
Content-Type: application/json; charset=utf-8
host: localhost:59242
accept: */*

Response DefaultHttpResponse(decodeResult: success, version: HTTP/1.1)
HTTP/1.1 200 OK
Content-Type: application/json; charset=utf-8
cache-control: no-cache
content-length: 3803

23:18:27.438 [AsyncHttpClient-1-2] DEBUG org.asynchttpclient.netty.channel.ChannelManager - Adding key: http://localhost:59242 for channel [id: 0xf864d399, L:/127.0.0.1:63939 - R:localhost/127.0.0.1:59242]
23:18:27.440 [Forwarding findElements on session 067fb0df5f021f17fb59c8f7a2da734f to remote] DEBUG org.asynchttpclient.netty.request.NettyRequestSender - Using pooled Channel '[id: 0xf864d399, L:/127.0.0.1:63939 - R:localhost/127.0.0.1:59242]' for 'POST' to 'http://localhost:59242/session/067fb0df5f021f17fb59c8f7a2da734f/elements'
23:18:27.440 [Forwarding findElements on session 067fb0df5f021f17fb59c8f7a2da734f to remote] DEBUG org.asynchttpclient.netty.request.NettyRequestSender - Using open Channel [id: 0xf864d399, L:/127.0.0.1:63939 - R:localhost/127.0.0.1:59242] for POST '/session/067fb0df5f021f17fb59c8f7a2da734f/elements'
23:18:27.449 [AsyncHttpClient-1-2] DEBUG org.asynchttpclient.netty.handler.HttpHandler - 

Request DefaultHttpRequest(decodeResult: success, version: HTTP/1.1)
POST /session/067fb0df5f021f17fb59c8f7a2da734f/elements HTTP/1.1
User-Agent: selenium/4.1.2 (java windows)
Content-Length: 102
Content-Type: application/json; charset=utf-8
host: localhost:59242
accept: */*

Response DefaultHttpResponse(decodeResult: success, version: HTTP/1.1)
HTTP/1.1 200 OK
Content-Type: application/json; charset=utf-8
cache-control: no-cache
content-length: 3803

23:18:27.449 [AsyncHttpClient-1-2] DEBUG org.asynchttpclient.netty.channel.ChannelManager - Adding key: http://localhost:59242 for channel [id: 0xf864d399, L:/127.0.0.1:63939 - R:localhost/127.0.0.1:59242]
23:18:27.452 [Forwarding getElementText on session 067fb0df5f021f17fb59c8f7a2da734f to remote] DEBUG org.asynchttpclient.netty.request.NettyRequestSender - Using pooled Channel '[id: 0xf864d399, L:/127.0.0.1:63939 - R:localhost/127.0.0.1:59242]' for 'GET' to 'http://localhost:59242/session/067fb0df5f021f17fb59c8f7a2da734f/element/30ea8756-bffe-4b5a-a6ed-c1cbd5a44cef/text'
23:18:27.452 [Forwarding getElementText on session 067fb0df5f021f17fb59c8f7a2da734f to remote] DEBUG org.asynchttpclient.netty.request.NettyRequestSender - Using open Channel [id: 0xf864d399, L:/127.0.0.1:63939 - R:localhost/127.0.0.1:59242] for GET '/session/067fb0df5f021f17fb59c8f7a2da734f/element/30ea8756-bffe-4b5a-a6ed-c1cbd5a44cef/text'
23:18:27.468 [AsyncHttpClient-1-2] DEBUG org.asynchttpclient.netty.handler.HttpHandler - 

Request DefaultFullHttpRequest(decodeResult: success, version: HTTP/1.1, content: EmptyByteBufBE)
GET /session/067fb0df5f021f17fb59c8f7a2da734f/element/30ea8756-bffe-4b5a-a6ed-c1cbd5a44cef/text HTTP/1.1
User-Agent: selenium/4.1.2 (java windows)
Cache-Control: no-cache
Content-Type: application/json; charset=utf-8
host: localhost:59242
accept: */*

Response DefaultHttpResponse(decodeResult: success, version: HTTP/1.1)
HTTP/1.1 200 OK
Content-Type: application/json; charset=utf-8
cache-control: no-cache
content-length: 59

23:18:27.468 [AsyncHttpClient-1-2] DEBUG org.asynchttpclient.netty.channel.ChannelManager - Adding key: http://localhost:59242 for channel [id: 0xf864d399, L:/127.0.0.1:63939 - R:localhost/127.0.0.1:59242]
23:18:27.469 [Forwarding findElements on session 067fb0df5f021f17fb59c8f7a2da734f to remote] DEBUG org.asynchttpclient.netty.request.NettyRequestSender - Using pooled Channel '[id: 0xf864d399, L:/127.0.0.1:63939 - R:localhost/127.0.0.1:59242]' for 'POST' to 'http://localhost:59242/session/067fb0df5f021f17fb59c8f7a2da734f/elements'
23:18:27.469 [Forwarding findElements on session 067fb0df5f021f17fb59c8f7a2da734f to remote] DEBUG org.asynchttpclient.netty.request.NettyRequestSender - Using open Channel [id: 0xf864d399, L:/127.0.0.1:63939 - R:localhost/127.0.0.1:59242] for POST '/session/067fb0df5f021f17fb59c8f7a2da734f/elements'
23:18:27.480 [AsyncHttpClient-1-2] DEBUG org.asynchttpclient.netty.handler.HttpHandler - 

Request DefaultHttpRequest(decodeResult: success, version: HTTP/1.1)
POST /session/067fb0df5f021f17fb59c8f7a2da734f/elements HTTP/1.1
User-Agent: selenium/4.1.2 (java windows)
Content-Length: 102
Content-Type: application/json; charset=utf-8
host: localhost:59242
accept: */*

Response DefaultHttpResponse(decodeResult: success, version: HTTP/1.1)
HTTP/1.1 200 OK
Content-Type: application/json; charset=utf-8
cache-control: no-cache
content-length: 3803

23:18:27.481 [AsyncHttpClient-1-2] DEBUG org.asynchttpclient.netty.channel.ChannelManager - Adding key: http://localhost:59242 for channel [id: 0xf864d399, L:/127.0.0.1:63939 - R:localhost/127.0.0.1:59242]
23:18:27.483 [Forwarding findElements on session 067fb0df5f021f17fb59c8f7a2da734f to remote] DEBUG org.asynchttpclient.netty.request.NettyRequestSender - Using pooled Channel '[id: 0xf864d399, L:/127.0.0.1:63939 - R:localhost/127.0.0.1:59242]' for 'POST' to 'http://localhost:59242/session/067fb0df5f021f17fb59c8f7a2da734f/elements'
23:18:27.483 [Forwarding findElements on session 067fb0df5f021f17fb59c8f7a2da734f to remote] DEBUG org.asynchttpclient.netty.request.NettyRequestSender - Using open Channel [id: 0xf864d399, L:/127.0.0.1:63939 - R:localhost/127.0.0.1:59242] for POST '/session/067fb0df5f021f17fb59c8f7a2da734f/elements'
23:18:27.495 [AsyncHttpClient-1-2] DEBUG org.asynchttpclient.netty.handler.HttpHandler - 

Request DefaultHttpRequest(decodeResult: success, version: HTTP/1.1)
POST /session/067fb0df5f021f17fb59c8f7a2da734f/elements HTTP/1.1
User-Agent: selenium/4.1.2 (java windows)
Content-Length: 102
Content-Type: application/json; charset=utf-8
host: localhost:59242
accept: */*

Response DefaultHttpResponse(decodeResult: success, version: HTTP/1.1)
HTTP/1.1 200 OK
Content-Type: application/json; charset=utf-8
cache-control: no-cache
content-length: 3803

23:18:27.495 [AsyncHttpClient-1-2] DEBUG org.asynchttpclient.netty.channel.ChannelManager - Adding key: http://localhost:59242 for channel [id: 0xf864d399, L:/127.0.0.1:63939 - R:localhost/127.0.0.1:59242]
23:18:27.497 [Forwarding getElementText on session 067fb0df5f021f17fb59c8f7a2da734f to remote] DEBUG org.asynchttpclient.netty.request.NettyRequestSender - Using pooled Channel '[id: 0xf864d399, L:/127.0.0.1:63939 - R:localhost/127.0.0.1:59242]' for 'GET' to 'http://localhost:59242/session/067fb0df5f021f17fb59c8f7a2da734f/element/b5d4280b-4b28-4b0b-9ba9-d1923449f263/text'
23:18:27.497 [Forwarding getElementText on session 067fb0df5f021f17fb59c8f7a2da734f to remote] DEBUG org.asynchttpclient.netty.request.NettyRequestSender - Using open Channel [id: 0xf864d399, L:/127.0.0.1:63939 - R:localhost/127.0.0.1:59242] for GET '/session/067fb0df5f021f17fb59c8f7a2da734f/element/b5d4280b-4b28-4b0b-9ba9-d1923449f263/text'
23:18:27.512 [AsyncHttpClient-1-2] DEBUG org.asynchttpclient.netty.handler.HttpHandler - 

Request DefaultFullHttpRequest(decodeResult: success, version: HTTP/1.1, content: EmptyByteBufBE)
GET /session/067fb0df5f021f17fb59c8f7a2da734f/element/b5d4280b-4b28-4b0b-9ba9-d1923449f263/text HTTP/1.1
User-Agent: selenium/4.1.2 (java windows)
Cache-Control: no-cache
Content-Type: application/json; charset=utf-8
host: localhost:59242
accept: */*

Response DefaultHttpResponse(decodeResult: success, version: HTTP/1.1)
HTTP/1.1 200 OK
Content-Type: application/json; charset=utf-8
cache-control: no-cache
content-length: 61

23:18:27.512 [AsyncHttpClient-1-2] DEBUG org.asynchttpclient.netty.channel.ChannelManager - Adding key: http://localhost:59242 for channel [id: 0xf864d399, L:/127.0.0.1:63939 - R:localhost/127.0.0.1:59242]
23:18:27.514 [Forwarding findElements on session 067fb0df5f021f17fb59c8f7a2da734f to remote] DEBUG org.asynchttpclient.netty.request.NettyRequestSender - Using pooled Channel '[id: 0xf864d399, L:/127.0.0.1:63939 - R:localhost/127.0.0.1:59242]' for 'POST' to 'http://localhost:59242/session/067fb0df5f021f17fb59c8f7a2da734f/elements'
23:18:27.514 [Forwarding findElements on session 067fb0df5f021f17fb59c8f7a2da734f to remote] DEBUG org.asynchttpclient.netty.request.NettyRequestSender - Using open Channel [id: 0xf864d399, L:/127.0.0.1:63939 - R:localhost/127.0.0.1:59242] for POST '/session/067fb0df5f021f17fb59c8f7a2da734f/elements'
23:18:27.524 [AsyncHttpClient-1-2] DEBUG org.asynchttpclient.netty.handler.HttpHandler - 

Request DefaultHttpRequest(decodeResult: success, version: HTTP/1.1)
POST /session/067fb0df5f021f17fb59c8f7a2da734f/elements HTTP/1.1
User-Agent: selenium/4.1.2 (java windows)
Content-Length: 102
Content-Type: application/json; charset=utf-8
host: localhost:59242
accept: */*

Response DefaultHttpResponse(decodeResult: success, version: HTTP/1.1)
HTTP/1.1 200 OK
Content-Type: application/json; charset=utf-8
cache-control: no-cache
content-length: 3803

23:18:27.524 [AsyncHttpClient-1-2] DEBUG org.asynchttpclient.netty.channel.ChannelManager - Adding key: http://localhost:59242 for channel [id: 0xf864d399, L:/127.0.0.1:63939 - R:localhost/127.0.0.1:59242]
23:18:27.528 [Forwarding findElements on session 067fb0df5f021f17fb59c8f7a2da734f to remote] DEBUG org.asynchttpclient.netty.request.NettyRequestSender - Using pooled Channel '[id: 0xf864d399, L:/127.0.0.1:63939 - R:localhost/127.0.0.1:59242]' for 'POST' to 'http://localhost:59242/session/067fb0df5f021f17fb59c8f7a2da734f/elements'
23:18:27.528 [Forwarding findElements on session 067fb0df5f021f17fb59c8f7a2da734f to remote] DEBUG org.asynchttpclient.netty.request.NettyRequestSender - Using open Channel [id: 0xf864d399, L:/127.0.0.1:63939 - R:localhost/127.0.0.1:59242] for POST '/session/067fb0df5f021f17fb59c8f7a2da734f/elements'
23:18:27.540 [AsyncHttpClient-1-2] DEBUG org.asynchttpclient.netty.handler.HttpHandler - 

Request DefaultHttpRequest(decodeResult: success, version: HTTP/1.1)
POST /session/067fb0df5f021f17fb59c8f7a2da734f/elements HTTP/1.1
User-Agent: selenium/4.1.2 (java windows)
Content-Length: 102
Content-Type: application/json; charset=utf-8
host: localhost:59242
accept: */*

Response DefaultHttpResponse(decodeResult: success, version: HTTP/1.1)
HTTP/1.1 200 OK
Content-Type: application/json; charset=utf-8
cache-control: no-cache
content-length: 3803

23:18:27.541 [AsyncHttpClient-1-2] DEBUG org.asynchttpclient.netty.channel.ChannelManager - Adding key: http://localhost:59242 for channel [id: 0xf864d399, L:/127.0.0.1:63939 - R:localhost/127.0.0.1:59242]
23:18:27.542 [Forwarding getElementText on session 067fb0df5f021f17fb59c8f7a2da734f to remote] DEBUG org.asynchttpclient.netty.request.NettyRequestSender - Using pooled Channel '[id: 0xf864d399, L:/127.0.0.1:63939 - R:localhost/127.0.0.1:59242]' for 'GET' to 'http://localhost:59242/session/067fb0df5f021f17fb59c8f7a2da734f/element/b960b026-948e-4245-946e-855760b687bf/text'
23:18:27.542 [Forwarding getElementText on session 067fb0df5f021f17fb59c8f7a2da734f to remote] DEBUG org.asynchttpclient.netty.request.NettyRequestSender - Using open Channel [id: 0xf864d399, L:/127.0.0.1:63939 - R:localhost/127.0.0.1:59242] for GET '/session/067fb0df5f021f17fb59c8f7a2da734f/element/b960b026-948e-4245-946e-855760b687bf/text'
23:18:27.560 [AsyncHttpClient-1-2] DEBUG org.asynchttpclient.netty.handler.HttpHandler - 

Request DefaultFullHttpRequest(decodeResult: success, version: HTTP/1.1, content: EmptyByteBufBE)
GET /session/067fb0df5f021f17fb59c8f7a2da734f/element/b960b026-948e-4245-946e-855760b687bf/text HTTP/1.1
User-Agent: selenium/4.1.2 (java windows)
Cache-Control: no-cache
Content-Type: application/json; charset=utf-8
host: localhost:59242
accept: */*

Response DefaultHttpResponse(decodeResult: success, version: HTTP/1.1)
HTTP/1.1 200 OK
Content-Type: application/json; charset=utf-8
cache-control: no-cache
content-length: 60

23:18:27.565 [AsyncHttpClient-1-2] DEBUG org.asynchttpclient.netty.channel.ChannelManager - Adding key: http://localhost:59242 for channel [id: 0xf864d399, L:/127.0.0.1:63939 - R:localhost/127.0.0.1:59242]
23:18:27.568 [Forwarding findElements on session 067fb0df5f021f17fb59c8f7a2da734f to remote] DEBUG org.asynchttpclient.netty.request.NettyRequestSender - Using pooled Channel '[id: 0xf864d399, L:/127.0.0.1:63939 - R:localhost/127.0.0.1:59242]' for 'POST' to 'http://localhost:59242/session/067fb0df5f021f17fb59c8f7a2da734f/elements'
23:18:27.568 [Forwarding findElements on session 067fb0df5f021f17fb59c8f7a2da734f to remote] DEBUG org.asynchttpclient.netty.request.NettyRequestSender - Using open Channel [id: 0xf864d399, L:/127.0.0.1:63939 - R:localhost/127.0.0.1:59242] for POST '/session/067fb0df5f021f17fb59c8f7a2da734f/elements'
23:18:27.582 [AsyncHttpClient-1-2] DEBUG org.asynchttpclient.netty.handler.HttpHandler - 

Request DefaultHttpRequest(decodeResult: success, version: HTTP/1.1)
POST /session/067fb0df5f021f17fb59c8f7a2da734f/elements HTTP/1.1
User-Agent: selenium/4.1.2 (java windows)
Content-Length: 102
Content-Type: application/json; charset=utf-8
host: localhost:59242
accept: */*

Response DefaultHttpResponse(decodeResult: success, version: HTTP/1.1)
HTTP/1.1 200 OK
Content-Type: application/json; charset=utf-8
cache-control: no-cache
content-length: 3803

23:18:27.582 [AsyncHttpClient-1-2] DEBUG org.asynchttpclient.netty.channel.ChannelManager - Adding key: http://localhost:59242 for channel [id: 0xf864d399, L:/127.0.0.1:63939 - R:localhost/127.0.0.1:59242]
23:18:27.585 [Forwarding findElements on session 067fb0df5f021f17fb59c8f7a2da734f to remote] DEBUG org.asynchttpclient.netty.request.NettyRequestSender - Using pooled Channel '[id: 0xf864d399, L:/127.0.0.1:63939 - R:localhost/127.0.0.1:59242]' for 'POST' to 'http://localhost:59242/session/067fb0df5f021f17fb59c8f7a2da734f/elements'
23:18:27.585 [Forwarding findElements on session 067fb0df5f021f17fb59c8f7a2da734f to remote] DEBUG org.asynchttpclient.netty.request.NettyRequestSender - Using open Channel [id: 0xf864d399, L:/127.0.0.1:63939 - R:localhost/127.0.0.1:59242] for POST '/session/067fb0df5f021f17fb59c8f7a2da734f/elements'
23:18:27.597 [AsyncHttpClient-1-2] DEBUG org.asynchttpclient.netty.handler.HttpHandler - 

Request DefaultHttpRequest(decodeResult: success, version: HTTP/1.1)
POST /session/067fb0df5f021f17fb59c8f7a2da734f/elements HTTP/1.1
User-Agent: selenium/4.1.2 (java windows)
Content-Length: 102
Content-Type: application/json; charset=utf-8
host: localhost:59242
accept: */*

Response DefaultHttpResponse(decodeResult: success, version: HTTP/1.1)
HTTP/1.1 200 OK
Content-Type: application/json; charset=utf-8
cache-control: no-cache
content-length: 3803

23:18:27.597 [AsyncHttpClient-1-2] DEBUG org.asynchttpclient.netty.channel.ChannelManager - Adding key: http://localhost:59242 for channel [id: 0xf864d399, L:/127.0.0.1:63939 - R:localhost/127.0.0.1:59242]
23:18:27.599 [Forwarding getElementText on session 067fb0df5f021f17fb59c8f7a2da734f to remote] DEBUG org.asynchttpclient.netty.request.NettyRequestSender - Using pooled Channel '[id: 0xf864d399, L:/127.0.0.1:63939 - R:localhost/127.0.0.1:59242]' for 'GET' to 'http://localhost:59242/session/067fb0df5f021f17fb59c8f7a2da734f/element/e8d67a96-ba75-4d23-b115-45066b15c613/text'
23:18:27.599 [Forwarding getElementText on session 067fb0df5f021f17fb59c8f7a2da734f to remote] DEBUG org.asynchttpclient.netty.request.NettyRequestSender - Using open Channel [id: 0xf864d399, L:/127.0.0.1:63939 - R:localhost/127.0.0.1:59242] for GET '/session/067fb0df5f021f17fb59c8f7a2da734f/element/e8d67a96-ba75-4d23-b115-45066b15c613/text'
23:18:27.616 [AsyncHttpClient-1-2] DEBUG org.asynchttpclient.netty.handler.HttpHandler - 

Request DefaultFullHttpRequest(decodeResult: success, version: HTTP/1.1, content: EmptyByteBufBE)
GET /session/067fb0df5f021f17fb59c8f7a2da734f/element/e8d67a96-ba75-4d23-b115-45066b15c613/text HTTP/1.1
User-Agent: selenium/4.1.2 (java windows)
Cache-Control: no-cache
Content-Type: application/json; charset=utf-8
host: localhost:59242
accept: */*

Response DefaultHttpResponse(decodeResult: success, version: HTTP/1.1)
HTTP/1.1 200 OK
Content-Type: application/json; charset=utf-8
cache-control: no-cache
content-length: 62

23:18:27.616 [AsyncHttpClient-1-2] DEBUG org.asynchttpclient.netty.channel.ChannelManager - Adding key: http://localhost:59242 for channel [id: 0xf864d399, L:/127.0.0.1:63939 - R:localhost/127.0.0.1:59242]
23:18:27.618 [Forwarding findElements on session 067fb0df5f021f17fb59c8f7a2da734f to remote] DEBUG org.asynchttpclient.netty.request.NettyRequestSender - Using pooled Channel '[id: 0xf864d399, L:/127.0.0.1:63939 - R:localhost/127.0.0.1:59242]' for 'POST' to 'http://localhost:59242/session/067fb0df5f021f17fb59c8f7a2da734f/elements'
23:18:27.618 [Forwarding findElements on session 067fb0df5f021f17fb59c8f7a2da734f to remote] DEBUG org.asynchttpclient.netty.request.NettyRequestSender - Using open Channel [id: 0xf864d399, L:/127.0.0.1:63939 - R:localhost/127.0.0.1:59242] for POST '/session/067fb0df5f021f17fb59c8f7a2da734f/elements'
23:18:27.631 [AsyncHttpClient-1-2] DEBUG org.asynchttpclient.netty.handler.HttpHandler - 

Request DefaultHttpRequest(decodeResult: success, version: HTTP/1.1)
POST /session/067fb0df5f021f17fb59c8f7a2da734f/elements HTTP/1.1
User-Agent: selenium/4.1.2 (java windows)
Content-Length: 102
Content-Type: application/json; charset=utf-8
host: localhost:59242
accept: */*

Response DefaultHttpResponse(decodeResult: success, version: HTTP/1.1)
HTTP/1.1 200 OK
Content-Type: application/json; charset=utf-8
cache-control: no-cache
content-length: 3803

23:18:27.632 [AsyncHttpClient-1-2] DEBUG org.asynchttpclient.netty.channel.ChannelManager - Adding key: http://localhost:59242 for channel [id: 0xf864d399, L:/127.0.0.1:63939 - R:localhost/127.0.0.1:59242]
23:18:27.635 [Forwarding findElements on session 067fb0df5f021f17fb59c8f7a2da734f to remote] DEBUG org.asynchttpclient.netty.request.NettyRequestSender - Using pooled Channel '[id: 0xf864d399, L:/127.0.0.1:63939 - R:localhost/127.0.0.1:59242]' for 'POST' to 'http://localhost:59242/session/067fb0df5f021f17fb59c8f7a2da734f/elements'
23:18:27.635 [Forwarding findElements on session 067fb0df5f021f17fb59c8f7a2da734f to remote] DEBUG org.asynchttpclient.netty.request.NettyRequestSender - Using open Channel [id: 0xf864d399, L:/127.0.0.1:63939 - R:localhost/127.0.0.1:59242] for POST '/session/067fb0df5f021f17fb59c8f7a2da734f/elements'
23:18:27.645 [AsyncHttpClient-1-2] DEBUG org.asynchttpclient.netty.handler.HttpHandler - 

Request DefaultHttpRequest(decodeResult: success, version: HTTP/1.1)
POST /session/067fb0df5f021f17fb59c8f7a2da734f/elements HTTP/1.1
User-Agent: selenium/4.1.2 (java windows)
Content-Length: 102
Content-Type: application/json; charset=utf-8
host: localhost:59242
accept: */*

Response DefaultHttpResponse(decodeResult: success, version: HTTP/1.1)
HTTP/1.1 200 OK
Content-Type: application/json; charset=utf-8
cache-control: no-cache
content-length: 3803

23:18:27.646 [AsyncHttpClient-1-2] DEBUG org.asynchttpclient.netty.channel.ChannelManager - Adding key: http://localhost:59242 for channel [id: 0xf864d399, L:/127.0.0.1:63939 - R:localhost/127.0.0.1:59242]
23:18:27.647 [Forwarding getElementText on session 067fb0df5f021f17fb59c8f7a2da734f to remote] DEBUG org.asynchttpclient.netty.request.NettyRequestSender - Using pooled Channel '[id: 0xf864d399, L:/127.0.0.1:63939 - R:localhost/127.0.0.1:59242]' for 'GET' to 'http://localhost:59242/session/067fb0df5f021f17fb59c8f7a2da734f/element/8ad5bf9f-1564-4b0e-9e70-278bb54a8324/text'
23:18:27.648 [Forwarding getElementText on session 067fb0df5f021f17fb59c8f7a2da734f to remote] DEBUG org.asynchttpclient.netty.request.NettyRequestSender - Using open Channel [id: 0xf864d399, L:/127.0.0.1:63939 - R:localhost/127.0.0.1:59242] for GET '/session/067fb0df5f021f17fb59c8f7a2da734f/element/8ad5bf9f-1564-4b0e-9e70-278bb54a8324/text'
23:18:27.661 [AsyncHttpClient-1-2] DEBUG org.asynchttpclient.netty.handler.HttpHandler - 

Request DefaultFullHttpRequest(decodeResult: success, version: HTTP/1.1, content: EmptyByteBufBE)
GET /session/067fb0df5f021f17fb59c8f7a2da734f/element/8ad5bf9f-1564-4b0e-9e70-278bb54a8324/text HTTP/1.1
User-Agent: selenium/4.1.2 (java windows)
Cache-Control: no-cache
Content-Type: application/json; charset=utf-8
host: localhost:59242
accept: */*

Response DefaultHttpResponse(decodeResult: success, version: HTTP/1.1)
HTTP/1.1 200 OK
Content-Type: application/json; charset=utf-8
cache-control: no-cache
content-length: 66

23:18:27.661 [AsyncHttpClient-1-2] DEBUG org.asynchttpclient.netty.channel.ChannelManager - Adding key: http://localhost:59242 for channel [id: 0xf864d399, L:/127.0.0.1:63939 - R:localhost/127.0.0.1:59242]
23:18:27.663 [Forwarding findElements on session 067fb0df5f021f17fb59c8f7a2da734f to remote] DEBUG org.asynchttpclient.netty.request.NettyRequestSender - Using pooled Channel '[id: 0xf864d399, L:/127.0.0.1:63939 - R:localhost/127.0.0.1:59242]' for 'POST' to 'http://localhost:59242/session/067fb0df5f021f17fb59c8f7a2da734f/elements'
23:18:27.663 [Forwarding findElements on session 067fb0df5f021f17fb59c8f7a2da734f to remote] DEBUG org.asynchttpclient.netty.request.NettyRequestSender - Using open Channel [id: 0xf864d399, L:/127.0.0.1:63939 - R:localhost/127.0.0.1:59242] for POST '/session/067fb0df5f021f17fb59c8f7a2da734f/elements'
23:18:27.674 [AsyncHttpClient-1-2] DEBUG org.asynchttpclient.netty.handler.HttpHandler - 

Request DefaultHttpRequest(decodeResult: success, version: HTTP/1.1)
POST /session/067fb0df5f021f17fb59c8f7a2da734f/elements HTTP/1.1
User-Agent: selenium/4.1.2 (java windows)
Content-Length: 102
Content-Type: application/json; charset=utf-8
host: localhost:59242
accept: */*

Response DefaultHttpResponse(decodeResult: success, version: HTTP/1.1)
HTTP/1.1 200 OK
Content-Type: application/json; charset=utf-8
cache-control: no-cache
content-length: 3803

23:18:27.674 [AsyncHttpClient-1-2] DEBUG org.asynchttpclient.netty.channel.ChannelManager - Adding key: http://localhost:59242 for channel [id: 0xf864d399, L:/127.0.0.1:63939 - R:localhost/127.0.0.1:59242]
23:18:27.676 [Forwarding findElements on session 067fb0df5f021f17fb59c8f7a2da734f to remote] DEBUG org.asynchttpclient.netty.request.NettyRequestSender - Using pooled Channel '[id: 0xf864d399, L:/127.0.0.1:63939 - R:localhost/127.0.0.1:59242]' for 'POST' to 'http://localhost:59242/session/067fb0df5f021f17fb59c8f7a2da734f/elements'
23:18:27.676 [Forwarding findElements on session 067fb0df5f021f17fb59c8f7a2da734f to remote] DEBUG org.asynchttpclient.netty.request.NettyRequestSender - Using open Channel [id: 0xf864d399, L:/127.0.0.1:63939 - R:localhost/127.0.0.1:59242] for POST '/session/067fb0df5f021f17fb59c8f7a2da734f/elements'
23:18:27.687 [AsyncHttpClient-1-2] DEBUG org.asynchttpclient.netty.handler.HttpHandler - 

Request DefaultHttpRequest(decodeResult: success, version: HTTP/1.1)
POST /session/067fb0df5f021f17fb59c8f7a2da734f/elements HTTP/1.1
User-Agent: selenium/4.1.2 (java windows)
Content-Length: 102
Content-Type: application/json; charset=utf-8
host: localhost:59242
accept: */*

Response DefaultHttpResponse(decodeResult: success, version: HTTP/1.1)
HTTP/1.1 200 OK
Content-Type: application/json; charset=utf-8
cache-control: no-cache
content-length: 3803

23:18:27.687 [AsyncHttpClient-1-2] DEBUG org.asynchttpclient.netty.channel.ChannelManager - Adding key: http://localhost:59242 for channel [id: 0xf864d399, L:/127.0.0.1:63939 - R:localhost/127.0.0.1:59242]
23:18:27.691 [Forwarding getElementText on session 067fb0df5f021f17fb59c8f7a2da734f to remote] DEBUG org.asynchttpclient.netty.request.NettyRequestSender - Using pooled Channel '[id: 0xf864d399, L:/127.0.0.1:63939 - R:localhost/127.0.0.1:59242]' for 'GET' to 'http://localhost:59242/session/067fb0df5f021f17fb59c8f7a2da734f/element/3729c24f-e6ec-41a3-9da9-9e69f4ec471e/text'
23:18:27.691 [Forwarding getElementText on session 067fb0df5f021f17fb59c8f7a2da734f to remote] DEBUG org.asynchttpclient.netty.request.NettyRequestSender - Using open Channel [id: 0xf864d399, L:/127.0.0.1:63939 - R:localhost/127.0.0.1:59242] for GET '/session/067fb0df5f021f17fb59c8f7a2da734f/element/3729c24f-e6ec-41a3-9da9-9e69f4ec471e/text'
23:18:27.708 [AsyncHttpClient-1-2] DEBUG org.asynchttpclient.netty.handler.HttpHandler - 

Request DefaultFullHttpRequest(decodeResult: success, version: HTTP/1.1, content: EmptyByteBufBE)
GET /session/067fb0df5f021f17fb59c8f7a2da734f/element/3729c24f-e6ec-41a3-9da9-9e69f4ec471e/text HTTP/1.1
User-Agent: selenium/4.1.2 (java windows)
Cache-Control: no-cache
Content-Type: application/json; charset=utf-8
host: localhost:59242
accept: */*

Response DefaultHttpResponse(decodeResult: success, version: HTTP/1.1)
HTTP/1.1 200 OK
Content-Type: application/json; charset=utf-8
cache-control: no-cache
content-length: 62

23:18:27.708 [AsyncHttpClient-1-2] DEBUG org.asynchttpclient.netty.channel.ChannelManager - Adding key: http://localhost:59242 for channel [id: 0xf864d399, L:/127.0.0.1:63939 - R:localhost/127.0.0.1:59242]
23:18:27.709 [Forwarding findElements on session 067fb0df5f021f17fb59c8f7a2da734f to remote] DEBUG org.asynchttpclient.netty.request.NettyRequestSender - Using pooled Channel '[id: 0xf864d399, L:/127.0.0.1:63939 - R:localhost/127.0.0.1:59242]' for 'POST' to 'http://localhost:59242/session/067fb0df5f021f17fb59c8f7a2da734f/elements'
23:18:27.709 [Forwarding findElements on session 067fb0df5f021f17fb59c8f7a2da734f to remote] DEBUG org.asynchttpclient.netty.request.NettyRequestSender - Using open Channel [id: 0xf864d399, L:/127.0.0.1:63939 - R:localhost/127.0.0.1:59242] for POST '/session/067fb0df5f021f17fb59c8f7a2da734f/elements'
23:18:27.735 [AsyncHttpClient-1-2] DEBUG org.asynchttpclient.netty.handler.HttpHandler - 

Request DefaultHttpRequest(decodeResult: success, version: HTTP/1.1)
POST /session/067fb0df5f021f17fb59c8f7a2da734f/elements HTTP/1.1
User-Agent: selenium/4.1.2 (java windows)
Content-Length: 102
Content-Type: application/json; charset=utf-8
host: localhost:59242
accept: */*

Response DefaultHttpResponse(decodeResult: success, version: HTTP/1.1)
HTTP/1.1 200 OK
Content-Type: application/json; charset=utf-8
cache-control: no-cache
content-length: 3803

23:18:27.736 [AsyncHttpClient-1-2] DEBUG org.asynchttpclient.netty.channel.ChannelManager - Adding key: http://localhost:59242 for channel [id: 0xf864d399, L:/127.0.0.1:63939 - R:localhost/127.0.0.1:59242]
23:18:27.738 [Forwarding findElements on session 067fb0df5f021f17fb59c8f7a2da734f to remote] DEBUG org.asynchttpclient.netty.request.NettyRequestSender - Using pooled Channel '[id: 0xf864d399, L:/127.0.0.1:63939 - R:localhost/127.0.0.1:59242]' for 'POST' to 'http://localhost:59242/session/067fb0df5f021f17fb59c8f7a2da734f/elements'
23:18:27.738 [Forwarding findElements on session 067fb0df5f021f17fb59c8f7a2da734f to remote] DEBUG org.asynchttpclient.netty.request.NettyRequestSender - Using open Channel [id: 0xf864d399, L:/127.0.0.1:63939 - R:localhost/127.0.0.1:59242] for POST '/session/067fb0df5f021f17fb59c8f7a2da734f/elements'
23:18:27.781 [AsyncHttpClient-1-2] DEBUG org.asynchttpclient.netty.handler.HttpHandler - 

Request DefaultHttpRequest(decodeResult: success, version: HTTP/1.1)
POST /session/067fb0df5f021f17fb59c8f7a2da734f/elements HTTP/1.1
User-Agent: selenium/4.1.2 (java windows)
Content-Length: 102
Content-Type: application/json; charset=utf-8
host: localhost:59242
accept: */*

Response DefaultHttpResponse(decodeResult: success, version: HTTP/1.1)
HTTP/1.1 200 OK
Content-Type: application/json; charset=utf-8
cache-control: no-cache
content-length: 3803

23:18:27.782 [AsyncHttpClient-1-2] DEBUG org.asynchttpclient.netty.channel.ChannelManager - Adding key: http://localhost:59242 for channel [id: 0xf864d399, L:/127.0.0.1:63939 - R:localhost/127.0.0.1:59242]
23:18:27.784 [Forwarding getElementText on session 067fb0df5f021f17fb59c8f7a2da734f to remote] DEBUG org.asynchttpclient.netty.request.NettyRequestSender - Using pooled Channel '[id: 0xf864d399, L:/127.0.0.1:63939 - R:localhost/127.0.0.1:59242]' for 'GET' to 'http://localhost:59242/session/067fb0df5f021f17fb59c8f7a2da734f/element/82c9a492-542b-45c4-9f0f-6103e360341c/text'
23:18:27.784 [Forwarding getElementText on session 067fb0df5f021f17fb59c8f7a2da734f to remote] DEBUG org.asynchttpclient.netty.request.NettyRequestSender - Using open Channel [id: 0xf864d399, L:/127.0.0.1:63939 - R:localhost/127.0.0.1:59242] for GET '/session/067fb0df5f021f17fb59c8f7a2da734f/element/82c9a492-542b-45c4-9f0f-6103e360341c/text'
23:18:27.798 [AsyncHttpClient-1-2] DEBUG org.asynchttpclient.netty.handler.HttpHandler - 

Request DefaultFullHttpRequest(decodeResult: success, version: HTTP/1.1, content: EmptyByteBufBE)
GET /session/067fb0df5f021f17fb59c8f7a2da734f/element/82c9a492-542b-45c4-9f0f-6103e360341c/text HTTP/1.1
User-Agent: selenium/4.1.2 (java windows)
Cache-Control: no-cache
Content-Type: application/json; charset=utf-8
host: localhost:59242
accept: */*

Response DefaultHttpResponse(decodeResult: success, version: HTTP/1.1)
HTTP/1.1 200 OK
Content-Type: application/json; charset=utf-8
cache-control: no-cache
content-length: 64

23:18:27.798 [AsyncHttpClient-1-2] DEBUG org.asynchttpclient.netty.channel.ChannelManager - Adding key: http://localhost:59242 for channel [id: 0xf864d399, L:/127.0.0.1:63939 - R:localhost/127.0.0.1:59242]
23:18:27.801 [Forwarding findElements on session 067fb0df5f021f17fb59c8f7a2da734f to remote] DEBUG org.asynchttpclient.netty.request.NettyRequestSender - Using pooled Channel '[id: 0xf864d399, L:/127.0.0.1:63939 - R:localhost/127.0.0.1:59242]' for 'POST' to 'http://localhost:59242/session/067fb0df5f021f17fb59c8f7a2da734f/elements'
23:18:27.801 [Forwarding findElements on session 067fb0df5f021f17fb59c8f7a2da734f to remote] DEBUG org.asynchttpclient.netty.request.NettyRequestSender - Using open Channel [id: 0xf864d399, L:/127.0.0.1:63939 - R:localhost/127.0.0.1:59242] for POST '/session/067fb0df5f021f17fb59c8f7a2da734f/elements'
23:18:27.811 [AsyncHttpClient-1-2] DEBUG org.asynchttpclient.netty.handler.HttpHandler - 

Request DefaultHttpRequest(decodeResult: success, version: HTTP/1.1)
POST /session/067fb0df5f021f17fb59c8f7a2da734f/elements HTTP/1.1
User-Agent: selenium/4.1.2 (java windows)
Content-Length: 102
Content-Type: application/json; charset=utf-8
host: localhost:59242
accept: */*

Response DefaultHttpResponse(decodeResult: success, version: HTTP/1.1)
HTTP/1.1 200 OK
Content-Type: application/json; charset=utf-8
cache-control: no-cache
content-length: 3803

23:18:27.812 [AsyncHttpClient-1-2] DEBUG org.asynchttpclient.netty.channel.ChannelManager - Adding key: http://localhost:59242 for channel [id: 0xf864d399, L:/127.0.0.1:63939 - R:localhost/127.0.0.1:59242]
23:18:27.815 [Forwarding findElements on session 067fb0df5f021f17fb59c8f7a2da734f to remote] DEBUG org.asynchttpclient.netty.request.NettyRequestSender - Using pooled Channel '[id: 0xf864d399, L:/127.0.0.1:63939 - R:localhost/127.0.0.1:59242]' for 'POST' to 'http://localhost:59242/session/067fb0df5f021f17fb59c8f7a2da734f/elements'
23:18:27.815 [Forwarding findElements on session 067fb0df5f021f17fb59c8f7a2da734f to remote] DEBUG org.asynchttpclient.netty.request.NettyRequestSender - Using open Channel [id: 0xf864d399, L:/127.0.0.1:63939 - R:localhost/127.0.0.1:59242] for POST '/session/067fb0df5f021f17fb59c8f7a2da734f/elements'
23:18:27.827 [AsyncHttpClient-1-2] DEBUG org.asynchttpclient.netty.handler.HttpHandler - 

Request DefaultHttpRequest(decodeResult: success, version: HTTP/1.1)
POST /session/067fb0df5f021f17fb59c8f7a2da734f/elements HTTP/1.1
User-Agent: selenium/4.1.2 (java windows)
Content-Length: 102
Content-Type: application/json; charset=utf-8
host: localhost:59242
accept: */*

Response DefaultHttpResponse(decodeResult: success, version: HTTP/1.1)
HTTP/1.1 200 OK
Content-Type: application/json; charset=utf-8
cache-control: no-cache
content-length: 3803

23:18:27.827 [AsyncHttpClient-1-2] DEBUG org.asynchttpclient.netty.channel.ChannelManager - Adding key: http://localhost:59242 for channel [id: 0xf864d399, L:/127.0.0.1:63939 - R:localhost/127.0.0.1:59242]
23:18:27.828 [Forwarding getElementText on session 067fb0df5f021f17fb59c8f7a2da734f to remote] DEBUG org.asynchttpclient.netty.request.NettyRequestSender - Using pooled Channel '[id: 0xf864d399, L:/127.0.0.1:63939 - R:localhost/127.0.0.1:59242]' for 'GET' to 'http://localhost:59242/session/067fb0df5f021f17fb59c8f7a2da734f/element/3d2563e2-3cbb-477e-bb60-0134f893eea1/text'
23:18:27.828 [Forwarding getElementText on session 067fb0df5f021f17fb59c8f7a2da734f to remote] DEBUG org.asynchttpclient.netty.request.NettyRequestSender - Using open Channel [id: 0xf864d399, L:/127.0.0.1:63939 - R:localhost/127.0.0.1:59242] for GET '/session/067fb0df5f021f17fb59c8f7a2da734f/element/3d2563e2-3cbb-477e-bb60-0134f893eea1/text'
23:18:27.832 [AsyncHttpClient-1-1] DEBUG org.asynchttpclient.netty.channel.DefaultChannelPool - Entry count for : http://localhost:63940 : 1
23:18:27.849 [AsyncHttpClient-1-2] DEBUG org.asynchttpclient.netty.handler.HttpHandler - 

Request DefaultFullHttpRequest(decodeResult: success, version: HTTP/1.1, content: EmptyByteBufBE)
GET /session/067fb0df5f021f17fb59c8f7a2da734f/element/3d2563e2-3cbb-477e-bb60-0134f893eea1/text HTTP/1.1
User-Agent: selenium/4.1.2 (java windows)
Cache-Control: no-cache
Content-Type: application/json; charset=utf-8
host: localhost:59242
accept: */*

Response DefaultHttpResponse(decodeResult: success, version: HTTP/1.1)
HTTP/1.1 200 OK
Content-Type: application/json; charset=utf-8
cache-control: no-cache
content-length: 63

23:18:27.850 [AsyncHttpClient-1-2] DEBUG org.asynchttpclient.netty.channel.ChannelManager - Adding key: http://localhost:59242 for channel [id: 0xf864d399, L:/127.0.0.1:63939 - R:localhost/127.0.0.1:59242]
23:18:27.852 [Forwarding findElements on session 067fb0df5f021f17fb59c8f7a2da734f to remote] DEBUG org.asynchttpclient.netty.request.NettyRequestSender - Using pooled Channel '[id: 0xf864d399, L:/127.0.0.1:63939 - R:localhost/127.0.0.1:59242]' for 'POST' to 'http://localhost:59242/session/067fb0df5f021f17fb59c8f7a2da734f/elements'
23:18:27.852 [Forwarding findElements on session 067fb0df5f021f17fb59c8f7a2da734f to remote] DEBUG org.asynchttpclient.netty.request.NettyRequestSender - Using open Channel [id: 0xf864d399, L:/127.0.0.1:63939 - R:localhost/127.0.0.1:59242] for POST '/session/067fb0df5f021f17fb59c8f7a2da734f/elements'
23:18:27.865 [AsyncHttpClient-1-2] DEBUG org.asynchttpclient.netty.handler.HttpHandler - 

Request DefaultHttpRequest(decodeResult: success, version: HTTP/1.1)
POST /session/067fb0df5f021f17fb59c8f7a2da734f/elements HTTP/1.1
User-Agent: selenium/4.1.2 (java windows)
Content-Length: 102
Content-Type: application/json; charset=utf-8
host: localhost:59242
accept: */*

Response DefaultHttpResponse(decodeResult: success, version: HTTP/1.1)
HTTP/1.1 200 OK
Content-Type: application/json; charset=utf-8
cache-control: no-cache
content-length: 3803

23:18:27.865 [AsyncHttpClient-1-2] DEBUG org.asynchttpclient.netty.channel.ChannelManager - Adding key: http://localhost:59242 for channel [id: 0xf864d399, L:/127.0.0.1:63939 - R:localhost/127.0.0.1:59242]
23:18:27.867 [Forwarding findElements on session 067fb0df5f021f17fb59c8f7a2da734f to remote] DEBUG org.asynchttpclient.netty.request.NettyRequestSender - Using pooled Channel '[id: 0xf864d399, L:/127.0.0.1:63939 - R:localhost/127.0.0.1:59242]' for 'POST' to 'http://localhost:59242/session/067fb0df5f021f17fb59c8f7a2da734f/elements'
23:18:27.867 [Forwarding findElements on session 067fb0df5f021f17fb59c8f7a2da734f to remote] DEBUG org.asynchttpclient.netty.request.NettyRequestSender - Using open Channel [id: 0xf864d399, L:/127.0.0.1:63939 - R:localhost/127.0.0.1:59242] for POST '/session/067fb0df5f021f17fb59c8f7a2da734f/elements'
23:18:27.879 [AsyncHttpClient-1-2] DEBUG org.asynchttpclient.netty.handler.HttpHandler - 

Request DefaultHttpRequest(decodeResult: success, version: HTTP/1.1)
POST /session/067fb0df5f021f17fb59c8f7a2da734f/elements HTTP/1.1
User-Agent: selenium/4.1.2 (java windows)
Content-Length: 102
Content-Type: application/json; charset=utf-8
host: localhost:59242
accept: */*

Response DefaultHttpResponse(decodeResult: success, version: HTTP/1.1)
HTTP/1.1 200 OK
Content-Type: application/json; charset=utf-8
cache-control: no-cache
content-length: 3803

23:18:27.879 [AsyncHttpClient-1-2] DEBUG org.asynchttpclient.netty.channel.ChannelManager - Adding key: http://localhost:59242 for channel [id: 0xf864d399, L:/127.0.0.1:63939 - R:localhost/127.0.0.1:59242]
23:18:27.880 [Forwarding getElementText on session 067fb0df5f021f17fb59c8f7a2da734f to remote] DEBUG org.asynchttpclient.netty.request.NettyRequestSender - Using pooled Channel '[id: 0xf864d399, L:/127.0.0.1:63939 - R:localhost/127.0.0.1:59242]' for 'GET' to 'http://localhost:59242/session/067fb0df5f021f17fb59c8f7a2da734f/element/03c04caf-efdf-40e1-b9c8-3a9855f9b928/text'
23:18:27.880 [Forwarding getElementText on session 067fb0df5f021f17fb59c8f7a2da734f to remote] DEBUG org.asynchttpclient.netty.request.NettyRequestSender - Using open Channel [id: 0xf864d399, L:/127.0.0.1:63939 - R:localhost/127.0.0.1:59242] for GET '/session/067fb0df5f021f17fb59c8f7a2da734f/element/03c04caf-efdf-40e1-b9c8-3a9855f9b928/text'
23:18:27.897 [AsyncHttpClient-1-2] DEBUG org.asynchttpclient.netty.handler.HttpHandler - 

Request DefaultFullHttpRequest(decodeResult: success, version: HTTP/1.1, content: EmptyByteBufBE)
GET /session/067fb0df5f021f17fb59c8f7a2da734f/element/03c04caf-efdf-40e1-b9c8-3a9855f9b928/text HTTP/1.1
User-Agent: selenium/4.1.2 (java windows)
Cache-Control: no-cache
Content-Type: application/json; charset=utf-8
host: localhost:59242
accept: */*

Response DefaultHttpResponse(decodeResult: success, version: HTTP/1.1)
HTTP/1.1 200 OK
Content-Type: application/json; charset=utf-8
cache-control: no-cache
content-length: 65

23:18:27.897 [AsyncHttpClient-1-2] DEBUG org.asynchttpclient.netty.channel.ChannelManager - Adding key: http://localhost:59242 for channel [id: 0xf864d399, L:/127.0.0.1:63939 - R:localhost/127.0.0.1:59242]
23:18:27.899 [Forwarding findElements on session 067fb0df5f021f17fb59c8f7a2da734f to remote] DEBUG org.asynchttpclient.netty.request.NettyRequestSender - Using pooled Channel '[id: 0xf864d399, L:/127.0.0.1:63939 - R:localhost/127.0.0.1:59242]' for 'POST' to 'http://localhost:59242/session/067fb0df5f021f17fb59c8f7a2da734f/elements'
23:18:27.899 [Forwarding findElements on session 067fb0df5f021f17fb59c8f7a2da734f to remote] DEBUG org.asynchttpclient.netty.request.NettyRequestSender - Using open Channel [id: 0xf864d399, L:/127.0.0.1:63939 - R:localhost/127.0.0.1:59242] for POST '/session/067fb0df5f021f17fb59c8f7a2da734f/elements'
23:18:27.911 [AsyncHttpClient-1-2] DEBUG org.asynchttpclient.netty.handler.HttpHandler - 

Request DefaultHttpRequest(decodeResult: success, version: HTTP/1.1)
POST /session/067fb0df5f021f17fb59c8f7a2da734f/elements HTTP/1.1
User-Agent: selenium/4.1.2 (java windows)
Content-Length: 102
Content-Type: application/json; charset=utf-8
host: localhost:59242
accept: */*

Response DefaultHttpResponse(decodeResult: success, version: HTTP/1.1)
HTTP/1.1 200 OK
Content-Type: application/json; charset=utf-8
cache-control: no-cache
content-length: 3803

23:18:27.911 [AsyncHttpClient-1-2] DEBUG org.asynchttpclient.netty.channel.ChannelManager - Adding key: http://localhost:59242 for channel [id: 0xf864d399, L:/127.0.0.1:63939 - R:localhost/127.0.0.1:59242]
23:18:27.914 [Forwarding findElements on session 067fb0df5f021f17fb59c8f7a2da734f to remote] DEBUG org.asynchttpclient.netty.request.NettyRequestSender - Using pooled Channel '[id: 0xf864d399, L:/127.0.0.1:63939 - R:localhost/127.0.0.1:59242]' for 'POST' to 'http://localhost:59242/session/067fb0df5f021f17fb59c8f7a2da734f/elements'
23:18:27.914 [Forwarding findElements on session 067fb0df5f021f17fb59c8f7a2da734f to remote] DEBUG org.asynchttpclient.netty.request.NettyRequestSender - Using open Channel [id: 0xf864d399, L:/127.0.0.1:63939 - R:localhost/127.0.0.1:59242] for POST '/session/067fb0df5f021f17fb59c8f7a2da734f/elements'
23:18:27.924 [AsyncHttpClient-1-2] DEBUG org.asynchttpclient.netty.handler.HttpHandler - 

Request DefaultHttpRequest(decodeResult: success, version: HTTP/1.1)
POST /session/067fb0df5f021f17fb59c8f7a2da734f/elements HTTP/1.1
User-Agent: selenium/4.1.2 (java windows)
Content-Length: 102
Content-Type: application/json; charset=utf-8
host: localhost:59242
accept: */*

Response DefaultHttpResponse(decodeResult: success, version: HTTP/1.1)
HTTP/1.1 200 OK
Content-Type: application/json; charset=utf-8
cache-control: no-cache
content-length: 3803

23:18:27.924 [AsyncHttpClient-1-2] DEBUG org.asynchttpclient.netty.channel.ChannelManager - Adding key: http://localhost:59242 for channel [id: 0xf864d399, L:/127.0.0.1:63939 - R:localhost/127.0.0.1:59242]
23:18:27.927 [Forwarding getElementText on session 067fb0df5f021f17fb59c8f7a2da734f to remote] DEBUG org.asynchttpclient.netty.request.NettyRequestSender - Using pooled Channel '[id: 0xf864d399, L:/127.0.0.1:63939 - R:localhost/127.0.0.1:59242]' for 'GET' to 'http://localhost:59242/session/067fb0df5f021f17fb59c8f7a2da734f/element/73fe6a30-40ae-4529-bb94-12a57e446d8e/text'
23:18:27.927 [Forwarding getElementText on session 067fb0df5f021f17fb59c8f7a2da734f to remote] DEBUG org.asynchttpclient.netty.request.NettyRequestSender - Using open Channel [id: 0xf864d399, L:/127.0.0.1:63939 - R:localhost/127.0.0.1:59242] for GET '/session/067fb0df5f021f17fb59c8f7a2da734f/element/73fe6a30-40ae-4529-bb94-12a57e446d8e/text'
23:18:27.942 [AsyncHttpClient-1-2] DEBUG org.asynchttpclient.netty.handler.HttpHandler - 

Request DefaultFullHttpRequest(decodeResult: success, version: HTTP/1.1, content: EmptyByteBufBE)
GET /session/067fb0df5f021f17fb59c8f7a2da734f/element/73fe6a30-40ae-4529-bb94-12a57e446d8e/text HTTP/1.1
User-Agent: selenium/4.1.2 (java windows)
Cache-Control: no-cache
Content-Type: application/json; charset=utf-8
host: localhost:59242
accept: */*

Response DefaultHttpResponse(decodeResult: success, version: HTTP/1.1)
HTTP/1.1 200 OK
Content-Type: application/json; charset=utf-8
cache-control: no-cache
content-length: 61

23:18:27.942 [AsyncHttpClient-1-2] DEBUG org.asynchttpclient.netty.channel.ChannelManager - Adding key: http://localhost:59242 for channel [id: 0xf864d399, L:/127.0.0.1:63939 - R:localhost/127.0.0.1:59242]
23:18:27.943 [Forwarding findElements on session 067fb0df5f021f17fb59c8f7a2da734f to remote] DEBUG org.asynchttpclient.netty.request.NettyRequestSender - Using pooled Channel '[id: 0xf864d399, L:/127.0.0.1:63939 - R:localhost/127.0.0.1:59242]' for 'POST' to 'http://localhost:59242/session/067fb0df5f021f17fb59c8f7a2da734f/elements'
23:18:27.943 [Forwarding findElements on session 067fb0df5f021f17fb59c8f7a2da734f to remote] DEBUG org.asynchttpclient.netty.request.NettyRequestSender - Using open Channel [id: 0xf864d399, L:/127.0.0.1:63939 - R:localhost/127.0.0.1:59242] for POST '/session/067fb0df5f021f17fb59c8f7a2da734f/elements'
23:18:27.953 [AsyncHttpClient-1-2] DEBUG org.asynchttpclient.netty.handler.HttpHandler - 

Request DefaultHttpRequest(decodeResult: success, version: HTTP/1.1)
POST /session/067fb0df5f021f17fb59c8f7a2da734f/elements HTTP/1.1
User-Agent: selenium/4.1.2 (java windows)
Content-Length: 102
Content-Type: application/json; charset=utf-8
host: localhost:59242
accept: */*

Response DefaultHttpResponse(decodeResult: success, version: HTTP/1.1)
HTTP/1.1 200 OK
Content-Type: application/json; charset=utf-8
cache-control: no-cache
content-length: 3803

23:18:27.954 [AsyncHttpClient-1-2] DEBUG org.asynchttpclient.netty.channel.ChannelManager - Adding key: http://localhost:59242 for channel [id: 0xf864d399, L:/127.0.0.1:63939 - R:localhost/127.0.0.1:59242]
23:18:27.958 [Forwarding findElements on session 067fb0df5f021f17fb59c8f7a2da734f to remote] DEBUG org.asynchttpclient.netty.request.NettyRequestSender - Using pooled Channel '[id: 0xf864d399, L:/127.0.0.1:63939 - R:localhost/127.0.0.1:59242]' for 'POST' to 'http://localhost:59242/session/067fb0df5f021f17fb59c8f7a2da734f/elements'
23:18:27.958 [Forwarding findElements on session 067fb0df5f021f17fb59c8f7a2da734f to remote] DEBUG org.asynchttpclient.netty.request.NettyRequestSender - Using open Channel [id: 0xf864d399, L:/127.0.0.1:63939 - R:localhost/127.0.0.1:59242] for POST '/session/067fb0df5f021f17fb59c8f7a2da734f/elements'
23:18:27.968 [AsyncHttpClient-1-2] DEBUG org.asynchttpclient.netty.handler.HttpHandler - 

Request DefaultHttpRequest(decodeResult: success, version: HTTP/1.1)
POST /session/067fb0df5f021f17fb59c8f7a2da734f/elements HTTP/1.1
User-Agent: selenium/4.1.2 (java windows)
Content-Length: 102
Content-Type: application/json; charset=utf-8
host: localhost:59242
accept: */*

Response DefaultHttpResponse(decodeResult: success, version: HTTP/1.1)
HTTP/1.1 200 OK
Content-Type: application/json; charset=utf-8
cache-control: no-cache
content-length: 3803

23:18:27.969 [AsyncHttpClient-1-2] DEBUG org.asynchttpclient.netty.channel.ChannelManager - Adding key: http://localhost:59242 for channel [id: 0xf864d399, L:/127.0.0.1:63939 - R:localhost/127.0.0.1:59242]
23:18:27.971 [Forwarding findElements on session 067fb0df5f021f17fb59c8f7a2da734f to remote] DEBUG org.asynchttpclient.netty.request.NettyRequestSender - Using pooled Channel '[id: 0xf864d399, L:/127.0.0.1:63939 - R:localhost/127.0.0.1:59242]' for 'POST' to 'http://localhost:59242/session/067fb0df5f021f17fb59c8f7a2da734f/elements'
23:18:27.972 [Forwarding findElements on session 067fb0df5f021f17fb59c8f7a2da734f to remote] DEBUG org.asynchttpclient.netty.request.NettyRequestSender - Using open Channel [id: 0xf864d399, L:/127.0.0.1:63939 - R:localhost/127.0.0.1:59242] for POST '/session/067fb0df5f021f17fb59c8f7a2da734f/elements'
23:18:27.982 [AsyncHttpClient-1-2] DEBUG org.asynchttpclient.netty.handler.HttpHandler - 

Request DefaultHttpRequest(decodeResult: success, version: HTTP/1.1)
POST /session/067fb0df5f021f17fb59c8f7a2da734f/elements HTTP/1.1
User-Agent: selenium/4.1.2 (java windows)
Content-Length: 102
Content-Type: application/json; charset=utf-8
host: localhost:59242
accept: */*

Response DefaultHttpResponse(decodeResult: success, version: HTTP/1.1)
HTTP/1.1 200 OK
Content-Type: application/json; charset=utf-8
cache-control: no-cache
content-length: 3803

23:18:27.982 [AsyncHttpClient-1-2] DEBUG org.asynchttpclient.netty.channel.ChannelManager - Adding key: http://localhost:59242 for channel [id: 0xf864d399, L:/127.0.0.1:63939 - R:localhost/127.0.0.1:59242]
23:18:27.984 [Forwarding getElementText on session 067fb0df5f021f17fb59c8f7a2da734f to remote] DEBUG org.asynchttpclient.netty.request.NettyRequestSender - Using pooled Channel '[id: 0xf864d399, L:/127.0.0.1:63939 - R:localhost/127.0.0.1:59242]' for 'GET' to 'http://localhost:59242/session/067fb0df5f021f17fb59c8f7a2da734f/element/9988b49c-7afe-4b9a-8f94-22bbeb2b3f62/text'
23:18:27.984 [Forwarding getElementText on session 067fb0df5f021f17fb59c8f7a2da734f to remote] DEBUG org.asynchttpclient.netty.request.NettyRequestSender - Using open Channel [id: 0xf864d399, L:/127.0.0.1:63939 - R:localhost/127.0.0.1:59242] for GET '/session/067fb0df5f021f17fb59c8f7a2da734f/element/9988b49c-7afe-4b9a-8f94-22bbeb2b3f62/text'
23:18:27.991 [AsyncHttpClient-1-2] DEBUG org.asynchttpclient.netty.handler.HttpHandler - 

Request DefaultFullHttpRequest(decodeResult: success, version: HTTP/1.1, content: EmptyByteBufBE)
GET /session/067fb0df5f021f17fb59c8f7a2da734f/element/9988b49c-7afe-4b9a-8f94-22bbeb2b3f62/text HTTP/1.1
User-Agent: selenium/4.1.2 (java windows)
Cache-Control: no-cache
Content-Type: application/json; charset=utf-8
host: localhost:59242
accept: */*

Response DefaultHttpResponse(decodeResult: success, version: HTTP/1.1)
HTTP/1.1 200 OK
Content-Type: application/json; charset=utf-8
cache-control: no-cache
content-length: 45

23:18:27.992 [AsyncHttpClient-1-2] DEBUG org.asynchttpclient.netty.channel.ChannelManager - Adding key: http://localhost:59242 for channel [id: 0xf864d399, L:/127.0.0.1:63939 - R:localhost/127.0.0.1:59242]
23:18:27.994 [Forwarding findElements on session 067fb0df5f021f17fb59c8f7a2da734f to remote] DEBUG org.asynchttpclient.netty.request.NettyRequestSender - Using pooled Channel '[id: 0xf864d399, L:/127.0.0.1:63939 - R:localhost/127.0.0.1:59242]' for 'POST' to 'http://localhost:59242/session/067fb0df5f021f17fb59c8f7a2da734f/elements'
23:18:27.994 [Forwarding findElements on session 067fb0df5f021f17fb59c8f7a2da734f to remote] DEBUG org.asynchttpclient.netty.request.NettyRequestSender - Using open Channel [id: 0xf864d399, L:/127.0.0.1:63939 - R:localhost/127.0.0.1:59242] for POST '/session/067fb0df5f021f17fb59c8f7a2da734f/elements'
23:18:28.009 [AsyncHttpClient-1-2] DEBUG org.asynchttpclient.netty.handler.HttpHandler - 

Request DefaultHttpRequest(decodeResult: success, version: HTTP/1.1)
POST /session/067fb0df5f021f17fb59c8f7a2da734f/elements HTTP/1.1
User-Agent: selenium/4.1.2 (java windows)
Content-Length: 102
Content-Type: application/json; charset=utf-8
host: localhost:59242
accept: */*

Response DefaultHttpResponse(decodeResult: success, version: HTTP/1.1)
HTTP/1.1 200 OK
Content-Type: application/json; charset=utf-8
cache-control: no-cache
content-length: 3803

23:18:28.009 [AsyncHttpClient-1-2] DEBUG org.asynchttpclient.netty.channel.ChannelManager - Adding key: http://localhost:59242 for channel [id: 0xf864d399, L:/127.0.0.1:63939 - R:localhost/127.0.0.1:59242]
23:18:28.012 [Forwarding findElements on session 067fb0df5f021f17fb59c8f7a2da734f to remote] DEBUG org.asynchttpclient.netty.request.NettyRequestSender - Using pooled Channel '[id: 0xf864d399, L:/127.0.0.1:63939 - R:localhost/127.0.0.1:59242]' for 'POST' to 'http://localhost:59242/session/067fb0df5f021f17fb59c8f7a2da734f/elements'
23:18:28.012 [Forwarding findElements on session 067fb0df5f021f17fb59c8f7a2da734f to remote] DEBUG org.asynchttpclient.netty.request.NettyRequestSender - Using open Channel [id: 0xf864d399, L:/127.0.0.1:63939 - R:localhost/127.0.0.1:59242] for POST '/session/067fb0df5f021f17fb59c8f7a2da734f/elements'
23:18:28.024 [AsyncHttpClient-1-2] DEBUG org.asynchttpclient.netty.handler.HttpHandler - 

Request DefaultHttpRequest(decodeResult: success, version: HTTP/1.1)
POST /session/067fb0df5f021f17fb59c8f7a2da734f/elements HTTP/1.1
User-Agent: selenium/4.1.2 (java windows)
Content-Length: 102
Content-Type: application/json; charset=utf-8
host: localhost:59242
accept: */*

Response DefaultHttpResponse(decodeResult: success, version: HTTP/1.1)
HTTP/1.1 200 OK
Content-Type: application/json; charset=utf-8
cache-control: no-cache
content-length: 3803

23:18:28.024 [AsyncHttpClient-1-2] DEBUG org.asynchttpclient.netty.channel.ChannelManager - Adding key: http://localhost:59242 for channel [id: 0xf864d399, L:/127.0.0.1:63939 - R:localhost/127.0.0.1:59242]
23:18:28.026 [Forwarding getElementText on session 067fb0df5f021f17fb59c8f7a2da734f to remote] DEBUG org.asynchttpclient.netty.request.NettyRequestSender - Using pooled Channel '[id: 0xf864d399, L:/127.0.0.1:63939 - R:localhost/127.0.0.1:59242]' for 'GET' to 'http://localhost:59242/session/067fb0df5f021f17fb59c8f7a2da734f/element/59948355-7c52-4490-abf1-85b7972870c8/text'
23:18:28.026 [Forwarding getElementText on session 067fb0df5f021f17fb59c8f7a2da734f to remote] DEBUG org.asynchttpclient.netty.request.NettyRequestSender - Using open Channel [id: 0xf864d399, L:/127.0.0.1:63939 - R:localhost/127.0.0.1:59242] for GET '/session/067fb0df5f021f17fb59c8f7a2da734f/element/59948355-7c52-4490-abf1-85b7972870c8/text'
23:18:28.036 [AsyncHttpClient-1-2] DEBUG org.asynchttpclient.netty.handler.HttpHandler - 

Request DefaultFullHttpRequest(decodeResult: success, version: HTTP/1.1, content: EmptyByteBufBE)
GET /session/067fb0df5f021f17fb59c8f7a2da734f/element/59948355-7c52-4490-abf1-85b7972870c8/text HTTP/1.1
User-Agent: selenium/4.1.2 (java windows)
Cache-Control: no-cache
Content-Type: application/json; charset=utf-8
host: localhost:59242
accept: */*

Response DefaultHttpResponse(decodeResult: success, version: HTTP/1.1)
HTTP/1.1 200 OK
Content-Type: application/json; charset=utf-8
cache-control: no-cache
content-length: 60

23:18:28.036 [AsyncHttpClient-1-2] DEBUG org.asynchttpclient.netty.channel.ChannelManager - Adding key: http://localhost:59242 for channel [id: 0xf864d399, L:/127.0.0.1:63939 - R:localhost/127.0.0.1:59242]
23:18:28.037 [Forwarding findElements on session 067fb0df5f021f17fb59c8f7a2da734f to remote] DEBUG org.asynchttpclient.netty.request.NettyRequestSender - Using pooled Channel '[id: 0xf864d399, L:/127.0.0.1:63939 - R:localhost/127.0.0.1:59242]' for 'POST' to 'http://localhost:59242/session/067fb0df5f021f17fb59c8f7a2da734f/elements'
23:18:28.037 [Forwarding findElements on session 067fb0df5f021f17fb59c8f7a2da734f to remote] DEBUG org.asynchttpclient.netty.request.NettyRequestSender - Using open Channel [id: 0xf864d399, L:/127.0.0.1:63939 - R:localhost/127.0.0.1:59242] for POST '/session/067fb0df5f021f17fb59c8f7a2da734f/elements'
23:18:28.051 [AsyncHttpClient-1-2] DEBUG org.asynchttpclient.netty.handler.HttpHandler - 

Request DefaultHttpRequest(decodeResult: success, version: HTTP/1.1)
POST /session/067fb0df5f021f17fb59c8f7a2da734f/elements HTTP/1.1
User-Agent: selenium/4.1.2 (java windows)
Content-Length: 102
Content-Type: application/json; charset=utf-8
host: localhost:59242
accept: */*

Response DefaultHttpResponse(decodeResult: success, version: HTTP/1.1)
HTTP/1.1 200 OK
Content-Type: application/json; charset=utf-8
cache-control: no-cache
content-length: 3803

23:18:28.051 [AsyncHttpClient-1-2] DEBUG org.asynchttpclient.netty.channel.ChannelManager - Adding key: http://localhost:59242 for channel [id: 0xf864d399, L:/127.0.0.1:63939 - R:localhost/127.0.0.1:59242]
23:18:28.054 [Forwarding findElements on session 067fb0df5f021f17fb59c8f7a2da734f to remote] DEBUG org.asynchttpclient.netty.request.NettyRequestSender - Using pooled Channel '[id: 0xf864d399, L:/127.0.0.1:63939 - R:localhost/127.0.0.1:59242]' for 'POST' to 'http://localhost:59242/session/067fb0df5f021f17fb59c8f7a2da734f/elements'
23:18:28.054 [Forwarding findElements on session 067fb0df5f021f17fb59c8f7a2da734f to remote] DEBUG org.asynchttpclient.netty.request.NettyRequestSender - Using open Channel [id: 0xf864d399, L:/127.0.0.1:63939 - R:localhost/127.0.0.1:59242] for POST '/session/067fb0df5f021f17fb59c8f7a2da734f/elements'
23:18:28.068 [AsyncHttpClient-1-2] DEBUG org.asynchttpclient.netty.handler.HttpHandler - 

Request DefaultHttpRequest(decodeResult: success, version: HTTP/1.1)
POST /session/067fb0df5f021f17fb59c8f7a2da734f/elements HTTP/1.1
User-Agent: selenium/4.1.2 (java windows)
Content-Length: 102
Content-Type: application/json; charset=utf-8
host: localhost:59242
accept: */*

Response DefaultHttpResponse(decodeResult: success, version: HTTP/1.1)
HTTP/1.1 200 OK
Content-Type: application/json; charset=utf-8
cache-control: no-cache
content-length: 3803

23:18:28.068 [AsyncHttpClient-1-2] DEBUG org.asynchttpclient.netty.channel.ChannelManager - Adding key: http://localhost:59242 for channel [id: 0xf864d399, L:/127.0.0.1:63939 - R:localhost/127.0.0.1:59242]
23:18:28.070 [Forwarding getElementText on session 067fb0df5f021f17fb59c8f7a2da734f to remote] DEBUG org.asynchttpclient.netty.request.NettyRequestSender - Using pooled Channel '[id: 0xf864d399, L:/127.0.0.1:63939 - R:localhost/127.0.0.1:59242]' for 'GET' to 'http://localhost:59242/session/067fb0df5f021f17fb59c8f7a2da734f/element/f67216d5-d08b-401e-b60a-50e4256a84e8/text'
23:18:28.070 [Forwarding getElementText on session 067fb0df5f021f17fb59c8f7a2da734f to remote] DEBUG org.asynchttpclient.netty.request.NettyRequestSender - Using open Channel [id: 0xf864d399, L:/127.0.0.1:63939 - R:localhost/127.0.0.1:59242] for GET '/session/067fb0df5f021f17fb59c8f7a2da734f/element/f67216d5-d08b-401e-b60a-50e4256a84e8/text'
23:18:28.081 [AsyncHttpClient-1-2] DEBUG org.asynchttpclient.netty.handler.HttpHandler - 

Request DefaultFullHttpRequest(decodeResult: success, version: HTTP/1.1, content: EmptyByteBufBE)
GET /session/067fb0df5f021f17fb59c8f7a2da734f/element/f67216d5-d08b-401e-b60a-50e4256a84e8/text HTTP/1.1
User-Agent: selenium/4.1.2 (java windows)
Cache-Control: no-cache
Content-Type: application/json; charset=utf-8
host: localhost:59242
accept: */*

Response DefaultHttpResponse(decodeResult: success, version: HTTP/1.1)
HTTP/1.1 200 OK
Content-Type: application/json; charset=utf-8
cache-control: no-cache
content-length: 68

23:18:28.081 [AsyncHttpClient-1-2] DEBUG org.asynchttpclient.netty.channel.ChannelManager - Adding key: http://localhost:59242 for channel [id: 0xf864d399, L:/127.0.0.1:63939 - R:localhost/127.0.0.1:59242]
23:18:28.083 [Forwarding findElements on session 067fb0df5f021f17fb59c8f7a2da734f to remote] DEBUG org.asynchttpclient.netty.request.NettyRequestSender - Using pooled Channel '[id: 0xf864d399, L:/127.0.0.1:63939 - R:localhost/127.0.0.1:59242]' for 'POST' to 'http://localhost:59242/session/067fb0df5f021f17fb59c8f7a2da734f/elements'
23:18:28.083 [Forwarding findElements on session 067fb0df5f021f17fb59c8f7a2da734f to remote] DEBUG org.asynchttpclient.netty.request.NettyRequestSender - Using open Channel [id: 0xf864d399, L:/127.0.0.1:63939 - R:localhost/127.0.0.1:59242] for POST '/session/067fb0df5f021f17fb59c8f7a2da734f/elements'
23:18:28.095 [AsyncHttpClient-1-2] DEBUG org.asynchttpclient.netty.handler.HttpHandler - 

Request DefaultHttpRequest(decodeResult: success, version: HTTP/1.1)
POST /session/067fb0df5f021f17fb59c8f7a2da734f/elements HTTP/1.1
User-Agent: selenium/4.1.2 (java windows)
Content-Length: 102
Content-Type: application/json; charset=utf-8
host: localhost:59242
accept: */*

Response DefaultHttpResponse(decodeResult: success, version: HTTP/1.1)
HTTP/1.1 200 OK
Content-Type: application/json; charset=utf-8
cache-control: no-cache
content-length: 3803

23:18:28.096 [AsyncHttpClient-1-2] DEBUG org.asynchttpclient.netty.channel.ChannelManager - Adding key: http://localhost:59242 for channel [id: 0xf864d399, L:/127.0.0.1:63939 - R:localhost/127.0.0.1:59242]
23:18:28.099 [Forwarding findElements on session 067fb0df5f021f17fb59c8f7a2da734f to remote] DEBUG org.asynchttpclient.netty.request.NettyRequestSender - Using pooled Channel '[id: 0xf864d399, L:/127.0.0.1:63939 - R:localhost/127.0.0.1:59242]' for 'POST' to 'http://localhost:59242/session/067fb0df5f021f17fb59c8f7a2da734f/elements'
23:18:28.099 [Forwarding findElements on session 067fb0df5f021f17fb59c8f7a2da734f to remote] DEBUG org.asynchttpclient.netty.request.NettyRequestSender - Using open Channel [id: 0xf864d399, L:/127.0.0.1:63939 - R:localhost/127.0.0.1:59242] for POST '/session/067fb0df5f021f17fb59c8f7a2da734f/elements'
23:18:28.112 [AsyncHttpClient-1-2] DEBUG org.asynchttpclient.netty.handler.HttpHandler - 

Request DefaultHttpRequest(decodeResult: success, version: HTTP/1.1)
POST /session/067fb0df5f021f17fb59c8f7a2da734f/elements HTTP/1.1
User-Agent: selenium/4.1.2 (java windows)
Content-Length: 102
Content-Type: application/json; charset=utf-8
host: localhost:59242
accept: */*

Response DefaultHttpResponse(decodeResult: success, version: HTTP/1.1)
HTTP/1.1 200 OK
Content-Type: application/json; charset=utf-8
cache-control: no-cache
content-length: 3803

23:18:28.112 [AsyncHttpClient-1-2] DEBUG org.asynchttpclient.netty.channel.ChannelManager - Adding key: http://localhost:59242 for channel [id: 0xf864d399, L:/127.0.0.1:63939 - R:localhost/127.0.0.1:59242]
23:18:28.115 [Forwarding getElementText on session 067fb0df5f021f17fb59c8f7a2da734f to remote] DEBUG org.asynchttpclient.netty.request.NettyRequestSender - Using pooled Channel '[id: 0xf864d399, L:/127.0.0.1:63939 - R:localhost/127.0.0.1:59242]' for 'GET' to 'http://localhost:59242/session/067fb0df5f021f17fb59c8f7a2da734f/element/710b2232-0be6-46ee-bfb4-99f057687ea6/text'
23:18:28.115 [Forwarding getElementText on session 067fb0df5f021f17fb59c8f7a2da734f to remote] DEBUG org.asynchttpclient.netty.request.NettyRequestSender - Using open Channel [id: 0xf864d399, L:/127.0.0.1:63939 - R:localhost/127.0.0.1:59242] for GET '/session/067fb0df5f021f17fb59c8f7a2da734f/element/710b2232-0be6-46ee-bfb4-99f057687ea6/text'
23:18:28.126 [AsyncHttpClient-1-2] DEBUG org.asynchttpclient.netty.handler.HttpHandler - 

Request DefaultFullHttpRequest(decodeResult: success, version: HTTP/1.1, content: EmptyByteBufBE)
GET /session/067fb0df5f021f17fb59c8f7a2da734f/element/710b2232-0be6-46ee-bfb4-99f057687ea6/text HTTP/1.1
User-Agent: selenium/4.1.2 (java windows)
Cache-Control: no-cache
Content-Type: application/json; charset=utf-8
host: localhost:59242
accept: */*

Response DefaultHttpResponse(decodeResult: success, version: HTTP/1.1)
HTTP/1.1 200 OK
Content-Type: application/json; charset=utf-8
cache-control: no-cache
content-length: 68

23:18:28.126 [AsyncHttpClient-1-2] DEBUG org.asynchttpclient.netty.channel.ChannelManager - Adding key: http://localhost:59242 for channel [id: 0xf864d399, L:/127.0.0.1:63939 - R:localhost/127.0.0.1:59242]
23:18:28.128 [Forwarding findElements on session 067fb0df5f021f17fb59c8f7a2da734f to remote] DEBUG org.asynchttpclient.netty.request.NettyRequestSender - Using pooled Channel '[id: 0xf864d399, L:/127.0.0.1:63939 - R:localhost/127.0.0.1:59242]' for 'POST' to 'http://localhost:59242/session/067fb0df5f021f17fb59c8f7a2da734f/elements'
23:18:28.128 [Forwarding findElements on session 067fb0df5f021f17fb59c8f7a2da734f to remote] DEBUG org.asynchttpclient.netty.request.NettyRequestSender - Using open Channel [id: 0xf864d399, L:/127.0.0.1:63939 - R:localhost/127.0.0.1:59242] for POST '/session/067fb0df5f021f17fb59c8f7a2da734f/elements'
23:18:28.140 [AsyncHttpClient-1-2] DEBUG org.asynchttpclient.netty.handler.HttpHandler - 

Request DefaultHttpRequest(decodeResult: success, version: HTTP/1.1)
POST /session/067fb0df5f021f17fb59c8f7a2da734f/elements HTTP/1.1
User-Agent: selenium/4.1.2 (java windows)
Content-Length: 102
Content-Type: application/json; charset=utf-8
host: localhost:59242
accept: */*

Response DefaultHttpResponse(decodeResult: success, version: HTTP/1.1)
HTTP/1.1 200 OK
Content-Type: application/json; charset=utf-8
cache-control: no-cache
content-length: 3803

23:18:28.141 [AsyncHttpClient-1-2] DEBUG org.asynchttpclient.netty.channel.ChannelManager - Adding key: http://localhost:59242 for channel [id: 0xf864d399, L:/127.0.0.1:63939 - R:localhost/127.0.0.1:59242]
23:18:28.143 [Forwarding findElements on session 067fb0df5f021f17fb59c8f7a2da734f to remote] DEBUG org.asynchttpclient.netty.request.NettyRequestSender - Using pooled Channel '[id: 0xf864d399, L:/127.0.0.1:63939 - R:localhost/127.0.0.1:59242]' for 'POST' to 'http://localhost:59242/session/067fb0df5f021f17fb59c8f7a2da734f/elements'
23:18:28.144 [Forwarding findElements on session 067fb0df5f021f17fb59c8f7a2da734f to remote] DEBUG org.asynchttpclient.netty.request.NettyRequestSender - Using open Channel [id: 0xf864d399, L:/127.0.0.1:63939 - R:localhost/127.0.0.1:59242] for POST '/session/067fb0df5f021f17fb59c8f7a2da734f/elements'
23:18:28.157 [AsyncHttpClient-1-2] DEBUG org.asynchttpclient.netty.handler.HttpHandler - 

Request DefaultHttpRequest(decodeResult: success, version: HTTP/1.1)
POST /session/067fb0df5f021f17fb59c8f7a2da734f/elements HTTP/1.1
User-Agent: selenium/4.1.2 (java windows)
Content-Length: 102
Content-Type: application/json; charset=utf-8
host: localhost:59242
accept: */*

Response DefaultHttpResponse(decodeResult: success, version: HTTP/1.1)
HTTP/1.1 200 OK
Content-Type: application/json; charset=utf-8
cache-control: no-cache
content-length: 3803

23:18:28.157 [AsyncHttpClient-1-2] DEBUG org.asynchttpclient.netty.channel.ChannelManager - Adding key: http://localhost:59242 for channel [id: 0xf864d399, L:/127.0.0.1:63939 - R:localhost/127.0.0.1:59242]
23:18:28.159 [Forwarding getElementText on session 067fb0df5f021f17fb59c8f7a2da734f to remote] DEBUG org.asynchttpclient.netty.request.NettyRequestSender - Using pooled Channel '[id: 0xf864d399, L:/127.0.0.1:63939 - R:localhost/127.0.0.1:59242]' for 'GET' to 'http://localhost:59242/session/067fb0df5f021f17fb59c8f7a2da734f/element/38bfe87f-9647-4370-8e4d-6a1d4e7a78d1/text'
23:18:28.159 [Forwarding getElementText on session 067fb0df5f021f17fb59c8f7a2da734f to remote] DEBUG org.asynchttpclient.netty.request.NettyRequestSender - Using open Channel [id: 0xf864d399, L:/127.0.0.1:63939 - R:localhost/127.0.0.1:59242] for GET '/session/067fb0df5f021f17fb59c8f7a2da734f/element/38bfe87f-9647-4370-8e4d-6a1d4e7a78d1/text'
23:18:28.168 [AsyncHttpClient-1-2] DEBUG org.asynchttpclient.netty.handler.HttpHandler - 

Request DefaultFullHttpRequest(decodeResult: success, version: HTTP/1.1, content: EmptyByteBufBE)
GET /session/067fb0df5f021f17fb59c8f7a2da734f/element/38bfe87f-9647-4370-8e4d-6a1d4e7a78d1/text HTTP/1.1
User-Agent: selenium/4.1.2 (java windows)
Cache-Control: no-cache
Content-Type: application/json; charset=utf-8
host: localhost:59242
accept: */*

Response DefaultHttpResponse(decodeResult: success, version: HTTP/1.1)
HTTP/1.1 200 OK
Content-Type: application/json; charset=utf-8
cache-control: no-cache
content-length: 64

23:18:28.169 [AsyncHttpClient-1-2] DEBUG org.asynchttpclient.netty.channel.ChannelManager - Adding key: http://localhost:59242 for channel [id: 0xf864d399, L:/127.0.0.1:63939 - R:localhost/127.0.0.1:59242]
23:18:28.171 [Forwarding findElements on session 067fb0df5f021f17fb59c8f7a2da734f to remote] DEBUG org.asynchttpclient.netty.request.NettyRequestSender - Using pooled Channel '[id: 0xf864d399, L:/127.0.0.1:63939 - R:localhost/127.0.0.1:59242]' for 'POST' to 'http://localhost:59242/session/067fb0df5f021f17fb59c8f7a2da734f/elements'
23:18:28.171 [Forwarding findElements on session 067fb0df5f021f17fb59c8f7a2da734f to remote] DEBUG org.asynchttpclient.netty.request.NettyRequestSender - Using open Channel [id: 0xf864d399, L:/127.0.0.1:63939 - R:localhost/127.0.0.1:59242] for POST '/session/067fb0df5f021f17fb59c8f7a2da734f/elements'
23:18:28.180 [AsyncHttpClient-1-2] DEBUG org.asynchttpclient.netty.handler.HttpHandler - 

Request DefaultHttpRequest(decodeResult: success, version: HTTP/1.1)
POST /session/067fb0df5f021f17fb59c8f7a2da734f/elements HTTP/1.1
User-Agent: selenium/4.1.2 (java windows)
Content-Length: 102
Content-Type: application/json; charset=utf-8
host: localhost:59242
accept: */*

Response DefaultHttpResponse(decodeResult: success, version: HTTP/1.1)
HTTP/1.1 200 OK
Content-Type: application/json; charset=utf-8
cache-control: no-cache
content-length: 3803

23:18:28.181 [AsyncHttpClient-1-2] DEBUG org.asynchttpclient.netty.channel.ChannelManager - Adding key: http://localhost:59242 for channel [id: 0xf864d399, L:/127.0.0.1:63939 - R:localhost/127.0.0.1:59242]
23:18:28.183 [Forwarding findElements on session 067fb0df5f021f17fb59c8f7a2da734f to remote] DEBUG org.asynchttpclient.netty.request.NettyRequestSender - Using pooled Channel '[id: 0xf864d399, L:/127.0.0.1:63939 - R:localhost/127.0.0.1:59242]' for 'POST' to 'http://localhost:59242/session/067fb0df5f021f17fb59c8f7a2da734f/elements'
23:18:28.183 [Forwarding findElements on session 067fb0df5f021f17fb59c8f7a2da734f to remote] DEBUG org.asynchttpclient.netty.request.NettyRequestSender - Using open Channel [id: 0xf864d399, L:/127.0.0.1:63939 - R:localhost/127.0.0.1:59242] for POST '/session/067fb0df5f021f17fb59c8f7a2da734f/elements'
23:18:28.193 [AsyncHttpClient-1-2] DEBUG org.asynchttpclient.netty.handler.HttpHandler - 

Request DefaultHttpRequest(decodeResult: success, version: HTTP/1.1)
POST /session/067fb0df5f021f17fb59c8f7a2da734f/elements HTTP/1.1
User-Agent: selenium/4.1.2 (java windows)
Content-Length: 102
Content-Type: application/json; charset=utf-8
host: localhost:59242
accept: */*

Response DefaultHttpResponse(decodeResult: success, version: HTTP/1.1)
HTTP/1.1 200 OK
Content-Type: application/json; charset=utf-8
cache-control: no-cache
content-length: 3803

23:18:28.194 [AsyncHttpClient-1-2] DEBUG org.asynchttpclient.netty.channel.ChannelManager - Adding key: http://localhost:59242 for channel [id: 0xf864d399, L:/127.0.0.1:63939 - R:localhost/127.0.0.1:59242]
23:18:28.195 [Forwarding getElementText on session 067fb0df5f021f17fb59c8f7a2da734f to remote] DEBUG org.asynchttpclient.netty.request.NettyRequestSender - Using pooled Channel '[id: 0xf864d399, L:/127.0.0.1:63939 - R:localhost/127.0.0.1:59242]' for 'GET' to 'http://localhost:59242/session/067fb0df5f021f17fb59c8f7a2da734f/element/a14eda6b-5788-47e5-964c-d79469e3772c/text'
23:18:28.196 [Forwarding getElementText on session 067fb0df5f021f17fb59c8f7a2da734f to remote] DEBUG org.asynchttpclient.netty.request.NettyRequestSender - Using open Channel [id: 0xf864d399, L:/127.0.0.1:63939 - R:localhost/127.0.0.1:59242] for GET '/session/067fb0df5f021f17fb59c8f7a2da734f/element/a14eda6b-5788-47e5-964c-d79469e3772c/text'
23:18:28.205 [AsyncHttpClient-1-2] DEBUG org.asynchttpclient.netty.handler.HttpHandler - 

Request DefaultFullHttpRequest(decodeResult: success, version: HTTP/1.1, content: EmptyByteBufBE)
GET /session/067fb0df5f021f17fb59c8f7a2da734f/element/a14eda6b-5788-47e5-964c-d79469e3772c/text HTTP/1.1
User-Agent: selenium/4.1.2 (java windows)
Cache-Control: no-cache
Content-Type: application/json; charset=utf-8
host: localhost:59242
accept: */*

Response DefaultHttpResponse(decodeResult: success, version: HTTP/1.1)
HTTP/1.1 200 OK
Content-Type: application/json; charset=utf-8
cache-control: no-cache
content-length: 45

23:18:28.205 [AsyncHttpClient-1-2] DEBUG org.asynchttpclient.netty.channel.ChannelManager - Adding key: http://localhost:59242 for channel [id: 0xf864d399, L:/127.0.0.1:63939 - R:localhost/127.0.0.1:59242]
23:18:28.207 [Forwarding findElements on session 067fb0df5f021f17fb59c8f7a2da734f to remote] DEBUG org.asynchttpclient.netty.request.NettyRequestSender - Using pooled Channel '[id: 0xf864d399, L:/127.0.0.1:63939 - R:localhost/127.0.0.1:59242]' for 'POST' to 'http://localhost:59242/session/067fb0df5f021f17fb59c8f7a2da734f/elements'
23:18:28.207 [Forwarding findElements on session 067fb0df5f021f17fb59c8f7a2da734f to remote] DEBUG org.asynchttpclient.netty.request.NettyRequestSender - Using open Channel [id: 0xf864d399, L:/127.0.0.1:63939 - R:localhost/127.0.0.1:59242] for POST '/session/067fb0df5f021f17fb59c8f7a2da734f/elements'
23:18:28.217 [AsyncHttpClient-1-2] DEBUG org.asynchttpclient.netty.handler.HttpHandler - 

Request DefaultHttpRequest(decodeResult: success, version: HTTP/1.1)
POST /session/067fb0df5f021f17fb59c8f7a2da734f/elements HTTP/1.1
User-Agent: selenium/4.1.2 (java windows)
Content-Length: 102
Content-Type: application/json; charset=utf-8
host: localhost:59242
accept: */*

Response DefaultHttpResponse(decodeResult: success, version: HTTP/1.1)
HTTP/1.1 200 OK
Content-Type: application/json; charset=utf-8
cache-control: no-cache
content-length: 3803

23:18:28.217 [AsyncHttpClient-1-2] DEBUG org.asynchttpclient.netty.channel.ChannelManager - Adding key: http://localhost:59242 for channel [id: 0xf864d399, L:/127.0.0.1:63939 - R:localhost/127.0.0.1:59242]
23:18:28.220 [Forwarding findElements on session 067fb0df5f021f17fb59c8f7a2da734f to remote] DEBUG org.asynchttpclient.netty.request.NettyRequestSender - Using pooled Channel '[id: 0xf864d399, L:/127.0.0.1:63939 - R:localhost/127.0.0.1:59242]' for 'POST' to 'http://localhost:59242/session/067fb0df5f021f17fb59c8f7a2da734f/elements'
23:18:28.220 [Forwarding findElements on session 067fb0df5f021f17fb59c8f7a2da734f to remote] DEBUG org.asynchttpclient.netty.request.NettyRequestSender - Using open Channel [id: 0xf864d399, L:/127.0.0.1:63939 - R:localhost/127.0.0.1:59242] for POST '/session/067fb0df5f021f17fb59c8f7a2da734f/elements'
23:18:28.230 [AsyncHttpClient-1-2] DEBUG org.asynchttpclient.netty.handler.HttpHandler - 

Request DefaultHttpRequest(decodeResult: success, version: HTTP/1.1)
POST /session/067fb0df5f021f17fb59c8f7a2da734f/elements HTTP/1.1
User-Agent: selenium/4.1.2 (java windows)
Content-Length: 102
Content-Type: application/json; charset=utf-8
host: localhost:59242
accept: */*

Response DefaultHttpResponse(decodeResult: success, version: HTTP/1.1)
HTTP/1.1 200 OK
Content-Type: application/json; charset=utf-8
cache-control: no-cache
content-length: 3803

23:18:28.230 [AsyncHttpClient-1-2] DEBUG org.asynchttpclient.netty.channel.ChannelManager - Adding key: http://localhost:59242 for channel [id: 0xf864d399, L:/127.0.0.1:63939 - R:localhost/127.0.0.1:59242]
23:18:28.232 [Forwarding getElementText on session 067fb0df5f021f17fb59c8f7a2da734f to remote] DEBUG org.asynchttpclient.netty.request.NettyRequestSender - Using pooled Channel '[id: 0xf864d399, L:/127.0.0.1:63939 - R:localhost/127.0.0.1:59242]' for 'GET' to 'http://localhost:59242/session/067fb0df5f021f17fb59c8f7a2da734f/element/60c14071-bc06-4cad-990b-0857d8ff01d3/text'
23:18:28.232 [Forwarding getElementText on session 067fb0df5f021f17fb59c8f7a2da734f to remote] DEBUG org.asynchttpclient.netty.request.NettyRequestSender - Using open Channel [id: 0xf864d399, L:/127.0.0.1:63939 - R:localhost/127.0.0.1:59242] for GET '/session/067fb0df5f021f17fb59c8f7a2da734f/element/60c14071-bc06-4cad-990b-0857d8ff01d3/text'
23:18:28.240 [AsyncHttpClient-1-2] DEBUG org.asynchttpclient.netty.handler.HttpHandler - 

Request DefaultFullHttpRequest(decodeResult: success, version: HTTP/1.1, content: EmptyByteBufBE)
GET /session/067fb0df5f021f17fb59c8f7a2da734f/element/60c14071-bc06-4cad-990b-0857d8ff01d3/text HTTP/1.1
User-Agent: selenium/4.1.2 (java windows)
Cache-Control: no-cache
Content-Type: application/json; charset=utf-8
host: localhost:59242
accept: */*

Response DefaultHttpResponse(decodeResult: success, version: HTTP/1.1)
HTTP/1.1 200 OK
Content-Type: application/json; charset=utf-8
cache-control: no-cache
content-length: 57

23:18:28.241 [AsyncHttpClient-1-2] DEBUG org.asynchttpclient.netty.channel.ChannelManager - Adding key: http://localhost:59242 for channel [id: 0xf864d399, L:/127.0.0.1:63939 - R:localhost/127.0.0.1:59242]
23:18:28.242 [Forwarding findElements on session 067fb0df5f021f17fb59c8f7a2da734f to remote] DEBUG org.asynchttpclient.netty.request.NettyRequestSender - Using pooled Channel '[id: 0xf864d399, L:/127.0.0.1:63939 - R:localhost/127.0.0.1:59242]' for 'POST' to 'http://localhost:59242/session/067fb0df5f021f17fb59c8f7a2da734f/elements'
23:18:28.242 [Forwarding findElements on session 067fb0df5f021f17fb59c8f7a2da734f to remote] DEBUG org.asynchttpclient.netty.request.NettyRequestSender - Using open Channel [id: 0xf864d399, L:/127.0.0.1:63939 - R:localhost/127.0.0.1:59242] for POST '/session/067fb0df5f021f17fb59c8f7a2da734f/elements'
23:18:28.253 [AsyncHttpClient-1-2] DEBUG org.asynchttpclient.netty.handler.HttpHandler - 

Request DefaultHttpRequest(decodeResult: success, version: HTTP/1.1)
POST /session/067fb0df5f021f17fb59c8f7a2da734f/elements HTTP/1.1
User-Agent: selenium/4.1.2 (java windows)
Content-Length: 102
Content-Type: application/json; charset=utf-8
host: localhost:59242
accept: */*

Response DefaultHttpResponse(decodeResult: success, version: HTTP/1.1)
HTTP/1.1 200 OK
Content-Type: application/json; charset=utf-8
cache-control: no-cache
content-length: 3803

23:18:28.253 [AsyncHttpClient-1-2] DEBUG org.asynchttpclient.netty.channel.ChannelManager - Adding key: http://localhost:59242 for channel [id: 0xf864d399, L:/127.0.0.1:63939 - R:localhost/127.0.0.1:59242]
23:18:28.256 [Forwarding findElements on session 067fb0df5f021f17fb59c8f7a2da734f to remote] DEBUG org.asynchttpclient.netty.request.NettyRequestSender - Using pooled Channel '[id: 0xf864d399, L:/127.0.0.1:63939 - R:localhost/127.0.0.1:59242]' for 'POST' to 'http://localhost:59242/session/067fb0df5f021f17fb59c8f7a2da734f/elements'
23:18:28.256 [Forwarding findElements on session 067fb0df5f021f17fb59c8f7a2da734f to remote] DEBUG org.asynchttpclient.netty.request.NettyRequestSender - Using open Channel [id: 0xf864d399, L:/127.0.0.1:63939 - R:localhost/127.0.0.1:59242] for POST '/session/067fb0df5f021f17fb59c8f7a2da734f/elements'
23:18:28.267 [AsyncHttpClient-1-2] DEBUG org.asynchttpclient.netty.handler.HttpHandler - 

Request DefaultHttpRequest(decodeResult: success, version: HTTP/1.1)
POST /session/067fb0df5f021f17fb59c8f7a2da734f/elements HTTP/1.1
User-Agent: selenium/4.1.2 (java windows)
Content-Length: 102
Content-Type: application/json; charset=utf-8
host: localhost:59242
accept: */*

Response DefaultHttpResponse(decodeResult: success, version: HTTP/1.1)
HTTP/1.1 200 OK
Content-Type: application/json; charset=utf-8
cache-control: no-cache
content-length: 3803

23:18:28.267 [AsyncHttpClient-1-2] DEBUG org.asynchttpclient.netty.channel.ChannelManager - Adding key: http://localhost:59242 for channel [id: 0xf864d399, L:/127.0.0.1:63939 - R:localhost/127.0.0.1:59242]
23:18:28.269 [Forwarding getElementText on session 067fb0df5f021f17fb59c8f7a2da734f to remote] DEBUG org.asynchttpclient.netty.request.NettyRequestSender - Using pooled Channel '[id: 0xf864d399, L:/127.0.0.1:63939 - R:localhost/127.0.0.1:59242]' for 'GET' to 'http://localhost:59242/session/067fb0df5f021f17fb59c8f7a2da734f/element/05550db0-4312-4af1-9fff-8587395b90c1/text'
23:18:28.269 [Forwarding getElementText on session 067fb0df5f021f17fb59c8f7a2da734f to remote] DEBUG org.asynchttpclient.netty.request.NettyRequestSender - Using open Channel [id: 0xf864d399, L:/127.0.0.1:63939 - R:localhost/127.0.0.1:59242] for GET '/session/067fb0df5f021f17fb59c8f7a2da734f/element/05550db0-4312-4af1-9fff-8587395b90c1/text'
23:18:28.277 [AsyncHttpClient-1-2] DEBUG org.asynchttpclient.netty.handler.HttpHandler - 

Request DefaultFullHttpRequest(decodeResult: success, version: HTTP/1.1, content: EmptyByteBufBE)
GET /session/067fb0df5f021f17fb59c8f7a2da734f/element/05550db0-4312-4af1-9fff-8587395b90c1/text HTTP/1.1
User-Agent: selenium/4.1.2 (java windows)
Cache-Control: no-cache
Content-Type: application/json; charset=utf-8
host: localhost:59242
accept: */*

Response DefaultHttpResponse(decodeResult: success, version: HTTP/1.1)
HTTP/1.1 200 OK
Content-Type: application/json; charset=utf-8
cache-control: no-cache
content-length: 84

23:18:28.278 [AsyncHttpClient-1-2] DEBUG org.asynchttpclient.netty.channel.ChannelManager - Adding key: http://localhost:59242 for channel [id: 0xf864d399, L:/127.0.0.1:63939 - R:localhost/127.0.0.1:59242]
23:18:28.279 [Forwarding findElements on session 067fb0df5f021f17fb59c8f7a2da734f to remote] DEBUG org.asynchttpclient.netty.request.NettyRequestSender - Using pooled Channel '[id: 0xf864d399, L:/127.0.0.1:63939 - R:localhost/127.0.0.1:59242]' for 'POST' to 'http://localhost:59242/session/067fb0df5f021f17fb59c8f7a2da734f/elements'
23:18:28.279 [Forwarding findElements on session 067fb0df5f021f17fb59c8f7a2da734f to remote] DEBUG org.asynchttpclient.netty.request.NettyRequestSender - Using open Channel [id: 0xf864d399, L:/127.0.0.1:63939 - R:localhost/127.0.0.1:59242] for POST '/session/067fb0df5f021f17fb59c8f7a2da734f/elements'
23:18:28.288 [AsyncHttpClient-1-2] DEBUG org.asynchttpclient.netty.handler.HttpHandler - 

Request DefaultHttpRequest(decodeResult: success, version: HTTP/1.1)
POST /session/067fb0df5f021f17fb59c8f7a2da734f/elements HTTP/1.1
User-Agent: selenium/4.1.2 (java windows)
Content-Length: 102
Content-Type: application/json; charset=utf-8
host: localhost:59242
accept: */*

Response DefaultHttpResponse(decodeResult: success, version: HTTP/1.1)
HTTP/1.1 200 OK
Content-Type: application/json; charset=utf-8
cache-control: no-cache
content-length: 3803

23:18:28.289 [AsyncHttpClient-1-2] DEBUG org.asynchttpclient.netty.channel.ChannelManager - Adding key: http://localhost:59242 for channel [id: 0xf864d399, L:/127.0.0.1:63939 - R:localhost/127.0.0.1:59242]
23:18:28.291 [Forwarding findElements on session 067fb0df5f021f17fb59c8f7a2da734f to remote] DEBUG org.asynchttpclient.netty.request.NettyRequestSender - Using pooled Channel '[id: 0xf864d399, L:/127.0.0.1:63939 - R:localhost/127.0.0.1:59242]' for 'POST' to 'http://localhost:59242/session/067fb0df5f021f17fb59c8f7a2da734f/elements'
23:18:28.291 [Forwarding findElements on session 067fb0df5f021f17fb59c8f7a2da734f to remote] DEBUG org.asynchttpclient.netty.request.NettyRequestSender - Using open Channel [id: 0xf864d399, L:/127.0.0.1:63939 - R:localhost/127.0.0.1:59242] for POST '/session/067fb0df5f021f17fb59c8f7a2da734f/elements'
23:18:28.300 [AsyncHttpClient-1-2] DEBUG org.asynchttpclient.netty.handler.HttpHandler - 

Request DefaultHttpRequest(decodeResult: success, version: HTTP/1.1)
POST /session/067fb0df5f021f17fb59c8f7a2da734f/elements HTTP/1.1
User-Agent: selenium/4.1.2 (java windows)
Content-Length: 102
Content-Type: application/json; charset=utf-8
host: localhost:59242
accept: */*

Response DefaultHttpResponse(decodeResult: success, version: HTTP/1.1)
HTTP/1.1 200 OK
Content-Type: application/json; charset=utf-8
cache-control: no-cache
content-length: 3803

23:18:28.301 [AsyncHttpClient-1-2] DEBUG org.asynchttpclient.netty.channel.ChannelManager - Adding key: http://localhost:59242 for channel [id: 0xf864d399, L:/127.0.0.1:63939 - R:localhost/127.0.0.1:59242]
23:18:28.303 [Forwarding getElementText on session 067fb0df5f021f17fb59c8f7a2da734f to remote] DEBUG org.asynchttpclient.netty.request.NettyRequestSender - Using pooled Channel '[id: 0xf864d399, L:/127.0.0.1:63939 - R:localhost/127.0.0.1:59242]' for 'GET' to 'http://localhost:59242/session/067fb0df5f021f17fb59c8f7a2da734f/element/48d2e625-f06d-4dea-a318-4387535f6791/text'
23:18:28.303 [Forwarding getElementText on session 067fb0df5f021f17fb59c8f7a2da734f to remote] DEBUG org.asynchttpclient.netty.request.NettyRequestSender - Using open Channel [id: 0xf864d399, L:/127.0.0.1:63939 - R:localhost/127.0.0.1:59242] for GET '/session/067fb0df5f021f17fb59c8f7a2da734f/element/48d2e625-f06d-4dea-a318-4387535f6791/text'
23:18:28.311 [AsyncHttpClient-1-2] DEBUG org.asynchttpclient.netty.handler.HttpHandler - 

Request DefaultFullHttpRequest(decodeResult: success, version: HTTP/1.1, content: EmptyByteBufBE)
GET /session/067fb0df5f021f17fb59c8f7a2da734f/element/48d2e625-f06d-4dea-a318-4387535f6791/text HTTP/1.1
User-Agent: selenium/4.1.2 (java windows)
Cache-Control: no-cache
Content-Type: application/json; charset=utf-8
host: localhost:59242
accept: */*

Response DefaultHttpResponse(decodeResult: success, version: HTTP/1.1)
HTTP/1.1 200 OK
Content-Type: application/json; charset=utf-8
cache-control: no-cache
content-length: 43

23:18:28.311 [AsyncHttpClient-1-2] DEBUG org.asynchttpclient.netty.channel.ChannelManager - Adding key: http://localhost:59242 for channel [id: 0xf864d399, L:/127.0.0.1:63939 - R:localhost/127.0.0.1:59242]
23:18:28.312 [Forwarding findElements on session 067fb0df5f021f17fb59c8f7a2da734f to remote] DEBUG org.asynchttpclient.netty.request.NettyRequestSender - Using pooled Channel '[id: 0xf864d399, L:/127.0.0.1:63939 - R:localhost/127.0.0.1:59242]' for 'POST' to 'http://localhost:59242/session/067fb0df5f021f17fb59c8f7a2da734f/elements'
23:18:28.312 [Forwarding findElements on session 067fb0df5f021f17fb59c8f7a2da734f to remote] DEBUG org.asynchttpclient.netty.request.NettyRequestSender - Using open Channel [id: 0xf864d399, L:/127.0.0.1:63939 - R:localhost/127.0.0.1:59242] for POST '/session/067fb0df5f021f17fb59c8f7a2da734f/elements'
23:18:28.322 [AsyncHttpClient-1-2] DEBUG org.asynchttpclient.netty.handler.HttpHandler - 

Request DefaultHttpRequest(decodeResult: success, version: HTTP/1.1)
POST /session/067fb0df5f021f17fb59c8f7a2da734f/elements HTTP/1.1
User-Agent: selenium/4.1.2 (java windows)
Content-Length: 102
Content-Type: application/json; charset=utf-8
host: localhost:59242
accept: */*

Response DefaultHttpResponse(decodeResult: success, version: HTTP/1.1)
HTTP/1.1 200 OK
Content-Type: application/json; charset=utf-8
cache-control: no-cache
content-length: 3803

23:18:28.322 [AsyncHttpClient-1-2] DEBUG org.asynchttpclient.netty.channel.ChannelManager - Adding key: http://localhost:59242 for channel [id: 0xf864d399, L:/127.0.0.1:63939 - R:localhost/127.0.0.1:59242]
23:18:28.324 [Forwarding findElements on session 067fb0df5f021f17fb59c8f7a2da734f to remote] DEBUG org.asynchttpclient.netty.request.NettyRequestSender - Using pooled Channel '[id: 0xf864d399, L:/127.0.0.1:63939 - R:localhost/127.0.0.1:59242]' for 'POST' to 'http://localhost:59242/session/067fb0df5f021f17fb59c8f7a2da734f/elements'
23:18:28.324 [Forwarding findElements on session 067fb0df5f021f17fb59c8f7a2da734f to remote] DEBUG org.asynchttpclient.netty.request.NettyRequestSender - Using open Channel [id: 0xf864d399, L:/127.0.0.1:63939 - R:localhost/127.0.0.1:59242] for POST '/session/067fb0df5f021f17fb59c8f7a2da734f/elements'
23:18:28.334 [AsyncHttpClient-1-2] DEBUG org.asynchttpclient.netty.handler.HttpHandler - 

Request DefaultHttpRequest(decodeResult: success, version: HTTP/1.1)
POST /session/067fb0df5f021f17fb59c8f7a2da734f/elements HTTP/1.1
User-Agent: selenium/4.1.2 (java windows)
Content-Length: 102
Content-Type: application/json; charset=utf-8
host: localhost:59242
accept: */*

Response DefaultHttpResponse(decodeResult: success, version: HTTP/1.1)
HTTP/1.1 200 OK
Content-Type: application/json; charset=utf-8
cache-control: no-cache
content-length: 3803

23:18:28.334 [AsyncHttpClient-1-2] DEBUG org.asynchttpclient.netty.channel.ChannelManager - Adding key: http://localhost:59242 for channel [id: 0xf864d399, L:/127.0.0.1:63939 - R:localhost/127.0.0.1:59242]
23:18:28.338 [Forwarding getElementText on session 067fb0df5f021f17fb59c8f7a2da734f to remote] DEBUG org.asynchttpclient.netty.request.NettyRequestSender - Using pooled Channel '[id: 0xf864d399, L:/127.0.0.1:63939 - R:localhost/127.0.0.1:59242]' for 'GET' to 'http://localhost:59242/session/067fb0df5f021f17fb59c8f7a2da734f/element/f44690ed-1562-4838-9261-30a43abeb351/text'
23:18:28.338 [Forwarding getElementText on session 067fb0df5f021f17fb59c8f7a2da734f to remote] DEBUG org.asynchttpclient.netty.request.NettyRequestSender - Using open Channel [id: 0xf864d399, L:/127.0.0.1:63939 - R:localhost/127.0.0.1:59242] for GET '/session/067fb0df5f021f17fb59c8f7a2da734f/element/f44690ed-1562-4838-9261-30a43abeb351/text'
23:18:28.346 [AsyncHttpClient-1-2] DEBUG org.asynchttpclient.netty.handler.HttpHandler - 

Request DefaultFullHttpRequest(decodeResult: success, version: HTTP/1.1, content: EmptyByteBufBE)
GET /session/067fb0df5f021f17fb59c8f7a2da734f/element/f44690ed-1562-4838-9261-30a43abeb351/text HTTP/1.1
User-Agent: selenium/4.1.2 (java windows)
Cache-Control: no-cache
Content-Type: application/json; charset=utf-8
host: localhost:59242
accept: */*

Response DefaultHttpResponse(decodeResult: success, version: HTTP/1.1)
HTTP/1.1 200 OK
Content-Type: application/json; charset=utf-8
cache-control: no-cache
content-length: 52

23:18:28.346 [AsyncHttpClient-1-2] DEBUG org.asynchttpclient.netty.channel.ChannelManager - Adding key: http://localhost:59242 for channel [id: 0xf864d399, L:/127.0.0.1:63939 - R:localhost/127.0.0.1:59242]
23:18:28.347 [Forwarding findElements on session 067fb0df5f021f17fb59c8f7a2da734f to remote] DEBUG org.asynchttpclient.netty.request.NettyRequestSender - Using pooled Channel '[id: 0xf864d399, L:/127.0.0.1:63939 - R:localhost/127.0.0.1:59242]' for 'POST' to 'http://localhost:59242/session/067fb0df5f021f17fb59c8f7a2da734f/elements'
23:18:28.348 [Forwarding findElements on session 067fb0df5f021f17fb59c8f7a2da734f to remote] DEBUG org.asynchttpclient.netty.request.NettyRequestSender - Using open Channel [id: 0xf864d399, L:/127.0.0.1:63939 - R:localhost/127.0.0.1:59242] for POST '/session/067fb0df5f021f17fb59c8f7a2da734f/elements'
23:18:28.357 [AsyncHttpClient-1-2] DEBUG org.asynchttpclient.netty.handler.HttpHandler - 

Request DefaultHttpRequest(decodeResult: success, version: HTTP/1.1)
POST /session/067fb0df5f021f17fb59c8f7a2da734f/elements HTTP/1.1
User-Agent: selenium/4.1.2 (java windows)
Content-Length: 102
Content-Type: application/json; charset=utf-8
host: localhost:59242
accept: */*

Response DefaultHttpResponse(decodeResult: success, version: HTTP/1.1)
HTTP/1.1 200 OK
Content-Type: application/json; charset=utf-8
cache-control: no-cache
content-length: 3803

23:18:28.357 [AsyncHttpClient-1-2] DEBUG org.asynchttpclient.netty.channel.ChannelManager - Adding key: http://localhost:59242 for channel [id: 0xf864d399, L:/127.0.0.1:63939 - R:localhost/127.0.0.1:59242]
23:18:28.359 [Forwarding findElements on session 067fb0df5f021f17fb59c8f7a2da734f to remote] DEBUG org.asynchttpclient.netty.request.NettyRequestSender - Using pooled Channel '[id: 0xf864d399, L:/127.0.0.1:63939 - R:localhost/127.0.0.1:59242]' for 'POST' to 'http://localhost:59242/session/067fb0df5f021f17fb59c8f7a2da734f/elements'
23:18:28.360 [Forwarding findElements on session 067fb0df5f021f17fb59c8f7a2da734f to remote] DEBUG org.asynchttpclient.netty.request.NettyRequestSender - Using open Channel [id: 0xf864d399, L:/127.0.0.1:63939 - R:localhost/127.0.0.1:59242] for POST '/session/067fb0df5f021f17fb59c8f7a2da734f/elements'
23:18:28.369 [AsyncHttpClient-1-2] DEBUG org.asynchttpclient.netty.handler.HttpHandler - 

Request DefaultHttpRequest(decodeResult: success, version: HTTP/1.1)
POST /session/067fb0df5f021f17fb59c8f7a2da734f/elements HTTP/1.1
User-Agent: selenium/4.1.2 (java windows)
Content-Length: 102
Content-Type: application/json; charset=utf-8
host: localhost:59242
accept: */*

Response DefaultHttpResponse(decodeResult: success, version: HTTP/1.1)
HTTP/1.1 200 OK
Content-Type: application/json; charset=utf-8
cache-control: no-cache
content-length: 3803

23:18:28.370 [AsyncHttpClient-1-2] DEBUG org.asynchttpclient.netty.channel.ChannelManager - Adding key: http://localhost:59242 for channel [id: 0xf864d399, L:/127.0.0.1:63939 - R:localhost/127.0.0.1:59242]
23:18:28.372 [Forwarding getElementText on session 067fb0df5f021f17fb59c8f7a2da734f to remote] DEBUG org.asynchttpclient.netty.request.NettyRequestSender - Using pooled Channel '[id: 0xf864d399, L:/127.0.0.1:63939 - R:localhost/127.0.0.1:59242]' for 'GET' to 'http://localhost:59242/session/067fb0df5f021f17fb59c8f7a2da734f/element/738f484c-b56d-4b5c-b525-6cd8b0adf3c3/text'
23:18:28.372 [Forwarding getElementText on session 067fb0df5f021f17fb59c8f7a2da734f to remote] DEBUG org.asynchttpclient.netty.request.NettyRequestSender - Using open Channel [id: 0xf864d399, L:/127.0.0.1:63939 - R:localhost/127.0.0.1:59242] for GET '/session/067fb0df5f021f17fb59c8f7a2da734f/element/738f484c-b56d-4b5c-b525-6cd8b0adf3c3/text'
23:18:28.380 [AsyncHttpClient-1-2] DEBUG org.asynchttpclient.netty.handler.HttpHandler - 

Request DefaultFullHttpRequest(decodeResult: success, version: HTTP/1.1, content: EmptyByteBufBE)
GET /session/067fb0df5f021f17fb59c8f7a2da734f/element/738f484c-b56d-4b5c-b525-6cd8b0adf3c3/text HTTP/1.1
User-Agent: selenium/4.1.2 (java windows)
Cache-Control: no-cache
Content-Type: application/json; charset=utf-8
host: localhost:59242
accept: */*

Response DefaultHttpResponse(decodeResult: success, version: HTTP/1.1)
HTTP/1.1 200 OK
Content-Type: application/json; charset=utf-8
cache-control: no-cache
content-length: 48

23:18:28.380 [AsyncHttpClient-1-2] DEBUG org.asynchttpclient.netty.channel.ChannelManager - Adding key: http://localhost:59242 for channel [id: 0xf864d399, L:/127.0.0.1:63939 - R:localhost/127.0.0.1:59242]
23:18:28.381 [Forwarding findElements on session 067fb0df5f021f17fb59c8f7a2da734f to remote] DEBUG org.asynchttpclient.netty.request.NettyRequestSender - Using pooled Channel '[id: 0xf864d399, L:/127.0.0.1:63939 - R:localhost/127.0.0.1:59242]' for 'POST' to 'http://localhost:59242/session/067fb0df5f021f17fb59c8f7a2da734f/elements'
23:18:28.381 [Forwarding findElements on session 067fb0df5f021f17fb59c8f7a2da734f to remote] DEBUG org.asynchttpclient.netty.request.NettyRequestSender - Using open Channel [id: 0xf864d399, L:/127.0.0.1:63939 - R:localhost/127.0.0.1:59242] for POST '/session/067fb0df5f021f17fb59c8f7a2da734f/elements'
23:18:28.391 [AsyncHttpClient-1-2] DEBUG org.asynchttpclient.netty.handler.HttpHandler - 

Request DefaultHttpRequest(decodeResult: success, version: HTTP/1.1)
POST /session/067fb0df5f021f17fb59c8f7a2da734f/elements HTTP/1.1
User-Agent: selenium/4.1.2 (java windows)
Content-Length: 102
Content-Type: application/json; charset=utf-8
host: localhost:59242
accept: */*

Response DefaultHttpResponse(decodeResult: success, version: HTTP/1.1)
HTTP/1.1 200 OK
Content-Type: application/json; charset=utf-8
cache-control: no-cache
content-length: 3803

23:18:28.391 [AsyncHttpClient-1-2] DEBUG org.asynchttpclient.netty.channel.ChannelManager - Adding key: http://localhost:59242 for channel [id: 0xf864d399, L:/127.0.0.1:63939 - R:localhost/127.0.0.1:59242]
23:18:28.393 [Forwarding findElements on session 067fb0df5f021f17fb59c8f7a2da734f to remote] DEBUG org.asynchttpclient.netty.request.NettyRequestSender - Using pooled Channel '[id: 0xf864d399, L:/127.0.0.1:63939 - R:localhost/127.0.0.1:59242]' for 'POST' to 'http://localhost:59242/session/067fb0df5f021f17fb59c8f7a2da734f/elements'
23:18:28.393 [Forwarding findElements on session 067fb0df5f021f17fb59c8f7a2da734f to remote] DEBUG org.asynchttpclient.netty.request.NettyRequestSender - Using open Channel [id: 0xf864d399, L:/127.0.0.1:63939 - R:localhost/127.0.0.1:59242] for POST '/session/067fb0df5f021f17fb59c8f7a2da734f/elements'
23:18:28.404 [AsyncHttpClient-1-2] DEBUG org.asynchttpclient.netty.handler.HttpHandler - 

Request DefaultHttpRequest(decodeResult: success, version: HTTP/1.1)
POST /session/067fb0df5f021f17fb59c8f7a2da734f/elements HTTP/1.1
User-Agent: selenium/4.1.2 (java windows)
Content-Length: 102
Content-Type: application/json; charset=utf-8
host: localhost:59242
accept: */*

Response DefaultHttpResponse(decodeResult: success, version: HTTP/1.1)
HTTP/1.1 200 OK
Content-Type: application/json; charset=utf-8
cache-control: no-cache
content-length: 3803

23:18:28.404 [AsyncHttpClient-1-2] DEBUG org.asynchttpclient.netty.channel.ChannelManager - Adding key: http://localhost:59242 for channel [id: 0xf864d399, L:/127.0.0.1:63939 - R:localhost/127.0.0.1:59242]
23:18:28.405 [Forwarding getElementText on session 067fb0df5f021f17fb59c8f7a2da734f to remote] DEBUG org.asynchttpclient.netty.request.NettyRequestSender - Using pooled Channel '[id: 0xf864d399, L:/127.0.0.1:63939 - R:localhost/127.0.0.1:59242]' for 'GET' to 'http://localhost:59242/session/067fb0df5f021f17fb59c8f7a2da734f/element/1c6be405-66fc-4ddc-a301-b61557d81823/text'
23:18:28.406 [Forwarding getElementText on session 067fb0df5f021f17fb59c8f7a2da734f to remote] DEBUG org.asynchttpclient.netty.request.NettyRequestSender - Using open Channel [id: 0xf864d399, L:/127.0.0.1:63939 - R:localhost/127.0.0.1:59242] for GET '/session/067fb0df5f021f17fb59c8f7a2da734f/element/1c6be405-66fc-4ddc-a301-b61557d81823/text'
23:18:28.414 [AsyncHttpClient-1-2] DEBUG org.asynchttpclient.netty.handler.HttpHandler - 

Request DefaultFullHttpRequest(decodeResult: success, version: HTTP/1.1, content: EmptyByteBufBE)
GET /session/067fb0df5f021f17fb59c8f7a2da734f/element/1c6be405-66fc-4ddc-a301-b61557d81823/text HTTP/1.1
User-Agent: selenium/4.1.2 (java windows)
Cache-Control: no-cache
Content-Type: application/json; charset=utf-8
host: localhost:59242
accept: */*

Response DefaultHttpResponse(decodeResult: success, version: HTTP/1.1)
HTTP/1.1 200 OK
Content-Type: application/json; charset=utf-8
cache-control: no-cache
content-length: 49

23:18:28.415 [AsyncHttpClient-1-2] DEBUG org.asynchttpclient.netty.channel.ChannelManager - Adding key: http://localhost:59242 for channel [id: 0xf864d399, L:/127.0.0.1:63939 - R:localhost/127.0.0.1:59242]
23:18:28.417 [Forwarding findElements on session 067fb0df5f021f17fb59c8f7a2da734f to remote] DEBUG org.asynchttpclient.netty.request.NettyRequestSender - Using pooled Channel '[id: 0xf864d399, L:/127.0.0.1:63939 - R:localhost/127.0.0.1:59242]' for 'POST' to 'http://localhost:59242/session/067fb0df5f021f17fb59c8f7a2da734f/elements'
23:18:28.417 [Forwarding findElements on session 067fb0df5f021f17fb59c8f7a2da734f to remote] DEBUG org.asynchttpclient.netty.request.NettyRequestSender - Using open Channel [id: 0xf864d399, L:/127.0.0.1:63939 - R:localhost/127.0.0.1:59242] for POST '/session/067fb0df5f021f17fb59c8f7a2da734f/elements'
23:18:28.430 [AsyncHttpClient-1-2] DEBUG org.asynchttpclient.netty.handler.HttpHandler - 

Request DefaultHttpRequest(decodeResult: success, version: HTTP/1.1)
POST /session/067fb0df5f021f17fb59c8f7a2da734f/elements HTTP/1.1
User-Agent: selenium/4.1.2 (java windows)
Content-Length: 102
Content-Type: application/json; charset=utf-8
host: localhost:59242
accept: */*

Response DefaultHttpResponse(decodeResult: success, version: HTTP/1.1)
HTTP/1.1 200 OK
Content-Type: application/json; charset=utf-8
cache-control: no-cache
content-length: 3803

23:18:28.431 [AsyncHttpClient-1-2] DEBUG org.asynchttpclient.netty.channel.ChannelManager - Adding key: http://localhost:59242 for channel [id: 0xf864d399, L:/127.0.0.1:63939 - R:localhost/127.0.0.1:59242]
23:18:28.434 [Forwarding findElements on session 067fb0df5f021f17fb59c8f7a2da734f to remote] DEBUG org.asynchttpclient.netty.request.NettyRequestSender - Using pooled Channel '[id: 0xf864d399, L:/127.0.0.1:63939 - R:localhost/127.0.0.1:59242]' for 'POST' to 'http://localhost:59242/session/067fb0df5f021f17fb59c8f7a2da734f/elements'
23:18:28.434 [Forwarding findElements on session 067fb0df5f021f17fb59c8f7a2da734f to remote] DEBUG org.asynchttpclient.netty.request.NettyRequestSender - Using open Channel [id: 0xf864d399, L:/127.0.0.1:63939 - R:localhost/127.0.0.1:59242] for POST '/session/067fb0df5f021f17fb59c8f7a2da734f/elements'
23:18:28.446 [AsyncHttpClient-1-2] DEBUG org.asynchttpclient.netty.handler.HttpHandler - 

Request DefaultHttpRequest(decodeResult: success, version: HTTP/1.1)
POST /session/067fb0df5f021f17fb59c8f7a2da734f/elements HTTP/1.1
User-Agent: selenium/4.1.2 (java windows)
Content-Length: 102
Content-Type: application/json; charset=utf-8
host: localhost:59242
accept: */*

Response DefaultHttpResponse(decodeResult: success, version: HTTP/1.1)
HTTP/1.1 200 OK
Content-Type: application/json; charset=utf-8
cache-control: no-cache
content-length: 3803

23:18:28.447 [AsyncHttpClient-1-2] DEBUG org.asynchttpclient.netty.channel.ChannelManager - Adding key: http://localhost:59242 for channel [id: 0xf864d399, L:/127.0.0.1:63939 - R:localhost/127.0.0.1:59242]
23:18:28.449 [Forwarding getElementText on session 067fb0df5f021f17fb59c8f7a2da734f to remote] DEBUG org.asynchttpclient.netty.request.NettyRequestSender - Using pooled Channel '[id: 0xf864d399, L:/127.0.0.1:63939 - R:localhost/127.0.0.1:59242]' for 'GET' to 'http://localhost:59242/session/067fb0df5f021f17fb59c8f7a2da734f/element/04ee6e81-a45f-47b3-be68-5bbe58352786/text'
23:18:28.449 [Forwarding getElementText on session 067fb0df5f021f17fb59c8f7a2da734f to remote] DEBUG org.asynchttpclient.netty.request.NettyRequestSender - Using open Channel [id: 0xf864d399, L:/127.0.0.1:63939 - R:localhost/127.0.0.1:59242] for GET '/session/067fb0df5f021f17fb59c8f7a2da734f/element/04ee6e81-a45f-47b3-be68-5bbe58352786/text'
23:18:28.459 [AsyncHttpClient-1-2] DEBUG org.asynchttpclient.netty.handler.HttpHandler - 

Request DefaultFullHttpRequest(decodeResult: success, version: HTTP/1.1, content: EmptyByteBufBE)
GET /session/067fb0df5f021f17fb59c8f7a2da734f/element/04ee6e81-a45f-47b3-be68-5bbe58352786/text HTTP/1.1
User-Agent: selenium/4.1.2 (java windows)
Cache-Control: no-cache
Content-Type: application/json; charset=utf-8
host: localhost:59242
accept: */*

Response DefaultHttpResponse(decodeResult: success, version: HTTP/1.1)
HTTP/1.1 200 OK
Content-Type: application/json; charset=utf-8
cache-control: no-cache
content-length: 67

23:18:28.459 [AsyncHttpClient-1-2] DEBUG org.asynchttpclient.netty.channel.ChannelManager - Adding key: http://localhost:59242 for channel [id: 0xf864d399, L:/127.0.0.1:63939 - R:localhost/127.0.0.1:59242]
23:18:28.461 [Forwarding findElements on session 067fb0df5f021f17fb59c8f7a2da734f to remote] DEBUG org.asynchttpclient.netty.request.NettyRequestSender - Using pooled Channel '[id: 0xf864d399, L:/127.0.0.1:63939 - R:localhost/127.0.0.1:59242]' for 'POST' to 'http://localhost:59242/session/067fb0df5f021f17fb59c8f7a2da734f/elements'
23:18:28.461 [Forwarding findElements on session 067fb0df5f021f17fb59c8f7a2da734f to remote] DEBUG org.asynchttpclient.netty.request.NettyRequestSender - Using open Channel [id: 0xf864d399, L:/127.0.0.1:63939 - R:localhost/127.0.0.1:59242] for POST '/session/067fb0df5f021f17fb59c8f7a2da734f/elements'
23:18:28.471 [AsyncHttpClient-1-2] DEBUG org.asynchttpclient.netty.handler.HttpHandler - 

Request DefaultHttpRequest(decodeResult: success, version: HTTP/1.1)
POST /session/067fb0df5f021f17fb59c8f7a2da734f/elements HTTP/1.1
User-Agent: selenium/4.1.2 (java windows)
Content-Length: 102
Content-Type: application/json; charset=utf-8
host: localhost:59242
accept: */*

Response DefaultHttpResponse(decodeResult: success, version: HTTP/1.1)
HTTP/1.1 200 OK
Content-Type: application/json; charset=utf-8
cache-control: no-cache
content-length: 3803

23:18:28.472 [AsyncHttpClient-1-2] DEBUG org.asynchttpclient.netty.channel.ChannelManager - Adding key: http://localhost:59242 for channel [id: 0xf864d399, L:/127.0.0.1:63939 - R:localhost/127.0.0.1:59242]
23:18:28.476 [Forwarding findElements on session 067fb0df5f021f17fb59c8f7a2da734f to remote] DEBUG org.asynchttpclient.netty.request.NettyRequestSender - Using pooled Channel '[id: 0xf864d399, L:/127.0.0.1:63939 - R:localhost/127.0.0.1:59242]' for 'POST' to 'http://localhost:59242/session/067fb0df5f021f17fb59c8f7a2da734f/elements'
23:18:28.477 [Forwarding findElements on session 067fb0df5f021f17fb59c8f7a2da734f to remote] DEBUG org.asynchttpclient.netty.request.NettyRequestSender - Using open Channel [id: 0xf864d399, L:/127.0.0.1:63939 - R:localhost/127.0.0.1:59242] for POST '/session/067fb0df5f021f17fb59c8f7a2da734f/elements'
23:18:28.489 [AsyncHttpClient-1-2] DEBUG org.asynchttpclient.netty.handler.HttpHandler - 

Request DefaultHttpRequest(decodeResult: success, version: HTTP/1.1)
POST /session/067fb0df5f021f17fb59c8f7a2da734f/elements HTTP/1.1
User-Agent: selenium/4.1.2 (java windows)
Content-Length: 102
Content-Type: application/json; charset=utf-8
host: localhost:59242
accept: */*

Response DefaultHttpResponse(decodeResult: success, version: HTTP/1.1)
HTTP/1.1 200 OK
Content-Type: application/json; charset=utf-8
cache-control: no-cache
content-length: 3803

23:18:28.489 [AsyncHttpClient-1-2] DEBUG org.asynchttpclient.netty.channel.ChannelManager - Adding key: http://localhost:59242 for channel [id: 0xf864d399, L:/127.0.0.1:63939 - R:localhost/127.0.0.1:59242]
23:18:28.491 [Forwarding getElementText on session 067fb0df5f021f17fb59c8f7a2da734f to remote] DEBUG org.asynchttpclient.netty.request.NettyRequestSender - Using pooled Channel '[id: 0xf864d399, L:/127.0.0.1:63939 - R:localhost/127.0.0.1:59242]' for 'GET' to 'http://localhost:59242/session/067fb0df5f021f17fb59c8f7a2da734f/element/51bccac3-b969-47f4-9789-3c937124280e/text'
23:18:28.491 [Forwarding getElementText on session 067fb0df5f021f17fb59c8f7a2da734f to remote] DEBUG org.asynchttpclient.netty.request.NettyRequestSender - Using open Channel [id: 0xf864d399, L:/127.0.0.1:63939 - R:localhost/127.0.0.1:59242] for GET '/session/067fb0df5f021f17fb59c8f7a2da734f/element/51bccac3-b969-47f4-9789-3c937124280e/text'
23:18:28.500 [AsyncHttpClient-1-2] DEBUG org.asynchttpclient.netty.handler.HttpHandler - 

Request DefaultFullHttpRequest(decodeResult: success, version: HTTP/1.1, content: EmptyByteBufBE)
GET /session/067fb0df5f021f17fb59c8f7a2da734f/element/51bccac3-b969-47f4-9789-3c937124280e/text HTTP/1.1
User-Agent: selenium/4.1.2 (java windows)
Cache-Control: no-cache
Content-Type: application/json; charset=utf-8
host: localhost:59242
accept: */*

Response DefaultHttpResponse(decodeResult: success, version: HTTP/1.1)
HTTP/1.1 200 OK
Content-Type: application/json; charset=utf-8
cache-control: no-cache
content-length: 50

23:18:28.500 [AsyncHttpClient-1-2] DEBUG org.asynchttpclient.netty.channel.ChannelManager - Adding key: http://localhost:59242 for channel [id: 0xf864d399, L:/127.0.0.1:63939 - R:localhost/127.0.0.1:59242]
23:18:28.502 [Forwarding findElements on session 067fb0df5f021f17fb59c8f7a2da734f to remote] DEBUG org.asynchttpclient.netty.request.NettyRequestSender - Using pooled Channel '[id: 0xf864d399, L:/127.0.0.1:63939 - R:localhost/127.0.0.1:59242]' for 'POST' to 'http://localhost:59242/session/067fb0df5f021f17fb59c8f7a2da734f/elements'
23:18:28.502 [Forwarding findElements on session 067fb0df5f021f17fb59c8f7a2da734f to remote] DEBUG org.asynchttpclient.netty.request.NettyRequestSender - Using open Channel [id: 0xf864d399, L:/127.0.0.1:63939 - R:localhost/127.0.0.1:59242] for POST '/session/067fb0df5f021f17fb59c8f7a2da734f/elements'
23:18:28.514 [AsyncHttpClient-1-2] DEBUG org.asynchttpclient.netty.handler.HttpHandler - 

Request DefaultHttpRequest(decodeResult: success, version: HTTP/1.1)
POST /session/067fb0df5f021f17fb59c8f7a2da734f/elements HTTP/1.1
User-Agent: selenium/4.1.2 (java windows)
Content-Length: 102
Content-Type: application/json; charset=utf-8
host: localhost:59242
accept: */*

Response DefaultHttpResponse(decodeResult: success, version: HTTP/1.1)
HTTP/1.1 200 OK
Content-Type: application/json; charset=utf-8
cache-control: no-cache
content-length: 3803

23:18:28.515 [AsyncHttpClient-1-2] DEBUG org.asynchttpclient.netty.channel.ChannelManager - Adding key: http://localhost:59242 for channel [id: 0xf864d399, L:/127.0.0.1:63939 - R:localhost/127.0.0.1:59242]
23:18:28.517 [Forwarding findElements on session 067fb0df5f021f17fb59c8f7a2da734f to remote] DEBUG org.asynchttpclient.netty.request.NettyRequestSender - Using pooled Channel '[id: 0xf864d399, L:/127.0.0.1:63939 - R:localhost/127.0.0.1:59242]' for 'POST' to 'http://localhost:59242/session/067fb0df5f021f17fb59c8f7a2da734f/elements'
23:18:28.517 [Forwarding findElements on session 067fb0df5f021f17fb59c8f7a2da734f to remote] DEBUG org.asynchttpclient.netty.request.NettyRequestSender - Using open Channel [id: 0xf864d399, L:/127.0.0.1:63939 - R:localhost/127.0.0.1:59242] for POST '/session/067fb0df5f021f17fb59c8f7a2da734f/elements'
23:18:28.529 [AsyncHttpClient-1-2] DEBUG org.asynchttpclient.netty.handler.HttpHandler - 

Request DefaultHttpRequest(decodeResult: success, version: HTTP/1.1)
POST /session/067fb0df5f021f17fb59c8f7a2da734f/elements HTTP/1.1
User-Agent: selenium/4.1.2 (java windows)
Content-Length: 102
Content-Type: application/json; charset=utf-8
host: localhost:59242
accept: */*

Response DefaultHttpResponse(decodeResult: success, version: HTTP/1.1)
HTTP/1.1 200 OK
Content-Type: application/json; charset=utf-8
cache-control: no-cache
content-length: 3803

23:18:28.529 [AsyncHttpClient-1-2] DEBUG org.asynchttpclient.netty.channel.ChannelManager - Adding key: http://localhost:59242 for channel [id: 0xf864d399, L:/127.0.0.1:63939 - R:localhost/127.0.0.1:59242]
23:18:28.533 [Forwarding getElementText on session 067fb0df5f021f17fb59c8f7a2da734f to remote] DEBUG org.asynchttpclient.netty.request.NettyRequestSender - Using pooled Channel '[id: 0xf864d399, L:/127.0.0.1:63939 - R:localhost/127.0.0.1:59242]' for 'GET' to 'http://localhost:59242/session/067fb0df5f021f17fb59c8f7a2da734f/element/0ea9ca49-f83e-4997-8009-4ab24df115d7/text'
23:18:28.533 [Forwarding getElementText on session 067fb0df5f021f17fb59c8f7a2da734f to remote] DEBUG org.asynchttpclient.netty.request.NettyRequestSender - Using open Channel [id: 0xf864d399, L:/127.0.0.1:63939 - R:localhost/127.0.0.1:59242] for GET '/session/067fb0df5f021f17fb59c8f7a2da734f/element/0ea9ca49-f83e-4997-8009-4ab24df115d7/text'
23:18:28.540 [AsyncHttpClient-1-2] DEBUG org.asynchttpclient.netty.handler.HttpHandler - 

Request DefaultFullHttpRequest(decodeResult: success, version: HTTP/1.1, content: EmptyByteBufBE)
GET /session/067fb0df5f021f17fb59c8f7a2da734f/element/0ea9ca49-f83e-4997-8009-4ab24df115d7/text HTTP/1.1
User-Agent: selenium/4.1.2 (java windows)
Cache-Control: no-cache
Content-Type: application/json; charset=utf-8
host: localhost:59242
accept: */*

Response DefaultHttpResponse(decodeResult: success, version: HTTP/1.1)
HTTP/1.1 200 OK
Content-Type: application/json; charset=utf-8
cache-control: no-cache
content-length: 58

23:18:28.540 [AsyncHttpClient-1-2] DEBUG org.asynchttpclient.netty.channel.ChannelManager - Adding key: http://localhost:59242 for channel [id: 0xf864d399, L:/127.0.0.1:63939 - R:localhost/127.0.0.1:59242]
23:18:28.542 [Forwarding findElements on session 067fb0df5f021f17fb59c8f7a2da734f to remote] DEBUG org.asynchttpclient.netty.request.NettyRequestSender - Using pooled Channel '[id: 0xf864d399, L:/127.0.0.1:63939 - R:localhost/127.0.0.1:59242]' for 'POST' to 'http://localhost:59242/session/067fb0df5f021f17fb59c8f7a2da734f/elements'
23:18:28.542 [Forwarding findElements on session 067fb0df5f021f17fb59c8f7a2da734f to remote] DEBUG org.asynchttpclient.netty.request.NettyRequestSender - Using open Channel [id: 0xf864d399, L:/127.0.0.1:63939 - R:localhost/127.0.0.1:59242] for POST '/session/067fb0df5f021f17fb59c8f7a2da734f/elements'
23:18:28.552 [AsyncHttpClient-1-2] DEBUG org.asynchttpclient.netty.handler.HttpHandler - 

Request DefaultHttpRequest(decodeResult: success, version: HTTP/1.1)
POST /session/067fb0df5f021f17fb59c8f7a2da734f/elements HTTP/1.1
User-Agent: selenium/4.1.2 (java windows)
Content-Length: 102
Content-Type: application/json; charset=utf-8
host: localhost:59242
accept: */*

Response DefaultHttpResponse(decodeResult: success, version: HTTP/1.1)
HTTP/1.1 200 OK
Content-Type: application/json; charset=utf-8
cache-control: no-cache
content-length: 3803

23:18:28.552 [AsyncHttpClient-1-2] DEBUG org.asynchttpclient.netty.channel.ChannelManager - Adding key: http://localhost:59242 for channel [id: 0xf864d399, L:/127.0.0.1:63939 - R:localhost/127.0.0.1:59242]
23:18:28.555 [Forwarding findElements on session 067fb0df5f021f17fb59c8f7a2da734f to remote] DEBUG org.asynchttpclient.netty.request.NettyRequestSender - Using pooled Channel '[id: 0xf864d399, L:/127.0.0.1:63939 - R:localhost/127.0.0.1:59242]' for 'POST' to 'http://localhost:59242/session/067fb0df5f021f17fb59c8f7a2da734f/elements'
23:18:28.555 [Forwarding findElements on session 067fb0df5f021f17fb59c8f7a2da734f to remote] DEBUG org.asynchttpclient.netty.request.NettyRequestSender - Using open Channel [id: 0xf864d399, L:/127.0.0.1:63939 - R:localhost/127.0.0.1:59242] for POST '/session/067fb0df5f021f17fb59c8f7a2da734f/elements'
23:18:28.565 [AsyncHttpClient-1-2] DEBUG org.asynchttpclient.netty.handler.HttpHandler - 

Request DefaultHttpRequest(decodeResult: success, version: HTTP/1.1)
POST /session/067fb0df5f021f17fb59c8f7a2da734f/elements HTTP/1.1
User-Agent: selenium/4.1.2 (java windows)
Content-Length: 102
Content-Type: application/json; charset=utf-8
host: localhost:59242
accept: */*

Response DefaultHttpResponse(decodeResult: success, version: HTTP/1.1)
HTTP/1.1 200 OK
Content-Type: application/json; charset=utf-8
cache-control: no-cache
content-length: 3803

23:18:28.565 [AsyncHttpClient-1-2] DEBUG org.asynchttpclient.netty.channel.ChannelManager - Adding key: http://localhost:59242 for channel [id: 0xf864d399, L:/127.0.0.1:63939 - R:localhost/127.0.0.1:59242]
23:18:28.568 [Forwarding getElementText on session 067fb0df5f021f17fb59c8f7a2da734f to remote] DEBUG org.asynchttpclient.netty.request.NettyRequestSender - Using pooled Channel '[id: 0xf864d399, L:/127.0.0.1:63939 - R:localhost/127.0.0.1:59242]' for 'GET' to 'http://localhost:59242/session/067fb0df5f021f17fb59c8f7a2da734f/element/5745d0cc-14fd-485f-829f-02a0cdf74c72/text'
23:18:28.568 [Forwarding getElementText on session 067fb0df5f021f17fb59c8f7a2da734f to remote] DEBUG org.asynchttpclient.netty.request.NettyRequestSender - Using open Channel [id: 0xf864d399, L:/127.0.0.1:63939 - R:localhost/127.0.0.1:59242] for GET '/session/067fb0df5f021f17fb59c8f7a2da734f/element/5745d0cc-14fd-485f-829f-02a0cdf74c72/text'
23:18:28.576 [AsyncHttpClient-1-2] DEBUG org.asynchttpclient.netty.handler.HttpHandler - 

Request DefaultFullHttpRequest(decodeResult: success, version: HTTP/1.1, content: EmptyByteBufBE)
GET /session/067fb0df5f021f17fb59c8f7a2da734f/element/5745d0cc-14fd-485f-829f-02a0cdf74c72/text HTTP/1.1
User-Agent: selenium/4.1.2 (java windows)
Cache-Control: no-cache
Content-Type: application/json; charset=utf-8
host: localhost:59242
accept: */*

Response DefaultHttpResponse(decodeResult: success, version: HTTP/1.1)
HTTP/1.1 200 OK
Content-Type: application/json; charset=utf-8
cache-control: no-cache
content-length: 45

23:18:28.576 [AsyncHttpClient-1-2] DEBUG org.asynchttpclient.netty.channel.ChannelManager - Adding key: http://localhost:59242 for channel [id: 0xf864d399, L:/127.0.0.1:63939 - R:localhost/127.0.0.1:59242]
23:18:28.577 [Forwarding findElements on session 067fb0df5f021f17fb59c8f7a2da734f to remote] DEBUG org.asynchttpclient.netty.request.NettyRequestSender - Using pooled Channel '[id: 0xf864d399, L:/127.0.0.1:63939 - R:localhost/127.0.0.1:59242]' for 'POST' to 'http://localhost:59242/session/067fb0df5f021f17fb59c8f7a2da734f/elements'
23:18:28.577 [Forwarding findElements on session 067fb0df5f021f17fb59c8f7a2da734f to remote] DEBUG org.asynchttpclient.netty.request.NettyRequestSender - Using open Channel [id: 0xf864d399, L:/127.0.0.1:63939 - R:localhost/127.0.0.1:59242] for POST '/session/067fb0df5f021f17fb59c8f7a2da734f/elements'
23:18:28.586 [AsyncHttpClient-1-2] DEBUG org.asynchttpclient.netty.handler.HttpHandler - 

Request DefaultHttpRequest(decodeResult: success, version: HTTP/1.1)
POST /session/067fb0df5f021f17fb59c8f7a2da734f/elements HTTP/1.1
User-Agent: selenium/4.1.2 (java windows)
Content-Length: 102
Content-Type: application/json; charset=utf-8
host: localhost:59242
accept: */*

Response DefaultHttpResponse(decodeResult: success, version: HTTP/1.1)
HTTP/1.1 200 OK
Content-Type: application/json; charset=utf-8
cache-control: no-cache
content-length: 3803

23:18:28.586 [AsyncHttpClient-1-2] DEBUG org.asynchttpclient.netty.channel.ChannelManager - Adding key: http://localhost:59242 for channel [id: 0xf864d399, L:/127.0.0.1:63939 - R:localhost/127.0.0.1:59242]
23:18:28.589 [Forwarding findElements on session 067fb0df5f021f17fb59c8f7a2da734f to remote] DEBUG org.asynchttpclient.netty.request.NettyRequestSender - Using pooled Channel '[id: 0xf864d399, L:/127.0.0.1:63939 - R:localhost/127.0.0.1:59242]' for 'POST' to 'http://localhost:59242/session/067fb0df5f021f17fb59c8f7a2da734f/elements'
23:18:28.589 [Forwarding findElements on session 067fb0df5f021f17fb59c8f7a2da734f to remote] DEBUG org.asynchttpclient.netty.request.NettyRequestSender - Using open Channel [id: 0xf864d399, L:/127.0.0.1:63939 - R:localhost/127.0.0.1:59242] for POST '/session/067fb0df5f021f17fb59c8f7a2da734f/elements'
23:18:28.598 [AsyncHttpClient-1-2] DEBUG org.asynchttpclient.netty.handler.HttpHandler - 

Request DefaultHttpRequest(decodeResult: success, version: HTTP/1.1)
POST /session/067fb0df5f021f17fb59c8f7a2da734f/elements HTTP/1.1
User-Agent: selenium/4.1.2 (java windows)
Content-Length: 102
Content-Type: application/json; charset=utf-8
host: localhost:59242
accept: */*

Response DefaultHttpResponse(decodeResult: success, version: HTTP/1.1)
HTTP/1.1 200 OK
Content-Type: application/json; charset=utf-8
cache-control: no-cache
content-length: 3803

23:18:28.598 [AsyncHttpClient-1-2] DEBUG org.asynchttpclient.netty.channel.ChannelManager - Adding key: http://localhost:59242 for channel [id: 0xf864d399, L:/127.0.0.1:63939 - R:localhost/127.0.0.1:59242]
23:18:28.600 [Forwarding getElementText on session 067fb0df5f021f17fb59c8f7a2da734f to remote] DEBUG org.asynchttpclient.netty.request.NettyRequestSender - Using pooled Channel '[id: 0xf864d399, L:/127.0.0.1:63939 - R:localhost/127.0.0.1:59242]' for 'GET' to 'http://localhost:59242/session/067fb0df5f021f17fb59c8f7a2da734f/element/b87045d1-c5c8-4419-9e79-ddd7c45af8e3/text'
23:18:28.600 [Forwarding getElementText on session 067fb0df5f021f17fb59c8f7a2da734f to remote] DEBUG org.asynchttpclient.netty.request.NettyRequestSender - Using open Channel [id: 0xf864d399, L:/127.0.0.1:63939 - R:localhost/127.0.0.1:59242] for GET '/session/067fb0df5f021f17fb59c8f7a2da734f/element/b87045d1-c5c8-4419-9e79-ddd7c45af8e3/text'
23:18:28.607 [AsyncHttpClient-1-2] DEBUG org.asynchttpclient.netty.handler.HttpHandler - 

Request DefaultFullHttpRequest(decodeResult: success, version: HTTP/1.1, content: EmptyByteBufBE)
GET /session/067fb0df5f021f17fb59c8f7a2da734f/element/b87045d1-c5c8-4419-9e79-ddd7c45af8e3/text HTTP/1.1
User-Agent: selenium/4.1.2 (java windows)
Cache-Control: no-cache
Content-Type: application/json; charset=utf-8
host: localhost:59242
accept: */*

Response DefaultHttpResponse(decodeResult: success, version: HTTP/1.1)
HTTP/1.1 200 OK
Content-Type: application/json; charset=utf-8
cache-control: no-cache
content-length: 46

23:18:28.607 [AsyncHttpClient-1-2] DEBUG org.asynchttpclient.netty.channel.ChannelManager - Adding key: http://localhost:59242 for channel [id: 0xf864d399, L:/127.0.0.1:63939 - R:localhost/127.0.0.1:59242]
23:18:28.609 [Forwarding findElements on session 067fb0df5f021f17fb59c8f7a2da734f to remote] DEBUG org.asynchttpclient.netty.request.NettyRequestSender - Using pooled Channel '[id: 0xf864d399, L:/127.0.0.1:63939 - R:localhost/127.0.0.1:59242]' for 'POST' to 'http://localhost:59242/session/067fb0df5f021f17fb59c8f7a2da734f/elements'
23:18:28.609 [Forwarding findElements on session 067fb0df5f021f17fb59c8f7a2da734f to remote] DEBUG org.asynchttpclient.netty.request.NettyRequestSender - Using open Channel [id: 0xf864d399, L:/127.0.0.1:63939 - R:localhost/127.0.0.1:59242] for POST '/session/067fb0df5f021f17fb59c8f7a2da734f/elements'
23:18:28.617 [AsyncHttpClient-1-2] DEBUG org.asynchttpclient.netty.handler.HttpHandler - 

Request DefaultHttpRequest(decodeResult: success, version: HTTP/1.1)
POST /session/067fb0df5f021f17fb59c8f7a2da734f/elements HTTP/1.1
User-Agent: selenium/4.1.2 (java windows)
Content-Length: 102
Content-Type: application/json; charset=utf-8
host: localhost:59242
accept: */*

Response DefaultHttpResponse(decodeResult: success, version: HTTP/1.1)
HTTP/1.1 200 OK
Content-Type: application/json; charset=utf-8
cache-control: no-cache
content-length: 3803

23:18:28.618 [AsyncHttpClient-1-2] DEBUG org.asynchttpclient.netty.channel.ChannelManager - Adding key: http://localhost:59242 for channel [id: 0xf864d399, L:/127.0.0.1:63939 - R:localhost/127.0.0.1:59242]
23:18:28.620 [Forwarding findElements on session 067fb0df5f021f17fb59c8f7a2da734f to remote] DEBUG org.asynchttpclient.netty.request.NettyRequestSender - Using pooled Channel '[id: 0xf864d399, L:/127.0.0.1:63939 - R:localhost/127.0.0.1:59242]' for 'POST' to 'http://localhost:59242/session/067fb0df5f021f17fb59c8f7a2da734f/elements'
23:18:28.620 [Forwarding findElements on session 067fb0df5f021f17fb59c8f7a2da734f to remote] DEBUG org.asynchttpclient.netty.request.NettyRequestSender - Using open Channel [id: 0xf864d399, L:/127.0.0.1:63939 - R:localhost/127.0.0.1:59242] for POST '/session/067fb0df5f021f17fb59c8f7a2da734f/elements'
23:18:28.630 [AsyncHttpClient-1-2] DEBUG org.asynchttpclient.netty.handler.HttpHandler - 

Request DefaultHttpRequest(decodeResult: success, version: HTTP/1.1)
POST /session/067fb0df5f021f17fb59c8f7a2da734f/elements HTTP/1.1
User-Agent: selenium/4.1.2 (java windows)
Content-Length: 102
Content-Type: application/json; charset=utf-8
host: localhost:59242
accept: */*

Response DefaultHttpResponse(decodeResult: success, version: HTTP/1.1)
HTTP/1.1 200 OK
Content-Type: application/json; charset=utf-8
cache-control: no-cache
content-length: 3803

23:18:28.631 [AsyncHttpClient-1-2] DEBUG org.asynchttpclient.netty.channel.ChannelManager - Adding key: http://localhost:59242 for channel [id: 0xf864d399, L:/127.0.0.1:63939 - R:localhost/127.0.0.1:59242]
23:18:28.632 [Forwarding getElementText on session 067fb0df5f021f17fb59c8f7a2da734f to remote] DEBUG org.asynchttpclient.netty.request.NettyRequestSender - Using pooled Channel '[id: 0xf864d399, L:/127.0.0.1:63939 - R:localhost/127.0.0.1:59242]' for 'GET' to 'http://localhost:59242/session/067fb0df5f021f17fb59c8f7a2da734f/element/4624a4f0-3845-4f0c-b58c-0f806e1f3b3b/text'
23:18:28.633 [Forwarding getElementText on session 067fb0df5f021f17fb59c8f7a2da734f to remote] DEBUG org.asynchttpclient.netty.request.NettyRequestSender - Using open Channel [id: 0xf864d399, L:/127.0.0.1:63939 - R:localhost/127.0.0.1:59242] for GET '/session/067fb0df5f021f17fb59c8f7a2da734f/element/4624a4f0-3845-4f0c-b58c-0f806e1f3b3b/text'
23:18:28.640 [AsyncHttpClient-1-2] DEBUG org.asynchttpclient.netty.handler.HttpHandler - 

Request DefaultFullHttpRequest(decodeResult: success, version: HTTP/1.1, content: EmptyByteBufBE)
GET /session/067fb0df5f021f17fb59c8f7a2da734f/element/4624a4f0-3845-4f0c-b58c-0f806e1f3b3b/text HTTP/1.1
User-Agent: selenium/4.1.2 (java windows)
Cache-Control: no-cache
Content-Type: application/json; charset=utf-8
host: localhost:59242
accept: */*

Response DefaultHttpResponse(decodeResult: success, version: HTTP/1.1)
HTTP/1.1 200 OK
Content-Type: application/json; charset=utf-8
cache-control: no-cache
content-length: 54

23:18:28.641 [AsyncHttpClient-1-2] DEBUG org.asynchttpclient.netty.channel.ChannelManager - Adding key: http://localhost:59242 for channel [id: 0xf864d399, L:/127.0.0.1:63939 - R:localhost/127.0.0.1:59242]
23:18:28.642 [Forwarding findElements on session 067fb0df5f021f17fb59c8f7a2da734f to remote] DEBUG org.asynchttpclient.netty.request.NettyRequestSender - Using pooled Channel '[id: 0xf864d399, L:/127.0.0.1:63939 - R:localhost/127.0.0.1:59242]' for 'POST' to 'http://localhost:59242/session/067fb0df5f021f17fb59c8f7a2da734f/elements'
23:18:28.642 [Forwarding findElements on session 067fb0df5f021f17fb59c8f7a2da734f to remote] DEBUG org.asynchttpclient.netty.request.NettyRequestSender - Using open Channel [id: 0xf864d399, L:/127.0.0.1:63939 - R:localhost/127.0.0.1:59242] for POST '/session/067fb0df5f021f17fb59c8f7a2da734f/elements'
23:18:28.653 [AsyncHttpClient-1-2] DEBUG org.asynchttpclient.netty.handler.HttpHandler - 

Request DefaultHttpRequest(decodeResult: success, version: HTTP/1.1)
POST /session/067fb0df5f021f17fb59c8f7a2da734f/elements HTTP/1.1
User-Agent: selenium/4.1.2 (java windows)
Content-Length: 102
Content-Type: application/json; charset=utf-8
host: localhost:59242
accept: */*

Response DefaultHttpResponse(decodeResult: success, version: HTTP/1.1)
HTTP/1.1 200 OK
Content-Type: application/json; charset=utf-8
cache-control: no-cache
content-length: 3803

23:18:28.653 [AsyncHttpClient-1-2] DEBUG org.asynchttpclient.netty.channel.ChannelManager - Adding key: http://localhost:59242 for channel [id: 0xf864d399, L:/127.0.0.1:63939 - R:localhost/127.0.0.1:59242]
23:18:28.658 [Forwarding findElements on session 067fb0df5f021f17fb59c8f7a2da734f to remote] DEBUG org.asynchttpclient.netty.request.NettyRequestSender - Using pooled Channel '[id: 0xf864d399, L:/127.0.0.1:63939 - R:localhost/127.0.0.1:59242]' for 'POST' to 'http://localhost:59242/session/067fb0df5f021f17fb59c8f7a2da734f/elements'
23:18:28.658 [Forwarding findElements on session 067fb0df5f021f17fb59c8f7a2da734f to remote] DEBUG org.asynchttpclient.netty.request.NettyRequestSender - Using open Channel [id: 0xf864d399, L:/127.0.0.1:63939 - R:localhost/127.0.0.1:59242] for POST '/session/067fb0df5f021f17fb59c8f7a2da734f/elements'
23:18:28.669 [AsyncHttpClient-1-2] DEBUG org.asynchttpclient.netty.handler.HttpHandler - 

Request DefaultHttpRequest(decodeResult: success, version: HTTP/1.1)
POST /session/067fb0df5f021f17fb59c8f7a2da734f/elements HTTP/1.1
User-Agent: selenium/4.1.2 (java windows)
Content-Length: 102
Content-Type: application/json; charset=utf-8
host: localhost:59242
accept: */*

Response DefaultHttpResponse(decodeResult: success, version: HTTP/1.1)
HTTP/1.1 200 OK
Content-Type: application/json; charset=utf-8
cache-control: no-cache
content-length: 3803

23:18:28.669 [AsyncHttpClient-1-2] DEBUG org.asynchttpclient.netty.channel.ChannelManager - Adding key: http://localhost:59242 for channel [id: 0xf864d399, L:/127.0.0.1:63939 - R:localhost/127.0.0.1:59242]
23:18:28.671 [Forwarding getElementText on session 067fb0df5f021f17fb59c8f7a2da734f to remote] DEBUG org.asynchttpclient.netty.request.NettyRequestSender - Using pooled Channel '[id: 0xf864d399, L:/127.0.0.1:63939 - R:localhost/127.0.0.1:59242]' for 'GET' to 'http://localhost:59242/session/067fb0df5f021f17fb59c8f7a2da734f/element/34dcc768-1bae-4e30-82f4-b9cd0a8fd7c7/text'
23:18:28.671 [Forwarding getElementText on session 067fb0df5f021f17fb59c8f7a2da734f to remote] DEBUG org.asynchttpclient.netty.request.NettyRequestSender - Using open Channel [id: 0xf864d399, L:/127.0.0.1:63939 - R:localhost/127.0.0.1:59242] for GET '/session/067fb0df5f021f17fb59c8f7a2da734f/element/34dcc768-1bae-4e30-82f4-b9cd0a8fd7c7/text'
23:18:28.678 [AsyncHttpClient-1-2] DEBUG org.asynchttpclient.netty.handler.HttpHandler - 

Request DefaultFullHttpRequest(decodeResult: success, version: HTTP/1.1, content: EmptyByteBufBE)
GET /session/067fb0df5f021f17fb59c8f7a2da734f/element/34dcc768-1bae-4e30-82f4-b9cd0a8fd7c7/text HTTP/1.1
User-Agent: selenium/4.1.2 (java windows)
Cache-Control: no-cache
Content-Type: application/json; charset=utf-8
host: localhost:59242
accept: */*

Response DefaultHttpResponse(decodeResult: success, version: HTTP/1.1)
HTTP/1.1 200 OK
Content-Type: application/json; charset=utf-8
cache-control: no-cache
content-length: 43

23:18:28.679 [AsyncHttpClient-1-2] DEBUG org.asynchttpclient.netty.channel.ChannelManager - Adding key: http://localhost:59242 for channel [id: 0xf864d399, L:/127.0.0.1:63939 - R:localhost/127.0.0.1:59242]
23:18:28.680 [Forwarding findElements on session 067fb0df5f021f17fb59c8f7a2da734f to remote] DEBUG org.asynchttpclient.netty.request.NettyRequestSender - Using pooled Channel '[id: 0xf864d399, L:/127.0.0.1:63939 - R:localhost/127.0.0.1:59242]' for 'POST' to 'http://localhost:59242/session/067fb0df5f021f17fb59c8f7a2da734f/elements'
23:18:28.680 [Forwarding findElements on session 067fb0df5f021f17fb59c8f7a2da734f to remote] DEBUG org.asynchttpclient.netty.request.NettyRequestSender - Using open Channel [id: 0xf864d399, L:/127.0.0.1:63939 - R:localhost/127.0.0.1:59242] for POST '/session/067fb0df5f021f17fb59c8f7a2da734f/elements'
23:18:28.689 [AsyncHttpClient-1-2] DEBUG org.asynchttpclient.netty.handler.HttpHandler - 

Request DefaultHttpRequest(decodeResult: success, version: HTTP/1.1)
POST /session/067fb0df5f021f17fb59c8f7a2da734f/elements HTTP/1.1
User-Agent: selenium/4.1.2 (java windows)
Content-Length: 102
Content-Type: application/json; charset=utf-8
host: localhost:59242
accept: */*

Response DefaultHttpResponse(decodeResult: success, version: HTTP/1.1)
HTTP/1.1 200 OK
Content-Type: application/json; charset=utf-8
cache-control: no-cache
content-length: 3803

23:18:28.689 [AsyncHttpClient-1-2] DEBUG org.asynchttpclient.netty.channel.ChannelManager - Adding key: http://localhost:59242 for channel [id: 0xf864d399, L:/127.0.0.1:63939 - R:localhost/127.0.0.1:59242]
23:18:28.691 [Forwarding findElements on session 067fb0df5f021f17fb59c8f7a2da734f to remote] DEBUG org.asynchttpclient.netty.request.NettyRequestSender - Using pooled Channel '[id: 0xf864d399, L:/127.0.0.1:63939 - R:localhost/127.0.0.1:59242]' for 'POST' to 'http://localhost:59242/session/067fb0df5f021f17fb59c8f7a2da734f/elements'
23:18:28.691 [Forwarding findElements on session 067fb0df5f021f17fb59c8f7a2da734f to remote] DEBUG org.asynchttpclient.netty.request.NettyRequestSender - Using open Channel [id: 0xf864d399, L:/127.0.0.1:63939 - R:localhost/127.0.0.1:59242] for POST '/session/067fb0df5f021f17fb59c8f7a2da734f/elements'
23:18:28.702 [AsyncHttpClient-1-2] DEBUG org.asynchttpclient.netty.handler.HttpHandler - 

Request DefaultHttpRequest(decodeResult: success, version: HTTP/1.1)
POST /session/067fb0df5f021f17fb59c8f7a2da734f/elements HTTP/1.1
User-Agent: selenium/4.1.2 (java windows)
Content-Length: 102
Content-Type: application/json; charset=utf-8
host: localhost:59242
accept: */*

Response DefaultHttpResponse(decodeResult: success, version: HTTP/1.1)
HTTP/1.1 200 OK
Content-Type: application/json; charset=utf-8
cache-control: no-cache
content-length: 3803

23:18:28.702 [AsyncHttpClient-1-2] DEBUG org.asynchttpclient.netty.channel.ChannelManager - Adding key: http://localhost:59242 for channel [id: 0xf864d399, L:/127.0.0.1:63939 - R:localhost/127.0.0.1:59242]
23:18:28.704 [Forwarding getElementText on session 067fb0df5f021f17fb59c8f7a2da734f to remote] DEBUG org.asynchttpclient.netty.request.NettyRequestSender - Using pooled Channel '[id: 0xf864d399, L:/127.0.0.1:63939 - R:localhost/127.0.0.1:59242]' for 'GET' to 'http://localhost:59242/session/067fb0df5f021f17fb59c8f7a2da734f/element/57c5d5c7-2be7-43d4-9319-ef1ae65a2ca3/text'
23:18:28.704 [Forwarding getElementText on session 067fb0df5f021f17fb59c8f7a2da734f to remote] DEBUG org.asynchttpclient.netty.request.NettyRequestSender - Using open Channel [id: 0xf864d399, L:/127.0.0.1:63939 - R:localhost/127.0.0.1:59242] for GET '/session/067fb0df5f021f17fb59c8f7a2da734f/element/57c5d5c7-2be7-43d4-9319-ef1ae65a2ca3/text'
23:18:28.713 [AsyncHttpClient-1-2] DEBUG org.asynchttpclient.netty.handler.HttpHandler - 

Request DefaultFullHttpRequest(decodeResult: success, version: HTTP/1.1, content: EmptyByteBufBE)
GET /session/067fb0df5f021f17fb59c8f7a2da734f/element/57c5d5c7-2be7-43d4-9319-ef1ae65a2ca3/text HTTP/1.1
User-Agent: selenium/4.1.2 (java windows)
Cache-Control: no-cache
Content-Type: application/json; charset=utf-8
host: localhost:59242
accept: */*

Response DefaultHttpResponse(decodeResult: success, version: HTTP/1.1)
HTTP/1.1 200 OK
Content-Type: application/json; charset=utf-8
cache-control: no-cache
content-length: 65

23:18:28.714 [AsyncHttpClient-1-2] DEBUG org.asynchttpclient.netty.channel.ChannelManager - Adding key: http://localhost:59242 for channel [id: 0xf864d399, L:/127.0.0.1:63939 - R:localhost/127.0.0.1:59242]
23:18:28.715 [Forwarding findElements on session 067fb0df5f021f17fb59c8f7a2da734f to remote] DEBUG org.asynchttpclient.netty.request.NettyRequestSender - Using pooled Channel '[id: 0xf864d399, L:/127.0.0.1:63939 - R:localhost/127.0.0.1:59242]' for 'POST' to 'http://localhost:59242/session/067fb0df5f021f17fb59c8f7a2da734f/elements'
23:18:28.715 [Forwarding findElements on session 067fb0df5f021f17fb59c8f7a2da734f to remote] DEBUG org.asynchttpclient.netty.request.NettyRequestSender - Using open Channel [id: 0xf864d399, L:/127.0.0.1:63939 - R:localhost/127.0.0.1:59242] for POST '/session/067fb0df5f021f17fb59c8f7a2da734f/elements'
23:18:28.726 [AsyncHttpClient-1-2] DEBUG org.asynchttpclient.netty.handler.HttpHandler - 

Request DefaultHttpRequest(decodeResult: success, version: HTTP/1.1)
POST /session/067fb0df5f021f17fb59c8f7a2da734f/elements HTTP/1.1
User-Agent: selenium/4.1.2 (java windows)
Content-Length: 102
Content-Type: application/json; charset=utf-8
host: localhost:59242
accept: */*

Response DefaultHttpResponse(decodeResult: success, version: HTTP/1.1)
HTTP/1.1 200 OK
Content-Type: application/json; charset=utf-8
cache-control: no-cache
content-length: 3803

23:18:28.726 [AsyncHttpClient-1-2] DEBUG org.asynchttpclient.netty.channel.ChannelManager - Adding key: http://localhost:59242 for channel [id: 0xf864d399, L:/127.0.0.1:63939 - R:localhost/127.0.0.1:59242]
23:18:28.727 [Forwarding findElements on session 067fb0df5f021f17fb59c8f7a2da734f to remote] DEBUG org.asynchttpclient.netty.request.NettyRequestSender - Using pooled Channel '[id: 0xf864d399, L:/127.0.0.1:63939 - R:localhost/127.0.0.1:59242]' for 'POST' to 'http://localhost:59242/session/067fb0df5f021f17fb59c8f7a2da734f/elements'
23:18:28.727 [Forwarding findElements on session 067fb0df5f021f17fb59c8f7a2da734f to remote] DEBUG org.asynchttpclient.netty.request.NettyRequestSender - Using open Channel [id: 0xf864d399, L:/127.0.0.1:63939 - R:localhost/127.0.0.1:59242] for POST '/session/067fb0df5f021f17fb59c8f7a2da734f/elements'
23:18:28.738 [AsyncHttpClient-1-2] DEBUG org.asynchttpclient.netty.handler.HttpHandler - 

Request DefaultHttpRequest(decodeResult: success, version: HTTP/1.1)
POST /session/067fb0df5f021f17fb59c8f7a2da734f/elements HTTP/1.1
User-Agent: selenium/4.1.2 (java windows)
Content-Length: 102
Content-Type: application/json; charset=utf-8
host: localhost:59242
accept: */*

Response DefaultHttpResponse(decodeResult: success, version: HTTP/1.1)
HTTP/1.1 200 OK
Content-Type: application/json; charset=utf-8
cache-control: no-cache
content-length: 3803

23:18:28.738 [AsyncHttpClient-1-2] DEBUG org.asynchttpclient.netty.channel.ChannelManager - Adding key: http://localhost:59242 for channel [id: 0xf864d399, L:/127.0.0.1:63939 - R:localhost/127.0.0.1:59242]
23:18:28.741 [Forwarding getElementText on session 067fb0df5f021f17fb59c8f7a2da734f to remote] DEBUG org.asynchttpclient.netty.request.NettyRequestSender - Using pooled Channel '[id: 0xf864d399, L:/127.0.0.1:63939 - R:localhost/127.0.0.1:59242]' for 'GET' to 'http://localhost:59242/session/067fb0df5f021f17fb59c8f7a2da734f/element/93cf1ddf-a816-4347-b278-32de6fce263c/text'
23:18:28.741 [Forwarding getElementText on session 067fb0df5f021f17fb59c8f7a2da734f to remote] DEBUG org.asynchttpclient.netty.request.NettyRequestSender - Using open Channel [id: 0xf864d399, L:/127.0.0.1:63939 - R:localhost/127.0.0.1:59242] for GET '/session/067fb0df5f021f17fb59c8f7a2da734f/element/93cf1ddf-a816-4347-b278-32de6fce263c/text'
23:18:28.749 [AsyncHttpClient-1-2] DEBUG org.asynchttpclient.netty.handler.HttpHandler - 

Request DefaultFullHttpRequest(decodeResult: success, version: HTTP/1.1, content: EmptyByteBufBE)
GET /session/067fb0df5f021f17fb59c8f7a2da734f/element/93cf1ddf-a816-4347-b278-32de6fce263c/text HTTP/1.1
User-Agent: selenium/4.1.2 (java windows)
Cache-Control: no-cache
Content-Type: application/json; charset=utf-8
host: localhost:59242
accept: */*

Response DefaultHttpResponse(decodeResult: success, version: HTTP/1.1)
HTTP/1.1 200 OK
Content-Type: application/json; charset=utf-8
cache-control: no-cache
content-length: 52

23:18:28.750 [AsyncHttpClient-1-2] DEBUG org.asynchttpclient.netty.channel.ChannelManager - Adding key: http://localhost:59242 for channel [id: 0xf864d399, L:/127.0.0.1:63939 - R:localhost/127.0.0.1:59242]
23:18:28.751 [Forwarding findElements on session 067fb0df5f021f17fb59c8f7a2da734f to remote] DEBUG org.asynchttpclient.netty.request.NettyRequestSender - Using pooled Channel '[id: 0xf864d399, L:/127.0.0.1:63939 - R:localhost/127.0.0.1:59242]' for 'POST' to 'http://localhost:59242/session/067fb0df5f021f17fb59c8f7a2da734f/elements'
23:18:28.751 [Forwarding findElements on session 067fb0df5f021f17fb59c8f7a2da734f to remote] DEBUG org.asynchttpclient.netty.request.NettyRequestSender - Using open Channel [id: 0xf864d399, L:/127.0.0.1:63939 - R:localhost/127.0.0.1:59242] for POST '/session/067fb0df5f021f17fb59c8f7a2da734f/elements'
23:18:28.760 [AsyncHttpClient-1-2] DEBUG org.asynchttpclient.netty.handler.HttpHandler - 

Request DefaultHttpRequest(decodeResult: success, version: HTTP/1.1)
POST /session/067fb0df5f021f17fb59c8f7a2da734f/elements HTTP/1.1
User-Agent: selenium/4.1.2 (java windows)
Content-Length: 102
Content-Type: application/json; charset=utf-8
host: localhost:59242
accept: */*

Response DefaultHttpResponse(decodeResult: success, version: HTTP/1.1)
HTTP/1.1 200 OK
Content-Type: application/json; charset=utf-8
cache-control: no-cache
content-length: 3803

23:18:28.760 [AsyncHttpClient-1-2] DEBUG org.asynchttpclient.netty.channel.ChannelManager - Adding key: http://localhost:59242 for channel [id: 0xf864d399, L:/127.0.0.1:63939 - R:localhost/127.0.0.1:59242]
23:18:28.763 [Forwarding findElements on session 067fb0df5f021f17fb59c8f7a2da734f to remote] DEBUG org.asynchttpclient.netty.request.NettyRequestSender - Using pooled Channel '[id: 0xf864d399, L:/127.0.0.1:63939 - R:localhost/127.0.0.1:59242]' for 'POST' to 'http://localhost:59242/session/067fb0df5f021f17fb59c8f7a2da734f/elements'
23:18:28.763 [Forwarding findElements on session 067fb0df5f021f17fb59c8f7a2da734f to remote] DEBUG org.asynchttpclient.netty.request.NettyRequestSender - Using open Channel [id: 0xf864d399, L:/127.0.0.1:63939 - R:localhost/127.0.0.1:59242] for POST '/session/067fb0df5f021f17fb59c8f7a2da734f/elements'
23:18:28.772 [AsyncHttpClient-1-2] DEBUG org.asynchttpclient.netty.handler.HttpHandler - 

Request DefaultHttpRequest(decodeResult: success, version: HTTP/1.1)
POST /session/067fb0df5f021f17fb59c8f7a2da734f/elements HTTP/1.1
User-Agent: selenium/4.1.2 (java windows)
Content-Length: 102
Content-Type: application/json; charset=utf-8
host: localhost:59242
accept: */*

Response DefaultHttpResponse(decodeResult: success, version: HTTP/1.1)
HTTP/1.1 200 OK
Content-Type: application/json; charset=utf-8
cache-control: no-cache
content-length: 3803

23:18:28.772 [AsyncHttpClient-1-2] DEBUG org.asynchttpclient.netty.channel.ChannelManager - Adding key: http://localhost:59242 for channel [id: 0xf864d399, L:/127.0.0.1:63939 - R:localhost/127.0.0.1:59242]
23:18:28.775 [Forwarding getElementText on session 067fb0df5f021f17fb59c8f7a2da734f to remote] DEBUG org.asynchttpclient.netty.request.NettyRequestSender - Using pooled Channel '[id: 0xf864d399, L:/127.0.0.1:63939 - R:localhost/127.0.0.1:59242]' for 'GET' to 'http://localhost:59242/session/067fb0df5f021f17fb59c8f7a2da734f/element/80d52003-11a4-4494-969f-c7e51faaaf09/text'
23:18:28.775 [Forwarding getElementText on session 067fb0df5f021f17fb59c8f7a2da734f to remote] DEBUG org.asynchttpclient.netty.request.NettyRequestSender - Using open Channel [id: 0xf864d399, L:/127.0.0.1:63939 - R:localhost/127.0.0.1:59242] for GET '/session/067fb0df5f021f17fb59c8f7a2da734f/element/80d52003-11a4-4494-969f-c7e51faaaf09/text'
23:18:28.784 [AsyncHttpClient-1-2] DEBUG org.asynchttpclient.netty.handler.HttpHandler - 

Request DefaultFullHttpRequest(decodeResult: success, version: HTTP/1.1, content: EmptyByteBufBE)
GET /session/067fb0df5f021f17fb59c8f7a2da734f/element/80d52003-11a4-4494-969f-c7e51faaaf09/text HTTP/1.1
User-Agent: selenium/4.1.2 (java windows)
Cache-Control: no-cache
Content-Type: application/json; charset=utf-8
host: localhost:59242
accept: */*

Response DefaultHttpResponse(decodeResult: success, version: HTTP/1.1)
HTTP/1.1 200 OK
Content-Type: application/json; charset=utf-8
cache-control: no-cache
content-length: 50

23:18:28.784 [AsyncHttpClient-1-2] DEBUG org.asynchttpclient.netty.channel.ChannelManager - Adding key: http://localhost:59242 for channel [id: 0xf864d399, L:/127.0.0.1:63939 - R:localhost/127.0.0.1:59242]
23:18:28.786 [Forwarding findElements on session 067fb0df5f021f17fb59c8f7a2da734f to remote] DEBUG org.asynchttpclient.netty.request.NettyRequestSender - Using pooled Channel '[id: 0xf864d399, L:/127.0.0.1:63939 - R:localhost/127.0.0.1:59242]' for 'POST' to 'http://localhost:59242/session/067fb0df5f021f17fb59c8f7a2da734f/elements'
23:18:28.786 [Forwarding findElements on session 067fb0df5f021f17fb59c8f7a2da734f to remote] DEBUG org.asynchttpclient.netty.request.NettyRequestSender - Using open Channel [id: 0xf864d399, L:/127.0.0.1:63939 - R:localhost/127.0.0.1:59242] for POST '/session/067fb0df5f021f17fb59c8f7a2da734f/elements'
23:18:28.798 [AsyncHttpClient-1-2] DEBUG org.asynchttpclient.netty.handler.HttpHandler - 

Request DefaultHttpRequest(decodeResult: success, version: HTTP/1.1)
POST /session/067fb0df5f021f17fb59c8f7a2da734f/elements HTTP/1.1
User-Agent: selenium/4.1.2 (java windows)
Content-Length: 102
Content-Type: application/json; charset=utf-8
host: localhost:59242
accept: */*

Response DefaultHttpResponse(decodeResult: success, version: HTTP/1.1)
HTTP/1.1 200 OK
Content-Type: application/json; charset=utf-8
cache-control: no-cache
content-length: 3803

23:18:28.800 [AsyncHttpClient-1-2] DEBUG org.asynchttpclient.netty.channel.ChannelManager - Adding key: http://localhost:59242 for channel [id: 0xf864d399, L:/127.0.0.1:63939 - R:localhost/127.0.0.1:59242]
23:18:28.802 [Forwarding findElements on session 067fb0df5f021f17fb59c8f7a2da734f to remote] DEBUG org.asynchttpclient.netty.request.NettyRequestSender - Using pooled Channel '[id: 0xf864d399, L:/127.0.0.1:63939 - R:localhost/127.0.0.1:59242]' for 'POST' to 'http://localhost:59242/session/067fb0df5f021f17fb59c8f7a2da734f/elements'
23:18:28.802 [Forwarding findElements on session 067fb0df5f021f17fb59c8f7a2da734f to remote] DEBUG org.asynchttpclient.netty.request.NettyRequestSender - Using open Channel [id: 0xf864d399, L:/127.0.0.1:63939 - R:localhost/127.0.0.1:59242] for POST '/session/067fb0df5f021f17fb59c8f7a2da734f/elements'
23:18:28.821 [AsyncHttpClient-1-2] DEBUG org.asynchttpclient.netty.handler.HttpHandler - 

Request DefaultHttpRequest(decodeResult: success, version: HTTP/1.1)
POST /session/067fb0df5f021f17fb59c8f7a2da734f/elements HTTP/1.1
User-Agent: selenium/4.1.2 (java windows)
Content-Length: 102
Content-Type: application/json; charset=utf-8
host: localhost:59242
accept: */*

Response DefaultHttpResponse(decodeResult: success, version: HTTP/1.1)
HTTP/1.1 200 OK
Content-Type: application/json; charset=utf-8
cache-control: no-cache
content-length: 3803

23:18:28.821 [AsyncHttpClient-1-2] DEBUG org.asynchttpclient.netty.channel.ChannelManager - Adding key: http://localhost:59242 for channel [id: 0xf864d399, L:/127.0.0.1:63939 - R:localhost/127.0.0.1:59242]
23:18:28.823 [Forwarding getElementText on session 067fb0df5f021f17fb59c8f7a2da734f to remote] DEBUG org.asynchttpclient.netty.request.NettyRequestSender - Using pooled Channel '[id: 0xf864d399, L:/127.0.0.1:63939 - R:localhost/127.0.0.1:59242]' for 'GET' to 'http://localhost:59242/session/067fb0df5f021f17fb59c8f7a2da734f/element/15899483-8505-4fdc-a911-31ac5514ebce/text'
23:18:28.824 [Forwarding getElementText on session 067fb0df5f021f17fb59c8f7a2da734f to remote] DEBUG org.asynchttpclient.netty.request.NettyRequestSender - Using open Channel [id: 0xf864d399, L:/127.0.0.1:63939 - R:localhost/127.0.0.1:59242] for GET '/session/067fb0df5f021f17fb59c8f7a2da734f/element/15899483-8505-4fdc-a911-31ac5514ebce/text'
23:18:28.836 [AsyncHttpClient-1-2] DEBUG org.asynchttpclient.netty.handler.HttpHandler - 

Request DefaultFullHttpRequest(decodeResult: success, version: HTTP/1.1, content: EmptyByteBufBE)
GET /session/067fb0df5f021f17fb59c8f7a2da734f/element/15899483-8505-4fdc-a911-31ac5514ebce/text HTTP/1.1
User-Agent: selenium/4.1.2 (java windows)
Cache-Control: no-cache
Content-Type: application/json; charset=utf-8
host: localhost:59242
accept: */*

Response DefaultHttpResponse(decodeResult: success, version: HTTP/1.1)
HTTP/1.1 200 OK
Content-Type: application/json; charset=utf-8
cache-control: no-cache
content-length: 44

23:18:28.836 [AsyncHttpClient-1-2] DEBUG org.asynchttpclient.netty.channel.ChannelManager - Adding key: http://localhost:59242 for channel [id: 0xf864d399, L:/127.0.0.1:63939 - R:localhost/127.0.0.1:59242]
23:18:28.837 [Forwarding findElements on session 067fb0df5f021f17fb59c8f7a2da734f to remote] DEBUG org.asynchttpclient.netty.request.NettyRequestSender - Using pooled Channel '[id: 0xf864d399, L:/127.0.0.1:63939 - R:localhost/127.0.0.1:59242]' for 'POST' to 'http://localhost:59242/session/067fb0df5f021f17fb59c8f7a2da734f/elements'
23:18:28.837 [Forwarding findElements on session 067fb0df5f021f17fb59c8f7a2da734f to remote] DEBUG org.asynchttpclient.netty.request.NettyRequestSender - Using open Channel [id: 0xf864d399, L:/127.0.0.1:63939 - R:localhost/127.0.0.1:59242] for POST '/session/067fb0df5f021f17fb59c8f7a2da734f/elements'
23:18:28.851 [AsyncHttpClient-1-2] DEBUG org.asynchttpclient.netty.handler.HttpHandler - 

Request DefaultHttpRequest(decodeResult: success, version: HTTP/1.1)
POST /session/067fb0df5f021f17fb59c8f7a2da734f/elements HTTP/1.1
User-Agent: selenium/4.1.2 (java windows)
Content-Length: 102
Content-Type: application/json; charset=utf-8
host: localhost:59242
accept: */*

Response DefaultHttpResponse(decodeResult: success, version: HTTP/1.1)
HTTP/1.1 200 OK
Content-Type: application/json; charset=utf-8
cache-control: no-cache
content-length: 3803

23:18:28.852 [AsyncHttpClient-1-2] DEBUG org.asynchttpclient.netty.channel.ChannelManager - Adding key: http://localhost:59242 for channel [id: 0xf864d399, L:/127.0.0.1:63939 - R:localhost/127.0.0.1:59242]
23:18:28.855 [Forwarding findElements on session 067fb0df5f021f17fb59c8f7a2da734f to remote] DEBUG org.asynchttpclient.netty.request.NettyRequestSender - Using pooled Channel '[id: 0xf864d399, L:/127.0.0.1:63939 - R:localhost/127.0.0.1:59242]' for 'POST' to 'http://localhost:59242/session/067fb0df5f021f17fb59c8f7a2da734f/elements'
23:18:28.855 [Forwarding findElements on session 067fb0df5f021f17fb59c8f7a2da734f to remote] DEBUG org.asynchttpclient.netty.request.NettyRequestSender - Using open Channel [id: 0xf864d399, L:/127.0.0.1:63939 - R:localhost/127.0.0.1:59242] for POST '/session/067fb0df5f021f17fb59c8f7a2da734f/elements'
23:18:28.866 [AsyncHttpClient-1-2] DEBUG org.asynchttpclient.netty.handler.HttpHandler - 

Request DefaultHttpRequest(decodeResult: success, version: HTTP/1.1)
POST /session/067fb0df5f021f17fb59c8f7a2da734f/elements HTTP/1.1
User-Agent: selenium/4.1.2 (java windows)
Content-Length: 102
Content-Type: application/json; charset=utf-8
host: localhost:59242
accept: */*

Response DefaultHttpResponse(decodeResult: success, version: HTTP/1.1)
HTTP/1.1 200 OK
Content-Type: application/json; charset=utf-8
cache-control: no-cache
content-length: 3803

23:18:28.867 [AsyncHttpClient-1-2] DEBUG org.asynchttpclient.netty.channel.ChannelManager - Adding key: http://localhost:59242 for channel [id: 0xf864d399, L:/127.0.0.1:63939 - R:localhost/127.0.0.1:59242]
23:18:28.868 [Forwarding getElementText on session 067fb0df5f021f17fb59c8f7a2da734f to remote] DEBUG org.asynchttpclient.netty.request.NettyRequestSender - Using pooled Channel '[id: 0xf864d399, L:/127.0.0.1:63939 - R:localhost/127.0.0.1:59242]' for 'GET' to 'http://localhost:59242/session/067fb0df5f021f17fb59c8f7a2da734f/element/58c19540-c2eb-4ff8-a358-8fc1bb902bf9/text'
23:18:28.869 [Forwarding getElementText on session 067fb0df5f021f17fb59c8f7a2da734f to remote] DEBUG org.asynchttpclient.netty.request.NettyRequestSender - Using open Channel [id: 0xf864d399, L:/127.0.0.1:63939 - R:localhost/127.0.0.1:59242] for GET '/session/067fb0df5f021f17fb59c8f7a2da734f/element/58c19540-c2eb-4ff8-a358-8fc1bb902bf9/text'
23:18:28.877 [AsyncHttpClient-1-2] DEBUG org.asynchttpclient.netty.handler.HttpHandler - 

Request DefaultFullHttpRequest(decodeResult: success, version: HTTP/1.1, content: EmptyByteBufBE)
GET /session/067fb0df5f021f17fb59c8f7a2da734f/element/58c19540-c2eb-4ff8-a358-8fc1bb902bf9/text HTTP/1.1
User-Agent: selenium/4.1.2 (java windows)
Cache-Control: no-cache
Content-Type: application/json; charset=utf-8
host: localhost:59242
accept: */*

Response DefaultHttpResponse(decodeResult: success, version: HTTP/1.1)
HTTP/1.1 200 OK
Content-Type: application/json; charset=utf-8
cache-control: no-cache
content-length: 54

23:18:28.878 [AsyncHttpClient-1-2] DEBUG org.asynchttpclient.netty.channel.ChannelManager - Adding key: http://localhost:59242 for channel [id: 0xf864d399, L:/127.0.0.1:63939 - R:localhost/127.0.0.1:59242]
23:18:28.881 [Forwarding findElements on session 067fb0df5f021f17fb59c8f7a2da734f to remote] DEBUG org.asynchttpclient.netty.request.NettyRequestSender - Using pooled Channel '[id: 0xf864d399, L:/127.0.0.1:63939 - R:localhost/127.0.0.1:59242]' for 'POST' to 'http://localhost:59242/session/067fb0df5f021f17fb59c8f7a2da734f/elements'
23:18:28.881 [Forwarding findElements on session 067fb0df5f021f17fb59c8f7a2da734f to remote] DEBUG org.asynchttpclient.netty.request.NettyRequestSender - Using open Channel [id: 0xf864d399, L:/127.0.0.1:63939 - R:localhost/127.0.0.1:59242] for POST '/session/067fb0df5f021f17fb59c8f7a2da734f/elements'
23:18:28.895 [AsyncHttpClient-1-2] DEBUG org.asynchttpclient.netty.handler.HttpHandler - 

Request DefaultHttpRequest(decodeResult: success, version: HTTP/1.1)
POST /session/067fb0df5f021f17fb59c8f7a2da734f/elements HTTP/1.1
User-Agent: selenium/4.1.2 (java windows)
Content-Length: 102
Content-Type: application/json; charset=utf-8
host: localhost:59242
accept: */*

Response DefaultHttpResponse(decodeResult: success, version: HTTP/1.1)
HTTP/1.1 200 OK
Content-Type: application/json; charset=utf-8
cache-control: no-cache
content-length: 3803

23:18:28.895 [AsyncHttpClient-1-2] DEBUG org.asynchttpclient.netty.channel.ChannelManager - Adding key: http://localhost:59242 for channel [id: 0xf864d399, L:/127.0.0.1:63939 - R:localhost/127.0.0.1:59242]
23:18:28.899 [Forwarding findElements on session 067fb0df5f021f17fb59c8f7a2da734f to remote] DEBUG org.asynchttpclient.netty.request.NettyRequestSender - Using pooled Channel '[id: 0xf864d399, L:/127.0.0.1:63939 - R:localhost/127.0.0.1:59242]' for 'POST' to 'http://localhost:59242/session/067fb0df5f021f17fb59c8f7a2da734f/elements'
23:18:28.899 [Forwarding findElements on session 067fb0df5f021f17fb59c8f7a2da734f to remote] DEBUG org.asynchttpclient.netty.request.NettyRequestSender - Using open Channel [id: 0xf864d399, L:/127.0.0.1:63939 - R:localhost/127.0.0.1:59242] for POST '/session/067fb0df5f021f17fb59c8f7a2da734f/elements'
23:18:28.911 [AsyncHttpClient-1-2] DEBUG org.asynchttpclient.netty.handler.HttpHandler - 

Request DefaultHttpRequest(decodeResult: success, version: HTTP/1.1)
POST /session/067fb0df5f021f17fb59c8f7a2da734f/elements HTTP/1.1
User-Agent: selenium/4.1.2 (java windows)
Content-Length: 102
Content-Type: application/json; charset=utf-8
host: localhost:59242
accept: */*

Response DefaultHttpResponse(decodeResult: success, version: HTTP/1.1)
HTTP/1.1 200 OK
Content-Type: application/json; charset=utf-8
cache-control: no-cache
content-length: 3803

23:18:28.913 [AsyncHttpClient-1-2] DEBUG org.asynchttpclient.netty.channel.ChannelManager - Adding key: http://localhost:59242 for channel [id: 0xf864d399, L:/127.0.0.1:63939 - R:localhost/127.0.0.1:59242]
23:18:28.915 [Forwarding getElementText on session 067fb0df5f021f17fb59c8f7a2da734f to remote] DEBUG org.asynchttpclient.netty.request.NettyRequestSender - Using pooled Channel '[id: 0xf864d399, L:/127.0.0.1:63939 - R:localhost/127.0.0.1:59242]' for 'GET' to 'http://localhost:59242/session/067fb0df5f021f17fb59c8f7a2da734f/element/6d1d057f-fbf7-4edb-b993-4928f8196f8b/text'
23:18:28.916 [Forwarding getElementText on session 067fb0df5f021f17fb59c8f7a2da734f to remote] DEBUG org.asynchttpclient.netty.request.NettyRequestSender - Using open Channel [id: 0xf864d399, L:/127.0.0.1:63939 - R:localhost/127.0.0.1:59242] for GET '/session/067fb0df5f021f17fb59c8f7a2da734f/element/6d1d057f-fbf7-4edb-b993-4928f8196f8b/text'
23:18:28.926 [AsyncHttpClient-1-2] DEBUG org.asynchttpclient.netty.handler.HttpHandler - 

Request DefaultFullHttpRequest(decodeResult: success, version: HTTP/1.1, content: EmptyByteBufBE)
GET /session/067fb0df5f021f17fb59c8f7a2da734f/element/6d1d057f-fbf7-4edb-b993-4928f8196f8b/text HTTP/1.1
User-Agent: selenium/4.1.2 (java windows)
Cache-Control: no-cache
Content-Type: application/json; charset=utf-8
host: localhost:59242
accept: */*

Response DefaultHttpResponse(decodeResult: success, version: HTTP/1.1)
HTTP/1.1 200 OK
Content-Type: application/json; charset=utf-8
cache-control: no-cache
content-length: 59

23:18:28.926 [AsyncHttpClient-1-2] DEBUG org.asynchttpclient.netty.channel.ChannelManager - Adding key: http://localhost:59242 for channel [id: 0xf864d399, L:/127.0.0.1:63939 - R:localhost/127.0.0.1:59242]
23:18:28.929 [AsyncHttpClient-1-1] DEBUG org.asynchttpclient.netty.channel.DefaultChannelPool - Entry count for : http://localhost:63940 : 1
23:18:28.929 [AsyncHttpClient-1-1] DEBUG org.asynchttpclient.netty.channel.DefaultChannelPool - Entry count for : http://localhost:59242 : 1
23:18:28.929 [Forwarding findElements on session 067fb0df5f021f17fb59c8f7a2da734f to remote] DEBUG org.asynchttpclient.netty.request.NettyRequestSender - Using pooled Channel '[id: 0xf864d399, L:/127.0.0.1:63939 - R:localhost/127.0.0.1:59242]' for 'POST' to 'http://localhost:59242/session/067fb0df5f021f17fb59c8f7a2da734f/elements'
23:18:28.929 [Forwarding findElements on session 067fb0df5f021f17fb59c8f7a2da734f to remote] DEBUG org.asynchttpclient.netty.request.NettyRequestSender - Using open Channel [id: 0xf864d399, L:/127.0.0.1:63939 - R:localhost/127.0.0.1:59242] for POST '/session/067fb0df5f021f17fb59c8f7a2da734f/elements'
23:18:28.940 [AsyncHttpClient-1-2] DEBUG org.asynchttpclient.netty.handler.HttpHandler - 

Request DefaultHttpRequest(decodeResult: success, version: HTTP/1.1)
POST /session/067fb0df5f021f17fb59c8f7a2da734f/elements HTTP/1.1
User-Agent: selenium/4.1.2 (java windows)
Content-Length: 102
Content-Type: application/json; charset=utf-8
host: localhost:59242
accept: */*

Response DefaultHttpResponse(decodeResult: success, version: HTTP/1.1)
HTTP/1.1 200 OK
Content-Type: application/json; charset=utf-8
cache-control: no-cache
content-length: 3803

23:18:28.941 [AsyncHttpClient-1-2] DEBUG org.asynchttpclient.netty.channel.ChannelManager - Adding key: http://localhost:59242 for channel [id: 0xf864d399, L:/127.0.0.1:63939 - R:localhost/127.0.0.1:59242]
23:18:28.943 [Forwarding findElements on session 067fb0df5f021f17fb59c8f7a2da734f to remote] DEBUG org.asynchttpclient.netty.request.NettyRequestSender - Using pooled Channel '[id: 0xf864d399, L:/127.0.0.1:63939 - R:localhost/127.0.0.1:59242]' for 'POST' to 'http://localhost:59242/session/067fb0df5f021f17fb59c8f7a2da734f/elements'
23:18:28.943 [Forwarding findElements on session 067fb0df5f021f17fb59c8f7a2da734f to remote] DEBUG org.asynchttpclient.netty.request.NettyRequestSender - Using open Channel [id: 0xf864d399, L:/127.0.0.1:63939 - R:localhost/127.0.0.1:59242] for POST '/session/067fb0df5f021f17fb59c8f7a2da734f/elements'
23:18:28.953 [AsyncHttpClient-1-2] DEBUG org.asynchttpclient.netty.handler.HttpHandler - 

Request DefaultHttpRequest(decodeResult: success, version: HTTP/1.1)
POST /session/067fb0df5f021f17fb59c8f7a2da734f/elements HTTP/1.1
User-Agent: selenium/4.1.2 (java windows)
Content-Length: 102
Content-Type: application/json; charset=utf-8
host: localhost:59242
accept: */*

Response DefaultHttpResponse(decodeResult: success, version: HTTP/1.1)
HTTP/1.1 200 OK
Content-Type: application/json; charset=utf-8
cache-control: no-cache
content-length: 3803

23:18:28.954 [AsyncHttpClient-1-2] DEBUG org.asynchttpclient.netty.channel.ChannelManager - Adding key: http://localhost:59242 for channel [id: 0xf864d399, L:/127.0.0.1:63939 - R:localhost/127.0.0.1:59242]
23:18:28.955 [Forwarding getElementText on session 067fb0df5f021f17fb59c8f7a2da734f to remote] DEBUG org.asynchttpclient.netty.request.NettyRequestSender - Using pooled Channel '[id: 0xf864d399, L:/127.0.0.1:63939 - R:localhost/127.0.0.1:59242]' for 'GET' to 'http://localhost:59242/session/067fb0df5f021f17fb59c8f7a2da734f/element/c61cf7af-8d6f-49a3-b70c-15da3931e5ad/text'
23:18:28.956 [Forwarding getElementText on session 067fb0df5f021f17fb59c8f7a2da734f to remote] DEBUG org.asynchttpclient.netty.request.NettyRequestSender - Using open Channel [id: 0xf864d399, L:/127.0.0.1:63939 - R:localhost/127.0.0.1:59242] for GET '/session/067fb0df5f021f17fb59c8f7a2da734f/element/c61cf7af-8d6f-49a3-b70c-15da3931e5ad/text'
23:18:28.964 [AsyncHttpClient-1-2] DEBUG org.asynchttpclient.netty.handler.HttpHandler - 

Request DefaultFullHttpRequest(decodeResult: success, version: HTTP/1.1, content: EmptyByteBufBE)
GET /session/067fb0df5f021f17fb59c8f7a2da734f/element/c61cf7af-8d6f-49a3-b70c-15da3931e5ad/text HTTP/1.1
User-Agent: selenium/4.1.2 (java windows)
Cache-Control: no-cache
Content-Type: application/json; charset=utf-8
host: localhost:59242
accept: */*

Response DefaultHttpResponse(decodeResult: success, version: HTTP/1.1)
HTTP/1.1 200 OK
Content-Type: application/json; charset=utf-8
cache-control: no-cache
content-length: 43

23:18:28.964 [AsyncHttpClient-1-2] DEBUG org.asynchttpclient.netty.channel.ChannelManager - Adding key: http://localhost:59242 for channel [id: 0xf864d399, L:/127.0.0.1:63939 - R:localhost/127.0.0.1:59242]
23:18:28.965 [Forwarding findElements on session 067fb0df5f021f17fb59c8f7a2da734f to remote] DEBUG org.asynchttpclient.netty.request.NettyRequestSender - Using pooled Channel '[id: 0xf864d399, L:/127.0.0.1:63939 - R:localhost/127.0.0.1:59242]' for 'POST' to 'http://localhost:59242/session/067fb0df5f021f17fb59c8f7a2da734f/elements'
23:18:28.966 [Forwarding findElements on session 067fb0df5f021f17fb59c8f7a2da734f to remote] DEBUG org.asynchttpclient.netty.request.NettyRequestSender - Using open Channel [id: 0xf864d399, L:/127.0.0.1:63939 - R:localhost/127.0.0.1:59242] for POST '/session/067fb0df5f021f17fb59c8f7a2da734f/elements'
23:18:28.974 [AsyncHttpClient-1-2] DEBUG org.asynchttpclient.netty.handler.HttpHandler - 

Request DefaultHttpRequest(decodeResult: success, version: HTTP/1.1)
POST /session/067fb0df5f021f17fb59c8f7a2da734f/elements HTTP/1.1
User-Agent: selenium/4.1.2 (java windows)
Content-Length: 102
Content-Type: application/json; charset=utf-8
host: localhost:59242
accept: */*

Response DefaultHttpResponse(decodeResult: success, version: HTTP/1.1)
HTTP/1.1 200 OK
Content-Type: application/json; charset=utf-8
cache-control: no-cache
content-length: 3803

23:18:28.976 [AsyncHttpClient-1-2] DEBUG org.asynchttpclient.netty.channel.ChannelManager - Adding key: http://localhost:59242 for channel [id: 0xf864d399, L:/127.0.0.1:63939 - R:localhost/127.0.0.1:59242]
23:18:28.978 [Forwarding findElements on session 067fb0df5f021f17fb59c8f7a2da734f to remote] DEBUG org.asynchttpclient.netty.request.NettyRequestSender - Using pooled Channel '[id: 0xf864d399, L:/127.0.0.1:63939 - R:localhost/127.0.0.1:59242]' for 'POST' to 'http://localhost:59242/session/067fb0df5f021f17fb59c8f7a2da734f/elements'
23:18:28.978 [Forwarding findElements on session 067fb0df5f021f17fb59c8f7a2da734f to remote] DEBUG org.asynchttpclient.netty.request.NettyRequestSender - Using open Channel [id: 0xf864d399, L:/127.0.0.1:63939 - R:localhost/127.0.0.1:59242] for POST '/session/067fb0df5f021f17fb59c8f7a2da734f/elements'
23:18:28.987 [AsyncHttpClient-1-2] DEBUG org.asynchttpclient.netty.handler.HttpHandler - 

Request DefaultHttpRequest(decodeResult: success, version: HTTP/1.1)
POST /session/067fb0df5f021f17fb59c8f7a2da734f/elements HTTP/1.1
User-Agent: selenium/4.1.2 (java windows)
Content-Length: 102
Content-Type: application/json; charset=utf-8
host: localhost:59242
accept: */*

Response DefaultHttpResponse(decodeResult: success, version: HTTP/1.1)
HTTP/1.1 200 OK
Content-Type: application/json; charset=utf-8
cache-control: no-cache
content-length: 3803

23:18:28.987 [AsyncHttpClient-1-2] DEBUG org.asynchttpclient.netty.channel.ChannelManager - Adding key: http://localhost:59242 for channel [id: 0xf864d399, L:/127.0.0.1:63939 - R:localhost/127.0.0.1:59242]
23:18:28.991 [Forwarding getElementText on session 067fb0df5f021f17fb59c8f7a2da734f to remote] DEBUG org.asynchttpclient.netty.request.NettyRequestSender - Using pooled Channel '[id: 0xf864d399, L:/127.0.0.1:63939 - R:localhost/127.0.0.1:59242]' for 'GET' to 'http://localhost:59242/session/067fb0df5f021f17fb59c8f7a2da734f/element/8d179f10-1757-4e26-9b33-20b467eeacf4/text'
23:18:28.991 [Forwarding getElementText on session 067fb0df5f021f17fb59c8f7a2da734f to remote] DEBUG org.asynchttpclient.netty.request.NettyRequestSender - Using open Channel [id: 0xf864d399, L:/127.0.0.1:63939 - R:localhost/127.0.0.1:59242] for GET '/session/067fb0df5f021f17fb59c8f7a2da734f/element/8d179f10-1757-4e26-9b33-20b467eeacf4/text'
23:18:29.000 [AsyncHttpClient-1-2] DEBUG org.asynchttpclient.netty.handler.HttpHandler - 

Request DefaultFullHttpRequest(decodeResult: success, version: HTTP/1.1, content: EmptyByteBufBE)
GET /session/067fb0df5f021f17fb59c8f7a2da734f/element/8d179f10-1757-4e26-9b33-20b467eeacf4/text HTTP/1.1
User-Agent: selenium/4.1.2 (java windows)
Cache-Control: no-cache
Content-Type: application/json; charset=utf-8
host: localhost:59242
accept: */*

Response DefaultHttpResponse(decodeResult: success, version: HTTP/1.1)
HTTP/1.1 200 OK
Content-Type: application/json; charset=utf-8
cache-control: no-cache
content-length: 67

23:18:29.000 [AsyncHttpClient-1-2] DEBUG org.asynchttpclient.netty.channel.ChannelManager - Adding key: http://localhost:59242 for channel [id: 0xf864d399, L:/127.0.0.1:63939 - R:localhost/127.0.0.1:59242]
23:18:29.002 [Forwarding findElements on session 067fb0df5f021f17fb59c8f7a2da734f to remote] DEBUG org.asynchttpclient.netty.request.NettyRequestSender - Using pooled Channel '[id: 0xf864d399, L:/127.0.0.1:63939 - R:localhost/127.0.0.1:59242]' for 'POST' to 'http://localhost:59242/session/067fb0df5f021f17fb59c8f7a2da734f/elements'
23:18:29.002 [Forwarding findElements on session 067fb0df5f021f17fb59c8f7a2da734f to remote] DEBUG org.asynchttpclient.netty.request.NettyRequestSender - Using open Channel [id: 0xf864d399, L:/127.0.0.1:63939 - R:localhost/127.0.0.1:59242] for POST '/session/067fb0df5f021f17fb59c8f7a2da734f/elements'
23:18:29.012 [AsyncHttpClient-1-2] DEBUG org.asynchttpclient.netty.handler.HttpHandler - 

Request DefaultHttpRequest(decodeResult: success, version: HTTP/1.1)
POST /session/067fb0df5f021f17fb59c8f7a2da734f/elements HTTP/1.1
User-Agent: selenium/4.1.2 (java windows)
Content-Length: 102
Content-Type: application/json; charset=utf-8
host: localhost:59242
accept: */*

Response DefaultHttpResponse(decodeResult: success, version: HTTP/1.1)
HTTP/1.1 200 OK
Content-Type: application/json; charset=utf-8
cache-control: no-cache
content-length: 3803

23:18:29.013 [AsyncHttpClient-1-2] DEBUG org.asynchttpclient.netty.channel.ChannelManager - Adding key: http://localhost:59242 for channel [id: 0xf864d399, L:/127.0.0.1:63939 - R:localhost/127.0.0.1:59242]
23:18:29.016 [Forwarding findElements on session 067fb0df5f021f17fb59c8f7a2da734f to remote] DEBUG org.asynchttpclient.netty.request.NettyRequestSender - Using pooled Channel '[id: 0xf864d399, L:/127.0.0.1:63939 - R:localhost/127.0.0.1:59242]' for 'POST' to 'http://localhost:59242/session/067fb0df5f021f17fb59c8f7a2da734f/elements'
23:18:29.016 [Forwarding findElements on session 067fb0df5f021f17fb59c8f7a2da734f to remote] DEBUG org.asynchttpclient.netty.request.NettyRequestSender - Using open Channel [id: 0xf864d399, L:/127.0.0.1:63939 - R:localhost/127.0.0.1:59242] for POST '/session/067fb0df5f021f17fb59c8f7a2da734f/elements'
23:18:29.026 [AsyncHttpClient-1-2] DEBUG org.asynchttpclient.netty.handler.HttpHandler - 

Request DefaultHttpRequest(decodeResult: success, version: HTTP/1.1)
POST /session/067fb0df5f021f17fb59c8f7a2da734f/elements HTTP/1.1
User-Agent: selenium/4.1.2 (java windows)
Content-Length: 102
Content-Type: application/json; charset=utf-8
host: localhost:59242
accept: */*

Response DefaultHttpResponse(decodeResult: success, version: HTTP/1.1)
HTTP/1.1 200 OK
Content-Type: application/json; charset=utf-8
cache-control: no-cache
content-length: 3803

23:18:29.027 [AsyncHttpClient-1-2] DEBUG org.asynchttpclient.netty.channel.ChannelManager - Adding key: http://localhost:59242 for channel [id: 0xf864d399, L:/127.0.0.1:63939 - R:localhost/127.0.0.1:59242]
23:18:29.028 [Forwarding getElementText on session 067fb0df5f021f17fb59c8f7a2da734f to remote] DEBUG org.asynchttpclient.netty.request.NettyRequestSender - Using pooled Channel '[id: 0xf864d399, L:/127.0.0.1:63939 - R:localhost/127.0.0.1:59242]' for 'GET' to 'http://localhost:59242/session/067fb0df5f021f17fb59c8f7a2da734f/element/19447922-15b4-46a9-8cf9-490743050091/text'
23:18:29.029 [Forwarding getElementText on session 067fb0df5f021f17fb59c8f7a2da734f to remote] DEBUG org.asynchttpclient.netty.request.NettyRequestSender - Using open Channel [id: 0xf864d399, L:/127.0.0.1:63939 - R:localhost/127.0.0.1:59242] for GET '/session/067fb0df5f021f17fb59c8f7a2da734f/element/19447922-15b4-46a9-8cf9-490743050091/text'
23:18:29.036 [AsyncHttpClient-1-2] DEBUG org.asynchttpclient.netty.handler.HttpHandler - 

Request DefaultFullHttpRequest(decodeResult: success, version: HTTP/1.1, content: EmptyByteBufBE)
GET /session/067fb0df5f021f17fb59c8f7a2da734f/element/19447922-15b4-46a9-8cf9-490743050091/text HTTP/1.1
User-Agent: selenium/4.1.2 (java windows)
Cache-Control: no-cache
Content-Type: application/json; charset=utf-8
host: localhost:59242
accept: */*

Response DefaultHttpResponse(decodeResult: success, version: HTTP/1.1)
HTTP/1.1 200 OK
Content-Type: application/json; charset=utf-8
cache-control: no-cache
content-length: 50

23:18:29.036 [AsyncHttpClient-1-2] DEBUG org.asynchttpclient.netty.channel.ChannelManager - Adding key: http://localhost:59242 for channel [id: 0xf864d399, L:/127.0.0.1:63939 - R:localhost/127.0.0.1:59242]
23:18:29.037 [Forwarding findElements on session 067fb0df5f021f17fb59c8f7a2da734f to remote] DEBUG org.asynchttpclient.netty.request.NettyRequestSender - Using pooled Channel '[id: 0xf864d399, L:/127.0.0.1:63939 - R:localhost/127.0.0.1:59242]' for 'POST' to 'http://localhost:59242/session/067fb0df5f021f17fb59c8f7a2da734f/elements'
23:18:29.037 [Forwarding findElements on session 067fb0df5f021f17fb59c8f7a2da734f to remote] DEBUG org.asynchttpclient.netty.request.NettyRequestSender - Using open Channel [id: 0xf864d399, L:/127.0.0.1:63939 - R:localhost/127.0.0.1:59242] for POST '/session/067fb0df5f021f17fb59c8f7a2da734f/elements'
23:18:29.045 [AsyncHttpClient-1-2] DEBUG org.asynchttpclient.netty.handler.HttpHandler - 

Request DefaultHttpRequest(decodeResult: success, version: HTTP/1.1)
POST /session/067fb0df5f021f17fb59c8f7a2da734f/elements HTTP/1.1
User-Agent: selenium/4.1.2 (java windows)
Content-Length: 102
Content-Type: application/json; charset=utf-8
host: localhost:59242
accept: */*

Response DefaultHttpResponse(decodeResult: success, version: HTTP/1.1)
HTTP/1.1 200 OK
Content-Type: application/json; charset=utf-8
cache-control: no-cache
content-length: 3803

23:18:29.045 [AsyncHttpClient-1-2] DEBUG org.asynchttpclient.netty.channel.ChannelManager - Adding key: http://localhost:59242 for channel [id: 0xf864d399, L:/127.0.0.1:63939 - R:localhost/127.0.0.1:59242]
23:18:29.047 [Forwarding findElements on session 067fb0df5f021f17fb59c8f7a2da734f to remote] DEBUG org.asynchttpclient.netty.request.NettyRequestSender - Using pooled Channel '[id: 0xf864d399, L:/127.0.0.1:63939 - R:localhost/127.0.0.1:59242]' for 'POST' to 'http://localhost:59242/session/067fb0df5f021f17fb59c8f7a2da734f/elements'
23:18:29.047 [Forwarding findElements on session 067fb0df5f021f17fb59c8f7a2da734f to remote] DEBUG org.asynchttpclient.netty.request.NettyRequestSender - Using open Channel [id: 0xf864d399, L:/127.0.0.1:63939 - R:localhost/127.0.0.1:59242] for POST '/session/067fb0df5f021f17fb59c8f7a2da734f/elements'
23:18:29.057 [AsyncHttpClient-1-2] DEBUG org.asynchttpclient.netty.handler.HttpHandler - 

Request DefaultHttpRequest(decodeResult: success, version: HTTP/1.1)
POST /session/067fb0df5f021f17fb59c8f7a2da734f/elements HTTP/1.1
User-Agent: selenium/4.1.2 (java windows)
Content-Length: 102
Content-Type: application/json; charset=utf-8
host: localhost:59242
accept: */*

Response DefaultHttpResponse(decodeResult: success, version: HTTP/1.1)
HTTP/1.1 200 OK
Content-Type: application/json; charset=utf-8
cache-control: no-cache
content-length: 3803

23:18:29.057 [AsyncHttpClient-1-2] DEBUG org.asynchttpclient.netty.channel.ChannelManager - Adding key: http://localhost:59242 for channel [id: 0xf864d399, L:/127.0.0.1:63939 - R:localhost/127.0.0.1:59242]
23:18:29.059 [Forwarding getElementText on session 067fb0df5f021f17fb59c8f7a2da734f to remote] DEBUG org.asynchttpclient.netty.request.NettyRequestSender - Using pooled Channel '[id: 0xf864d399, L:/127.0.0.1:63939 - R:localhost/127.0.0.1:59242]' for 'GET' to 'http://localhost:59242/session/067fb0df5f021f17fb59c8f7a2da734f/element/c13b4ec3-245f-4974-9220-f57364cc5faa/text'
23:18:29.059 [Forwarding getElementText on session 067fb0df5f021f17fb59c8f7a2da734f to remote] DEBUG org.asynchttpclient.netty.request.NettyRequestSender - Using open Channel [id: 0xf864d399, L:/127.0.0.1:63939 - R:localhost/127.0.0.1:59242] for GET '/session/067fb0df5f021f17fb59c8f7a2da734f/element/c13b4ec3-245f-4974-9220-f57364cc5faa/text'
23:18:29.066 [AsyncHttpClient-1-2] DEBUG org.asynchttpclient.netty.handler.HttpHandler - 

Request DefaultFullHttpRequest(decodeResult: success, version: HTTP/1.1, content: EmptyByteBufBE)
GET /session/067fb0df5f021f17fb59c8f7a2da734f/element/c13b4ec3-245f-4974-9220-f57364cc5faa/text HTTP/1.1
User-Agent: selenium/4.1.2 (java windows)
Cache-Control: no-cache
Content-Type: application/json; charset=utf-8
host: localhost:59242
accept: */*

Response DefaultHttpResponse(decodeResult: success, version: HTTP/1.1)
HTTP/1.1 200 OK
Content-Type: application/json; charset=utf-8
cache-control: no-cache
content-length: 46

23:18:29.067 [AsyncHttpClient-1-2] DEBUG org.asynchttpclient.netty.channel.ChannelManager - Adding key: http://localhost:59242 for channel [id: 0xf864d399, L:/127.0.0.1:63939 - R:localhost/127.0.0.1:59242]
23:18:29.068 [Forwarding findElements on session 067fb0df5f021f17fb59c8f7a2da734f to remote] DEBUG org.asynchttpclient.netty.request.NettyRequestSender - Using pooled Channel '[id: 0xf864d399, L:/127.0.0.1:63939 - R:localhost/127.0.0.1:59242]' for 'POST' to 'http://localhost:59242/session/067fb0df5f021f17fb59c8f7a2da734f/elements'
23:18:29.068 [Forwarding findElements on session 067fb0df5f021f17fb59c8f7a2da734f to remote] DEBUG org.asynchttpclient.netty.request.NettyRequestSender - Using open Channel [id: 0xf864d399, L:/127.0.0.1:63939 - R:localhost/127.0.0.1:59242] for POST '/session/067fb0df5f021f17fb59c8f7a2da734f/elements'
23:18:29.077 [AsyncHttpClient-1-2] DEBUG org.asynchttpclient.netty.handler.HttpHandler - 

Request DefaultHttpRequest(decodeResult: success, version: HTTP/1.1)
POST /session/067fb0df5f021f17fb59c8f7a2da734f/elements HTTP/1.1
User-Agent: selenium/4.1.2 (java windows)
Content-Length: 102
Content-Type: application/json; charset=utf-8
host: localhost:59242
accept: */*

Response DefaultHttpResponse(decodeResult: success, version: HTTP/1.1)
HTTP/1.1 200 OK
Content-Type: application/json; charset=utf-8
cache-control: no-cache
content-length: 3803

23:18:29.078 [AsyncHttpClient-1-2] DEBUG org.asynchttpclient.netty.channel.ChannelManager - Adding key: http://localhost:59242 for channel [id: 0xf864d399, L:/127.0.0.1:63939 - R:localhost/127.0.0.1:59242]
23:18:29.080 [Forwarding findElements on session 067fb0df5f021f17fb59c8f7a2da734f to remote] DEBUG org.asynchttpclient.netty.request.NettyRequestSender - Using pooled Channel '[id: 0xf864d399, L:/127.0.0.1:63939 - R:localhost/127.0.0.1:59242]' for 'POST' to 'http://localhost:59242/session/067fb0df5f021f17fb59c8f7a2da734f/elements'
23:18:29.081 [Forwarding findElements on session 067fb0df5f021f17fb59c8f7a2da734f to remote] DEBUG org.asynchttpclient.netty.request.NettyRequestSender - Using open Channel [id: 0xf864d399, L:/127.0.0.1:63939 - R:localhost/127.0.0.1:59242] for POST '/session/067fb0df5f021f17fb59c8f7a2da734f/elements'
23:18:29.091 [AsyncHttpClient-1-2] DEBUG org.asynchttpclient.netty.handler.HttpHandler - 

Request DefaultHttpRequest(decodeResult: success, version: HTTP/1.1)
POST /session/067fb0df5f021f17fb59c8f7a2da734f/elements HTTP/1.1
User-Agent: selenium/4.1.2 (java windows)
Content-Length: 102
Content-Type: application/json; charset=utf-8
host: localhost:59242
accept: */*

Response DefaultHttpResponse(decodeResult: success, version: HTTP/1.1)
HTTP/1.1 200 OK
Content-Type: application/json; charset=utf-8
cache-control: no-cache
content-length: 3803

23:18:29.091 [AsyncHttpClient-1-2] DEBUG org.asynchttpclient.netty.channel.ChannelManager - Adding key: http://localhost:59242 for channel [id: 0xf864d399, L:/127.0.0.1:63939 - R:localhost/127.0.0.1:59242]
23:18:29.093 [Forwarding getElementText on session 067fb0df5f021f17fb59c8f7a2da734f to remote] DEBUG org.asynchttpclient.netty.request.NettyRequestSender - Using pooled Channel '[id: 0xf864d399, L:/127.0.0.1:63939 - R:localhost/127.0.0.1:59242]' for 'GET' to 'http://localhost:59242/session/067fb0df5f021f17fb59c8f7a2da734f/element/0f9bab98-eb60-4bd7-b251-4516d5f6ce2e/text'
23:18:29.094 [Forwarding getElementText on session 067fb0df5f021f17fb59c8f7a2da734f to remote] DEBUG org.asynchttpclient.netty.request.NettyRequestSender - Using open Channel [id: 0xf864d399, L:/127.0.0.1:63939 - R:localhost/127.0.0.1:59242] for GET '/session/067fb0df5f021f17fb59c8f7a2da734f/element/0f9bab98-eb60-4bd7-b251-4516d5f6ce2e/text'
23:18:29.104 [AsyncHttpClient-1-2] DEBUG org.asynchttpclient.netty.handler.HttpHandler - 

Request DefaultFullHttpRequest(decodeResult: success, version: HTTP/1.1, content: EmptyByteBufBE)
GET /session/067fb0df5f021f17fb59c8f7a2da734f/element/0f9bab98-eb60-4bd7-b251-4516d5f6ce2e/text HTTP/1.1
User-Agent: selenium/4.1.2 (java windows)
Cache-Control: no-cache
Content-Type: application/json; charset=utf-8
host: localhost:59242
accept: */*

Response DefaultHttpResponse(decodeResult: success, version: HTTP/1.1)
HTTP/1.1 200 OK
Content-Type: application/json; charset=utf-8
cache-control: no-cache
content-length: 49

23:18:29.104 [AsyncHttpClient-1-2] DEBUG org.asynchttpclient.netty.channel.ChannelManager - Adding key: http://localhost:59242 for channel [id: 0xf864d399, L:/127.0.0.1:63939 - R:localhost/127.0.0.1:59242]
23:18:29.106 [Forwarding findElements on session 067fb0df5f021f17fb59c8f7a2da734f to remote] DEBUG org.asynchttpclient.netty.request.NettyRequestSender - Using pooled Channel '[id: 0xf864d399, L:/127.0.0.1:63939 - R:localhost/127.0.0.1:59242]' for 'POST' to 'http://localhost:59242/session/067fb0df5f021f17fb59c8f7a2da734f/elements'
23:18:29.106 [Forwarding findElements on session 067fb0df5f021f17fb59c8f7a2da734f to remote] DEBUG org.asynchttpclient.netty.request.NettyRequestSender - Using open Channel [id: 0xf864d399, L:/127.0.0.1:63939 - R:localhost/127.0.0.1:59242] for POST '/session/067fb0df5f021f17fb59c8f7a2da734f/elements'
23:18:29.117 [AsyncHttpClient-1-2] DEBUG org.asynchttpclient.netty.handler.HttpHandler - 

Request DefaultHttpRequest(decodeResult: success, version: HTTP/1.1)
POST /session/067fb0df5f021f17fb59c8f7a2da734f/elements HTTP/1.1
User-Agent: selenium/4.1.2 (java windows)
Content-Length: 102
Content-Type: application/json; charset=utf-8
host: localhost:59242
accept: */*

Response DefaultHttpResponse(decodeResult: success, version: HTTP/1.1)
HTTP/1.1 200 OK
Content-Type: application/json; charset=utf-8
cache-control: no-cache
content-length: 3803

23:18:29.117 [AsyncHttpClient-1-2] DEBUG org.asynchttpclient.netty.channel.ChannelManager - Adding key: http://localhost:59242 for channel [id: 0xf864d399, L:/127.0.0.1:63939 - R:localhost/127.0.0.1:59242]
23:18:29.119 [Forwarding findElements on session 067fb0df5f021f17fb59c8f7a2da734f to remote] DEBUG org.asynchttpclient.netty.request.NettyRequestSender - Using pooled Channel '[id: 0xf864d399, L:/127.0.0.1:63939 - R:localhost/127.0.0.1:59242]' for 'POST' to 'http://localhost:59242/session/067fb0df5f021f17fb59c8f7a2da734f/elements'
23:18:29.119 [Forwarding findElements on session 067fb0df5f021f17fb59c8f7a2da734f to remote] DEBUG org.asynchttpclient.netty.request.NettyRequestSender - Using open Channel [id: 0xf864d399, L:/127.0.0.1:63939 - R:localhost/127.0.0.1:59242] for POST '/session/067fb0df5f021f17fb59c8f7a2da734f/elements'
23:18:29.129 [AsyncHttpClient-1-2] DEBUG org.asynchttpclient.netty.handler.HttpHandler - 

Request DefaultHttpRequest(decodeResult: success, version: HTTP/1.1)
POST /session/067fb0df5f021f17fb59c8f7a2da734f/elements HTTP/1.1
User-Agent: selenium/4.1.2 (java windows)
Content-Length: 102
Content-Type: application/json; charset=utf-8
host: localhost:59242
accept: */*

Response DefaultHttpResponse(decodeResult: success, version: HTTP/1.1)
HTTP/1.1 200 OK
Content-Type: application/json; charset=utf-8
cache-control: no-cache
content-length: 3803

23:18:29.129 [AsyncHttpClient-1-2] DEBUG org.asynchttpclient.netty.channel.ChannelManager - Adding key: http://localhost:59242 for channel [id: 0xf864d399, L:/127.0.0.1:63939 - R:localhost/127.0.0.1:59242]
23:18:29.131 [Forwarding getElementText on session 067fb0df5f021f17fb59c8f7a2da734f to remote] DEBUG org.asynchttpclient.netty.request.NettyRequestSender - Using pooled Channel '[id: 0xf864d399, L:/127.0.0.1:63939 - R:localhost/127.0.0.1:59242]' for 'GET' to 'http://localhost:59242/session/067fb0df5f021f17fb59c8f7a2da734f/element/e00b4f7f-a8c9-42c4-9a87-d3b6860b2be0/text'
23:18:29.131 [Forwarding getElementText on session 067fb0df5f021f17fb59c8f7a2da734f to remote] DEBUG org.asynchttpclient.netty.request.NettyRequestSender - Using open Channel [id: 0xf864d399, L:/127.0.0.1:63939 - R:localhost/127.0.0.1:59242] for GET '/session/067fb0df5f021f17fb59c8f7a2da734f/element/e00b4f7f-a8c9-42c4-9a87-d3b6860b2be0/text'
23:18:29.139 [AsyncHttpClient-1-2] DEBUG org.asynchttpclient.netty.handler.HttpHandler - 

Request DefaultFullHttpRequest(decodeResult: success, version: HTTP/1.1, content: EmptyByteBufBE)
GET /session/067fb0df5f021f17fb59c8f7a2da734f/element/e00b4f7f-a8c9-42c4-9a87-d3b6860b2be0/text HTTP/1.1
User-Agent: selenium/4.1.2 (java windows)
Cache-Control: no-cache
Content-Type: application/json; charset=utf-8
host: localhost:59242
accept: */*

Response DefaultHttpResponse(decodeResult: success, version: HTTP/1.1)
HTTP/1.1 200 OK
Content-Type: application/json; charset=utf-8
cache-control: no-cache
content-length: 50

23:18:29.139 [AsyncHttpClient-1-2] DEBUG org.asynchttpclient.netty.channel.ChannelManager - Adding key: http://localhost:59242 for channel [id: 0xf864d399, L:/127.0.0.1:63939 - R:localhost/127.0.0.1:59242]
23:18:29.141 [Forwarding findElements on session 067fb0df5f021f17fb59c8f7a2da734f to remote] DEBUG org.asynchttpclient.netty.request.NettyRequestSender - Using pooled Channel '[id: 0xf864d399, L:/127.0.0.1:63939 - R:localhost/127.0.0.1:59242]' for 'POST' to 'http://localhost:59242/session/067fb0df5f021f17fb59c8f7a2da734f/elements'
23:18:29.141 [Forwarding findElements on session 067fb0df5f021f17fb59c8f7a2da734f to remote] DEBUG org.asynchttpclient.netty.request.NettyRequestSender - Using open Channel [id: 0xf864d399, L:/127.0.0.1:63939 - R:localhost/127.0.0.1:59242] for POST '/session/067fb0df5f021f17fb59c8f7a2da734f/elements'
23:18:29.151 [AsyncHttpClient-1-2] DEBUG org.asynchttpclient.netty.handler.HttpHandler - 

Request DefaultHttpRequest(decodeResult: success, version: HTTP/1.1)
POST /session/067fb0df5f021f17fb59c8f7a2da734f/elements HTTP/1.1
User-Agent: selenium/4.1.2 (java windows)
Content-Length: 102
Content-Type: application/json; charset=utf-8
host: localhost:59242
accept: */*

Response DefaultHttpResponse(decodeResult: success, version: HTTP/1.1)
HTTP/1.1 200 OK
Content-Type: application/json; charset=utf-8
cache-control: no-cache
content-length: 3803

23:18:29.152 [AsyncHttpClient-1-2] DEBUG org.asynchttpclient.netty.channel.ChannelManager - Adding key: http://localhost:59242 for channel [id: 0xf864d399, L:/127.0.0.1:63939 - R:localhost/127.0.0.1:59242]
23:18:29.154 [Forwarding findElements on session 067fb0df5f021f17fb59c8f7a2da734f to remote] DEBUG org.asynchttpclient.netty.request.NettyRequestSender - Using pooled Channel '[id: 0xf864d399, L:/127.0.0.1:63939 - R:localhost/127.0.0.1:59242]' for 'POST' to 'http://localhost:59242/session/067fb0df5f021f17fb59c8f7a2da734f/elements'
23:18:29.154 [Forwarding findElements on session 067fb0df5f021f17fb59c8f7a2da734f to remote] DEBUG org.asynchttpclient.netty.request.NettyRequestSender - Using open Channel [id: 0xf864d399, L:/127.0.0.1:63939 - R:localhost/127.0.0.1:59242] for POST '/session/067fb0df5f021f17fb59c8f7a2da734f/elements'
23:18:29.163 [AsyncHttpClient-1-2] DEBUG org.asynchttpclient.netty.handler.HttpHandler - 

Request DefaultHttpRequest(decodeResult: success, version: HTTP/1.1)
POST /session/067fb0df5f021f17fb59c8f7a2da734f/elements HTTP/1.1
User-Agent: selenium/4.1.2 (java windows)
Content-Length: 102
Content-Type: application/json; charset=utf-8
host: localhost:59242
accept: */*

Response DefaultHttpResponse(decodeResult: success, version: HTTP/1.1)
HTTP/1.1 200 OK
Content-Type: application/json; charset=utf-8
cache-control: no-cache
content-length: 3803

23:18:29.163 [AsyncHttpClient-1-2] DEBUG org.asynchttpclient.netty.channel.ChannelManager - Adding key: http://localhost:59242 for channel [id: 0xf864d399, L:/127.0.0.1:63939 - R:localhost/127.0.0.1:59242]
23:18:29.165 [Forwarding getElementText on session 067fb0df5f021f17fb59c8f7a2da734f to remote] DEBUG org.asynchttpclient.netty.request.NettyRequestSender - Using pooled Channel '[id: 0xf864d399, L:/127.0.0.1:63939 - R:localhost/127.0.0.1:59242]' for 'GET' to 'http://localhost:59242/session/067fb0df5f021f17fb59c8f7a2da734f/element/f0907a9f-c822-401f-bb81-f9060e985ef9/text'
23:18:29.165 [Forwarding getElementText on session 067fb0df5f021f17fb59c8f7a2da734f to remote] DEBUG org.asynchttpclient.netty.request.NettyRequestSender - Using open Channel [id: 0xf864d399, L:/127.0.0.1:63939 - R:localhost/127.0.0.1:59242] for GET '/session/067fb0df5f021f17fb59c8f7a2da734f/element/f0907a9f-c822-401f-bb81-f9060e985ef9/text'
23:18:29.174 [AsyncHttpClient-1-2] DEBUG org.asynchttpclient.netty.handler.HttpHandler - 

Request DefaultFullHttpRequest(decodeResult: success, version: HTTP/1.1, content: EmptyByteBufBE)
GET /session/067fb0df5f021f17fb59c8f7a2da734f/element/f0907a9f-c822-401f-bb81-f9060e985ef9/text HTTP/1.1
User-Agent: selenium/4.1.2 (java windows)
Cache-Control: no-cache
Content-Type: application/json; charset=utf-8
host: localhost:59242
accept: */*

Response DefaultHttpResponse(decodeResult: success, version: HTTP/1.1)
HTTP/1.1 200 OK
Content-Type: application/json; charset=utf-8
cache-control: no-cache
content-length: 49

23:18:29.174 [AsyncHttpClient-1-2] DEBUG org.asynchttpclient.netty.channel.ChannelManager - Adding key: http://localhost:59242 for channel [id: 0xf864d399, L:/127.0.0.1:63939 - R:localhost/127.0.0.1:59242]
23:18:29.176 [Forwarding findElements on session 067fb0df5f021f17fb59c8f7a2da734f to remote] DEBUG org.asynchttpclient.netty.request.NettyRequestSender - Using pooled Channel '[id: 0xf864d399, L:/127.0.0.1:63939 - R:localhost/127.0.0.1:59242]' for 'POST' to 'http://localhost:59242/session/067fb0df5f021f17fb59c8f7a2da734f/elements'
23:18:29.176 [Forwarding findElements on session 067fb0df5f021f17fb59c8f7a2da734f to remote] DEBUG org.asynchttpclient.netty.request.NettyRequestSender - Using open Channel [id: 0xf864d399, L:/127.0.0.1:63939 - R:localhost/127.0.0.1:59242] for POST '/session/067fb0df5f021f17fb59c8f7a2da734f/elements'
23:18:29.189 [AsyncHttpClient-1-2] DEBUG org.asynchttpclient.netty.handler.HttpHandler - 

Request DefaultHttpRequest(decodeResult: success, version: HTTP/1.1)
POST /session/067fb0df5f021f17fb59c8f7a2da734f/elements HTTP/1.1
User-Agent: selenium/4.1.2 (java windows)
Content-Length: 102
Content-Type: application/json; charset=utf-8
host: localhost:59242
accept: */*

Response DefaultHttpResponse(decodeResult: success, version: HTTP/1.1)
HTTP/1.1 200 OK
Content-Type: application/json; charset=utf-8
cache-control: no-cache
content-length: 3803

23:18:29.190 [AsyncHttpClient-1-2] DEBUG org.asynchttpclient.netty.channel.ChannelManager - Adding key: http://localhost:59242 for channel [id: 0xf864d399, L:/127.0.0.1:63939 - R:localhost/127.0.0.1:59242]
23:18:29.193 [Forwarding findElements on session 067fb0df5f021f17fb59c8f7a2da734f to remote] DEBUG org.asynchttpclient.netty.request.NettyRequestSender - Using pooled Channel '[id: 0xf864d399, L:/127.0.0.1:63939 - R:localhost/127.0.0.1:59242]' for 'POST' to 'http://localhost:59242/session/067fb0df5f021f17fb59c8f7a2da734f/elements'
23:18:29.193 [Forwarding findElements on session 067fb0df5f021f17fb59c8f7a2da734f to remote] DEBUG org.asynchttpclient.netty.request.NettyRequestSender - Using open Channel [id: 0xf864d399, L:/127.0.0.1:63939 - R:localhost/127.0.0.1:59242] for POST '/session/067fb0df5f021f17fb59c8f7a2da734f/elements'
23:18:29.208 [AsyncHttpClient-1-2] DEBUG org.asynchttpclient.netty.handler.HttpHandler - 

Request DefaultHttpRequest(decodeResult: success, version: HTTP/1.1)
POST /session/067fb0df5f021f17fb59c8f7a2da734f/elements HTTP/1.1
User-Agent: selenium/4.1.2 (java windows)
Content-Length: 102
Content-Type: application/json; charset=utf-8
host: localhost:59242
accept: */*

Response DefaultHttpResponse(decodeResult: success, version: HTTP/1.1)
HTTP/1.1 200 OK
Content-Type: application/json; charset=utf-8
cache-control: no-cache
content-length: 3803

23:18:29.208 [AsyncHttpClient-1-2] DEBUG org.asynchttpclient.netty.channel.ChannelManager - Adding key: http://localhost:59242 for channel [id: 0xf864d399, L:/127.0.0.1:63939 - R:localhost/127.0.0.1:59242]
23:18:29.210 [Forwarding getElementText on session 067fb0df5f021f17fb59c8f7a2da734f to remote] DEBUG org.asynchttpclient.netty.request.NettyRequestSender - Using pooled Channel '[id: 0xf864d399, L:/127.0.0.1:63939 - R:localhost/127.0.0.1:59242]' for 'GET' to 'http://localhost:59242/session/067fb0df5f021f17fb59c8f7a2da734f/element/028f2913-776b-4aac-ac33-bf957dbabe27/text'
23:18:29.210 [Forwarding getElementText on session 067fb0df5f021f17fb59c8f7a2da734f to remote] DEBUG org.asynchttpclient.netty.request.NettyRequestSender - Using open Channel [id: 0xf864d399, L:/127.0.0.1:63939 - R:localhost/127.0.0.1:59242] for GET '/session/067fb0df5f021f17fb59c8f7a2da734f/element/028f2913-776b-4aac-ac33-bf957dbabe27/text'
23:18:29.220 [AsyncHttpClient-1-2] DEBUG org.asynchttpclient.netty.handler.HttpHandler - 

Request DefaultFullHttpRequest(decodeResult: success, version: HTTP/1.1, content: EmptyByteBufBE)
GET /session/067fb0df5f021f17fb59c8f7a2da734f/element/028f2913-776b-4aac-ac33-bf957dbabe27/text HTTP/1.1
User-Agent: selenium/4.1.2 (java windows)
Cache-Control: no-cache
Content-Type: application/json; charset=utf-8
host: localhost:59242
accept: */*

Response DefaultHttpResponse(decodeResult: success, version: HTTP/1.1)
HTTP/1.1 200 OK
Content-Type: application/json; charset=utf-8
cache-control: no-cache
content-length: 68

23:18:29.220 [AsyncHttpClient-1-2] DEBUG org.asynchttpclient.netty.channel.ChannelManager - Adding key: http://localhost:59242 for channel [id: 0xf864d399, L:/127.0.0.1:63939 - R:localhost/127.0.0.1:59242]
23:18:29.221 [Forwarding findElements on session 067fb0df5f021f17fb59c8f7a2da734f to remote] DEBUG org.asynchttpclient.netty.request.NettyRequestSender - Using pooled Channel '[id: 0xf864d399, L:/127.0.0.1:63939 - R:localhost/127.0.0.1:59242]' for 'POST' to 'http://localhost:59242/session/067fb0df5f021f17fb59c8f7a2da734f/elements'
23:18:29.223 [Forwarding findElements on session 067fb0df5f021f17fb59c8f7a2da734f to remote] DEBUG org.asynchttpclient.netty.request.NettyRequestSender - Using open Channel [id: 0xf864d399, L:/127.0.0.1:63939 - R:localhost/127.0.0.1:59242] for POST '/session/067fb0df5f021f17fb59c8f7a2da734f/elements'
23:18:29.235 [AsyncHttpClient-1-2] DEBUG org.asynchttpclient.netty.handler.HttpHandler - 

Request DefaultHttpRequest(decodeResult: success, version: HTTP/1.1)
POST /session/067fb0df5f021f17fb59c8f7a2da734f/elements HTTP/1.1
User-Agent: selenium/4.1.2 (java windows)
Content-Length: 102
Content-Type: application/json; charset=utf-8
host: localhost:59242
accept: */*

Response DefaultHttpResponse(decodeResult: success, version: HTTP/1.1)
HTTP/1.1 200 OK
Content-Type: application/json; charset=utf-8
cache-control: no-cache
content-length: 3803

23:18:29.236 [AsyncHttpClient-1-2] DEBUG org.asynchttpclient.netty.channel.ChannelManager - Adding key: http://localhost:59242 for channel [id: 0xf864d399, L:/127.0.0.1:63939 - R:localhost/127.0.0.1:59242]
23:18:29.238 [Forwarding findElements on session 067fb0df5f021f17fb59c8f7a2da734f to remote] DEBUG org.asynchttpclient.netty.request.NettyRequestSender - Using pooled Channel '[id: 0xf864d399, L:/127.0.0.1:63939 - R:localhost/127.0.0.1:59242]' for 'POST' to 'http://localhost:59242/session/067fb0df5f021f17fb59c8f7a2da734f/elements'
23:18:29.238 [Forwarding findElements on session 067fb0df5f021f17fb59c8f7a2da734f to remote] DEBUG org.asynchttpclient.netty.request.NettyRequestSender - Using open Channel [id: 0xf864d399, L:/127.0.0.1:63939 - R:localhost/127.0.0.1:59242] for POST '/session/067fb0df5f021f17fb59c8f7a2da734f/elements'
23:18:29.250 [AsyncHttpClient-1-2] DEBUG org.asynchttpclient.netty.handler.HttpHandler - 

Request DefaultHttpRequest(decodeResult: success, version: HTTP/1.1)
POST /session/067fb0df5f021f17fb59c8f7a2da734f/elements HTTP/1.1
User-Agent: selenium/4.1.2 (java windows)
Content-Length: 102
Content-Type: application/json; charset=utf-8
host: localhost:59242
accept: */*

Response DefaultHttpResponse(decodeResult: success, version: HTTP/1.1)
HTTP/1.1 200 OK
Content-Type: application/json; charset=utf-8
cache-control: no-cache
content-length: 3803

23:18:29.250 [AsyncHttpClient-1-2] DEBUG org.asynchttpclient.netty.channel.ChannelManager - Adding key: http://localhost:59242 for channel [id: 0xf864d399, L:/127.0.0.1:63939 - R:localhost/127.0.0.1:59242]
23:18:29.252 [Forwarding getElementText on session 067fb0df5f021f17fb59c8f7a2da734f to remote] DEBUG org.asynchttpclient.netty.request.NettyRequestSender - Using pooled Channel '[id: 0xf864d399, L:/127.0.0.1:63939 - R:localhost/127.0.0.1:59242]' for 'GET' to 'http://localhost:59242/session/067fb0df5f021f17fb59c8f7a2da734f/element/54aef2d2-8265-4d8b-9c8d-b0b21c8ff98e/text'
23:18:29.252 [Forwarding getElementText on session 067fb0df5f021f17fb59c8f7a2da734f to remote] DEBUG org.asynchttpclient.netty.request.NettyRequestSender - Using open Channel [id: 0xf864d399, L:/127.0.0.1:63939 - R:localhost/127.0.0.1:59242] for GET '/session/067fb0df5f021f17fb59c8f7a2da734f/element/54aef2d2-8265-4d8b-9c8d-b0b21c8ff98e/text'
23:18:29.262 [AsyncHttpClient-1-2] DEBUG org.asynchttpclient.netty.handler.HttpHandler - 

Request DefaultFullHttpRequest(decodeResult: success, version: HTTP/1.1, content: EmptyByteBufBE)
GET /session/067fb0df5f021f17fb59c8f7a2da734f/element/54aef2d2-8265-4d8b-9c8d-b0b21c8ff98e/text HTTP/1.1
User-Agent: selenium/4.1.2 (java windows)
Cache-Control: no-cache
Content-Type: application/json; charset=utf-8
host: localhost:59242
accept: */*

Response DefaultHttpResponse(decodeResult: success, version: HTTP/1.1)
HTTP/1.1 200 OK
Content-Type: application/json; charset=utf-8
cache-control: no-cache
content-length: 68

23:18:29.262 [AsyncHttpClient-1-2] DEBUG org.asynchttpclient.netty.channel.ChannelManager - Adding key: http://localhost:59242 for channel [id: 0xf864d399, L:/127.0.0.1:63939 - R:localhost/127.0.0.1:59242]
23:18:29.263 [Forwarding findElements on session 067fb0df5f021f17fb59c8f7a2da734f to remote] DEBUG org.asynchttpclient.netty.request.NettyRequestSender - Using pooled Channel '[id: 0xf864d399, L:/127.0.0.1:63939 - R:localhost/127.0.0.1:59242]' for 'POST' to 'http://localhost:59242/session/067fb0df5f021f17fb59c8f7a2da734f/elements'
23:18:29.265 [Forwarding findElements on session 067fb0df5f021f17fb59c8f7a2da734f to remote] DEBUG org.asynchttpclient.netty.request.NettyRequestSender - Using open Channel [id: 0xf864d399, L:/127.0.0.1:63939 - R:localhost/127.0.0.1:59242] for POST '/session/067fb0df5f021f17fb59c8f7a2da734f/elements'
23:18:29.275 [AsyncHttpClient-1-2] DEBUG org.asynchttpclient.netty.handler.HttpHandler - 

Request DefaultHttpRequest(decodeResult: success, version: HTTP/1.1)
POST /session/067fb0df5f021f17fb59c8f7a2da734f/elements HTTP/1.1
User-Agent: selenium/4.1.2 (java windows)
Content-Length: 102
Content-Type: application/json; charset=utf-8
host: localhost:59242
accept: */*

Response DefaultHttpResponse(decodeResult: success, version: HTTP/1.1)
HTTP/1.1 200 OK
Content-Type: application/json; charset=utf-8
cache-control: no-cache
content-length: 3803

23:18:29.275 [AsyncHttpClient-1-2] DEBUG org.asynchttpclient.netty.channel.ChannelManager - Adding key: http://localhost:59242 for channel [id: 0xf864d399, L:/127.0.0.1:63939 - R:localhost/127.0.0.1:59242]
23:18:29.278 [Forwarding findElements on session 067fb0df5f021f17fb59c8f7a2da734f to remote] DEBUG org.asynchttpclient.netty.request.NettyRequestSender - Using pooled Channel '[id: 0xf864d399, L:/127.0.0.1:63939 - R:localhost/127.0.0.1:59242]' for 'POST' to 'http://localhost:59242/session/067fb0df5f021f17fb59c8f7a2da734f/elements'
23:18:29.278 [Forwarding findElements on session 067fb0df5f021f17fb59c8f7a2da734f to remote] DEBUG org.asynchttpclient.netty.request.NettyRequestSender - Using open Channel [id: 0xf864d399, L:/127.0.0.1:63939 - R:localhost/127.0.0.1:59242] for POST '/session/067fb0df5f021f17fb59c8f7a2da734f/elements'
23:18:29.289 [AsyncHttpClient-1-2] DEBUG org.asynchttpclient.netty.handler.HttpHandler - 

Request DefaultHttpRequest(decodeResult: success, version: HTTP/1.1)
POST /session/067fb0df5f021f17fb59c8f7a2da734f/elements HTTP/1.1
User-Agent: selenium/4.1.2 (java windows)
Content-Length: 102
Content-Type: application/json; charset=utf-8
host: localhost:59242
accept: */*

Response DefaultHttpResponse(decodeResult: success, version: HTTP/1.1)
HTTP/1.1 200 OK
Content-Type: application/json; charset=utf-8
cache-control: no-cache
content-length: 3803

23:18:29.289 [AsyncHttpClient-1-2] DEBUG org.asynchttpclient.netty.channel.ChannelManager - Adding key: http://localhost:59242 for channel [id: 0xf864d399, L:/127.0.0.1:63939 - R:localhost/127.0.0.1:59242]
23:18:29.291 [Forwarding getElementText on session 067fb0df5f021f17fb59c8f7a2da734f to remote] DEBUG org.asynchttpclient.netty.request.NettyRequestSender - Using pooled Channel '[id: 0xf864d399, L:/127.0.0.1:63939 - R:localhost/127.0.0.1:59242]' for 'GET' to 'http://localhost:59242/session/067fb0df5f021f17fb59c8f7a2da734f/element/65c937e7-e8df-4fc4-b11c-5631a7d27d0f/text'
23:18:29.291 [Forwarding getElementText on session 067fb0df5f021f17fb59c8f7a2da734f to remote] DEBUG org.asynchttpclient.netty.request.NettyRequestSender - Using open Channel [id: 0xf864d399, L:/127.0.0.1:63939 - R:localhost/127.0.0.1:59242] for GET '/session/067fb0df5f021f17fb59c8f7a2da734f/element/65c937e7-e8df-4fc4-b11c-5631a7d27d0f/text'
23:18:29.299 [AsyncHttpClient-1-2] DEBUG org.asynchttpclient.netty.handler.HttpHandler - 

Request DefaultFullHttpRequest(decodeResult: success, version: HTTP/1.1, content: EmptyByteBufBE)
GET /session/067fb0df5f021f17fb59c8f7a2da734f/element/65c937e7-e8df-4fc4-b11c-5631a7d27d0f/text HTTP/1.1
User-Agent: selenium/4.1.2 (java windows)
Cache-Control: no-cache
Content-Type: application/json; charset=utf-8
host: localhost:59242
accept: */*

Response DefaultHttpResponse(decodeResult: success, version: HTTP/1.1)
HTTP/1.1 200 OK
Content-Type: application/json; charset=utf-8
cache-control: no-cache
content-length: 66

23:18:29.299 [AsyncHttpClient-1-2] DEBUG org.asynchttpclient.netty.channel.ChannelManager - Adding key: http://localhost:59242 for channel [id: 0xf864d399, L:/127.0.0.1:63939 - R:localhost/127.0.0.1:59242]
23:18:29.300 [Forwarding findElements on session 067fb0df5f021f17fb59c8f7a2da734f to remote] DEBUG org.asynchttpclient.netty.request.NettyRequestSender - Using pooled Channel '[id: 0xf864d399, L:/127.0.0.1:63939 - R:localhost/127.0.0.1:59242]' for 'POST' to 'http://localhost:59242/session/067fb0df5f021f17fb59c8f7a2da734f/elements'
23:18:29.301 [Forwarding findElements on session 067fb0df5f021f17fb59c8f7a2da734f to remote] DEBUG org.asynchttpclient.netty.request.NettyRequestSender - Using open Channel [id: 0xf864d399, L:/127.0.0.1:63939 - R:localhost/127.0.0.1:59242] for POST '/session/067fb0df5f021f17fb59c8f7a2da734f/elements'
23:18:29.310 [AsyncHttpClient-1-2] DEBUG org.asynchttpclient.netty.handler.HttpHandler - 

Request DefaultHttpRequest(decodeResult: success, version: HTTP/1.1)
POST /session/067fb0df5f021f17fb59c8f7a2da734f/elements HTTP/1.1
User-Agent: selenium/4.1.2 (java windows)
Content-Length: 102
Content-Type: application/json; charset=utf-8
host: localhost:59242
accept: */*

Response DefaultHttpResponse(decodeResult: success, version: HTTP/1.1)
HTTP/1.1 200 OK
Content-Type: application/json; charset=utf-8
cache-control: no-cache
content-length: 3803

23:18:29.310 [AsyncHttpClient-1-2] DEBUG org.asynchttpclient.netty.channel.ChannelManager - Adding key: http://localhost:59242 for channel [id: 0xf864d399, L:/127.0.0.1:63939 - R:localhost/127.0.0.1:59242]
23:18:29.314 [Forwarding findElements on session 067fb0df5f021f17fb59c8f7a2da734f to remote] DEBUG org.asynchttpclient.netty.request.NettyRequestSender - Using pooled Channel '[id: 0xf864d399, L:/127.0.0.1:63939 - R:localhost/127.0.0.1:59242]' for 'POST' to 'http://localhost:59242/session/067fb0df5f021f17fb59c8f7a2da734f/elements'
23:18:29.314 [Forwarding findElements on session 067fb0df5f021f17fb59c8f7a2da734f to remote] DEBUG org.asynchttpclient.netty.request.NettyRequestSender - Using open Channel [id: 0xf864d399, L:/127.0.0.1:63939 - R:localhost/127.0.0.1:59242] for POST '/session/067fb0df5f021f17fb59c8f7a2da734f/elements'
23:18:29.322 [AsyncHttpClient-1-2] DEBUG org.asynchttpclient.netty.handler.HttpHandler - 

Request DefaultHttpRequest(decodeResult: success, version: HTTP/1.1)
POST /session/067fb0df5f021f17fb59c8f7a2da734f/elements HTTP/1.1
User-Agent: selenium/4.1.2 (java windows)
Content-Length: 102
Content-Type: application/json; charset=utf-8
host: localhost:59242
accept: */*

Response DefaultHttpResponse(decodeResult: success, version: HTTP/1.1)
HTTP/1.1 200 OK
Content-Type: application/json; charset=utf-8
cache-control: no-cache
content-length: 3803

23:18:29.323 [AsyncHttpClient-1-2] DEBUG org.asynchttpclient.netty.channel.ChannelManager - Adding key: http://localhost:59242 for channel [id: 0xf864d399, L:/127.0.0.1:63939 - R:localhost/127.0.0.1:59242]
23:18:29.324 [Forwarding getElementText on session 067fb0df5f021f17fb59c8f7a2da734f to remote] DEBUG org.asynchttpclient.netty.request.NettyRequestSender - Using pooled Channel '[id: 0xf864d399, L:/127.0.0.1:63939 - R:localhost/127.0.0.1:59242]' for 'GET' to 'http://localhost:59242/session/067fb0df5f021f17fb59c8f7a2da734f/element/b1a2723f-347a-4b9f-99c1-80cae10d306f/text'
23:18:29.324 [Forwarding getElementText on session 067fb0df5f021f17fb59c8f7a2da734f to remote] DEBUG org.asynchttpclient.netty.request.NettyRequestSender - Using open Channel [id: 0xf864d399, L:/127.0.0.1:63939 - R:localhost/127.0.0.1:59242] for GET '/session/067fb0df5f021f17fb59c8f7a2da734f/element/b1a2723f-347a-4b9f-99c1-80cae10d306f/text'
23:18:29.332 [AsyncHttpClient-1-2] DEBUG org.asynchttpclient.netty.handler.HttpHandler - 

Request DefaultFullHttpRequest(decodeResult: success, version: HTTP/1.1, content: EmptyByteBufBE)
GET /session/067fb0df5f021f17fb59c8f7a2da734f/element/b1a2723f-347a-4b9f-99c1-80cae10d306f/text HTTP/1.1
User-Agent: selenium/4.1.2 (java windows)
Cache-Control: no-cache
Content-Type: application/json; charset=utf-8
host: localhost:59242
accept: */*

Response DefaultHttpResponse(decodeResult: success, version: HTTP/1.1)
HTTP/1.1 200 OK
Content-Type: application/json; charset=utf-8
cache-control: no-cache
content-length: 67

23:18:29.332 [AsyncHttpClient-1-2] DEBUG org.asynchttpclient.netty.channel.ChannelManager - Adding key: http://localhost:59242 for channel [id: 0xf864d399, L:/127.0.0.1:63939 - R:localhost/127.0.0.1:59242]
23:18:29.333 [Forwarding findElements on session 067fb0df5f021f17fb59c8f7a2da734f to remote] DEBUG org.asynchttpclient.netty.request.NettyRequestSender - Using pooled Channel '[id: 0xf864d399, L:/127.0.0.1:63939 - R:localhost/127.0.0.1:59242]' for 'POST' to 'http://localhost:59242/session/067fb0df5f021f17fb59c8f7a2da734f/elements'
23:18:29.333 [Forwarding findElements on session 067fb0df5f021f17fb59c8f7a2da734f to remote] DEBUG org.asynchttpclient.netty.request.NettyRequestSender - Using open Channel [id: 0xf864d399, L:/127.0.0.1:63939 - R:localhost/127.0.0.1:59242] for POST '/session/067fb0df5f021f17fb59c8f7a2da734f/elements'
23:18:29.342 [AsyncHttpClient-1-2] DEBUG org.asynchttpclient.netty.handler.HttpHandler - 

Request DefaultHttpRequest(decodeResult: success, version: HTTP/1.1)
POST /session/067fb0df5f021f17fb59c8f7a2da734f/elements HTTP/1.1
User-Agent: selenium/4.1.2 (java windows)
Content-Length: 102
Content-Type: application/json; charset=utf-8
host: localhost:59242
accept: */*

Response DefaultHttpResponse(decodeResult: success, version: HTTP/1.1)
HTTP/1.1 200 OK
Content-Type: application/json; charset=utf-8
cache-control: no-cache
content-length: 3803

23:18:29.342 [AsyncHttpClient-1-2] DEBUG org.asynchttpclient.netty.channel.ChannelManager - Adding key: http://localhost:59242 for channel [id: 0xf864d399, L:/127.0.0.1:63939 - R:localhost/127.0.0.1:59242]
23:18:29.344 [Forwarding findElements on session 067fb0df5f021f17fb59c8f7a2da734f to remote] DEBUG org.asynchttpclient.netty.request.NettyRequestSender - Using pooled Channel '[id: 0xf864d399, L:/127.0.0.1:63939 - R:localhost/127.0.0.1:59242]' for 'POST' to 'http://localhost:59242/session/067fb0df5f021f17fb59c8f7a2da734f/elements'
23:18:29.344 [Forwarding findElements on session 067fb0df5f021f17fb59c8f7a2da734f to remote] DEBUG org.asynchttpclient.netty.request.NettyRequestSender - Using open Channel [id: 0xf864d399, L:/127.0.0.1:63939 - R:localhost/127.0.0.1:59242] for POST '/session/067fb0df5f021f17fb59c8f7a2da734f/elements'
23:18:29.351 [AsyncHttpClient-1-2] DEBUG org.asynchttpclient.netty.handler.HttpHandler - 

Request DefaultHttpRequest(decodeResult: success, version: HTTP/1.1)
POST /session/067fb0df5f021f17fb59c8f7a2da734f/elements HTTP/1.1
User-Agent: selenium/4.1.2 (java windows)
Content-Length: 102
Content-Type: application/json; charset=utf-8
host: localhost:59242
accept: */*

Response DefaultHttpResponse(decodeResult: success, version: HTTP/1.1)
HTTP/1.1 200 OK
Content-Type: application/json; charset=utf-8
cache-control: no-cache
content-length: 3803

23:18:29.352 [AsyncHttpClient-1-2] DEBUG org.asynchttpclient.netty.channel.ChannelManager - Adding key: http://localhost:59242 for channel [id: 0xf864d399, L:/127.0.0.1:63939 - R:localhost/127.0.0.1:59242]
23:18:29.353 [Forwarding getElementText on session 067fb0df5f021f17fb59c8f7a2da734f to remote] DEBUG org.asynchttpclient.netty.request.NettyRequestSender - Using pooled Channel '[id: 0xf864d399, L:/127.0.0.1:63939 - R:localhost/127.0.0.1:59242]' for 'GET' to 'http://localhost:59242/session/067fb0df5f021f17fb59c8f7a2da734f/element/ba322444-db39-4ef2-89b1-5d2ef0309924/text'
23:18:29.354 [Forwarding getElementText on session 067fb0df5f021f17fb59c8f7a2da734f to remote] DEBUG org.asynchttpclient.netty.request.NettyRequestSender - Using open Channel [id: 0xf864d399, L:/127.0.0.1:63939 - R:localhost/127.0.0.1:59242] for GET '/session/067fb0df5f021f17fb59c8f7a2da734f/element/ba322444-db39-4ef2-89b1-5d2ef0309924/text'
23:18:29.360 [AsyncHttpClient-1-2] DEBUG org.asynchttpclient.netty.handler.HttpHandler - 

Request DefaultFullHttpRequest(decodeResult: success, version: HTTP/1.1, content: EmptyByteBufBE)
GET /session/067fb0df5f021f17fb59c8f7a2da734f/element/ba322444-db39-4ef2-89b1-5d2ef0309924/text HTTP/1.1
User-Agent: selenium/4.1.2 (java windows)
Cache-Control: no-cache
Content-Type: application/json; charset=utf-8
host: localhost:59242
accept: */*

Response DefaultHttpResponse(decodeResult: success, version: HTTP/1.1)
HTTP/1.1 200 OK
Content-Type: application/json; charset=utf-8
cache-control: no-cache
content-length: 67

23:18:29.360 [AsyncHttpClient-1-2] DEBUG org.asynchttpclient.netty.channel.ChannelManager - Adding key: http://localhost:59242 for channel [id: 0xf864d399, L:/127.0.0.1:63939 - R:localhost/127.0.0.1:59242]
23:18:29.360 [Forwarding findElements on session 067fb0df5f021f17fb59c8f7a2da734f to remote] DEBUG org.asynchttpclient.netty.request.NettyRequestSender - Using pooled Channel '[id: 0xf864d399, L:/127.0.0.1:63939 - R:localhost/127.0.0.1:59242]' for 'POST' to 'http://localhost:59242/session/067fb0df5f021f17fb59c8f7a2da734f/elements'
23:18:29.360 [Forwarding findElements on session 067fb0df5f021f17fb59c8f7a2da734f to remote] DEBUG org.asynchttpclient.netty.request.NettyRequestSender - Using open Channel [id: 0xf864d399, L:/127.0.0.1:63939 - R:localhost/127.0.0.1:59242] for POST '/session/067fb0df5f021f17fb59c8f7a2da734f/elements'
23:18:29.370 [AsyncHttpClient-1-2] DEBUG org.asynchttpclient.netty.handler.HttpHandler - 

Request DefaultHttpRequest(decodeResult: success, version: HTTP/1.1)
POST /session/067fb0df5f021f17fb59c8f7a2da734f/elements HTTP/1.1
User-Agent: selenium/4.1.2 (java windows)
Content-Length: 102
Content-Type: application/json; charset=utf-8
host: localhost:59242
accept: */*

Response DefaultHttpResponse(decodeResult: success, version: HTTP/1.1)
HTTP/1.1 200 OK
Content-Type: application/json; charset=utf-8
cache-control: no-cache
content-length: 3803

23:18:29.370 [AsyncHttpClient-1-2] DEBUG org.asynchttpclient.netty.channel.ChannelManager - Adding key: http://localhost:59242 for channel [id: 0xf864d399, L:/127.0.0.1:63939 - R:localhost/127.0.0.1:59242]
23:18:29.372 [Forwarding findElements on session 067fb0df5f021f17fb59c8f7a2da734f to remote] DEBUG org.asynchttpclient.netty.request.NettyRequestSender - Using pooled Channel '[id: 0xf864d399, L:/127.0.0.1:63939 - R:localhost/127.0.0.1:59242]' for 'POST' to 'http://localhost:59242/session/067fb0df5f021f17fb59c8f7a2da734f/elements'
23:18:29.372 [Forwarding findElements on session 067fb0df5f021f17fb59c8f7a2da734f to remote] DEBUG org.asynchttpclient.netty.request.NettyRequestSender - Using open Channel [id: 0xf864d399, L:/127.0.0.1:63939 - R:localhost/127.0.0.1:59242] for POST '/session/067fb0df5f021f17fb59c8f7a2da734f/elements'
23:18:29.379 [AsyncHttpClient-1-2] DEBUG org.asynchttpclient.netty.handler.HttpHandler - 

Request DefaultHttpRequest(decodeResult: success, version: HTTP/1.1)
POST /session/067fb0df5f021f17fb59c8f7a2da734f/elements HTTP/1.1
User-Agent: selenium/4.1.2 (java windows)
Content-Length: 102
Content-Type: application/json; charset=utf-8
host: localhost:59242
accept: */*

Response DefaultHttpResponse(decodeResult: success, version: HTTP/1.1)
HTTP/1.1 200 OK
Content-Type: application/json; charset=utf-8
cache-control: no-cache
content-length: 3803

23:18:29.381 [AsyncHttpClient-1-2] DEBUG org.asynchttpclient.netty.channel.ChannelManager - Adding key: http://localhost:59242 for channel [id: 0xf864d399, L:/127.0.0.1:63939 - R:localhost/127.0.0.1:59242]
23:18:29.382 [Forwarding getElementText on session 067fb0df5f021f17fb59c8f7a2da734f to remote] DEBUG org.asynchttpclient.netty.request.NettyRequestSender - Using pooled Channel '[id: 0xf864d399, L:/127.0.0.1:63939 - R:localhost/127.0.0.1:59242]' for 'GET' to 'http://localhost:59242/session/067fb0df5f021f17fb59c8f7a2da734f/element/662a9df5-3a1a-45dd-9597-d1ef4e13accb/text'
23:18:29.383 [Forwarding getElementText on session 067fb0df5f021f17fb59c8f7a2da734f to remote] DEBUG org.asynchttpclient.netty.request.NettyRequestSender - Using open Channel [id: 0xf864d399, L:/127.0.0.1:63939 - R:localhost/127.0.0.1:59242] for GET '/session/067fb0df5f021f17fb59c8f7a2da734f/element/662a9df5-3a1a-45dd-9597-d1ef4e13accb/text'
23:18:29.387 [AsyncHttpClient-1-2] DEBUG org.asynchttpclient.netty.handler.HttpHandler - 

Request DefaultFullHttpRequest(decodeResult: success, version: HTTP/1.1, content: EmptyByteBufBE)
GET /session/067fb0df5f021f17fb59c8f7a2da734f/element/662a9df5-3a1a-45dd-9597-d1ef4e13accb/text HTTP/1.1
User-Agent: selenium/4.1.2 (java windows)
Cache-Control: no-cache
Content-Type: application/json; charset=utf-8
host: localhost:59242
accept: */*

Response DefaultHttpResponse(decodeResult: success, version: HTTP/1.1)
HTTP/1.1 200 OK
Content-Type: application/json; charset=utf-8
cache-control: no-cache
content-length: 65

23:18:29.388 [AsyncHttpClient-1-2] DEBUG org.asynchttpclient.netty.channel.ChannelManager - Adding key: http://localhost:59242 for channel [id: 0xf864d399, L:/127.0.0.1:63939 - R:localhost/127.0.0.1:59242]
23:18:29.389 [Forwarding findElements on session 067fb0df5f021f17fb59c8f7a2da734f to remote] DEBUG org.asynchttpclient.netty.request.NettyRequestSender - Using pooled Channel '[id: 0xf864d399, L:/127.0.0.1:63939 - R:localhost/127.0.0.1:59242]' for 'POST' to 'http://localhost:59242/session/067fb0df5f021f17fb59c8f7a2da734f/elements'
23:18:29.389 [Forwarding findElements on session 067fb0df5f021f17fb59c8f7a2da734f to remote] DEBUG org.asynchttpclient.netty.request.NettyRequestSender - Using open Channel [id: 0xf864d399, L:/127.0.0.1:63939 - R:localhost/127.0.0.1:59242] for POST '/session/067fb0df5f021f17fb59c8f7a2da734f/elements'
23:18:29.398 [AsyncHttpClient-1-2] DEBUG org.asynchttpclient.netty.handler.HttpHandler - 

Request DefaultHttpRequest(decodeResult: success, version: HTTP/1.1)
POST /session/067fb0df5f021f17fb59c8f7a2da734f/elements HTTP/1.1
User-Agent: selenium/4.1.2 (java windows)
Content-Length: 102
Content-Type: application/json; charset=utf-8
host: localhost:59242
accept: */*

Response DefaultHttpResponse(decodeResult: success, version: HTTP/1.1)
HTTP/1.1 200 OK
Content-Type: application/json; charset=utf-8
cache-control: no-cache
content-length: 3803

23:18:29.398 [AsyncHttpClient-1-2] DEBUG org.asynchttpclient.netty.channel.ChannelManager - Adding key: http://localhost:59242 for channel [id: 0xf864d399, L:/127.0.0.1:63939 - R:localhost/127.0.0.1:59242]
23:18:29.400 [Forwarding findElements on session 067fb0df5f021f17fb59c8f7a2da734f to remote] DEBUG org.asynchttpclient.netty.request.NettyRequestSender - Using pooled Channel '[id: 0xf864d399, L:/127.0.0.1:63939 - R:localhost/127.0.0.1:59242]' for 'POST' to 'http://localhost:59242/session/067fb0df5f021f17fb59c8f7a2da734f/elements'
23:18:29.400 [Forwarding findElements on session 067fb0df5f021f17fb59c8f7a2da734f to remote] DEBUG org.asynchttpclient.netty.request.NettyRequestSender - Using open Channel [id: 0xf864d399, L:/127.0.0.1:63939 - R:localhost/127.0.0.1:59242] for POST '/session/067fb0df5f021f17fb59c8f7a2da734f/elements'
23:18:29.409 [AsyncHttpClient-1-2] DEBUG org.asynchttpclient.netty.handler.HttpHandler - 

Request DefaultHttpRequest(decodeResult: success, version: HTTP/1.1)
POST /session/067fb0df5f021f17fb59c8f7a2da734f/elements HTTP/1.1
User-Agent: selenium/4.1.2 (java windows)
Content-Length: 102
Content-Type: application/json; charset=utf-8
host: localhost:59242
accept: */*

Response DefaultHttpResponse(decodeResult: success, version: HTTP/1.1)
HTTP/1.1 200 OK
Content-Type: application/json; charset=utf-8
cache-control: no-cache
content-length: 3803

23:18:29.410 [AsyncHttpClient-1-2] DEBUG org.asynchttpclient.netty.channel.ChannelManager - Adding key: http://localhost:59242 for channel [id: 0xf864d399, L:/127.0.0.1:63939 - R:localhost/127.0.0.1:59242]
23:18:29.411 [Forwarding getElementText on session 067fb0df5f021f17fb59c8f7a2da734f to remote] DEBUG org.asynchttpclient.netty.request.NettyRequestSender - Using pooled Channel '[id: 0xf864d399, L:/127.0.0.1:63939 - R:localhost/127.0.0.1:59242]' for 'GET' to 'http://localhost:59242/session/067fb0df5f021f17fb59c8f7a2da734f/element/30ea8756-bffe-4b5a-a6ed-c1cbd5a44cef/text'
23:18:29.411 [Forwarding getElementText on session 067fb0df5f021f17fb59c8f7a2da734f to remote] DEBUG org.asynchttpclient.netty.request.NettyRequestSender - Using open Channel [id: 0xf864d399, L:/127.0.0.1:63939 - R:localhost/127.0.0.1:59242] for GET '/session/067fb0df5f021f17fb59c8f7a2da734f/element/30ea8756-bffe-4b5a-a6ed-c1cbd5a44cef/text'
23:18:29.419 [AsyncHttpClient-1-2] DEBUG org.asynchttpclient.netty.handler.HttpHandler - 

Request DefaultFullHttpRequest(decodeResult: success, version: HTTP/1.1, content: EmptyByteBufBE)
GET /session/067fb0df5f021f17fb59c8f7a2da734f/element/30ea8756-bffe-4b5a-a6ed-c1cbd5a44cef/text HTTP/1.1
User-Agent: selenium/4.1.2 (java windows)
Cache-Control: no-cache
Content-Type: application/json; charset=utf-8
host: localhost:59242
accept: */*

Response DefaultHttpResponse(decodeResult: success, version: HTTP/1.1)
HTTP/1.1 200 OK
Content-Type: application/json; charset=utf-8
cache-control: no-cache
content-length: 59

23:18:29.420 [AsyncHttpClient-1-2] DEBUG org.asynchttpclient.netty.channel.ChannelManager - Adding key: http://localhost:59242 for channel [id: 0xf864d399, L:/127.0.0.1:63939 - R:localhost/127.0.0.1:59242]
23:18:29.421 [Forwarding findElements on session 067fb0df5f021f17fb59c8f7a2da734f to remote] DEBUG org.asynchttpclient.netty.request.NettyRequestSender - Using pooled Channel '[id: 0xf864d399, L:/127.0.0.1:63939 - R:localhost/127.0.0.1:59242]' for 'POST' to 'http://localhost:59242/session/067fb0df5f021f17fb59c8f7a2da734f/elements'
23:18:29.421 [Forwarding findElements on session 067fb0df5f021f17fb59c8f7a2da734f to remote] DEBUG org.asynchttpclient.netty.request.NettyRequestSender - Using open Channel [id: 0xf864d399, L:/127.0.0.1:63939 - R:localhost/127.0.0.1:59242] for POST '/session/067fb0df5f021f17fb59c8f7a2da734f/elements'
23:18:29.431 [AsyncHttpClient-1-2] DEBUG org.asynchttpclient.netty.handler.HttpHandler - 

Request DefaultHttpRequest(decodeResult: success, version: HTTP/1.1)
POST /session/067fb0df5f021f17fb59c8f7a2da734f/elements HTTP/1.1
User-Agent: selenium/4.1.2 (java windows)
Content-Length: 102
Content-Type: application/json; charset=utf-8
host: localhost:59242
accept: */*

Response DefaultHttpResponse(decodeResult: success, version: HTTP/1.1)
HTTP/1.1 200 OK
Content-Type: application/json; charset=utf-8
cache-control: no-cache
content-length: 3803

23:18:29.431 [AsyncHttpClient-1-2] DEBUG org.asynchttpclient.netty.channel.ChannelManager - Adding key: http://localhost:59242 for channel [id: 0xf864d399, L:/127.0.0.1:63939 - R:localhost/127.0.0.1:59242]
23:18:29.433 [Forwarding findElements on session 067fb0df5f021f17fb59c8f7a2da734f to remote] DEBUG org.asynchttpclient.netty.request.NettyRequestSender - Using pooled Channel '[id: 0xf864d399, L:/127.0.0.1:63939 - R:localhost/127.0.0.1:59242]' for 'POST' to 'http://localhost:59242/session/067fb0df5f021f17fb59c8f7a2da734f/elements'
23:18:29.434 [Forwarding findElements on session 067fb0df5f021f17fb59c8f7a2da734f to remote] DEBUG org.asynchttpclient.netty.request.NettyRequestSender - Using open Channel [id: 0xf864d399, L:/127.0.0.1:63939 - R:localhost/127.0.0.1:59242] for POST '/session/067fb0df5f021f17fb59c8f7a2da734f/elements'
23:18:29.445 [AsyncHttpClient-1-2] DEBUG org.asynchttpclient.netty.handler.HttpHandler - 

Request DefaultHttpRequest(decodeResult: success, version: HTTP/1.1)
POST /session/067fb0df5f021f17fb59c8f7a2da734f/elements HTTP/1.1
User-Agent: selenium/4.1.2 (java windows)
Content-Length: 102
Content-Type: application/json; charset=utf-8
host: localhost:59242
accept: */*

Response DefaultHttpResponse(decodeResult: success, version: HTTP/1.1)
HTTP/1.1 200 OK
Content-Type: application/json; charset=utf-8
cache-control: no-cache
content-length: 3803

23:18:29.445 [AsyncHttpClient-1-2] DEBUG org.asynchttpclient.netty.channel.ChannelManager - Adding key: http://localhost:59242 for channel [id: 0xf864d399, L:/127.0.0.1:63939 - R:localhost/127.0.0.1:59242]
23:18:29.446 [Forwarding getElementText on session 067fb0df5f021f17fb59c8f7a2da734f to remote] DEBUG org.asynchttpclient.netty.request.NettyRequestSender - Using pooled Channel '[id: 0xf864d399, L:/127.0.0.1:63939 - R:localhost/127.0.0.1:59242]' for 'GET' to 'http://localhost:59242/session/067fb0df5f021f17fb59c8f7a2da734f/element/b5d4280b-4b28-4b0b-9ba9-d1923449f263/text'
23:18:29.447 [Forwarding getElementText on session 067fb0df5f021f17fb59c8f7a2da734f to remote] DEBUG org.asynchttpclient.netty.request.NettyRequestSender - Using open Channel [id: 0xf864d399, L:/127.0.0.1:63939 - R:localhost/127.0.0.1:59242] for GET '/session/067fb0df5f021f17fb59c8f7a2da734f/element/b5d4280b-4b28-4b0b-9ba9-d1923449f263/text'
23:18:29.455 [AsyncHttpClient-1-2] DEBUG org.asynchttpclient.netty.handler.HttpHandler - 

Request DefaultFullHttpRequest(decodeResult: success, version: HTTP/1.1, content: EmptyByteBufBE)
GET /session/067fb0df5f021f17fb59c8f7a2da734f/element/b5d4280b-4b28-4b0b-9ba9-d1923449f263/text HTTP/1.1
User-Agent: selenium/4.1.2 (java windows)
Cache-Control: no-cache
Content-Type: application/json; charset=utf-8
host: localhost:59242
accept: */*

Response DefaultHttpResponse(decodeResult: success, version: HTTP/1.1)
HTTP/1.1 200 OK
Content-Type: application/json; charset=utf-8
cache-control: no-cache
content-length: 61

23:18:29.455 [AsyncHttpClient-1-2] DEBUG org.asynchttpclient.netty.channel.ChannelManager - Adding key: http://localhost:59242 for channel [id: 0xf864d399, L:/127.0.0.1:63939 - R:localhost/127.0.0.1:59242]
23:18:29.457 [Forwarding findElements on session 067fb0df5f021f17fb59c8f7a2da734f to remote] DEBUG org.asynchttpclient.netty.request.NettyRequestSender - Using pooled Channel '[id: 0xf864d399, L:/127.0.0.1:63939 - R:localhost/127.0.0.1:59242]' for 'POST' to 'http://localhost:59242/session/067fb0df5f021f17fb59c8f7a2da734f/elements'
23:18:29.457 [Forwarding findElements on session 067fb0df5f021f17fb59c8f7a2da734f to remote] DEBUG org.asynchttpclient.netty.request.NettyRequestSender - Using open Channel [id: 0xf864d399, L:/127.0.0.1:63939 - R:localhost/127.0.0.1:59242] for POST '/session/067fb0df5f021f17fb59c8f7a2da734f/elements'
23:18:29.467 [AsyncHttpClient-1-2] DEBUG org.asynchttpclient.netty.handler.HttpHandler - 

Request DefaultHttpRequest(decodeResult: success, version: HTTP/1.1)
POST /session/067fb0df5f021f17fb59c8f7a2da734f/elements HTTP/1.1
User-Agent: selenium/4.1.2 (java windows)
Content-Length: 102
Content-Type: application/json; charset=utf-8
host: localhost:59242
accept: */*

Response DefaultHttpResponse(decodeResult: success, version: HTTP/1.1)
HTTP/1.1 200 OK
Content-Type: application/json; charset=utf-8
cache-control: no-cache
content-length: 3803

23:18:29.467 [AsyncHttpClient-1-2] DEBUG org.asynchttpclient.netty.channel.ChannelManager - Adding key: http://localhost:59242 for channel [id: 0xf864d399, L:/127.0.0.1:63939 - R:localhost/127.0.0.1:59242]
23:18:29.469 [Forwarding findElements on session 067fb0df5f021f17fb59c8f7a2da734f to remote] DEBUG org.asynchttpclient.netty.request.NettyRequestSender - Using pooled Channel '[id: 0xf864d399, L:/127.0.0.1:63939 - R:localhost/127.0.0.1:59242]' for 'POST' to 'http://localhost:59242/session/067fb0df5f021f17fb59c8f7a2da734f/elements'
23:18:29.469 [Forwarding findElements on session 067fb0df5f021f17fb59c8f7a2da734f to remote] DEBUG org.asynchttpclient.netty.request.NettyRequestSender - Using open Channel [id: 0xf864d399, L:/127.0.0.1:63939 - R:localhost/127.0.0.1:59242] for POST '/session/067fb0df5f021f17fb59c8f7a2da734f/elements'
23:18:29.479 [AsyncHttpClient-1-2] DEBUG org.asynchttpclient.netty.handler.HttpHandler - 

Request DefaultHttpRequest(decodeResult: success, version: HTTP/1.1)
POST /session/067fb0df5f021f17fb59c8f7a2da734f/elements HTTP/1.1
User-Agent: selenium/4.1.2 (java windows)
Content-Length: 102
Content-Type: application/json; charset=utf-8
host: localhost:59242
accept: */*

Response DefaultHttpResponse(decodeResult: success, version: HTTP/1.1)
HTTP/1.1 200 OK
Content-Type: application/json; charset=utf-8
cache-control: no-cache
content-length: 3803

23:18:29.479 [AsyncHttpClient-1-2] DEBUG org.asynchttpclient.netty.channel.ChannelManager - Adding key: http://localhost:59242 for channel [id: 0xf864d399, L:/127.0.0.1:63939 - R:localhost/127.0.0.1:59242]
23:18:29.481 [Forwarding getElementText on session 067fb0df5f021f17fb59c8f7a2da734f to remote] DEBUG org.asynchttpclient.netty.request.NettyRequestSender - Using pooled Channel '[id: 0xf864d399, L:/127.0.0.1:63939 - R:localhost/127.0.0.1:59242]' for 'GET' to 'http://localhost:59242/session/067fb0df5f021f17fb59c8f7a2da734f/element/b960b026-948e-4245-946e-855760b687bf/text'
23:18:29.481 [Forwarding getElementText on session 067fb0df5f021f17fb59c8f7a2da734f to remote] DEBUG org.asynchttpclient.netty.request.NettyRequestSender - Using open Channel [id: 0xf864d399, L:/127.0.0.1:63939 - R:localhost/127.0.0.1:59242] for GET '/session/067fb0df5f021f17fb59c8f7a2da734f/element/b960b026-948e-4245-946e-855760b687bf/text'
23:18:29.490 [AsyncHttpClient-1-2] DEBUG org.asynchttpclient.netty.handler.HttpHandler - 

Request DefaultFullHttpRequest(decodeResult: success, version: HTTP/1.1, content: EmptyByteBufBE)
GET /session/067fb0df5f021f17fb59c8f7a2da734f/element/b960b026-948e-4245-946e-855760b687bf/text HTTP/1.1
User-Agent: selenium/4.1.2 (java windows)
Cache-Control: no-cache
Content-Type: application/json; charset=utf-8
host: localhost:59242
accept: */*

Response DefaultHttpResponse(decodeResult: success, version: HTTP/1.1)
HTTP/1.1 200 OK
Content-Type: application/json; charset=utf-8
cache-control: no-cache
content-length: 60

23:18:29.490 [AsyncHttpClient-1-2] DEBUG org.asynchttpclient.netty.channel.ChannelManager - Adding key: http://localhost:59242 for channel [id: 0xf864d399, L:/127.0.0.1:63939 - R:localhost/127.0.0.1:59242]
23:18:29.491 [Forwarding findElements on session 067fb0df5f021f17fb59c8f7a2da734f to remote] DEBUG org.asynchttpclient.netty.request.NettyRequestSender - Using pooled Channel '[id: 0xf864d399, L:/127.0.0.1:63939 - R:localhost/127.0.0.1:59242]' for 'POST' to 'http://localhost:59242/session/067fb0df5f021f17fb59c8f7a2da734f/elements'
23:18:29.491 [Forwarding findElements on session 067fb0df5f021f17fb59c8f7a2da734f to remote] DEBUG org.asynchttpclient.netty.request.NettyRequestSender - Using open Channel [id: 0xf864d399, L:/127.0.0.1:63939 - R:localhost/127.0.0.1:59242] for POST '/session/067fb0df5f021f17fb59c8f7a2da734f/elements'
23:18:29.501 [AsyncHttpClient-1-2] DEBUG org.asynchttpclient.netty.handler.HttpHandler - 

Request DefaultHttpRequest(decodeResult: success, version: HTTP/1.1)
POST /session/067fb0df5f021f17fb59c8f7a2da734f/elements HTTP/1.1
User-Agent: selenium/4.1.2 (java windows)
Content-Length: 102
Content-Type: application/json; charset=utf-8
host: localhost:59242
accept: */*

Response DefaultHttpResponse(decodeResult: success, version: HTTP/1.1)
HTTP/1.1 200 OK
Content-Type: application/json; charset=utf-8
cache-control: no-cache
content-length: 3803

23:18:29.501 [AsyncHttpClient-1-2] DEBUG org.asynchttpclient.netty.channel.ChannelManager - Adding key: http://localhost:59242 for channel [id: 0xf864d399, L:/127.0.0.1:63939 - R:localhost/127.0.0.1:59242]
23:18:29.503 [Forwarding findElements on session 067fb0df5f021f17fb59c8f7a2da734f to remote] DEBUG org.asynchttpclient.netty.request.NettyRequestSender - Using pooled Channel '[id: 0xf864d399, L:/127.0.0.1:63939 - R:localhost/127.0.0.1:59242]' for 'POST' to 'http://localhost:59242/session/067fb0df5f021f17fb59c8f7a2da734f/elements'
23:18:29.503 [Forwarding findElements on session 067fb0df5f021f17fb59c8f7a2da734f to remote] DEBUG org.asynchttpclient.netty.request.NettyRequestSender - Using open Channel [id: 0xf864d399, L:/127.0.0.1:63939 - R:localhost/127.0.0.1:59242] for POST '/session/067fb0df5f021f17fb59c8f7a2da734f/elements'
23:18:29.514 [AsyncHttpClient-1-2] DEBUG org.asynchttpclient.netty.handler.HttpHandler - 

Request DefaultHttpRequest(decodeResult: success, version: HTTP/1.1)
POST /session/067fb0df5f021f17fb59c8f7a2da734f/elements HTTP/1.1
User-Agent: selenium/4.1.2 (java windows)
Content-Length: 102
Content-Type: application/json; charset=utf-8
host: localhost:59242
accept: */*

Response DefaultHttpResponse(decodeResult: success, version: HTTP/1.1)
HTTP/1.1 200 OK
Content-Type: application/json; charset=utf-8
cache-control: no-cache
content-length: 3803

23:18:29.514 [AsyncHttpClient-1-2] DEBUG org.asynchttpclient.netty.channel.ChannelManager - Adding key: http://localhost:59242 for channel [id: 0xf864d399, L:/127.0.0.1:63939 - R:localhost/127.0.0.1:59242]
23:18:29.516 [Forwarding getElementText on session 067fb0df5f021f17fb59c8f7a2da734f to remote] DEBUG org.asynchttpclient.netty.request.NettyRequestSender - Using pooled Channel '[id: 0xf864d399, L:/127.0.0.1:63939 - R:localhost/127.0.0.1:59242]' for 'GET' to 'http://localhost:59242/session/067fb0df5f021f17fb59c8f7a2da734f/element/e8d67a96-ba75-4d23-b115-45066b15c613/text'
23:18:29.516 [Forwarding getElementText on session 067fb0df5f021f17fb59c8f7a2da734f to remote] DEBUG org.asynchttpclient.netty.request.NettyRequestSender - Using open Channel [id: 0xf864d399, L:/127.0.0.1:63939 - R:localhost/127.0.0.1:59242] for GET '/session/067fb0df5f021f17fb59c8f7a2da734f/element/e8d67a96-ba75-4d23-b115-45066b15c613/text'
23:18:29.525 [AsyncHttpClient-1-2] DEBUG org.asynchttpclient.netty.handler.HttpHandler - 

Request DefaultFullHttpRequest(decodeResult: success, version: HTTP/1.1, content: EmptyByteBufBE)
GET /session/067fb0df5f021f17fb59c8f7a2da734f/element/e8d67a96-ba75-4d23-b115-45066b15c613/text HTTP/1.1
User-Agent: selenium/4.1.2 (java windows)
Cache-Control: no-cache
Content-Type: application/json; charset=utf-8
host: localhost:59242
accept: */*

Response DefaultHttpResponse(decodeResult: success, version: HTTP/1.1)
HTTP/1.1 200 OK
Content-Type: application/json; charset=utf-8
cache-control: no-cache
content-length: 62

23:18:29.525 [AsyncHttpClient-1-2] DEBUG org.asynchttpclient.netty.channel.ChannelManager - Adding key: http://localhost:59242 for channel [id: 0xf864d399, L:/127.0.0.1:63939 - R:localhost/127.0.0.1:59242]
23:18:29.526 [Forwarding findElements on session 067fb0df5f021f17fb59c8f7a2da734f to remote] DEBUG org.asynchttpclient.netty.request.NettyRequestSender - Using pooled Channel '[id: 0xf864d399, L:/127.0.0.1:63939 - R:localhost/127.0.0.1:59242]' for 'POST' to 'http://localhost:59242/session/067fb0df5f021f17fb59c8f7a2da734f/elements'
23:18:29.526 [Forwarding findElements on session 067fb0df5f021f17fb59c8f7a2da734f to remote] DEBUG org.asynchttpclient.netty.request.NettyRequestSender - Using open Channel [id: 0xf864d399, L:/127.0.0.1:63939 - R:localhost/127.0.0.1:59242] for POST '/session/067fb0df5f021f17fb59c8f7a2da734f/elements'
23:18:29.540 [AsyncHttpClient-1-2] DEBUG org.asynchttpclient.netty.handler.HttpHandler - 

Request DefaultHttpRequest(decodeResult: success, version: HTTP/1.1)
POST /session/067fb0df5f021f17fb59c8f7a2da734f/elements HTTP/1.1
User-Agent: selenium/4.1.2 (java windows)
Content-Length: 102
Content-Type: application/json; charset=utf-8
host: localhost:59242
accept: */*

Response DefaultHttpResponse(decodeResult: success, version: HTTP/1.1)
HTTP/1.1 200 OK
Content-Type: application/json; charset=utf-8
cache-control: no-cache
content-length: 3803

23:18:29.540 [AsyncHttpClient-1-2] DEBUG org.asynchttpclient.netty.channel.ChannelManager - Adding key: http://localhost:59242 for channel [id: 0xf864d399, L:/127.0.0.1:63939 - R:localhost/127.0.0.1:59242]
23:18:29.542 [Forwarding findElements on session 067fb0df5f021f17fb59c8f7a2da734f to remote] DEBUG org.asynchttpclient.netty.request.NettyRequestSender - Using pooled Channel '[id: 0xf864d399, L:/127.0.0.1:63939 - R:localhost/127.0.0.1:59242]' for 'POST' to 'http://localhost:59242/session/067fb0df5f021f17fb59c8f7a2da734f/elements'
23:18:29.542 [Forwarding findElements on session 067fb0df5f021f17fb59c8f7a2da734f to remote] DEBUG org.asynchttpclient.netty.request.NettyRequestSender - Using open Channel [id: 0xf864d399, L:/127.0.0.1:63939 - R:localhost/127.0.0.1:59242] for POST '/session/067fb0df5f021f17fb59c8f7a2da734f/elements'
23:18:29.555 [AsyncHttpClient-1-2] DEBUG org.asynchttpclient.netty.handler.HttpHandler - 

Request DefaultHttpRequest(decodeResult: success, version: HTTP/1.1)
POST /session/067fb0df5f021f17fb59c8f7a2da734f/elements HTTP/1.1
User-Agent: selenium/4.1.2 (java windows)
Content-Length: 102
Content-Type: application/json; charset=utf-8
host: localhost:59242
accept: */*

Response DefaultHttpResponse(decodeResult: success, version: HTTP/1.1)
HTTP/1.1 200 OK
Content-Type: application/json; charset=utf-8
cache-control: no-cache
content-length: 3803

23:18:29.556 [AsyncHttpClient-1-2] DEBUG org.asynchttpclient.netty.channel.ChannelManager - Adding key: http://localhost:59242 for channel [id: 0xf864d399, L:/127.0.0.1:63939 - R:localhost/127.0.0.1:59242]
23:18:29.558 [Forwarding getElementText on session 067fb0df5f021f17fb59c8f7a2da734f to remote] DEBUG org.asynchttpclient.netty.request.NettyRequestSender - Using pooled Channel '[id: 0xf864d399, L:/127.0.0.1:63939 - R:localhost/127.0.0.1:59242]' for 'GET' to 'http://localhost:59242/session/067fb0df5f021f17fb59c8f7a2da734f/element/8ad5bf9f-1564-4b0e-9e70-278bb54a8324/text'
23:18:29.558 [Forwarding getElementText on session 067fb0df5f021f17fb59c8f7a2da734f to remote] DEBUG org.asynchttpclient.netty.request.NettyRequestSender - Using open Channel [id: 0xf864d399, L:/127.0.0.1:63939 - R:localhost/127.0.0.1:59242] for GET '/session/067fb0df5f021f17fb59c8f7a2da734f/element/8ad5bf9f-1564-4b0e-9e70-278bb54a8324/text'
23:18:29.570 [AsyncHttpClient-1-2] DEBUG org.asynchttpclient.netty.handler.HttpHandler - 

Request DefaultFullHttpRequest(decodeResult: success, version: HTTP/1.1, content: EmptyByteBufBE)
GET /session/067fb0df5f021f17fb59c8f7a2da734f/element/8ad5bf9f-1564-4b0e-9e70-278bb54a8324/text HTTP/1.1
User-Agent: selenium/4.1.2 (java windows)
Cache-Control: no-cache
Content-Type: application/json; charset=utf-8
host: localhost:59242
accept: */*

Response DefaultHttpResponse(decodeResult: success, version: HTTP/1.1)
HTTP/1.1 200 OK
Content-Type: application/json; charset=utf-8
cache-control: no-cache
content-length: 66

23:18:29.570 [AsyncHttpClient-1-2] DEBUG org.asynchttpclient.netty.channel.ChannelManager - Adding key: http://localhost:59242 for channel [id: 0xf864d399, L:/127.0.0.1:63939 - R:localhost/127.0.0.1:59242]
23:18:29.571 [Forwarding findElements on session 067fb0df5f021f17fb59c8f7a2da734f to remote] DEBUG org.asynchttpclient.netty.request.NettyRequestSender - Using pooled Channel '[id: 0xf864d399, L:/127.0.0.1:63939 - R:localhost/127.0.0.1:59242]' for 'POST' to 'http://localhost:59242/session/067fb0df5f021f17fb59c8f7a2da734f/elements'
23:18:29.571 [Forwarding findElements on session 067fb0df5f021f17fb59c8f7a2da734f to remote] DEBUG org.asynchttpclient.netty.request.NettyRequestSender - Using open Channel [id: 0xf864d399, L:/127.0.0.1:63939 - R:localhost/127.0.0.1:59242] for POST '/session/067fb0df5f021f17fb59c8f7a2da734f/elements'
23:18:29.584 [AsyncHttpClient-1-2] DEBUG org.asynchttpclient.netty.handler.HttpHandler - 

Request DefaultHttpRequest(decodeResult: success, version: HTTP/1.1)
POST /session/067fb0df5f021f17fb59c8f7a2da734f/elements HTTP/1.1
User-Agent: selenium/4.1.2 (java windows)
Content-Length: 102
Content-Type: application/json; charset=utf-8
host: localhost:59242
accept: */*

Response DefaultHttpResponse(decodeResult: success, version: HTTP/1.1)
HTTP/1.1 200 OK
Content-Type: application/json; charset=utf-8
cache-control: no-cache
content-length: 3803

23:18:29.584 [AsyncHttpClient-1-2] DEBUG org.asynchttpclient.netty.channel.ChannelManager - Adding key: http://localhost:59242 for channel [id: 0xf864d399, L:/127.0.0.1:63939 - R:localhost/127.0.0.1:59242]
23:18:29.588 [Forwarding findElements on session 067fb0df5f021f17fb59c8f7a2da734f to remote] DEBUG org.asynchttpclient.netty.request.NettyRequestSender - Using pooled Channel '[id: 0xf864d399, L:/127.0.0.1:63939 - R:localhost/127.0.0.1:59242]' for 'POST' to 'http://localhost:59242/session/067fb0df5f021f17fb59c8f7a2da734f/elements'
23:18:29.588 [Forwarding findElements on session 067fb0df5f021f17fb59c8f7a2da734f to remote] DEBUG org.asynchttpclient.netty.request.NettyRequestSender - Using open Channel [id: 0xf864d399, L:/127.0.0.1:63939 - R:localhost/127.0.0.1:59242] for POST '/session/067fb0df5f021f17fb59c8f7a2da734f/elements'
23:18:29.603 [AsyncHttpClient-1-2] DEBUG org.asynchttpclient.netty.handler.HttpHandler - 

Request DefaultHttpRequest(decodeResult: success, version: HTTP/1.1)
POST /session/067fb0df5f021f17fb59c8f7a2da734f/elements HTTP/1.1
User-Agent: selenium/4.1.2 (java windows)
Content-Length: 102
Content-Type: application/json; charset=utf-8
host: localhost:59242
accept: */*

Response DefaultHttpResponse(decodeResult: success, version: HTTP/1.1)
HTTP/1.1 200 OK
Content-Type: application/json; charset=utf-8
cache-control: no-cache
content-length: 3803

23:18:29.603 [AsyncHttpClient-1-2] DEBUG org.asynchttpclient.netty.channel.ChannelManager - Adding key: http://localhost:59242 for channel [id: 0xf864d399, L:/127.0.0.1:63939 - R:localhost/127.0.0.1:59242]
23:18:29.606 [Forwarding getElementText on session 067fb0df5f021f17fb59c8f7a2da734f to remote] DEBUG org.asynchttpclient.netty.request.NettyRequestSender - Using pooled Channel '[id: 0xf864d399, L:/127.0.0.1:63939 - R:localhost/127.0.0.1:59242]' for 'GET' to 'http://localhost:59242/session/067fb0df5f021f17fb59c8f7a2da734f/element/3729c24f-e6ec-41a3-9da9-9e69f4ec471e/text'
23:18:29.606 [Forwarding getElementText on session 067fb0df5f021f17fb59c8f7a2da734f to remote] DEBUG org.asynchttpclient.netty.request.NettyRequestSender - Using open Channel [id: 0xf864d399, L:/127.0.0.1:63939 - R:localhost/127.0.0.1:59242] for GET '/session/067fb0df5f021f17fb59c8f7a2da734f/element/3729c24f-e6ec-41a3-9da9-9e69f4ec471e/text'
23:18:29.616 [AsyncHttpClient-1-2] DEBUG org.asynchttpclient.netty.handler.HttpHandler - 

Request DefaultFullHttpRequest(decodeResult: success, version: HTTP/1.1, content: EmptyByteBufBE)
GET /session/067fb0df5f021f17fb59c8f7a2da734f/element/3729c24f-e6ec-41a3-9da9-9e69f4ec471e/text HTTP/1.1
User-Agent: selenium/4.1.2 (java windows)
Cache-Control: no-cache
Content-Type: application/json; charset=utf-8
host: localhost:59242
accept: */*

Response DefaultHttpResponse(decodeResult: success, version: HTTP/1.1)
HTTP/1.1 200 OK
Content-Type: application/json; charset=utf-8
cache-control: no-cache
content-length: 62

23:18:29.619 [AsyncHttpClient-1-2] DEBUG org.asynchttpclient.netty.channel.ChannelManager - Adding key: http://localhost:59242 for channel [id: 0xf864d399, L:/127.0.0.1:63939 - R:localhost/127.0.0.1:59242]
23:18:29.621 [Forwarding findElements on session 067fb0df5f021f17fb59c8f7a2da734f to remote] DEBUG org.asynchttpclient.netty.request.NettyRequestSender - Using pooled Channel '[id: 0xf864d399, L:/127.0.0.1:63939 - R:localhost/127.0.0.1:59242]' for 'POST' to 'http://localhost:59242/session/067fb0df5f021f17fb59c8f7a2da734f/elements'
23:18:29.621 [Forwarding findElements on session 067fb0df5f021f17fb59c8f7a2da734f to remote] DEBUG org.asynchttpclient.netty.request.NettyRequestSender - Using open Channel [id: 0xf864d399, L:/127.0.0.1:63939 - R:localhost/127.0.0.1:59242] for POST '/session/067fb0df5f021f17fb59c8f7a2da734f/elements'
23:18:29.632 [AsyncHttpClient-1-2] DEBUG org.asynchttpclient.netty.handler.HttpHandler - 

Request DefaultHttpRequest(decodeResult: success, version: HTTP/1.1)
POST /session/067fb0df5f021f17fb59c8f7a2da734f/elements HTTP/1.1
User-Agent: selenium/4.1.2 (java windows)
Content-Length: 102
Content-Type: application/json; charset=utf-8
host: localhost:59242
accept: */*

Response DefaultHttpResponse(decodeResult: success, version: HTTP/1.1)
HTTP/1.1 200 OK
Content-Type: application/json; charset=utf-8
cache-control: no-cache
content-length: 3803

23:18:29.632 [AsyncHttpClient-1-2] DEBUG org.asynchttpclient.netty.channel.ChannelManager - Adding key: http://localhost:59242 for channel [id: 0xf864d399, L:/127.0.0.1:63939 - R:localhost/127.0.0.1:59242]
23:18:29.635 [Forwarding findElements on session 067fb0df5f021f17fb59c8f7a2da734f to remote] DEBUG org.asynchttpclient.netty.request.NettyRequestSender - Using pooled Channel '[id: 0xf864d399, L:/127.0.0.1:63939 - R:localhost/127.0.0.1:59242]' for 'POST' to 'http://localhost:59242/session/067fb0df5f021f17fb59c8f7a2da734f/elements'
23:18:29.635 [Forwarding findElements on session 067fb0df5f021f17fb59c8f7a2da734f to remote] DEBUG org.asynchttpclient.netty.request.NettyRequestSender - Using open Channel [id: 0xf864d399, L:/127.0.0.1:63939 - R:localhost/127.0.0.1:59242] for POST '/session/067fb0df5f021f17fb59c8f7a2da734f/elements'
23:18:29.646 [AsyncHttpClient-1-2] DEBUG org.asynchttpclient.netty.handler.HttpHandler - 

Request DefaultHttpRequest(decodeResult: success, version: HTTP/1.1)
POST /session/067fb0df5f021f17fb59c8f7a2da734f/elements HTTP/1.1
User-Agent: selenium/4.1.2 (java windows)
Content-Length: 102
Content-Type: application/json; charset=utf-8
host: localhost:59242
accept: */*

Response DefaultHttpResponse(decodeResult: success, version: HTTP/1.1)
HTTP/1.1 200 OK
Content-Type: application/json; charset=utf-8
cache-control: no-cache
content-length: 3803

23:18:29.646 [AsyncHttpClient-1-2] DEBUG org.asynchttpclient.netty.channel.ChannelManager - Adding key: http://localhost:59242 for channel [id: 0xf864d399, L:/127.0.0.1:63939 - R:localhost/127.0.0.1:59242]
23:18:29.648 [Forwarding getElementText on session 067fb0df5f021f17fb59c8f7a2da734f to remote] DEBUG org.asynchttpclient.netty.request.NettyRequestSender - Using pooled Channel '[id: 0xf864d399, L:/127.0.0.1:63939 - R:localhost/127.0.0.1:59242]' for 'GET' to 'http://localhost:59242/session/067fb0df5f021f17fb59c8f7a2da734f/element/82c9a492-542b-45c4-9f0f-6103e360341c/text'
23:18:29.649 [Forwarding getElementText on session 067fb0df5f021f17fb59c8f7a2da734f to remote] DEBUG org.asynchttpclient.netty.request.NettyRequestSender - Using open Channel [id: 0xf864d399, L:/127.0.0.1:63939 - R:localhost/127.0.0.1:59242] for GET '/session/067fb0df5f021f17fb59c8f7a2da734f/element/82c9a492-542b-45c4-9f0f-6103e360341c/text'
23:18:29.658 [AsyncHttpClient-1-2] DEBUG org.asynchttpclient.netty.handler.HttpHandler - 

Request DefaultFullHttpRequest(decodeResult: success, version: HTTP/1.1, content: EmptyByteBufBE)
GET /session/067fb0df5f021f17fb59c8f7a2da734f/element/82c9a492-542b-45c4-9f0f-6103e360341c/text HTTP/1.1
User-Agent: selenium/4.1.2 (java windows)
Cache-Control: no-cache
Content-Type: application/json; charset=utf-8
host: localhost:59242
accept: */*

Response DefaultHttpResponse(decodeResult: success, version: HTTP/1.1)
HTTP/1.1 200 OK
Content-Type: application/json; charset=utf-8
cache-control: no-cache
content-length: 64

23:18:29.658 [AsyncHttpClient-1-2] DEBUG org.asynchttpclient.netty.channel.ChannelManager - Adding key: http://localhost:59242 for channel [id: 0xf864d399, L:/127.0.0.1:63939 - R:localhost/127.0.0.1:59242]
23:18:29.659 [Forwarding findElements on session 067fb0df5f021f17fb59c8f7a2da734f to remote] DEBUG org.asynchttpclient.netty.request.NettyRequestSender - Using pooled Channel '[id: 0xf864d399, L:/127.0.0.1:63939 - R:localhost/127.0.0.1:59242]' for 'POST' to 'http://localhost:59242/session/067fb0df5f021f17fb59c8f7a2da734f/elements'
23:18:29.659 [Forwarding findElements on session 067fb0df5f021f17fb59c8f7a2da734f to remote] DEBUG org.asynchttpclient.netty.request.NettyRequestSender - Using open Channel [id: 0xf864d399, L:/127.0.0.1:63939 - R:localhost/127.0.0.1:59242] for POST '/session/067fb0df5f021f17fb59c8f7a2da734f/elements'
23:18:29.670 [AsyncHttpClient-1-2] DEBUG org.asynchttpclient.netty.handler.HttpHandler - 

Request DefaultHttpRequest(decodeResult: success, version: HTTP/1.1)
POST /session/067fb0df5f021f17fb59c8f7a2da734f/elements HTTP/1.1
User-Agent: selenium/4.1.2 (java windows)
Content-Length: 102
Content-Type: application/json; charset=utf-8
host: localhost:59242
accept: */*

Response DefaultHttpResponse(decodeResult: success, version: HTTP/1.1)
HTTP/1.1 200 OK
Content-Type: application/json; charset=utf-8
cache-control: no-cache
content-length: 3803

23:18:29.671 [AsyncHttpClient-1-2] DEBUG org.asynchttpclient.netty.channel.ChannelManager - Adding key: http://localhost:59242 for channel [id: 0xf864d399, L:/127.0.0.1:63939 - R:localhost/127.0.0.1:59242]
23:18:29.673 [Forwarding findElements on session 067fb0df5f021f17fb59c8f7a2da734f to remote] DEBUG org.asynchttpclient.netty.request.NettyRequestSender - Using pooled Channel '[id: 0xf864d399, L:/127.0.0.1:63939 - R:localhost/127.0.0.1:59242]' for 'POST' to 'http://localhost:59242/session/067fb0df5f021f17fb59c8f7a2da734f/elements'
23:18:29.673 [Forwarding findElements on session 067fb0df5f021f17fb59c8f7a2da734f to remote] DEBUG org.asynchttpclient.netty.request.NettyRequestSender - Using open Channel [id: 0xf864d399, L:/127.0.0.1:63939 - R:localhost/127.0.0.1:59242] for POST '/session/067fb0df5f021f17fb59c8f7a2da734f/elements'
23:18:29.682 [AsyncHttpClient-1-2] DEBUG org.asynchttpclient.netty.handler.HttpHandler - 

Request DefaultHttpRequest(decodeResult: success, version: HTTP/1.1)
POST /session/067fb0df5f021f17fb59c8f7a2da734f/elements HTTP/1.1
User-Agent: selenium/4.1.2 (java windows)
Content-Length: 102
Content-Type: application/json; charset=utf-8
host: localhost:59242
accept: */*

Response DefaultHttpResponse(decodeResult: success, version: HTTP/1.1)
HTTP/1.1 200 OK
Content-Type: application/json; charset=utf-8
cache-control: no-cache
content-length: 3803

23:18:29.682 [AsyncHttpClient-1-2] DEBUG org.asynchttpclient.netty.channel.ChannelManager - Adding key: http://localhost:59242 for channel [id: 0xf864d399, L:/127.0.0.1:63939 - R:localhost/127.0.0.1:59242]
23:18:29.684 [Forwarding getElementText on session 067fb0df5f021f17fb59c8f7a2da734f to remote] DEBUG org.asynchttpclient.netty.request.NettyRequestSender - Using pooled Channel '[id: 0xf864d399, L:/127.0.0.1:63939 - R:localhost/127.0.0.1:59242]' for 'GET' to 'http://localhost:59242/session/067fb0df5f021f17fb59c8f7a2da734f/element/3d2563e2-3cbb-477e-bb60-0134f893eea1/text'
23:18:29.684 [Forwarding getElementText on session 067fb0df5f021f17fb59c8f7a2da734f to remote] DEBUG org.asynchttpclient.netty.request.NettyRequestSender - Using open Channel [id: 0xf864d399, L:/127.0.0.1:63939 - R:localhost/127.0.0.1:59242] for GET '/session/067fb0df5f021f17fb59c8f7a2da734f/element/3d2563e2-3cbb-477e-bb60-0134f893eea1/text'
23:18:29.693 [AsyncHttpClient-1-2] DEBUG org.asynchttpclient.netty.handler.HttpHandler - 

Request DefaultFullHttpRequest(decodeResult: success, version: HTTP/1.1, content: EmptyByteBufBE)
GET /session/067fb0df5f021f17fb59c8f7a2da734f/element/3d2563e2-3cbb-477e-bb60-0134f893eea1/text HTTP/1.1
User-Agent: selenium/4.1.2 (java windows)
Cache-Control: no-cache
Content-Type: application/json; charset=utf-8
host: localhost:59242
accept: */*

Response DefaultHttpResponse(decodeResult: success, version: HTTP/1.1)
HTTP/1.1 200 OK
Content-Type: application/json; charset=utf-8
cache-control: no-cache
content-length: 63

23:18:29.693 [AsyncHttpClient-1-2] DEBUG org.asynchttpclient.netty.channel.ChannelManager - Adding key: http://localhost:59242 for channel [id: 0xf864d399, L:/127.0.0.1:63939 - R:localhost/127.0.0.1:59242]
23:18:29.694 [Forwarding findElements on session 067fb0df5f021f17fb59c8f7a2da734f to remote] DEBUG org.asynchttpclient.netty.request.NettyRequestSender - Using pooled Channel '[id: 0xf864d399, L:/127.0.0.1:63939 - R:localhost/127.0.0.1:59242]' for 'POST' to 'http://localhost:59242/session/067fb0df5f021f17fb59c8f7a2da734f/elements'
23:18:29.694 [Forwarding findElements on session 067fb0df5f021f17fb59c8f7a2da734f to remote] DEBUG org.asynchttpclient.netty.request.NettyRequestSender - Using open Channel [id: 0xf864d399, L:/127.0.0.1:63939 - R:localhost/127.0.0.1:59242] for POST '/session/067fb0df5f021f17fb59c8f7a2da734f/elements'
23:18:29.704 [AsyncHttpClient-1-2] DEBUG org.asynchttpclient.netty.handler.HttpHandler - 

Request DefaultHttpRequest(decodeResult: success, version: HTTP/1.1)
POST /session/067fb0df5f021f17fb59c8f7a2da734f/elements HTTP/1.1
User-Agent: selenium/4.1.2 (java windows)
Content-Length: 102
Content-Type: application/json; charset=utf-8
host: localhost:59242
accept: */*

Response DefaultHttpResponse(decodeResult: success, version: HTTP/1.1)
HTTP/1.1 200 OK
Content-Type: application/json; charset=utf-8
cache-control: no-cache
content-length: 3803

23:18:29.704 [AsyncHttpClient-1-2] DEBUG org.asynchttpclient.netty.channel.ChannelManager - Adding key: http://localhost:59242 for channel [id: 0xf864d399, L:/127.0.0.1:63939 - R:localhost/127.0.0.1:59242]
23:18:29.706 [Forwarding findElements on session 067fb0df5f021f17fb59c8f7a2da734f to remote] DEBUG org.asynchttpclient.netty.request.NettyRequestSender - Using pooled Channel '[id: 0xf864d399, L:/127.0.0.1:63939 - R:localhost/127.0.0.1:59242]' for 'POST' to 'http://localhost:59242/session/067fb0df5f021f17fb59c8f7a2da734f/elements'
23:18:29.706 [Forwarding findElements on session 067fb0df5f021f17fb59c8f7a2da734f to remote] DEBUG org.asynchttpclient.netty.request.NettyRequestSender - Using open Channel [id: 0xf864d399, L:/127.0.0.1:63939 - R:localhost/127.0.0.1:59242] for POST '/session/067fb0df5f021f17fb59c8f7a2da734f/elements'
23:18:29.716 [AsyncHttpClient-1-2] DEBUG org.asynchttpclient.netty.handler.HttpHandler - 

Request DefaultHttpRequest(decodeResult: success, version: HTTP/1.1)
POST /session/067fb0df5f021f17fb59c8f7a2da734f/elements HTTP/1.1
User-Agent: selenium/4.1.2 (java windows)
Content-Length: 102
Content-Type: application/json; charset=utf-8
host: localhost:59242
accept: */*

Response DefaultHttpResponse(decodeResult: success, version: HTTP/1.1)
HTTP/1.1 200 OK
Content-Type: application/json; charset=utf-8
cache-control: no-cache
content-length: 3803

23:18:29.716 [AsyncHttpClient-1-2] DEBUG org.asynchttpclient.netty.channel.ChannelManager - Adding key: http://localhost:59242 for channel [id: 0xf864d399, L:/127.0.0.1:63939 - R:localhost/127.0.0.1:59242]
23:18:29.718 [Forwarding getElementText on session 067fb0df5f021f17fb59c8f7a2da734f to remote] DEBUG org.asynchttpclient.netty.request.NettyRequestSender - Using pooled Channel '[id: 0xf864d399, L:/127.0.0.1:63939 - R:localhost/127.0.0.1:59242]' for 'GET' to 'http://localhost:59242/session/067fb0df5f021f17fb59c8f7a2da734f/element/03c04caf-efdf-40e1-b9c8-3a9855f9b928/text'
23:18:29.718 [Forwarding getElementText on session 067fb0df5f021f17fb59c8f7a2da734f to remote] DEBUG org.asynchttpclient.netty.request.NettyRequestSender - Using open Channel [id: 0xf864d399, L:/127.0.0.1:63939 - R:localhost/127.0.0.1:59242] for GET '/session/067fb0df5f021f17fb59c8f7a2da734f/element/03c04caf-efdf-40e1-b9c8-3a9855f9b928/text'
23:18:29.725 [AsyncHttpClient-1-2] DEBUG org.asynchttpclient.netty.handler.HttpHandler - 

Request DefaultFullHttpRequest(decodeResult: success, version: HTTP/1.1, content: EmptyByteBufBE)
GET /session/067fb0df5f021f17fb59c8f7a2da734f/element/03c04caf-efdf-40e1-b9c8-3a9855f9b928/text HTTP/1.1
User-Agent: selenium/4.1.2 (java windows)
Cache-Control: no-cache
Content-Type: application/json; charset=utf-8
host: localhost:59242
accept: */*

Response DefaultHttpResponse(decodeResult: success, version: HTTP/1.1)
HTTP/1.1 200 OK
Content-Type: application/json; charset=utf-8
cache-control: no-cache
content-length: 65

23:18:29.725 [AsyncHttpClient-1-2] DEBUG org.asynchttpclient.netty.channel.ChannelManager - Adding key: http://localhost:59242 for channel [id: 0xf864d399, L:/127.0.0.1:63939 - R:localhost/127.0.0.1:59242]
23:18:29.727 [Forwarding findElements on session 067fb0df5f021f17fb59c8f7a2da734f to remote] DEBUG org.asynchttpclient.netty.request.NettyRequestSender - Using pooled Channel '[id: 0xf864d399, L:/127.0.0.1:63939 - R:localhost/127.0.0.1:59242]' for 'POST' to 'http://localhost:59242/session/067fb0df5f021f17fb59c8f7a2da734f/elements'
23:18:29.727 [Forwarding findElements on session 067fb0df5f021f17fb59c8f7a2da734f to remote] DEBUG org.asynchttpclient.netty.request.NettyRequestSender - Using open Channel [id: 0xf864d399, L:/127.0.0.1:63939 - R:localhost/127.0.0.1:59242] for POST '/session/067fb0df5f021f17fb59c8f7a2da734f/elements'
23:18:29.736 [AsyncHttpClient-1-2] DEBUG org.asynchttpclient.netty.handler.HttpHandler - 

Request DefaultHttpRequest(decodeResult: success, version: HTTP/1.1)
POST /session/067fb0df5f021f17fb59c8f7a2da734f/elements HTTP/1.1
User-Agent: selenium/4.1.2 (java windows)
Content-Length: 102
Content-Type: application/json; charset=utf-8
host: localhost:59242
accept: */*

Response DefaultHttpResponse(decodeResult: success, version: HTTP/1.1)
HTTP/1.1 200 OK
Content-Type: application/json; charset=utf-8
cache-control: no-cache
content-length: 3803

23:18:29.737 [AsyncHttpClient-1-2] DEBUG org.asynchttpclient.netty.channel.ChannelManager - Adding key: http://localhost:59242 for channel [id: 0xf864d399, L:/127.0.0.1:63939 - R:localhost/127.0.0.1:59242]
23:18:29.739 [Forwarding findElements on session 067fb0df5f021f17fb59c8f7a2da734f to remote] DEBUG org.asynchttpclient.netty.request.NettyRequestSender - Using pooled Channel '[id: 0xf864d399, L:/127.0.0.1:63939 - R:localhost/127.0.0.1:59242]' for 'POST' to 'http://localhost:59242/session/067fb0df5f021f17fb59c8f7a2da734f/elements'
23:18:29.739 [Forwarding findElements on session 067fb0df5f021f17fb59c8f7a2da734f to remote] DEBUG org.asynchttpclient.netty.request.NettyRequestSender - Using open Channel [id: 0xf864d399, L:/127.0.0.1:63939 - R:localhost/127.0.0.1:59242] for POST '/session/067fb0df5f021f17fb59c8f7a2da734f/elements'
23:18:29.749 [AsyncHttpClient-1-2] DEBUG org.asynchttpclient.netty.handler.HttpHandler - 

Request DefaultHttpRequest(decodeResult: success, version: HTTP/1.1)
POST /session/067fb0df5f021f17fb59c8f7a2da734f/elements HTTP/1.1
User-Agent: selenium/4.1.2 (java windows)
Content-Length: 102
Content-Type: application/json; charset=utf-8
host: localhost:59242
accept: */*

Response DefaultHttpResponse(decodeResult: success, version: HTTP/1.1)
HTTP/1.1 200 OK
Content-Type: application/json; charset=utf-8
cache-control: no-cache
content-length: 3803

23:18:29.749 [AsyncHttpClient-1-2] DEBUG org.asynchttpclient.netty.channel.ChannelManager - Adding key: http://localhost:59242 for channel [id: 0xf864d399, L:/127.0.0.1:63939 - R:localhost/127.0.0.1:59242]
23:18:29.752 [Forwarding getElementText on session 067fb0df5f021f17fb59c8f7a2da734f to remote] DEBUG org.asynchttpclient.netty.request.NettyRequestSender - Using pooled Channel '[id: 0xf864d399, L:/127.0.0.1:63939 - R:localhost/127.0.0.1:59242]' for 'GET' to 'http://localhost:59242/session/067fb0df5f021f17fb59c8f7a2da734f/element/73fe6a30-40ae-4529-bb94-12a57e446d8e/text'
23:18:29.752 [Forwarding getElementText on session 067fb0df5f021f17fb59c8f7a2da734f to remote] DEBUG org.asynchttpclient.netty.request.NettyRequestSender - Using open Channel [id: 0xf864d399, L:/127.0.0.1:63939 - R:localhost/127.0.0.1:59242] for GET '/session/067fb0df5f021f17fb59c8f7a2da734f/element/73fe6a30-40ae-4529-bb94-12a57e446d8e/text'
23:18:29.760 [AsyncHttpClient-1-2] DEBUG org.asynchttpclient.netty.handler.HttpHandler - 

Request DefaultFullHttpRequest(decodeResult: success, version: HTTP/1.1, content: EmptyByteBufBE)
GET /session/067fb0df5f021f17fb59c8f7a2da734f/element/73fe6a30-40ae-4529-bb94-12a57e446d8e/text HTTP/1.1
User-Agent: selenium/4.1.2 (java windows)
Cache-Control: no-cache
Content-Type: application/json; charset=utf-8
host: localhost:59242
accept: */*

Response DefaultHttpResponse(decodeResult: success, version: HTTP/1.1)
HTTP/1.1 200 OK
Content-Type: application/json; charset=utf-8
cache-control: no-cache
content-length: 61

23:18:29.760 [AsyncHttpClient-1-2] DEBUG org.asynchttpclient.netty.channel.ChannelManager - Adding key: http://localhost:59242 for channel [id: 0xf864d399, L:/127.0.0.1:63939 - R:localhost/127.0.0.1:59242]
23:18:29.761 [Forwarding findElements on session 067fb0df5f021f17fb59c8f7a2da734f to remote] DEBUG org.asynchttpclient.netty.request.NettyRequestSender - Using pooled Channel '[id: 0xf864d399, L:/127.0.0.1:63939 - R:localhost/127.0.0.1:59242]' for 'POST' to 'http://localhost:59242/session/067fb0df5f021f17fb59c8f7a2da734f/elements'
23:18:29.761 [Forwarding findElements on session 067fb0df5f021f17fb59c8f7a2da734f to remote] DEBUG org.asynchttpclient.netty.request.NettyRequestSender - Using open Channel [id: 0xf864d399, L:/127.0.0.1:63939 - R:localhost/127.0.0.1:59242] for POST '/session/067fb0df5f021f17fb59c8f7a2da734f/elements'
23:18:29.772 [AsyncHttpClient-1-2] DEBUG org.asynchttpclient.netty.handler.HttpHandler - 

Request DefaultHttpRequest(decodeResult: success, version: HTTP/1.1)
POST /session/067fb0df5f021f17fb59c8f7a2da734f/elements HTTP/1.1
User-Agent: selenium/4.1.2 (java windows)
Content-Length: 102
Content-Type: application/json; charset=utf-8
host: localhost:59242
accept: */*

Response DefaultHttpResponse(decodeResult: success, version: HTTP/1.1)
HTTP/1.1 200 OK
Content-Type: application/json; charset=utf-8
cache-control: no-cache
content-length: 3803

23:18:29.773 [AsyncHttpClient-1-2] DEBUG org.asynchttpclient.netty.channel.ChannelManager - Adding key: http://localhost:59242 for channel [id: 0xf864d399, L:/127.0.0.1:63939 - R:localhost/127.0.0.1:59242]
]]></system-out>
  </testcase>
</testsuite>