<?xml version="1.0" encoding="UTF-8"?>
<!-- Generated by org.testng.reporters.JUnitReportReporter -->
<testsuite hostname="SanManu" failures="0" tests="1" name="PepperfryTests.ResultsPageTest" time="4.339" errors="0" timestamp="2022-04-27T01:19:23 CDT" skipped="0">
  <testcase classname="PepperfryTests.ResultsPageTest" name="test1" time="4.339"/>
  <system-out>
    <![CDATA[---------------------Ascending Order-----------
Bali 2 Seater Sofa In Velvet Blue Colour
Bali 3 Seater Sofa In Blue Colour
Bali 3 Seater Sofa In Grey Colour
Bali 3 Seater Sofa In Velvet Blue Colour
Bermuda Outdoor Sofa Set In Dark Brown Colour
Bliss 6 Seater LHS Sectional Sofa In Black & Grey Colour
Bliss 6 Seater LHS Sectional Sofa In Grey & Blue Colour
Bliss 6 Seater RHS Sectional Sofa In Black & Grey Colour
Bolt BedSide Table In Wenge Finish
Carter Tv Entertainment Unit In White & Walnut Colour
Comet Ergonomic Chair In Black & White Colour
Dillon Height Adjustable Study Table In Brown Colour
Duke Dining Chair In Butterscotch Colour
Duke Dining Chair In Grey Colour
Edo Sofa Cum Bed In Dark Blue Colour
Edo Sofa Cum Bed In Grey Colour
Fiji Outdoor Sofa Set In White Colour
Ken Sofa Cum Bed In Blue Colour
Ken Sofa Cum Bed In Brown Colour
Ken Sofa Cum Bed In Grey Colour
Ken Sofa Cum Bed In Pink Colour
Luke Single Door Wardrobe In Walnut Colour
Matrix High Back Ergonomic Chair In Black Colour
Matrix Torin High Back Ergonomic Chair In Black Colourby Trevi Furniture
Mono Mid Back Ergonomic Chair In Black Colour
Mono Mid Back Ergonomic Chair In White & Grey Colour
Norwica TV Unit In Acacia White Finish
Norwica TV Unit In Walnut Colour
Norwica TV Unit In Wenge Finish
Opulence Wing Chair In Multi Colour
Opulence Wing Chair In Multi Colour
Opulence Wing Chair In Multi Colour
Ozone 3 Door Wardrobe In Teak Finish
Sapphire Console Table In Brown Colour
Sigma Mid Back Ergonomic Chair In Black Colour
SpaceX High Back Executive Chair In Brown Colour
Spider High Back Ergonomic Chair In White Colour
Storedge 4 Tier Collapsible Shoe Rack
Sydney High Back Ergonomic Chair In Black Colour
Sydney High Back Ergonomic Chair In Blue & Grey Colour
Sydney High Back Ergonomic Chair In Grey Colour
Terry Workstation In Rustic Oak Finish
Thomas Wall Mounted Tv Unit In Wenge Finish
Thomas Wall Mounted Tv Unit In White & Wenge Finish
Tisha Open Book Shelf In White Colour
Victoria TV Unit In Walnut Finish
Wesley Study Table In Wenge Finish
Wesley Writing Table In Walnut Finish
---------------------Descending Order-----------
Wesley Writing Table In Walnut Finish
Wesley Study Table In Wenge Finish
Victoria TV Unit In Walnut Finish
Tisha Open Book Shelf In White Colour
Thomas Wall Mounted Tv Unit In White & Wenge Finish
Thomas Wall Mounted Tv Unit In Wenge Finish
Terry Workstation In Rustic Oak Finish
Sydney High Back Ergonomic Chair In Grey Colour
Sydney High Back Ergonomic Chair In Blue & Grey Colour
Sydney High Back Ergonomic Chair In Black Colour
Storedge 4 Tier Collapsible Shoe Rack
Spider High Back Ergonomic Chair In White Colour
SpaceX High Back Executive Chair In Brown Colour
Sigma Mid Back Ergonomic Chair In Black Colour
Sapphire Console Table In Brown Colour
Ozone 3 Door Wardrobe In Teak Finish
Opulence Wing Chair In Multi Colour
Opulence Wing Chair In Multi Colour
Opulence Wing Chair In Multi Colour
Norwica TV Unit In Wenge Finish
Norwica TV Unit In Walnut Colour
Norwica TV Unit In Acacia White Finish
Mono Mid Back Ergonomic Chair In White & Grey Colour
Mono Mid Back Ergonomic Chair In Black Colour
Matrix Torin High Back Ergonomic Chair In Black Colourby Trevi Furniture
Matrix High Back Ergonomic Chair In Black Colour
Luke Single Door Wardrobe In Walnut Colour
Ken Sofa Cum Bed In Pink Colour
Ken Sofa Cum Bed In Grey Colour
Ken Sofa Cum Bed In Brown Colour
Ken Sofa Cum Bed In Blue Colour
Fiji Outdoor Sofa Set In White Colour
Edo Sofa Cum Bed In Grey Colour
Edo Sofa Cum Bed In Dark Blue Colour
Duke Dining Chair In Grey Colour
Duke Dining Chair In Butterscotch Colour
Dillon Height Adjustable Study Table In Brown Colour
Comet Ergonomic Chair In Black & White Colour
Carter Tv Entertainment Unit In White & Walnut Colour
Bolt BedSide Table In Wenge Finish
Bliss 6 Seater RHS Sectional Sofa In Black & Grey Colour
Bliss 6 Seater LHS Sectional Sofa In Grey & Blue Colour
Bliss 6 Seater LHS Sectional Sofa In Black & Grey Colour
Bermuda Outdoor Sofa Set In Dark Brown Colour
Bali 3 Seater Sofa In Velvet Blue Colour
Bali 3 Seater Sofa In Grey Colour
Bali 3 Seater Sofa In Blue Colour
Bali 2 Seater Sofa In Velvet Blue Colour]]>
  </system-out>
</testsuite> <!-- PepperfryTests.ResultsPageTest -->
