<?xml version="1.0" encoding="UTF-8"?>
<!-- Generated by org.testng.reporters.JUnitReportReporter -->
<testsuite hostname="SanManu" failures="0" tests="1" name="Mavenprojects.MAVEN1.google" time="0.007" errors="0" timestamp="2022-02-23T21:23:56 CST" skipped="0">
  <testcase classname="Mavenprojects.MAVEN1.google" name="google" time="0.007"/>
  <system-out/>
</testsuite> <!-- Mavenprojects.MAVEN1.google -->
