<?xml version="1.0" encoding="UTF-8"?>
<!-- Generated by org.testng.reporters.JUnitReportReporter -->
<testsuite hostname="SanManu" failures="0" tests="2" name="PepperfryTests.HomePageTest" time="11.475" errors="0" timestamp="2022-04-27T01:19:23 CDT" skipped="0">
  <testcase classname="PepperfryTests.HomePageTest" name="test1" time="3.122"/>
  <system-out/>
  <testcase classname="PepperfryTests.HomePageTest" name="test2" time="8.353"/>
  <system-out/>
</testsuite> <!-- PepperfryTests.HomePageTest -->
