<?xml version="1.0" encoding="UTF-8"?>
<!-- Generated by org.testng.reporters.JUnitReportReporter -->
<testsuite hostname="SanManu" failures="0" tests="1" name="Mavenprojects.MAVEN1.xmlreader" time="0.940" errors="0" timestamp="2022-02-16T17:28:09 CST" skipped="0">
  <testcase classname="Mavenprojects.MAVEN1.xmlreader" name="readxml" time="0.940"/>
  <system-out/>
</testsuite> <!-- Mavenprojects.MAVEN1.xmlreader -->
