<?xml version="1.0" encoding="UTF-8"?>
<!-- Generated by org.testng.reporters.JUnitReportReporter -->
<testsuite hostname="SanManu" failures="0" tests="4" name="Mavenprojects.MAVEN1.waitsusage" time="10.385" errors="0" timestamp="2022-02-20T15:31:11 CST" skipped="0">
  <testcase classname="Mavenprojects.MAVEN1.waitsusage" name="clickonplus4" time="10.142"/>
  <system-out/>
  <testcase classname="Mavenprojects.MAVEN1.waitsusage" name="clickonplus1" time="0.079"/>
  <system-out/>
  <testcase classname="Mavenprojects.MAVEN1.waitsusage" name="clickonplus" time="0.087"/>
  <system-out/>
  <testcase classname="Mavenprojects.MAVEN1.waitsusage" name="clickonplus2" time="0.077"/>
  <system-out/>
</testsuite> <!-- Mavenprojects.MAVEN1.waitsusage -->
