<?xml version="1.0" encoding="UTF-8"?>
<!-- Generated by org.testng.reporters.JUnitReportReporter -->
<testsuite hostname="SanManu" failures="0" tests="1" name="EMPLOYEES_TESTS.HomePageTest" time="3.300" errors="0" timestamp="2022-03-28T00:20:10 CDT" skipped="0">
  <testcase classname="EMPLOYEES_TESTS.HomePageTest" name="departurecheck" time="3.300"/>
  <system-out/>
</testsuite> <!-- EMPLOYEES_TESTS.HomePageTest -->
