<?xml version="1.0" encoding="UTF-8"?>
<!-- Generated by org.testng.reporters.JUnitReportReporter -->
<testsuite hostname="SanManu" failures="0" tests="1" name="Mavenprojects.MAVEN1.fluentwait" time="0.082" errors="0" timestamp="2022-02-23T21:20:38 CST" skipped="0">
  <testcase classname="Mavenprojects.MAVEN1.fluentwait" name="clickonstart" time="0.082"/>
  <system-out/>
</testsuite> <!-- Mavenprojects.MAVEN1.fluentwait -->
