<?xml version="1.0" encoding="UTF-8"?>
<!-- Generated by org.testng.reporters.JUnitReportReporter -->
<testsuite hostname="SanManu" failures="0" tests="1" name="Mavenprojects.MAVEN1.hoverme" time="0.165" errors="0" timestamp="2022-04-01T15:23:49 CDT" skipped="0">
  <testcase classname="Mavenprojects.MAVEN1.hoverme" name="test1" time="0.165"/>
  <system-out/>
</testsuite> <!-- Mavenprojects.MAVEN1.hoverme -->
