<?xml version="1.0" encoding="UTF-8"?>
<!-- Generated by org.testng.reporters.JUnitReportReporter -->
<testsuite hostname="SanManu" failures="0" tests="1" name="Tests.HomePageTest" time="6.222" errors="0" timestamp="2022-02-13T00:46:09 CST" skipped="0">
  <testcase classname="Tests.HomePageTest" name="clicksearchbutton" time="6.222"/>
  <system-out/>
</testsuite> <!-- Tests.HomePageTest -->
