<?xml version="1.0" encoding="UTF-8"?>
<!-- Generated by org.testng.reporters.JUnitReportReporter -->
<testsuite hostname="SanManu" failures="0" tests="1" name="Mavenprojects.MAVEN1.fluentwait" time="0.075" errors="0" timestamp="2022-04-03T20:42:30 CDT" skipped="0">
  <testcase classname="Mavenprojects.MAVEN1.fluentwait" name="clickonstart" time="0.075"/>
  <system-out/>
</testsuite> <!-- Mavenprojects.MAVEN1.fluentwait -->
