<?xml version="1.0" encoding="UTF-8"?>
<!-- Generated by org.testng.reporters.JUnitReportReporter -->
<testsuite hostname="SanManu" failures="0" tests="10" name="Mavenprojects.MAVEN1.dataproviderexcel" time="11.408" errors="0" timestamp="2022-02-17T15:35:47 CST" skipped="0">
  <testcase classname="Mavenprojects.MAVEN1.dataproviderexcel" name="formfilling" time="1.162"/>
  <system-out/>
  <testcase classname="Mavenprojects.MAVEN1.dataproviderexcel" name="formfilling" time="1.244"/>
  <system-out/>
  <testcase classname="Mavenprojects.MAVEN1.dataproviderexcel" name="formfilling" time="1.338"/>
  <system-out/>
  <testcase classname="Mavenprojects.MAVEN1.dataproviderexcel" name="formfilling" time="1.235"/>
  <system-out/>
  <testcase classname="Mavenprojects.MAVEN1.dataproviderexcel" name="formfilling" time="1.104"/>
  <system-out/>
  <testcase classname="Mavenprojects.MAVEN1.dataproviderexcel" name="formfilling" time="1.064"/>
  <system-out/>
  <testcase classname="Mavenprojects.MAVEN1.dataproviderexcel" name="formfilling" time="1.119"/>
  <system-out/>
  <testcase classname="Mavenprojects.MAVEN1.dataproviderexcel" name="formfilling" time="1.069"/>
  <system-out/>
  <testcase classname="Mavenprojects.MAVEN1.dataproviderexcel" name="formfilling" time="1.024"/>
  <system-out/>
  <testcase classname="Mavenprojects.MAVEN1.dataproviderexcel" name="formfilling" time="1.049"/>
  <system-out/>
</testsuite> <!-- Mavenprojects.MAVEN1.dataproviderexcel -->
