<?xml version="1.0" encoding="UTF-8"?>
<!-- Generated by org.testng.reporters.JUnitReportReporter -->
<testsuite hostname="SanManu" failures="0" tests="1" name="Mavenprojects.MAVEN1.tester" time="3.403" errors="0" timestamp="2022-02-15T16:41:09 CST" skipped="0">
  <testcase classname="Mavenprojects.MAVEN1.tester" name="clicktesterfood" time="3.403"/>
  <system-out/>
</testsuite> <!-- Mavenprojects.MAVEN1.tester -->
