<?xml version="1.0" encoding="UTF-8"?>
<!-- Generated by org.testng.reporters.JUnitReportReporter -->
<testsuite hostname="SanManu" failures="0" tests="2" name="EMPLOYEES_TESTS.HomeWithSavedDetailsPageTest" time="5.355" errors="0" timestamp="2022-03-28T00:20:10 CDT" skipped="0">
  <testcase classname="EMPLOYEES_TESTS.HomeWithSavedDetailsPageTest" name="departurecheck" time="0.039"/>
  <system-out/>
  <testcase classname="EMPLOYEES_TESTS.HomeWithSavedDetailsPageTest" name="checkurl" time="5.316"/>
  <system-out/>
</testsuite> <!-- EMPLOYEES_TESTS.HomeWithSavedDetailsPageTest -->
