<?xml version="1.0" encoding="UTF-8"?>
<!-- Generated by org.testng.reporters.JUnitReportReporter -->
<testsuite hostname="SanManu" failures="0" tests="1" name="EMPLOYEES_TESTS.AddPageTest" time="0.701" errors="0" timestamp="2022-03-28T00:20:10 CDT" skipped="0">
  <testcase classname="EMPLOYEES_TESTS.AddPageTest" name="departurecheck" time="0.701"/>
  <system-out/>
</testsuite> <!-- EMPLOYEES_TESTS.AddPageTest -->
