<?xml version="1.0" encoding="UTF-8"?>
<!-- Generated by org.testng.reporters.JUnitReportReporter -->
<testsuite skipped="0" hostname="SanManu" name="PepperfryTests.ResultsPageTest" tests="1" failures="0" timestamp="2022-04-27T23:18:30 CDT" time="4.326" errors="0">
  <testcase name="test1" time="4.326" classname="PepperfryTests.ResultsPageTest"/>
  <system-out>
    <![CDATA[---------------------Ascending Order-----------
Arnova Wing Chair In Dark Blue Colour
Arnova Wing Chair In Dark Green Colour
Arnova Wing Chair In Dark Pink Colour
Arnova Wing Chair In Light Gray Colour
Arnova Wing Chair In Purple Colour
Bali 2 Seater Sofa In Velvet Blue Colour
Bali 3 Seater Sofa In Blue Colour
Bali 3 Seater Sofa In Grey Colour
Bali 3 Seater Sofa In Velvet Blue Colour
Bliss 5 Seater LHS Sectional Sofa In Grey & Blue Colour
Bliss 6 Seater LHS Sectional Sofa In Black & Grey Colour
Bliss 6 Seater LHS Sectional Sofa In Grey & Blue Colour
Bliss 6 Seater RHS Sectional Sofa In Black & Grey Colour
Bolt BedSide Table In Wenge Finish
Carter Tv Entertainment Unit In White & Walnut Colour
Comet Ergonomic Chair In Black & White Colour
Dillon Height Adjustable Study Table In Brown Colour
Edo Sofa Cum Bed In Grey Colour
Glorious King Size Upholstered Bed In Dark Red Colour
Glorious King Size Upholstered Bed In Grey Colour
Glorious Queen Size Upholstered Bed In Dark Red Colour
Glorious Queen Size Upholstered Bed In Gray Colour
Glorious Queen Size Upholstered Bed In Green Colour
Glorious Queen Size Upholstered Bed In Purple Colour
Luke Single Door Wardrobe In Walnut Colour
Magnum King Size Upholstered Bed In Gray Colour
Magnum King Size Upholstered Bed In Purple Colour
Magnum Queen Size Upholstered Bed In Gray Colour
Magnum Queen Size Upholstered Bed In Purple Colour
Matrix Torin High Back Ergonomic Chair In Black Colourby Trevi Furniture
Norwica TV Unit In Walnut Colour
Norwica TV Unit In Wenge Finish
Ozone 3 Door Wardrobe In Teak Finish
Perfect King Size Upholstered Bed In Baby Pink Colour
Perfect King Size Upholstered Bed In Dark Purple Colour
Perfect King Size Upholstered Bed In Olive Green Colour
Perfect Queen Size Upholstered Bed In Baby Pink Colour
Perfect Queen Size Upholstered Bed In Dark Purple Colour
Perfect Queen Size Upholstered Bed In Olive Green Colour
Royal Wing Chair In Blue Colour
Sapphire Console Table In Brown Colour
Sigma Mid Back Ergonomic Chair In Black Colour
SpaceX High Back Executive Chair In Brown Colour
Storedge 4 Tier Collapsible Shoe Rack
Sultan 4 Seater Dining Set In White Colour
Terry Workstation In Rustic Oak Finish
Toni Collapsible 6 Tier Wardrobe In Multicolour
Victoria TV Unit In Walnut Finish
---------------------Descending Order-----------
Victoria TV Unit In Walnut Finish
Toni Collapsible 6 Tier Wardrobe In Multicolour
Terry Workstation In Rustic Oak Finish
Sultan 4 Seater Dining Set In White Colour
Storedge 4 Tier Collapsible Shoe Rack
SpaceX High Back Executive Chair In Brown Colour
Sigma Mid Back Ergonomic Chair In Black Colour
Sapphire Console Table In Brown Colour
Royal Wing Chair In Blue Colour
Perfect Queen Size Upholstered Bed In Olive Green Colour
Perfect Queen Size Upholstered Bed In Dark Purple Colour
Perfect Queen Size Upholstered Bed In Baby Pink Colour
Perfect King Size Upholstered Bed In Olive Green Colour
Perfect King Size Upholstered Bed In Dark Purple Colour
Perfect King Size Upholstered Bed In Baby Pink Colour
Ozone 3 Door Wardrobe In Teak Finish
Norwica TV Unit In Wenge Finish
Norwica TV Unit In Walnut Colour
Matrix Torin High Back Ergonomic Chair In Black Colourby Trevi Furniture
Magnum Queen Size Upholstered Bed In Purple Colour
Magnum Queen Size Upholstered Bed In Gray Colour
Magnum King Size Upholstered Bed In Purple Colour
Magnum King Size Upholstered Bed In Gray Colour
Luke Single Door Wardrobe In Walnut Colour
Glorious Queen Size Upholstered Bed In Purple Colour
Glorious Queen Size Upholstered Bed In Green Colour
Glorious Queen Size Upholstered Bed In Gray Colour
Glorious Queen Size Upholstered Bed In Dark Red Colour
Glorious King Size Upholstered Bed In Grey Colour
Glorious King Size Upholstered Bed In Dark Red Colour
Edo Sofa Cum Bed In Grey Colour
Dillon Height Adjustable Study Table In Brown Colour
Comet Ergonomic Chair In Black & White Colour
Carter Tv Entertainment Unit In White & Walnut Colour
Bolt BedSide Table In Wenge Finish
Bliss 6 Seater RHS Sectional Sofa In Black & Grey Colour
Bliss 6 Seater LHS Sectional Sofa In Grey & Blue Colour
Bliss 6 Seater LHS Sectional Sofa In Black & Grey Colour
Bliss 5 Seater LHS Sectional Sofa In Grey & Blue Colour
Bali 3 Seater Sofa In Velvet Blue Colour
Bali 3 Seater Sofa In Grey Colour
Bali 3 Seater Sofa In Blue Colour
Bali 2 Seater Sofa In Velvet Blue Colour
Arnova Wing Chair In Purple Colour
Arnova Wing Chair In Light Gray Colour
Arnova Wing Chair In Dark Pink Colour
Arnova Wing Chair In Dark Green Colour
Arnova Wing Chair In Dark Blue Colour]]>
  </system-out>
</testsuite> <!-- PepperfryTests.ResultsPageTest -->
